#
# There is insufficient memory for the Java Runtime Environment to continue.
# Native memory allocation (malloc) failed to allocate 35216 bytes. Error detail: Chunk::new
# Possible reasons:
#   The system is out of physical RAM or swap space
#   This process is running with CompressedOops enabled, and the Java Heap may be blocking the growth of the native heap
# Possible solutions:
#   Reduce memory load on the system
#   Increase physical memory or swap space
#   Check if swap backing store is full
#   Decrease Java heap size (-Xmx/-Xms)
#   Decrease number of Java threads
#   Decrease Java thread stack sizes (-Xss)
#   Set larger code cache with -XX:ReservedCodeCacheSize=
#   JVM is running with Unscaled Compressed Oops mode in which the Java heap is
#     placed in the first 4GB address space. The Java Heap base address is the
#     maximum limit for the native heap growth. Please use -XX:HeapBaseMinAddress
#     to set the Java Heap base and to place the Java Heap above 4GB virtual address.
# This output file may be truncated or incomplete.
#
#  Out of Memory Error (arena.cpp:150), pid=15108, tid=16304
#
# JRE version: Java(TM) SE Runtime Environment (22.0.1+8) (build 22.0.1+8-16)
# Java VM: Java HotSpot(TM) 64-Bit Server VM (22.0.1+8-16, mixed mode, sharing, tiered, compressed oops, compressed class ptrs, g1 gc, windows-amd64)
# No core dump will be written. Minidumps are not enabled by default on client versions of Windows
#

---------------  S U M M A R Y ------------

Command Line: -XX:+ShowCodeDetailsInExceptionMessages -agentlib:jdwp=transport=dt_socket,suspend=y,address=localhost:57431 -javaagent:C:\Users\Admin\eclipse\jee-2024-06\eclipse\configuration\org.eclipse.osgi\448\0\.cp\lib\javaagent-shaded.jar -Dfile.encoding=UTF-8 -Dstdout.encoding=UTF-8 -Dstderr.encoding=UTF-8 com.task.Main3

Host: Intel(R) Core(TM) i3-3217U CPU @ 1.80GHz, 4 cores, 3G,  Windows 10 , 64 bit Build 19041 (10.0.19041.5794)
Time: Thu May 15 17:23:58 2025 India Standard Time elapsed time: 59.239077 seconds (0d 0h 0m 59s)

---------------  T H R E A D  ---------------

Current thread (0x0000018552be8d20):  JavaThread "C2 CompilerThread0" daemon [_thread_in_native, id=16304, stack(0x0000002a31e00000,0x0000002a31f00000) (1024K)]


Current CompileTask:
C2:59239 1111       4       java.lang.StringLatin1::indexOf (121 bytes)

Stack: [0x0000002a31e00000,0x0000002a31f00000]
Native frames: (J=compiled Java code, j=interpreted, Vv=VM code, C=native code)
V  [jvm.dll+0x6e2279]  (no source info available)
V  [jvm.dll+0x874e33]  (no source info available)
V  [jvm.dll+0x87725e]  (no source info available)
V  [jvm.dll+0x877933]  (no source info available)
V  [jvm.dll+0x27fd76]  (no source info available)
V  [jvm.dll+0xc3d0f]  (no source info available)
V  [jvm.dll+0xc3f6b]  (no source info available)
V  [jvm.dll+0x3bb10c]  (no source info available)
V  [jvm.dll+0x1df87e]  (no source info available)
V  [jvm.dll+0x247a5c]  (no source info available)
V  [jvm.dll+0x246fbf]  (no source info available)
V  [jvm.dll+0x1c4e90]  (no source info available)
V  [jvm.dll+0x2569fe]  (no source info available)
V  [jvm.dll+0x254cba]  (no source info available)
V  [jvm.dll+0x3f5336]  (no source info available)
V  [jvm.dll+0x81d44b]  (no source info available)
V  [jvm.dll+0x6e0915]  (no source info available)
C  [ucrtbase.dll+0x21bb2]  (no source info available)
C  [KERNEL32.DLL+0x17374]  (no source info available)
C  [ntdll.dll+0x4cc91]  (no source info available)


---------------  P R O C E S S  ---------------

Threads class SMR info:
_java_thread_list=0x000001859825c740, length=14, elements={
0x000001853809efe0, 0x0000018552bdf650, 0x0000018552be0ec0, 0x0000018552be5d10,
0x0000018552be6ad0, 0x0000018552be7530, 0x0000018552be7f90, 0x0000018552be8d20,
0x0000018552c4f6c0, 0x0000018552bcd3d0, 0x0000018598158050, 0x00000185981ad410,
0x00000185981adaa0, 0x000001859828b8c0
}

Java Threads: ( => current thread )
  0x000001853809efe0 JavaThread "main"                              [_thread_in_native, id=15700, stack(0x0000002a31000000,0x0000002a31100000) (1024K)]
  0x0000018552bdf650 JavaThread "Reference Handler"          daemon [_thread_blocked, id=16240, stack(0x0000002a31800000,0x0000002a31900000) (1024K)]
  0x0000018552be0ec0 JavaThread "Finalizer"                  daemon [_thread_blocked, id=16244, stack(0x0000002a31900000,0x0000002a31a00000) (1024K)]
  0x0000018552be5d10 JavaThread "Signal Dispatcher"          daemon [_thread_blocked, id=16248, stack(0x0000002a31a00000,0x0000002a31b00000) (1024K)]
  0x0000018552be6ad0 JavaThread "Attach Listener"            daemon [_thread_blocked, id=16292, stack(0x0000002a31b00000,0x0000002a31c00000) (1024K)]
  0x0000018552be7530 JavaThread "Service Thread"             daemon [_thread_blocked, id=16296, stack(0x0000002a31c00000,0x0000002a31d00000) (1024K)]
  0x0000018552be7f90 JavaThread "Monitor Deflation Thread"   daemon [_thread_blocked, id=16300, stack(0x0000002a31d00000,0x0000002a31e00000) (1024K)]
=>0x0000018552be8d20 JavaThread "C2 CompilerThread0"         daemon [_thread_in_native, id=16304, stack(0x0000002a31e00000,0x0000002a31f00000) (1024K)]
  0x0000018552c4f6c0 JavaThread "C1 CompilerThread0"         daemon [_thread_blocked, id=16312, stack(0x0000002a31f00000,0x0000002a32000000) (1024K)]
  0x0000018552bcd3d0 JavaThread "Common-Cleaner"             daemon [_thread_blocked, id=16356, stack(0x0000002a32000000,0x0000002a32100000) (1024K)]
  0x0000018598158050 JavaThread "JDWP Transport Listener: dt_socket" daemon [_thread_blocked, id=15628, stack(0x0000002a32100000,0x0000002a32200000) (1024K)]
  0x00000185981ad410 JavaThread "JDWP Event Helper Thread"   daemon [_thread_blocked, id=13128, stack(0x0000002a32200000,0x0000002a32300000) (1024K)]
  0x00000185981adaa0 JavaThread "JDWP Command Reader"        daemon [_thread_in_native, id=14484, stack(0x0000002a32300000,0x0000002a32400000) (1024K)]
  0x000001859828b8c0 JavaThread "Notification Thread"        daemon [_thread_blocked, id=10264, stack(0x0000002a32400000,0x0000002a32500000) (1024K)]
Total: 14

Other Threads:
  0x00000185381606b0 VMThread "VM Thread"                           [id=16076, stack(0x0000002a31700000,0x0000002a31800000) (1024K)]
  0x000001853814c5c0 WatcherThread "VM Periodic Task Thread"        [id=16064, stack(0x0000002a31600000,0x0000002a31700000) (1024K)]
  0x00000185380d6fe0 WorkerThread "GC Thread#0"                     [id=15816, stack(0x0000002a31100000,0x0000002a31200000) (1024K)]
  0x00000185983f25f0 WorkerThread "GC Thread#1"                     [id=17820, stack(0x0000002a32700000,0x0000002a32800000) (1024K)]
  0x00000185980d29d0 WorkerThread "GC Thread#2"                     [id=17836, stack(0x0000002a32800000,0x0000002a32900000) (1024K)]
  0x00000185980d2d80 WorkerThread "GC Thread#3"                     [id=17840, stack(0x0000002a32900000,0x0000002a32a00000) (1024K)]
  0x00000185380e0c60 ConcurrentGCThread "G1 Main Marker"            [id=15820, stack(0x0000002a31200000,0x0000002a31300000) (1024K)]
  0x00000185380e20c0 WorkerThread "G1 Conc#0"                       [id=15824, stack(0x0000002a31300000,0x0000002a31400000) (1024K)]
  0x000001853813e460 ConcurrentGCThread "G1 Refine#0"               [id=15856, stack(0x0000002a31400000,0x0000002a31500000) (1024K)]
  0x000001853813f930 ConcurrentGCThread "G1 Service"                [id=15868, stack(0x0000002a31500000,0x0000002a31600000) (1024K)]
Total: 10

Threads with active compile tasks:
C2 CompilerThread0  64997 1111       4       java.lang.StringLatin1::indexOf (121 bytes)
Total: 1

VM state: not at safepoint (normal execution)

VM Mutex/Monitor currently owned by a thread: None

Heap address: 0x00000000c1c00000, size: 996 MB, Compressed Oops mode: 32-bit

CDS archive(s) mapped at: [0x0000018553000000-0x0000018553c60000-0x0000018553c60000), size 12976128, SharedBaseAddress: 0x0000018553000000, ArchiveRelocationMode: 1.
Compressed class space mapped at: 0x0000018554000000-0x0000018594000000, reserved size: 1073741824
Narrow klass base: 0x0000018553000000, Narrow klass shift: 0, Narrow klass range: 0x41000000

GC Precious Log:
 CardTable entry size: 512
 Card Set container configuration: InlinePtr #cards 5 size 8 Array Of Cards #cards 12 size 40 Howl #buckets 4 coarsen threshold 1843 Howl Bitmap #cards 512 size 80 coarsen threshold 460 Card regions per heap region 1 cards per card region 2048
 CPUs: 4 total, 4 available
 Memory: 3981M
 Large Page Support: Disabled
 NUMA Support: Disabled
 Compressed Oops: Enabled (32-bit)
 Heap Region Size: 1M
 Heap Min Capacity: 8M
 Heap Initial Capacity: 64M
 Heap Max Capacity: 996M
 Pre-touch: Disabled
 Parallel Workers: 4
 Concurrent Workers: 1
 Concurrent Refinement Workers: 4
 Periodic GC: Disabled

Heap:
 garbage-first heap   total reserved 1019904K, committed 65536K, used 19456K [0x00000000c1c00000, 0x0000000100000000)
  region size 1024K, 21 young (21504K), 2 survivors (2048K)
 Metaspace       used 6548K, committed 6720K, reserved 1114112K
  class space    used 680K, committed 768K, reserved 1048576K

Heap Regions: E=young(eden), S=young(survivor), O=old, HS=humongous(starts), HC=humongous(continues), CS=collection set, F=free, TAMS=top-at-mark-start, PB=parsable bottom
|   0|0x00000000c1c00000, 0x00000000c1c00000, 0x00000000c1d00000|  0%| F|  |TAMS 0x00000000c1c00000| PB 0x00000000c1c00000| Untracked |  0
|   1|0x00000000c1d00000, 0x00000000c1d00000, 0x00000000c1e00000|  0%| F|  |TAMS 0x00000000c1d00000| PB 0x00000000c1d00000| Untracked |  0
|   2|0x00000000c1e00000, 0x00000000c1e00000, 0x00000000c1f00000|  0%| F|  |TAMS 0x00000000c1e00000| PB 0x00000000c1e00000| Untracked |  0
|   3|0x00000000c1f00000, 0x00000000c1f00000, 0x00000000c2000000|  0%| F|  |TAMS 0x00000000c1f00000| PB 0x00000000c1f00000| Untracked |  0
|   4|0x00000000c2000000, 0x00000000c2000000, 0x00000000c2100000|  0%| F|  |TAMS 0x00000000c2000000| PB 0x00000000c2000000| Untracked |  0
|   5|0x00000000c2100000, 0x00000000c2100000, 0x00000000c2200000|  0%| F|  |TAMS 0x00000000c2100000| PB 0x00000000c2100000| Untracked |  0
|   6|0x00000000c2200000, 0x00000000c2200000, 0x00000000c2300000|  0%| F|  |TAMS 0x00000000c2200000| PB 0x00000000c2200000| Untracked |  0
|   7|0x00000000c2300000, 0x00000000c2300000, 0x00000000c2400000|  0%| F|  |TAMS 0x00000000c2300000| PB 0x00000000c2300000| Untracked |  0
|   8|0x00000000c2400000, 0x00000000c2400000, 0x00000000c2500000|  0%| F|  |TAMS 0x00000000c2400000| PB 0x00000000c2400000| Untracked |  0
|   9|0x00000000c2500000, 0x00000000c2500000, 0x00000000c2600000|  0%| F|  |TAMS 0x00000000c2500000| PB 0x00000000c2500000| Untracked |  0
|  10|0x00000000c2600000, 0x00000000c2600000, 0x00000000c2700000|  0%| F|  |TAMS 0x00000000c2600000| PB 0x00000000c2600000| Untracked |  0
|  11|0x00000000c2700000, 0x00000000c2700000, 0x00000000c2800000|  0%| F|  |TAMS 0x00000000c2700000| PB 0x00000000c2700000| Untracked |  0
|  12|0x00000000c2800000, 0x00000000c2800000, 0x00000000c2900000|  0%| F|  |TAMS 0x00000000c2800000| PB 0x00000000c2800000| Untracked |  0
|  13|0x00000000c2900000, 0x00000000c2900000, 0x00000000c2a00000|  0%| F|  |TAMS 0x00000000c2900000| PB 0x00000000c2900000| Untracked |  0
|  14|0x00000000c2a00000, 0x00000000c2a00000, 0x00000000c2b00000|  0%| F|  |TAMS 0x00000000c2a00000| PB 0x00000000c2a00000| Untracked |  0
|  15|0x00000000c2b00000, 0x00000000c2b00000, 0x00000000c2c00000|  0%| F|  |TAMS 0x00000000c2b00000| PB 0x00000000c2b00000| Untracked |  0
|  16|0x00000000c2c00000, 0x00000000c2c00000, 0x00000000c2d00000|  0%| F|  |TAMS 0x00000000c2c00000| PB 0x00000000c2c00000| Untracked |  0
|  17|0x00000000c2d00000, 0x00000000c2d00000, 0x00000000c2e00000|  0%| F|  |TAMS 0x00000000c2d00000| PB 0x00000000c2d00000| Untracked |  0
|  18|0x00000000c2e00000, 0x00000000c2e00000, 0x00000000c2f00000|  0%| F|  |TAMS 0x00000000c2e00000| PB 0x00000000c2e00000| Untracked |  0
|  19|0x00000000c2f00000, 0x00000000c2f00000, 0x00000000c3000000|  0%| F|  |TAMS 0x00000000c2f00000| PB 0x00000000c2f00000| Untracked |  0
|  20|0x00000000c3000000, 0x00000000c3000000, 0x00000000c3100000|  0%| F|  |TAMS 0x00000000c3000000| PB 0x00000000c3000000| Untracked |  0
|  21|0x00000000c3100000, 0x00000000c3100000, 0x00000000c3200000|  0%| F|  |TAMS 0x00000000c3100000| PB 0x00000000c3100000| Untracked |  0
|  22|0x00000000c3200000, 0x00000000c3200000, 0x00000000c3300000|  0%| F|  |TAMS 0x00000000c3200000| PB 0x00000000c3200000| Untracked |  0
|  23|0x00000000c3300000, 0x00000000c3300000, 0x00000000c3400000|  0%| F|  |TAMS 0x00000000c3300000| PB 0x00000000c3300000| Untracked |  0
|  24|0x00000000c3400000, 0x00000000c3400000, 0x00000000c3500000|  0%| F|  |TAMS 0x00000000c3400000| PB 0x00000000c3400000| Untracked |  0
|  25|0x00000000c3500000, 0x00000000c3500000, 0x00000000c3600000|  0%| F|  |TAMS 0x00000000c3500000| PB 0x00000000c3500000| Untracked |  0
|  26|0x00000000c3600000, 0x00000000c3600000, 0x00000000c3700000|  0%| F|  |TAMS 0x00000000c3600000| PB 0x00000000c3600000| Untracked |  0
|  27|0x00000000c3700000, 0x00000000c3700000, 0x00000000c3800000|  0%| F|  |TAMS 0x00000000c3700000| PB 0x00000000c3700000| Untracked |  0
|  28|0x00000000c3800000, 0x00000000c3800000, 0x00000000c3900000|  0%| F|  |TAMS 0x00000000c3800000| PB 0x00000000c3800000| Untracked |  0
|  29|0x00000000c3900000, 0x00000000c3900000, 0x00000000c3a00000|  0%| F|  |TAMS 0x00000000c3900000| PB 0x00000000c3900000| Untracked |  0
|  30|0x00000000c3a00000, 0x00000000c3a00000, 0x00000000c3b00000|  0%| F|  |TAMS 0x00000000c3a00000| PB 0x00000000c3a00000| Untracked |  0
|  31|0x00000000c3b00000, 0x00000000c3b00000, 0x00000000c3c00000|  0%| F|  |TAMS 0x00000000c3b00000| PB 0x00000000c3b00000| Untracked |  0
|  32|0x00000000c3c00000, 0x00000000c3c00000, 0x00000000c3d00000|  0%| F|  |TAMS 0x00000000c3c00000| PB 0x00000000c3c00000| Untracked |  0
|  33|0x00000000c3d00000, 0x00000000c3d00000, 0x00000000c3e00000|  0%| F|  |TAMS 0x00000000c3d00000| PB 0x00000000c3d00000| Untracked |  0
|  34|0x00000000c3e00000, 0x00000000c3e00000, 0x00000000c3f00000|  0%| F|  |TAMS 0x00000000c3e00000| PB 0x00000000c3e00000| Untracked |  0
|  35|0x00000000c3f00000, 0x00000000c3f00000, 0x00000000c4000000|  0%| F|  |TAMS 0x00000000c3f00000| PB 0x00000000c3f00000| Untracked |  0
|  36|0x00000000c4000000, 0x00000000c4000000, 0x00000000c4100000|  0%| F|  |TAMS 0x00000000c4000000| PB 0x00000000c4000000| Untracked |  0
|  37|0x00000000c4100000, 0x00000000c4100000, 0x00000000c4200000|  0%| F|  |TAMS 0x00000000c4100000| PB 0x00000000c4100000| Untracked |  0
|  38|0x00000000c4200000, 0x00000000c4200000, 0x00000000c4300000|  0%| F|  |TAMS 0x00000000c4200000| PB 0x00000000c4200000| Untracked |  0
|  39|0x00000000c4300000, 0x00000000c4300000, 0x00000000c4400000|  0%| F|  |TAMS 0x00000000c4300000| PB 0x00000000c4300000| Untracked |  0
|  40|0x00000000c4400000, 0x00000000c4400000, 0x00000000c4500000|  0%| F|  |TAMS 0x00000000c4400000| PB 0x00000000c4400000| Untracked |  0
|  41|0x00000000c4500000, 0x00000000c4500000, 0x00000000c4600000|  0%| F|  |TAMS 0x00000000c4500000| PB 0x00000000c4500000| Untracked |  0
|  42|0x00000000c4600000, 0x00000000c4600000, 0x00000000c4700000|  0%| F|  |TAMS 0x00000000c4600000| PB 0x00000000c4600000| Untracked |  0
|  43|0x00000000c4700000, 0x00000000c4775d10, 0x00000000c4800000| 46%| E|  |TAMS 0x00000000c4700000| PB 0x00000000c4700000| Complete |  0
|  44|0x00000000c4800000, 0x00000000c4900000, 0x00000000c4900000|100%| E|CS|TAMS 0x00000000c4800000| PB 0x00000000c4800000| Complete |  0
|  45|0x00000000c4900000, 0x00000000c4a00000, 0x00000000c4a00000|100%| E|  |TAMS 0x00000000c4900000| PB 0x00000000c4900000| Complete |  0
|  46|0x00000000c4a00000, 0x00000000c4b00000, 0x00000000c4b00000|100%| E|CS|TAMS 0x00000000c4a00000| PB 0x00000000c4a00000| Complete |  0
|  47|0x00000000c4b00000, 0x00000000c4c00000, 0x00000000c4c00000|100%| E|CS|TAMS 0x00000000c4b00000| PB 0x00000000c4b00000| Complete |  0
|  48|0x00000000c4c00000, 0x00000000c4d00000, 0x00000000c4d00000|100%| S|CS|TAMS 0x00000000c4c00000| PB 0x00000000c4c00000| Complete |  0
|  49|0x00000000c4d00000, 0x00000000c4e00000, 0x00000000c4e00000|100%| S|CS|TAMS 0x00000000c4d00000| PB 0x00000000c4d00000| Complete |  0
|  50|0x00000000c4e00000, 0x00000000c4f00000, 0x00000000c4f00000|100%| E|CS|TAMS 0x00000000c4e00000| PB 0x00000000c4e00000| Complete |  0
|  51|0x00000000c4f00000, 0x00000000c5000000, 0x00000000c5000000|100%| E|CS|TAMS 0x00000000c4f00000| PB 0x00000000c4f00000| Complete |  0
|  52|0x00000000c5000000, 0x00000000c5100000, 0x00000000c5100000|100%| E|CS|TAMS 0x00000000c5000000| PB 0x00000000c5000000| Complete |  0
|  53|0x00000000c5100000, 0x00000000c5200000, 0x00000000c5200000|100%| E|CS|TAMS 0x00000000c5100000| PB 0x00000000c5100000| Complete |  0
|  54|0x00000000c5200000, 0x00000000c5300000, 0x00000000c5300000|100%| E|CS|TAMS 0x00000000c5200000| PB 0x00000000c5200000| Complete |  0
|  55|0x00000000c5300000, 0x00000000c5400000, 0x00000000c5400000|100%| E|CS|TAMS 0x00000000c5300000| PB 0x00000000c5300000| Complete |  0
|  56|0x00000000c5400000, 0x00000000c5500000, 0x00000000c5500000|100%| E|CS|TAMS 0x00000000c5400000| PB 0x00000000c5400000| Complete |  0
|  57|0x00000000c5500000, 0x00000000c5600000, 0x00000000c5600000|100%| E|CS|TAMS 0x00000000c5500000| PB 0x00000000c5500000| Complete |  0
|  58|0x00000000c5600000, 0x00000000c5700000, 0x00000000c5700000|100%| E|CS|TAMS 0x00000000c5600000| PB 0x00000000c5600000| Complete |  0
|  59|0x00000000c5700000, 0x00000000c5800000, 0x00000000c5800000|100%| E|CS|TAMS 0x00000000c5700000| PB 0x00000000c5700000| Complete |  0
|  60|0x00000000c5800000, 0x00000000c5900000, 0x00000000c5900000|100%| E|CS|TAMS 0x00000000c5800000| PB 0x00000000c5800000| Complete |  0
|  61|0x00000000c5900000, 0x00000000c5a00000, 0x00000000c5a00000|100%| E|CS|TAMS 0x00000000c5900000| PB 0x00000000c5900000| Complete |  0
|  62|0x00000000c5a00000, 0x00000000c5b00000, 0x00000000c5b00000|100%| E|CS|TAMS 0x00000000c5a00000| PB 0x00000000c5a00000| Complete |  0
|  63|0x00000000c5b00000, 0x00000000c5c00000, 0x00000000c5c00000|100%| E|CS|TAMS 0x00000000c5b00000| PB 0x00000000c5b00000| Complete |  0

Card table byte_map: [0x000001854f5f0000,0x000001854f7f0000] _byte_map_base: 0x000001854efe2000

Marking Bits: (CMBitMap*) 0x00000185380d8700
 Bits: [0x000001854f7f0000, 0x0000018550780000)

Polling page: 0x0000018535fc0000

Metaspace:

Usage:
  Non-class:      5.73 MB used.
      Class:    680.98 KB used.
       Both:      6.40 MB used.

Virtual space:
  Non-class space:       64.00 MB reserved,       5.81 MB (  9%) committed,  1 nodes.
      Class space:        1.00 GB reserved,     768.00 KB ( <1%) committed,  1 nodes.
             Both:        1.06 GB reserved,       6.56 MB ( <1%) committed. 

Chunk freelists:
   Non-Class:  9.36 MB
       Class:  15.08 MB
        Both:  24.43 MB

MaxMetaspaceSize: unlimited
CompressedClassSpaceSize: 1.00 GB
Initial GC threshold: 21.00 MB
Current GC threshold: 21.00 MB
CDS: on
 - commit_granule_bytes: 65536.
 - commit_granule_words: 8192.
 - virtual_space_node_default_size: 8388608.
 - enlarge_chunks_in_place: 1.
 - use_allocation_guard: 0.


Internal statistics:

num_allocs_failed_limit: 0.
num_arena_births: 56.
num_arena_deaths: 0.
num_vsnodes_births: 2.
num_vsnodes_deaths: 0.
num_space_committed: 105.
num_space_uncommitted: 0.
num_chunks_returned_to_freelist: 0.
num_chunks_taken_from_freelist: 191.
num_chunk_merges: 0.
num_chunk_splits: 132.
num_chunks_enlarged: 111.
num_inconsistent_stats: 0.

CodeHeap 'non-profiled nmethods': size=120000Kb used=343Kb max_used=343Kb free=119656Kb
 bounds [0x0000018547ec0000, 0x0000018548130000, 0x000001854f3f0000]
CodeHeap 'profiled nmethods': size=120000Kb used=2374Kb max_used=2374Kb free=117625Kb
 bounds [0x00000185403f0000, 0x0000018540660000, 0x0000018547920000]
CodeHeap 'non-nmethods': size=5760Kb used=1433Kb max_used=1437Kb free=4326Kb
 bounds [0x0000018547920000, 0x0000018547b90000, 0x0000018547ec0000]
 total_blobs=1603 nmethods=1135 adapters=373
 compilation: enabled
              stopped_count=0, restarted_count=0
 full_count=0

Compilation events (20 events):
Event: 45.020 Thread 0x0000018552c4f6c0 1100  s!   3       jdk.internal.loader.URLClassPath::getLoader (194 bytes)
Event: 45.023 Thread 0x0000018552c4f6c0 nmethod 1100 0x0000018540612b10 code [0x0000018540612e00, 0x00000185406140f8]
Event: 45.026 Thread 0x0000018552c4f6c0 1101       3       java.lang.invoke.MethodHandles$Lookup::<init> (84 bytes)
Event: 45.027 Thread 0x0000018552c4f6c0 nmethod 1101 0x0000018540614910 code [0x0000018540614ac0, 0x0000018540614d08]
Event: 45.030 Thread 0x0000018552c4f6c0 1103       3       java.util.logging.LogManager::getProperty (9 bytes)
Event: 45.030 Thread 0x0000018552c4f6c0 nmethod 1103 0x0000018540614e10 code [0x0000018540614fc0, 0x00000185406151b0]
Event: 45.031 Thread 0x0000018552c4f6c0 1104       3       org.springframework.util.Assert::notNull (14 bytes)
Event: 45.031 Thread 0x0000018552c4f6c0 nmethod 1104 0x0000018540615290 code [0x0000018540615440, 0x0000018540615640]
Event: 45.031 Thread 0x0000018552c4f6c0 1105       3       jdk.internal.jimage.ImageStringsReader::hashCode (33 bytes)
Event: 45.031 Thread 0x0000018552c4f6c0 nmethod 1105 0x0000018540615710 code [0x00000185406158c0, 0x0000018540615a40]
Event: 45.031 Thread 0x0000018552c4f6c0 1106       1       java.util.Collections$EmptyIterator::hasNext (2 bytes)
Event: 45.031 Thread 0x0000018552c4f6c0 nmethod 1106 0x0000018547f14810 code [0x0000018547f149a0, 0x0000018547f14a68]
Event: 45.031 Thread 0x0000018552c4f6c0 1107       3       java.nio.DirectIntBufferU::ix (10 bytes)
Event: 45.032 Thread 0x0000018552c4f6c0 nmethod 1107 0x0000018540615b10 code [0x0000018540615ca0, 0x0000018540615dc0]
Event: 45.032 Thread 0x0000018552c4f6c0 1108       3       java.util.Optional::empty (6 bytes)
Event: 45.032 Thread 0x0000018552c4f6c0 nmethod 1108 0x0000018540615e90 code [0x0000018540616020, 0x0000018540616118]
Event: 45.032 Thread 0x0000018552c4f6c0 1109       3       java.util.concurrent.ConcurrentHashMap$ValueIterator::next (34 bytes)
Event: 45.032 Thread 0x0000018552c4f6c0 nmethod 1109 0x0000018540616190 code [0x0000018540616360, 0x0000018540616640]
Event: 45.034 Thread 0x0000018552c4f6c0 1110       3       org.eclipse.jdt.launching.internal.org.objectweb.asm.ClassReader::readCode (5117 bytes)
Event: 45.078 Thread 0x0000018552be8d20 1111       4       java.lang.StringLatin1::indexOf (121 bytes)

GC Heap History (2 events):
Event: 39.176 GC heap before
{Heap before GC invocations=0 (full 0):
 garbage-first heap   total reserved 1019904K, committed 65536K, used 13312K [0x00000000c1c00000, 0x0000000100000000)
  region size 1024K, 14 young (14336K), 0 survivors (0K)
 Metaspace       used 3868K, committed 3968K, reserved 1114112K
  class space    used 363K, committed 448K, reserved 1048576K
}
Event: 39.549 GC heap after
{Heap after GC invocations=1 (full 0):
 garbage-first heap   total reserved 1019904K, committed 65536K, used 2048K [0x00000000c1c00000, 0x0000000100000000)
  region size 1024K, 2 young (2048K), 2 survivors (2048K)
 Metaspace       used 3868K, committed 3968K, reserved 1114112K
  class space    used 363K, committed 448K, reserved 1048576K
}

Dll operation events (9 events):
Event: 0.260 Loaded shared library C:\Program Files\Java\jdk-22\bin\java.dll
Event: 2.095 Loaded shared library C:\Program Files\Java\jdk-22\bin\jsvml.dll
Event: 6.691 Loaded shared library C:\Program Files\Java\jdk-22\bin\zip.dll
Event: 12.009 Loaded shared library C:\Program Files\Java\jdk-22\bin\instrument.dll
Event: 12.031 Loaded shared library C:\Program Files\Java\jdk-22\bin\net.dll
Event: 12.034 Loaded shared library C:\Program Files\Java\jdk-22\bin\nio.dll
Event: 13.550 Loaded shared library C:\Program Files\Java\jdk-22\bin\zip.dll
Event: 21.832 Loaded shared library C:\Program Files\Java\jdk-22\bin\jimage.dll
Event: 25.018 Loaded shared library C:\Program Files\Java\jdk-22\bin\verify.dll

Deoptimization events (20 events):
Event: 45.010 Thread 0x000001853809efe0 DEOPT PACKING pc=0x0000018540539864 sp=0x0000002a310fdfe0
Event: 45.010 Thread 0x000001853809efe0 DEOPT UNPACKING pc=0x0000018547974e42 sp=0x0000002a310fd488 mode 1
Event: 45.014 Thread 0x000001853809efe0 DEOPT PACKING pc=0x00000185404d113d sp=0x0000002a310fda60
Event: 45.014 Thread 0x000001853809efe0 DEOPT UNPACKING pc=0x0000018547974e42 sp=0x0000002a310fcf78 mode 0
Event: 45.019 Thread 0x000001853809efe0 DEOPT PACKING pc=0x0000018540539ec9 sp=0x0000002a310fdf50
Event: 45.019 Thread 0x000001853809efe0 DEOPT UNPACKING pc=0x0000018547974e42 sp=0x0000002a310fd3a8 mode 1
Event: 45.019 Thread 0x000001853809efe0 DEOPT PACKING pc=0x0000018540539864 sp=0x0000002a310fdfe0
Event: 45.019 Thread 0x000001853809efe0 DEOPT UNPACKING pc=0x0000018547974e42 sp=0x0000002a310fd488 mode 1
Event: 45.020 Thread 0x000001853809efe0 DEOPT PACKING pc=0x0000018540539ec9 sp=0x0000002a310fdf50
Event: 45.020 Thread 0x000001853809efe0 DEOPT UNPACKING pc=0x0000018547974e42 sp=0x0000002a310fd3a8 mode 1
Event: 45.020 Thread 0x000001853809efe0 DEOPT PACKING pc=0x0000018540539864 sp=0x0000002a310fdfe0
Event: 45.020 Thread 0x000001853809efe0 DEOPT UNPACKING pc=0x0000018547974e42 sp=0x0000002a310fd488 mode 1
Event: 45.021 Thread 0x000001853809efe0 DEOPT PACKING pc=0x0000018540539ec9 sp=0x0000002a310fdf50
Event: 45.021 Thread 0x000001853809efe0 DEOPT UNPACKING pc=0x0000018547974e42 sp=0x0000002a310fd3a8 mode 1
Event: 45.021 Thread 0x000001853809efe0 DEOPT PACKING pc=0x0000018540539864 sp=0x0000002a310fdfe0
Event: 45.021 Thread 0x000001853809efe0 DEOPT UNPACKING pc=0x0000018547974e42 sp=0x0000002a310fd488 mode 1
Event: 45.032 Thread 0x000001853809efe0 Uncommon trap: trap_request=0xffffff6e fr.pc=0x0000018547efdcd0 relative=0x0000000000000390
Event: 45.032 Thread 0x000001853809efe0 Uncommon trap: reason=loop_limit_check action=maybe_recompile pc=0x0000018547efdcd0 method=java.lang.StringLatin1.indexOf([BI[BII)I @ 37 c2
Event: 45.032 Thread 0x000001853809efe0 DEOPT PACKING pc=0x0000018547efdcd0 sp=0x0000002a310fdaf0
Event: 45.032 Thread 0x000001853809efe0 DEOPT UNPACKING pc=0x00000185479746a2 sp=0x0000002a310fda60 mode 2

Classes loaded (20 events):
Event: 44.856 Loading class org/xml/sax/InputSource
Event: 44.857 Loading class org/xml/sax/InputSource done
Event: 44.861 Loading class java/nio/file/FileSystemNotFoundException
Event: 44.861 Loading class java/nio/file/FileSystemNotFoundException done
Event: 44.862 Loading class java/io/Reader
Event: 44.863 Loading class java/io/Reader done
Event: 44.877 Loading class java/util/EventListener
Event: 44.877 Loading class java/util/EventListener done
Event: 44.939 Loading class java/net/UnknownHostException
Event: 44.939 Loading class java/net/UnknownHostException done
Event: 44.940 Loading class java/net/SocketException
Event: 44.940 Loading class java/net/SocketException done
Event: 45.061 Loading class java/nio/file/NoSuchFileException
Event: 45.066 Loading class java/nio/file/FileSystemException
Event: 45.066 Loading class java/nio/file/FileSystemException done
Event: 45.066 Loading class java/nio/file/NoSuchFileException done
Event: 45.066 Loading class java/nio/channels/ReadableByteChannel
Event: 45.066 Loading class java/nio/channels/Channel
Event: 45.077 Loading class java/nio/channels/Channel done
Event: 45.077 Loading class java/nio/channels/ReadableByteChannel done

Classes unloaded (0 events):
No events

Classes redefined (0 events):
No events

Internal exceptions (8 events):
Event: 18.949 Thread 0x000001853809efe0 Exception <a 'java/lang/NoSuchMethodError'{0x00000000c587ae80}: 'void java.lang.invoke.DirectMethodHandle$Holder.invokeVirtual(java.lang.Object, java.lang.Object)'> (0x00000000c587ae80) 
thrown [s\open\src\hotspot\share\interpreter\linkResolver.cpp, line 774]
Event: 22.827 Thread 0x000001853809efe0 Exception <a 'java/lang/NoSuchMethodError'{0x00000000c57d8c48}: 'void java.lang.invoke.DirectMethodHandle$Holder.invokeStatic(java.lang.Object, java.lang.Object, java.lang.Object)'> (0x00000000c57d8c48) 
thrown [s\open\src\hotspot\share\interpreter\linkResolver.cpp, line 774]
Event: 23.274 Thread 0x000001853809efe0 Exception <a 'java/lang/NoSuchMethodError'{0x00000000c57eba18}: 'java.lang.Object java.lang.invoke.Invokers$Holder.invokeExact_MT(java.lang.Object, java.lang.Object, java.lang.Object, java.lang.Object, java.lang.Object)'> (0x00000000c57eba18) 
thrown [s\open\src\hotspot\share\interpreter\linkResolver.cpp, line 774]
Event: 42.435 Thread 0x000001853809efe0 Exception <a 'java/lang/NoSuchMethodError'{0x00000000c5797398}: 'java.lang.Object java.lang.invoke.DirectMethodHandle$Holder.newInvokeSpecial(java.lang.Object, java.lang.Object, java.lang.Object, java.lang.Object, java.lang.Object)'> (0x00000000c5797398) 
thrown [s\open\src\hotspot\share\interpreter\linkResolver.cpp, line 774]
Event: 43.129 Thread 0x000001853809efe0 Exception <a 'java/lang/NoSuchMethodError'{0x00000000c558a8e8}: 'int java.lang.invoke.DirectMethodHandle$Holder.invokeStaticInit(java.lang.Object, java.lang.Object, java.lang.Object)'> (0x00000000c558a8e8) 
thrown [s\open\src\hotspot\share\interpreter\linkResolver.cpp, line 774]
Event: 43.148 Thread 0x000001853809efe0 Exception <a 'java/lang/NoSuchMethodError'{0x00000000c55d4d18}: 'int java.lang.invoke.DirectMethodHandle$Holder.invokeStaticInit(java.lang.Object, java.lang.Object)'> (0x00000000c55d4d18) 
thrown [s\open\src\hotspot\share\interpreter\linkResolver.cpp, line 774]
Event: 43.302 Thread 0x000001853809efe0 Exception <a 'java/lang/NoSuchMethodError'{0x00000000c5247998}: 'int java.lang.invoke.DirectMethodHandle$Holder.invokeInterface(java.lang.Object, java.lang.Object)'> (0x00000000c5247998) 
thrown [s\open\src\hotspot\share\interpreter\linkResolver.cpp, line 774]
Event: 45.027 Thread 0x000001853809efe0 Exception <a 'java/lang/NoSuchMethodError'{0x00000000c4ade760}: 'java.lang.Object java.lang.invoke.DirectMethodHandle$Holder.invokeVirtual(java.lang.Object, java.lang.Object, java.lang.Object)'> (0x00000000c4ade760) 
thrown [s\open\src\hotspot\share\interpreter\linkResolver.cpp, line 774]

ZGC Phase Switch (0 events):
No events

VM Operations (20 events):
Event: 39.106 Executing VM operation: Cleanup
Event: 39.106 Executing VM operation: Cleanup done
Event: 39.176 Executing VM operation: G1CollectForAllocation (G1 Evacuation Pause)
Event: 39.549 Executing VM operation: G1CollectForAllocation (G1 Evacuation Pause) done
Event: 40.490 Executing VM operation: HandshakeAllThreads (Deoptimize)
Event: 40.490 Executing VM operation: HandshakeAllThreads (Deoptimize) done
Event: 41.498 Executing VM operation: Cleanup
Event: 41.514 Executing VM operation: Cleanup done
Event: 42.523 Executing VM operation: Cleanup
Event: 42.778 Executing VM operation: Cleanup done
Event: 43.293 Executing VM operation: HandshakeAllThreads (Deoptimize)
Event: 43.293 Executing VM operation: HandshakeAllThreads (Deoptimize) done
Event: 44.302 Executing VM operation: Cleanup
Event: 44.553 Executing VM operation: Cleanup done
Event: 44.797 Executing VM operation: HandshakeAllThreads (Deoptimize)
Event: 44.797 Executing VM operation: HandshakeAllThreads (Deoptimize) done
Event: 44.960 Executing VM operation: HandshakeAllThreads (Deoptimize)
Event: 44.960 Executing VM operation: HandshakeAllThreads (Deoptimize) done
Event: 45.972 Executing VM operation: Cleanup
Event: 45.972 Executing VM operation: Cleanup done

Events (14 events):
Event: 1.363 Thread 0x000001853809efe0 Thread added: 0x000001853809efe0
Event: 2.052 Thread 0x0000018552bdf650 Thread added: 0x0000018552bdf650
Event: 2.052 Thread 0x0000018552be0ec0 Thread added: 0x0000018552be0ec0
Event: 2.091 Thread 0x0000018552be5d10 Thread added: 0x0000018552be5d10
Event: 2.092 Thread 0x0000018552be6ad0 Thread added: 0x0000018552be6ad0
Event: 2.092 Thread 0x0000018552be7530 Thread added: 0x0000018552be7530
Event: 2.092 Thread 0x0000018552be7f90 Thread added: 0x0000018552be7f90
Event: 2.092 Thread 0x0000018552be8d20 Thread added: 0x0000018552be8d20
Event: 2.101 Thread 0x0000018552c4f6c0 Thread added: 0x0000018552c4f6c0
Event: 2.351 Thread 0x0000018552bcd3d0 Thread added: 0x0000018552bcd3d0
Event: 2.999 Thread 0x0000018598158050 Thread added: 0x0000018598158050
Event: 3.000 Thread 0x00000185981ad410 Thread added: 0x00000185981ad410
Event: 3.014 Thread 0x00000185981adaa0 Thread added: 0x00000185981adaa0
Event: 23.298 Thread 0x000001859828b8c0 Thread added: 0x000001859828b8c0


Dynamic libraries:
0x00007ff6935a0000 - 0x00007ff6935b0000 	C:\Program Files\Java\jdk-22\bin\javaw.exe
0x00007fff8ccd0000 - 0x00007fff8cec8000 	C:\Windows\SYSTEM32\ntdll.dll
0x00007fff8caa0000 - 0x00007fff8cb62000 	C:\Windows\System32\KERNEL32.DLL
0x00007fff8a440000 - 0x00007fff8a736000 	C:\Windows\System32\KERNELBASE.dll
0x00007fff8ab50000 - 0x00007fff8ac50000 	C:\Windows\System32\ucrtbase.dll
0x00007fff86120000 - 0x00007fff86137000 	C:\Program Files\Java\jdk-22\bin\jli.dll
0x00007fff8c9f0000 - 0x00007fff8ca9f000 	C:\Windows\System32\ADVAPI32.dll
0x00007fff8c4c0000 - 0x00007fff8c55e000 	C:\Windows\System32\msvcrt.dll
0x00007fff8c8e0000 - 0x00007fff8c97f000 	C:\Windows\System32\sechost.dll
0x00007fff8b040000 - 0x00007fff8b163000 	C:\Windows\System32\RPCRT4.dll
0x00007fff8a370000 - 0x00007fff8a397000 	C:\Windows\System32\bcrypt.dll
0x00007fff8bdb0000 - 0x00007fff8bf4d000 	C:\Windows\System32\USER32.dll
0x00007fff8ab20000 - 0x00007fff8ab42000 	C:\Windows\System32\win32u.dll
0x00007fff8c3c0000 - 0x00007fff8c3eb000 	C:\Windows\System32\GDI32.dll
0x00007fff8a980000 - 0x00007fff8aa9a000 	C:\Windows\System32\gdi32full.dll
0x00007fff8a3a0000 - 0x00007fff8a43d000 	C:\Windows\System32\msvcp_win.dll
0x00007fff7bd20000 - 0x00007fff7bfba000 	C:\Windows\WinSxS\amd64_microsoft.windows.common-controls_6595b64144ccf1df_6.0.19041.5794_none_60bcd33171f2783c\COMCTL32.dll
0x00007fff7c380000 - 0x00007fff7c38a000 	C:\Windows\SYSTEM32\VERSION.dll
0x00007fff850a0000 - 0x00007fff850bb000 	C:\Program Files\Java\jdk-22\bin\VCRUNTIME140.dll
0x00007fff8b170000 - 0x00007fff8b19f000 	C:\Windows\System32\IMM32.DLL
0x00007fff87660000 - 0x00007fff8766c000 	C:\Program Files\Java\jdk-22\bin\vcruntime140_1.dll
0x00007fff633d0000 - 0x00007fff6345e000 	C:\Program Files\Java\jdk-22\bin\msvcp140.dll
0x00007fff3f9a0000 - 0x00007fff406e7000 	C:\Program Files\Java\jdk-22\bin\server\jvm.dll
0x00007fff8c980000 - 0x00007fff8c9eb000 	C:\Windows\System32\WS2_32.dll
0x00007fff8a1d0000 - 0x00007fff8a21b000 	C:\Windows\SYSTEM32\POWRPROF.dll
0x00007fff7d070000 - 0x00007fff7d097000 	C:\Windows\SYSTEM32\WINMM.dll
0x00007fff8a1b0000 - 0x00007fff8a1c2000 	C:\Windows\SYSTEM32\UMPDC.dll
0x00007fff881b0000 - 0x00007fff881c2000 	C:\Windows\SYSTEM32\kernel.appcore.dll
0x00007fff872b0000 - 0x00007fff872ba000 	C:\Program Files\Java\jdk-22\bin\jimage.dll
0x00007fff87450000 - 0x00007fff87634000 	C:\Windows\SYSTEM32\DBGHELP.DLL
0x00007fff87410000 - 0x00007fff87444000 	C:\Windows\SYSTEM32\dbgcore.DLL
0x00007fff8a8f0000 - 0x00007fff8a972000 	C:\Windows\System32\bcryptPrimitives.dll
0x00007fff630f0000 - 0x00007fff6312c000 	C:\Program Files\Java\jdk-22\bin\jdwp.dll
0x00007fff87220000 - 0x00007fff8722f000 	C:\Program Files\Java\jdk-22\bin\instrument.dll
0x00007fff84fd0000 - 0x00007fff84fee000 	C:\Program Files\Java\jdk-22\bin\java.dll
0x00007fff8b250000 - 0x00007fff8b9be000 	C:\Windows\System32\SHELL32.dll
0x00007fff8ad00000 - 0x00007fff8ae2b000 	C:\Windows\System32\ole32.dll
0x00007fff8c580000 - 0x00007fff8c8d3000 	C:\Windows\System32\combase.dll
0x00007fff883b0000 - 0x00007fff88b53000 	C:\Windows\SYSTEM32\windows.storage.dll
0x00007fff89c00000 - 0x00007fff89c2b000 	C:\Windows\SYSTEM32\Wldp.dll
0x00007fff8c3f0000 - 0x00007fff8c4bd000 	C:\Windows\System32\OLEAUT32.dll
0x00007fff8b1a0000 - 0x00007fff8b24d000 	C:\Windows\System32\SHCORE.dll
0x00007fff8bce0000 - 0x00007fff8bd35000 	C:\Windows\System32\shlwapi.dll
0x00007fff8a2a0000 - 0x00007fff8a2c5000 	C:\Windows\SYSTEM32\profapi.dll
0x00007fff632f0000 - 0x00007fff633c7000 	C:\Program Files\Java\jdk-22\bin\jsvml.dll
0x00007fff87200000 - 0x00007fff8720c000 	C:\Program Files\Java\jdk-22\bin\dt_socket.dll
0x00007fff896d0000 - 0x00007fff8970b000 	C:\Windows\SYSTEM32\IPHLPAPI.DLL
0x00007fff899d0000 - 0x00007fff89a3c000 	C:\Windows\system32\mswsock.dll
0x00007fff89710000 - 0x00007fff897da000 	C:\Windows\SYSTEM32\DNSAPI.dll
0x00007fff8cc20000 - 0x00007fff8cc28000 	C:\Windows\System32\NSI.dll
0x00007fff7e470000 - 0x00007fff7e47a000 	C:\Windows\System32\rasadhlp.dll
0x00007fff7e720000 - 0x00007fff7e7a0000 	C:\Windows\System32\fwpuclnt.dll
0x00007fff82b60000 - 0x00007fff82b77000 	C:\Program Files\Java\jdk-22\bin\zip.dll
0x00007fff865b0000 - 0x00007fff865c0000 	C:\Program Files\Java\jdk-22\bin\net.dll
0x00007fff83930000 - 0x00007fff83946000 	C:\Program Files\Java\jdk-22\bin\nio.dll
0x00007fff85970000 - 0x00007fff85980000 	C:\Program Files\Java\jdk-22\bin\verify.dll

dbghelp: loaded successfully - version: 4.0.5 - missing functions: none
symbol engine: initialized successfully - sym options: 0x614 - pdb path: .;C:\Program Files\Java\jdk-22\bin;C:\Windows\SYSTEM32;C:\Windows\WinSxS\amd64_microsoft.windows.common-controls_6595b64144ccf1df_6.0.19041.5794_none_60bcd33171f2783c;C:\Program Files\Java\jdk-22\bin\server

VM Arguments:
jvm_args: -XX:+ShowCodeDetailsInExceptionMessages -agentlib:jdwp=transport=dt_socket,suspend=y,address=localhost:57431 -javaagent:C:\Users\Admin\eclipse\jee-2024-06\eclipse\configuration\org.eclipse.osgi\448\0\.cp\lib\javaagent-shaded.jar -Dfile.encoding=UTF-8 -Dstdout.encoding=UTF-8 -Dstderr.encoding=UTF-8 
java_command: com.task.Main3
java_class_path (initial): C:\Users\Admin\eclipse-workspace-nov\Spring\target\classes;C:\Users\Admin\.m2\repository\org\springframework\spring-context\5.3.36\spring-context-5.3.36.jar;C:\Users\Admin\.m2\repository\org\springframework\spring-aop\5.3.36\spring-aop-5.3.36.jar;C:\Users\Admin\.m2\repository\org\springframework\spring-beans\5.3.36\spring-beans-5.3.36.jar;C:\Users\Admin\.m2\repository\org\springframework\spring-core\5.3.36\spring-core-5.3.36.jar;C:\Users\Admin\.m2\repository\org\springframework\spring-jcl\5.3.36\spring-jcl-5.3.36.jar;C:\Users\Admin\.m2\repository\org\springframework\spring-expression\5.3.36\spring-expression-5.3.36.jar
Launcher Type: SUN_STANDARD

[Global flags]
     intx CICompilerCount                          = 3                                         {product} {ergonomic}
     uint ConcGCThreads                            = 1                                         {product} {ergonomic}
     uint G1ConcRefinementThreads                  = 4                                         {product} {ergonomic}
   size_t G1HeapRegionSize                         = 1048576                                   {product} {ergonomic}
   size_t InitialHeapSize                          = 67108864                                  {product} {ergonomic}
   size_t MarkStackSize                            = 4194304                                   {product} {ergonomic}
   size_t MaxHeapSize                              = 1044381696                                {product} {ergonomic}
   size_t MaxNewSize                               = 625999872                                 {product} {ergonomic}
   size_t MinHeapDeltaBytes                        = 1048576                                   {product} {ergonomic}
   size_t MinHeapSize                              = 8388608                                   {product} {ergonomic}
    uintx NonNMethodCodeHeapSize                   = 5832780                                {pd product} {ergonomic}
    uintx NonProfiledCodeHeapSize                  = 122912730                              {pd product} {ergonomic}
    uintx ProfiledCodeHeapSize                     = 122912730                              {pd product} {ergonomic}
    uintx ReservedCodeCacheSize                    = 251658240                              {pd product} {ergonomic}
     bool SegmentedCodeCache                       = true                                      {product} {ergonomic}
     bool ShowCodeDetailsInExceptionMessages       = true                                   {manageable} {command line}
   size_t SoftMaxHeapSize                          = 1044381696                             {manageable} {ergonomic}
     bool UseCompressedOops                        = true                           {product lp64_product} {ergonomic}
     bool UseG1GC                                  = true                                      {product} {ergonomic}
     bool UseLargePagesIndividualAllocation        = false                                  {pd product} {ergonomic}

Logging:
Log output configuration:
 #0: stdout all=warning uptime,level,tags foldmultilines=false
 #1: stderr all=off uptime,level,tags foldmultilines=false

Environment Variables:
PATH=C:\Program Files\Common Files\Oracle\Java\javapath;C:\Python312\Scripts\;C:\Python312\;C:\Program Files\Python311\Scripts\;C:\Program Files\Python311\;C:\Windows\system32;C:\Windows;C:\Windows\System32\Wbem;C:\Windows\System32\WindowsPowerShell\v1.0\;C:\Windows\System32\OpenSSH\;C:\Program Files\Microsoft SQL Server\130\Tools\Binn\;C:\Program Files\Microsoft SQL Server\Client SDK\ODBC\170\Tools\Binn\;C:\Program Files\Azure Data Studio\bin;C:\Program Files (x86)\Microsoft SQL Server\150\Tools\Binn\;C:\Program Files\Microsoft SQL Server\150\Tools\Binn\;C:\Program Files\Microsoft SQL Server\150\DTS\Binn\;C:\Program Files (x86)\Microsoft SQL Server\150\DTS\Binn\;C:\ProgramData\chocolatey\bin;C:\Program Files\nodejs\;C:\Program Files\MySQL\MySQL Server 8.0\bin;C:\Program Files\Git\cmd;C:\Program Files\TortoiseGit\bin;C:\Program Files\MySQL\MySQL Shell 8.0\bin\;C:\Users\Admin\AppData\Local\Microsoft\WindowsApps;C:\Program Files\Azure Data Studio\bin;C:\Users\Admin\AppData\Local\Programs\Microsoft VS Code\bin;C:\Users\Admin\AppData\Roaming\npm
USERNAME=Admin
OS=Windows_NT
PROCESSOR_IDENTIFIER=Intel64 Family 6 Model 58 Stepping 9, GenuineIntel
TMP=C:\Users\Admin\AppData\Local\Temp
TEMP=C:\Users\Admin\AppData\Local\Temp




Periodic native trim disabled

---------------  S Y S T E M  ---------------

OS:
 Windows 10 , 64 bit Build 19041 (10.0.19041.5794)
OS uptime: 0 days 6:32 hours
Hyper-V role detected

CPU: total 4 (initial active 4) (2 cores per cpu, 2 threads per core) family 6 model 58 stepping 9 microcode 0x21, cx8, cmov, fxsr, ht, mmx, sse, sse2, sse3, ssse3, sse4.1, sse4.2, popcnt, tsc, tscinvbit, avx, erms, clmul, vzeroupper, clflush, hv, rdtscp, f16c
Processor Information for all 4 processors :
  Max Mhz: 1701, Current Mhz: 1701, Mhz Limit: 1701

Memory: 4k page, system-wide physical 3981M (142M free)
TotalPageFile size 16220M (AvailPageFile size 123M)
current process WorkingSet (physical memory assigned to process): 74M, peak: 74M
current process commit charge ("private bytes"): 151M, peak: 151M

vm_info: Java HotSpot(TM) 64-Bit Server VM (22.0.1+8-16) for windows-amd64 JRE (22.0.1+8-16), built on 2024-03-12T10:33:16Z by "mach5one" with MS VC++ 17.6 (VS2022)

END.
