#
# There is insufficient memory for the Java Runtime Environment to continue.
# Native memory allocation (malloc) failed to allocate 32744 bytes. Error detail: Chunk::new
# Possible reasons:
#   The system is out of physical RAM or swap space
#   This process is running with CompressedOops enabled, and the Java Heap may be blocking the growth of the native heap
# Possible solutions:
#   Reduce memory load on the system
#   Increase physical memory or swap space
#   Check if swap backing store is full
#   Decrease Java heap size (-Xmx/-Xms)
#   Decrease number of Java threads
#   Decrease Java thread stack sizes (-Xss)
#   Set larger code cache with -XX:ReservedCodeCacheSize=
#   JVM is running with Unscaled Compressed Oops mode in which the Java heap is
#     placed in the first 4GB address space. The Java Heap base address is the
#     maximum limit for the native heap growth. Please use -XX:HeapBaseMinAddress
#     to set the Java Heap base and to place the Java Heap above 4GB virtual address.
# This output file may be truncated or incomplete.
#
#  Out of Memory Error (arena.cpp:150), pid=15044, tid=15568
#
# JRE version: Java(TM) SE Runtime Environment (22.0.1+8) (build 22.0.1+8-16)
# Java VM: Java HotSpot(TM) 64-Bit Server VM (22.0.1+8-16, mixed mode, sharing, tiered, compressed oops, compressed class ptrs, g1 gc, windows-amd64)
# No core dump will be written. Minidumps are not enabled by default on client versions of Windows
#

---------------  S U M M A R Y ------------

Command Line: -XX:+ShowCodeDetailsInExceptionMessages -agentlib:jdwp=transport=dt_socket,suspend=y,address=localhost:57432 -javaagent:C:\Users\Admin\eclipse\jee-2024-06\eclipse\configuration\org.eclipse.osgi\448\0\.cp\lib\javaagent-shaded.jar -Dfile.encoding=UTF-8 -Dstdout.encoding=UTF-8 -Dstderr.encoding=UTF-8 com.task.Main3

Host: Intel(R) Core(TM) i3-3217U CPU @ 1.80GHz, 4 cores, 3G,  Windows 10 , 64 bit Build 19041 (10.0.19041.5794)
Time: Thu May 15 17:23:45 2025 India Standard Time elapsed time: 48.322352 seconds (0d 0h 0m 48s)

---------------  T H R E A D  ---------------

Current thread (0x0000015c4c518350):  JavaThread "C1 CompilerThread0" daemon [_thread_in_native, id=15568, stack(0x0000000308600000,0x0000000308700000) (1024K)]


Current CompileTask:
C1:48322  730       3       org.eclipse.jdt.launching.internal.org.objectweb.asm.ByteVector::encodeUtf8 (337 bytes)

Stack: [0x0000000308600000,0x0000000308700000]
Native frames: (J=compiled Java code, j=interpreted, Vv=VM code, C=native code)
V  [jvm.dll+0x6e2279]  (no source info available)
V  [jvm.dll+0x874e33]  (no source info available)
V  [jvm.dll+0x87725e]  (no source info available)
V  [jvm.dll+0x877933]  (no source info available)
V  [jvm.dll+0x27fd76]  (no source info available)
V  [jvm.dll+0xc3d0f]  (no source info available)
V  [jvm.dll+0xc3f6b]  (no source info available)
V  [jvm.dll+0x194a43]  (no source info available)
V  [jvm.dll+0x194b0d]  (no source info available)
V  [jvm.dll+0x1970f9]  (no source info available)
V  [jvm.dll+0x198714]  (no source info available)
V  [jvm.dll+0x153e45]  (no source info available)
V  [jvm.dll+0x1535c3]  (no source info available)
V  [jvm.dll+0x1538a0]  (no source info available)
V  [jvm.dll+0x152c1d]  (no source info available)
V  [jvm.dll+0x154add]  (no source info available)
V  [jvm.dll+0x2569fe]  (no source info available)
V  [jvm.dll+0x254cba]  (no source info available)
V  [jvm.dll+0x3f5336]  (no source info available)
V  [jvm.dll+0x81d44b]  (no source info available)
V  [jvm.dll+0x6e0915]  (no source info available)
C  [ucrtbase.dll+0x21bb2]  (no source info available)
C  [KERNEL32.DLL+0x17374]  (no source info available)
C  [ntdll.dll+0x4cc91]  (no source info available)


---------------  P R O C E S S  ---------------

Threads class SMR info:
_java_thread_list=0x0000015c4c928c70, length=14, elements={
0x0000015c2f733910, 0x0000015c4c49f840, 0x0000015c4c4a10b0, 0x0000015c4c4a4d00,
0x0000015c4c4a7770, 0x0000015c4c4a81d0, 0x0000015c4c4a8c30, 0x0000015c4c4a99c0,
0x0000015c4c518350, 0x0000015c4c48bdc0, 0x0000015c4c75d770, 0x0000015c4c85d560,
0x0000015c4c85dbf0, 0x0000015c4c966550
}

Java Threads: ( => current thread )
  0x0000015c2f733910 JavaThread "main"                              [_thread_in_Java, id=5904, stack(0x0000000307700000,0x0000000307800000) (1024K)]
  0x0000015c4c49f840 JavaThread "Reference Handler"          daemon [_thread_blocked, id=15464, stack(0x0000000307f00000,0x0000000308000000) (1024K)]
  0x0000015c4c4a10b0 JavaThread "Finalizer"                  daemon [_thread_blocked, id=15468, stack(0x0000000308000000,0x0000000308100000) (1024K)]
  0x0000015c4c4a4d00 JavaThread "Signal Dispatcher"          daemon [_thread_blocked, id=15504, stack(0x0000000308100000,0x0000000308200000) (1024K)]
  0x0000015c4c4a7770 JavaThread "Attach Listener"            daemon [_thread_blocked, id=15508, stack(0x0000000308200000,0x0000000308300000) (1024K)]
  0x0000015c4c4a81d0 JavaThread "Service Thread"             daemon [_thread_blocked, id=15512, stack(0x0000000308300000,0x0000000308400000) (1024K)]
  0x0000015c4c4a8c30 JavaThread "Monitor Deflation Thread"   daemon [_thread_blocked, id=15516, stack(0x0000000308400000,0x0000000308500000) (1024K)]
  0x0000015c4c4a99c0 JavaThread "C2 CompilerThread0"         daemon [_thread_blocked, id=15520, stack(0x0000000308500000,0x0000000308600000) (1024K)]
=>0x0000015c4c518350 JavaThread "C1 CompilerThread0"         daemon [_thread_in_native, id=15568, stack(0x0000000308600000,0x0000000308700000) (1024K)]
  0x0000015c4c48bdc0 JavaThread "Common-Cleaner"             daemon [_thread_blocked, id=15636, stack(0x0000000308700000,0x0000000308800000) (1024K)]
  0x0000015c4c75d770 JavaThread "JDWP Transport Listener: dt_socket" daemon [_thread_blocked, id=16028, stack(0x0000000308800000,0x0000000308900000) (1024K)]
  0x0000015c4c85d560 JavaThread "JDWP Event Helper Thread"   daemon [_thread_blocked, id=16032, stack(0x0000000308900000,0x0000000308a00000) (1024K)]
  0x0000015c4c85dbf0 JavaThread "JDWP Command Reader"        daemon [_thread_in_native, id=16088, stack(0x0000000308a00000,0x0000000308b00000) (1024K)]
  0x0000015c4c966550 JavaThread "Notification Thread"        daemon [_thread_blocked, id=10184, stack(0x0000000308b00000,0x0000000308c00000) (1024K)]
Total: 14

Other Threads:
  0x0000015c31a204f0 VMThread "VM Thread"                           [id=15400, stack(0x0000000307e00000,0x0000000307f00000) (1024K)] _threads_hazard_ptr=0x0000015c4c928c70
  0x0000015c31a0db40 WatcherThread "VM Periodic Task Thread"        [id=15364, stack(0x0000000307d00000,0x0000000307e00000) (1024K)]
  0x0000015c3199ca40 WorkerThread "GC Thread#0"                     [id=14552, stack(0x0000000307800000,0x0000000307900000) (1024K)]
  0x0000015c4c77c410 WorkerThread "GC Thread#1"                     [id=17940, stack(0x0000000308e00000,0x0000000308f00000) (1024K)]
  0x0000015c4c6f7fb0 WorkerThread "GC Thread#2"                     [id=17944, stack(0x0000000308f00000,0x0000000309000000) (1024K)]
  0x0000015c4c6f8360 WorkerThread "GC Thread#3"                     [id=17948, stack(0x0000000309000000,0x0000000309100000) (1024K)]
  0x0000015c319a46a0 ConcurrentGCThread "G1 Main Marker"            [id=2776, stack(0x0000000307900000,0x0000000307a00000) (1024K)]
  0x0000015c2f7fc960 WorkerThread "G1 Conc#0"                       [id=14524, stack(0x0000000307a00000,0x0000000307b00000) (1024K)]
  0x0000015c319fb9c0 ConcurrentGCThread "G1 Refine#0"               [id=11812, stack(0x0000000307b00000,0x0000000307c00000) (1024K)]
  0x0000015c319fc450 ConcurrentGCThread "G1 Service"                [id=14548, stack(0x0000000307c00000,0x0000000307d00000) (1024K)]
Total: 10

Threads with active compile tasks:
C1 CompilerThread0  66411  730       3       org.eclipse.jdt.launching.internal.org.objectweb.asm.ByteVector::encodeUtf8 (337 bytes)
Total: 1

VM state: synchronizing (normal execution)

VM Mutex/Monitor currently owned by a thread:  ([mutex/lock_event])
[0x00007fff4060bbb8] Threads_lock - owner thread: 0x0000015c31a204f0

Heap address: 0x00000000c1c00000, size: 996 MB, Compressed Oops mode: 32-bit

CDS archive(s) mapped at: [0x0000015c4d000000-0x0000015c4dc60000-0x0000015c4dc60000), size 12976128, SharedBaseAddress: 0x0000015c4d000000, ArchiveRelocationMode: 1.
Compressed class space mapped at: 0x0000015c4e000000-0x0000015c8e000000, reserved size: 1073741824
Narrow klass base: 0x0000015c4d000000, Narrow klass shift: 0, Narrow klass range: 0x41000000

GC Precious Log:
 CardTable entry size: 512
 Card Set container configuration: InlinePtr #cards 5 size 8 Array Of Cards #cards 12 size 40 Howl #buckets 4 coarsen threshold 1843 Howl Bitmap #cards 512 size 80 coarsen threshold 460 Card regions per heap region 1 cards per card region 2048
 CPUs: 4 total, 4 available
 Memory: 3981M
 Large Page Support: Disabled
 NUMA Support: Disabled
 Compressed Oops: Enabled (32-bit)
 Heap Region Size: 1M
 Heap Min Capacity: 8M
 Heap Initial Capacity: 64M
 Heap Max Capacity: 996M
 Pre-touch: Disabled
 Parallel Workers: 4
 Concurrent Workers: 1
 Concurrent Refinement Workers: 4
 Periodic GC: Disabled

Heap:
 garbage-first heap   total reserved 1019904K, committed 65536K, used 17408K [0x00000000c1c00000, 0x0000000100000000)
  region size 1024K, 18 young (18432K), 2 survivors (2048K)
 Metaspace       used 5675K, committed 5824K, reserved 1114112K
  class space    used 619K, committed 704K, reserved 1048576K

Heap Regions: E=young(eden), S=young(survivor), O=old, HS=humongous(starts), HC=humongous(continues), CS=collection set, F=free, TAMS=top-at-mark-start, PB=parsable bottom
|   0|0x00000000c1c00000, 0x00000000c1c00000, 0x00000000c1d00000|  0%| F|  |TAMS 0x00000000c1c00000| PB 0x00000000c1c00000| Untracked |  0
|   1|0x00000000c1d00000, 0x00000000c1d00000, 0x00000000c1e00000|  0%| F|  |TAMS 0x00000000c1d00000| PB 0x00000000c1d00000| Untracked |  0
|   2|0x00000000c1e00000, 0x00000000c1e00000, 0x00000000c1f00000|  0%| F|  |TAMS 0x00000000c1e00000| PB 0x00000000c1e00000| Untracked |  0
|   3|0x00000000c1f00000, 0x00000000c1f00000, 0x00000000c2000000|  0%| F|  |TAMS 0x00000000c1f00000| PB 0x00000000c1f00000| Untracked |  0
|   4|0x00000000c2000000, 0x00000000c2000000, 0x00000000c2100000|  0%| F|  |TAMS 0x00000000c2000000| PB 0x00000000c2000000| Untracked |  0
|   5|0x00000000c2100000, 0x00000000c2100000, 0x00000000c2200000|  0%| F|  |TAMS 0x00000000c2100000| PB 0x00000000c2100000| Untracked |  0
|   6|0x00000000c2200000, 0x00000000c2200000, 0x00000000c2300000|  0%| F|  |TAMS 0x00000000c2200000| PB 0x00000000c2200000| Untracked |  0
|   7|0x00000000c2300000, 0x00000000c2300000, 0x00000000c2400000|  0%| F|  |TAMS 0x00000000c2300000| PB 0x00000000c2300000| Untracked |  0
|   8|0x00000000c2400000, 0x00000000c2400000, 0x00000000c2500000|  0%| F|  |TAMS 0x00000000c2400000| PB 0x00000000c2400000| Untracked |  0
|   9|0x00000000c2500000, 0x00000000c2500000, 0x00000000c2600000|  0%| F|  |TAMS 0x00000000c2500000| PB 0x00000000c2500000| Untracked |  0
|  10|0x00000000c2600000, 0x00000000c2600000, 0x00000000c2700000|  0%| F|  |TAMS 0x00000000c2600000| PB 0x00000000c2600000| Untracked |  0
|  11|0x00000000c2700000, 0x00000000c2700000, 0x00000000c2800000|  0%| F|  |TAMS 0x00000000c2700000| PB 0x00000000c2700000| Untracked |  0
|  12|0x00000000c2800000, 0x00000000c2800000, 0x00000000c2900000|  0%| F|  |TAMS 0x00000000c2800000| PB 0x00000000c2800000| Untracked |  0
|  13|0x00000000c2900000, 0x00000000c2900000, 0x00000000c2a00000|  0%| F|  |TAMS 0x00000000c2900000| PB 0x00000000c2900000| Untracked |  0
|  14|0x00000000c2a00000, 0x00000000c2a00000, 0x00000000c2b00000|  0%| F|  |TAMS 0x00000000c2a00000| PB 0x00000000c2a00000| Untracked |  0
|  15|0x00000000c2b00000, 0x00000000c2b00000, 0x00000000c2c00000|  0%| F|  |TAMS 0x00000000c2b00000| PB 0x00000000c2b00000| Untracked |  0
|  16|0x00000000c2c00000, 0x00000000c2c00000, 0x00000000c2d00000|  0%| F|  |TAMS 0x00000000c2c00000| PB 0x00000000c2c00000| Untracked |  0
|  17|0x00000000c2d00000, 0x00000000c2d00000, 0x00000000c2e00000|  0%| F|  |TAMS 0x00000000c2d00000| PB 0x00000000c2d00000| Untracked |  0
|  18|0x00000000c2e00000, 0x00000000c2e00000, 0x00000000c2f00000|  0%| F|  |TAMS 0x00000000c2e00000| PB 0x00000000c2e00000| Untracked |  0
|  19|0x00000000c2f00000, 0x00000000c2f00000, 0x00000000c3000000|  0%| F|  |TAMS 0x00000000c2f00000| PB 0x00000000c2f00000| Untracked |  0
|  20|0x00000000c3000000, 0x00000000c3000000, 0x00000000c3100000|  0%| F|  |TAMS 0x00000000c3000000| PB 0x00000000c3000000| Untracked |  0
|  21|0x00000000c3100000, 0x00000000c3100000, 0x00000000c3200000|  0%| F|  |TAMS 0x00000000c3100000| PB 0x00000000c3100000| Untracked |  0
|  22|0x00000000c3200000, 0x00000000c3200000, 0x00000000c3300000|  0%| F|  |TAMS 0x00000000c3200000| PB 0x00000000c3200000| Untracked |  0
|  23|0x00000000c3300000, 0x00000000c3300000, 0x00000000c3400000|  0%| F|  |TAMS 0x00000000c3300000| PB 0x00000000c3300000| Untracked |  0
|  24|0x00000000c3400000, 0x00000000c3400000, 0x00000000c3500000|  0%| F|  |TAMS 0x00000000c3400000| PB 0x00000000c3400000| Untracked |  0
|  25|0x00000000c3500000, 0x00000000c3500000, 0x00000000c3600000|  0%| F|  |TAMS 0x00000000c3500000| PB 0x00000000c3500000| Untracked |  0
|  26|0x00000000c3600000, 0x00000000c3600000, 0x00000000c3700000|  0%| F|  |TAMS 0x00000000c3600000| PB 0x00000000c3600000| Untracked |  0
|  27|0x00000000c3700000, 0x00000000c3700000, 0x00000000c3800000|  0%| F|  |TAMS 0x00000000c3700000| PB 0x00000000c3700000| Untracked |  0
|  28|0x00000000c3800000, 0x00000000c3800000, 0x00000000c3900000|  0%| F|  |TAMS 0x00000000c3800000| PB 0x00000000c3800000| Untracked |  0
|  29|0x00000000c3900000, 0x00000000c3900000, 0x00000000c3a00000|  0%| F|  |TAMS 0x00000000c3900000| PB 0x00000000c3900000| Untracked |  0
|  30|0x00000000c3a00000, 0x00000000c3a00000, 0x00000000c3b00000|  0%| F|  |TAMS 0x00000000c3a00000| PB 0x00000000c3a00000| Untracked |  0
|  31|0x00000000c3b00000, 0x00000000c3b00000, 0x00000000c3c00000|  0%| F|  |TAMS 0x00000000c3b00000| PB 0x00000000c3b00000| Untracked |  0
|  32|0x00000000c3c00000, 0x00000000c3c00000, 0x00000000c3d00000|  0%| F|  |TAMS 0x00000000c3c00000| PB 0x00000000c3c00000| Untracked |  0
|  33|0x00000000c3d00000, 0x00000000c3d00000, 0x00000000c3e00000|  0%| F|  |TAMS 0x00000000c3d00000| PB 0x00000000c3d00000| Untracked |  0
|  34|0x00000000c3e00000, 0x00000000c3e00000, 0x00000000c3f00000|  0%| F|  |TAMS 0x00000000c3e00000| PB 0x00000000c3e00000| Untracked |  0
|  35|0x00000000c3f00000, 0x00000000c3f00000, 0x00000000c4000000|  0%| F|  |TAMS 0x00000000c3f00000| PB 0x00000000c3f00000| Untracked |  0
|  36|0x00000000c4000000, 0x00000000c4000000, 0x00000000c4100000|  0%| F|  |TAMS 0x00000000c4000000| PB 0x00000000c4000000| Untracked |  0
|  37|0x00000000c4100000, 0x00000000c4100000, 0x00000000c4200000|  0%| F|  |TAMS 0x00000000c4100000| PB 0x00000000c4100000| Untracked |  0
|  38|0x00000000c4200000, 0x00000000c4200000, 0x00000000c4300000|  0%| F|  |TAMS 0x00000000c4200000| PB 0x00000000c4200000| Untracked |  0
|  39|0x00000000c4300000, 0x00000000c4300000, 0x00000000c4400000|  0%| F|  |TAMS 0x00000000c4300000| PB 0x00000000c4300000| Untracked |  0
|  40|0x00000000c4400000, 0x00000000c4400000, 0x00000000c4500000|  0%| F|  |TAMS 0x00000000c4400000| PB 0x00000000c4400000| Untracked |  0
|  41|0x00000000c4500000, 0x00000000c4500000, 0x00000000c4600000|  0%| F|  |TAMS 0x00000000c4500000| PB 0x00000000c4500000| Untracked |  0
|  42|0x00000000c4600000, 0x00000000c4600000, 0x00000000c4700000|  0%| F|  |TAMS 0x00000000c4600000| PB 0x00000000c4600000| Untracked |  0
|  43|0x00000000c4700000, 0x00000000c4700000, 0x00000000c4800000|  0%| F|  |TAMS 0x00000000c4700000| PB 0x00000000c4700000| Untracked |  0
|  44|0x00000000c4800000, 0x00000000c4800000, 0x00000000c4900000|  0%| F|  |TAMS 0x00000000c4800000| PB 0x00000000c4800000| Untracked |  0
|  45|0x00000000c4900000, 0x00000000c4900000, 0x00000000c4a00000|  0%| F|  |TAMS 0x00000000c4900000| PB 0x00000000c4900000| Untracked |  0
|  46|0x00000000c4a00000, 0x00000000c4a3a8c0, 0x00000000c4b00000| 22%| E|  |TAMS 0x00000000c4a00000| PB 0x00000000c4a00000| Complete |  0
|  47|0x00000000c4b00000, 0x00000000c4c00000, 0x00000000c4c00000|100%| E|CS|TAMS 0x00000000c4b00000| PB 0x00000000c4b00000| Complete |  0
|  48|0x00000000c4c00000, 0x00000000c4d00000, 0x00000000c4d00000|100%| S|CS|TAMS 0x00000000c4c00000| PB 0x00000000c4c00000| Complete |  0
|  49|0x00000000c4d00000, 0x00000000c4e00000, 0x00000000c4e00000|100%| S|CS|TAMS 0x00000000c4d00000| PB 0x00000000c4d00000| Complete |  0
|  50|0x00000000c4e00000, 0x00000000c4f00000, 0x00000000c4f00000|100%| E|CS|TAMS 0x00000000c4e00000| PB 0x00000000c4e00000| Complete |  0
|  51|0x00000000c4f00000, 0x00000000c5000000, 0x00000000c5000000|100%| E|CS|TAMS 0x00000000c4f00000| PB 0x00000000c4f00000| Complete |  0
|  52|0x00000000c5000000, 0x00000000c5100000, 0x00000000c5100000|100%| E|CS|TAMS 0x00000000c5000000| PB 0x00000000c5000000| Complete |  0
|  53|0x00000000c5100000, 0x00000000c5200000, 0x00000000c5200000|100%| E|CS|TAMS 0x00000000c5100000| PB 0x00000000c5100000| Complete |  0
|  54|0x00000000c5200000, 0x00000000c5300000, 0x00000000c5300000|100%| E|CS|TAMS 0x00000000c5200000| PB 0x00000000c5200000| Complete |  0
|  55|0x00000000c5300000, 0x00000000c5400000, 0x00000000c5400000|100%| E|CS|TAMS 0x00000000c5300000| PB 0x00000000c5300000| Complete |  0
|  56|0x00000000c5400000, 0x00000000c5500000, 0x00000000c5500000|100%| E|CS|TAMS 0x00000000c5400000| PB 0x00000000c5400000| Complete |  0
|  57|0x00000000c5500000, 0x00000000c5600000, 0x00000000c5600000|100%| E|CS|TAMS 0x00000000c5500000| PB 0x00000000c5500000| Complete |  0
|  58|0x00000000c5600000, 0x00000000c5700000, 0x00000000c5700000|100%| E|CS|TAMS 0x00000000c5600000| PB 0x00000000c5600000| Complete |  0
|  59|0x00000000c5700000, 0x00000000c5800000, 0x00000000c5800000|100%| E|CS|TAMS 0x00000000c5700000| PB 0x00000000c5700000| Complete |  0
|  60|0x00000000c5800000, 0x00000000c5900000, 0x00000000c5900000|100%| E|CS|TAMS 0x00000000c5800000| PB 0x00000000c5800000| Complete |  0
|  61|0x00000000c5900000, 0x00000000c5a00000, 0x00000000c5a00000|100%| E|CS|TAMS 0x00000000c5900000| PB 0x00000000c5900000| Complete |  0
|  62|0x00000000c5a00000, 0x00000000c5b00000, 0x00000000c5b00000|100%| E|CS|TAMS 0x00000000c5a00000| PB 0x00000000c5a00000| Complete |  0
|  63|0x00000000c5b00000, 0x00000000c5c00000, 0x00000000c5c00000|100%| E|CS|TAMS 0x00000000c5b00000| PB 0x00000000c5b00000| Complete |  0

Card table byte_map: [0x0000015c48eb0000,0x0000015c490b0000] _byte_map_base: 0x0000015c488a2000

Marking Bits: (CMBitMap*) 0x0000015c3199e070
 Bits: [0x0000015c490b0000, 0x0000015c4a040000)

Polling page: 0x0000015c2f6f0000

Metaspace:

Usage:
  Non-class:      4.94 MB used.
      Class:    619.76 KB used.
       Both:      5.54 MB used.

Virtual space:
  Non-class space:       64.00 MB reserved,       5.00 MB (  8%) committed,  1 nodes.
      Class space:        1.00 GB reserved,     704.00 KB ( <1%) committed,  1 nodes.
             Both:        1.06 GB reserved,       5.69 MB ( <1%) committed. 

Chunk freelists:
   Non-Class:  9.72 MB
       Class:  15.36 MB
        Both:  25.08 MB

MaxMetaspaceSize: unlimited
CompressedClassSpaceSize: 1.00 GB
Initial GC threshold: 21.00 MB
Current GC threshold: 21.00 MB
CDS: on
 - commit_granule_bytes: 65536.
 - commit_granule_words: 8192.
 - virtual_space_node_default_size: 8388608.
 - enlarge_chunks_in_place: 1.
 - use_allocation_guard: 0.


Internal statistics:

num_allocs_failed_limit: 0.
num_arena_births: 50.
num_arena_deaths: 0.
num_vsnodes_births: 2.
num_vsnodes_deaths: 0.
num_space_committed: 91.
num_space_uncommitted: 0.
num_chunks_returned_to_freelist: 0.
num_chunks_taken_from_freelist: 167.
num_chunk_merges: 0.
num_chunk_splits: 115.
num_chunks_enlarged: 97.
num_inconsistent_stats: 0.

CodeHeap 'non-profiled nmethods': size=120000Kb used=295Kb max_used=295Kb free=119704Kb
 bounds [0x0000015c41780000, 0x0000015c419f0000, 0x0000015c48cb0000]
CodeHeap 'profiled nmethods': size=120000Kb used=1178Kb max_used=1178Kb free=118821Kb
 bounds [0x0000015c39cb0000, 0x0000015c39f20000, 0x0000015c411e0000]
CodeHeap 'non-nmethods': size=5760Kb used=1420Kb max_used=1434Kb free=4339Kb
 bounds [0x0000015c411e0000, 0x0000015c41450000, 0x0000015c41780000]
 total_blobs=1222 nmethods=764 adapters=363
 compilation: enabled
              stopped_count=0, restarted_count=0
 full_count=0

Compilation events (20 events):
Event: 44.513 Thread 0x0000015c4c518350 nmethod 720 0x0000015c39dd0b10 code [0x0000015c39dd0d40, 0x0000015c39dd1310]
Event: 44.513 Thread 0x0000015c4c518350  721       3       java.lang.Math::min (12 bytes)
Event: 44.513 Thread 0x0000015c4c518350 nmethod 721 0x0000015c39dd1510 code [0x0000015c39dd16a0, 0x0000015c39dd17d0]
Event: 44.520 Thread 0x0000015c4c4a99c0 nmethod 717 0x0000015c417bb110 code [0x0000015c417bb300, 0x0000015c417bb810]
Event: 44.574 Thread 0x0000015c4c518350  722       3       org.eclipse.jdt.launching.internal.org.objectweb.asm.ClassReader::readConst (276 bytes)
Event: 44.578 Thread 0x0000015c4c518350 nmethod 722 0x0000015c39dd1890 code [0x0000015c39dd1d40, 0x0000015c39dd3a50]
Event: 44.578 Thread 0x0000015c4c518350  723       3       org.eclipse.jdt.launching.internal.org.objectweb.asm.Type::hashCode (68 bytes)
Event: 44.580 Thread 0x0000015c4c518350 nmethod 723 0x0000015c39dd4590 code [0x0000015c39dd47a0, 0x0000015c39dd4e90]
Event: 44.580 Thread 0x0000015c4c518350  724       3       java.net.URL::<init> (8 bytes)
Event: 44.581 Thread 0x0000015c4c518350 nmethod 724 0x0000015c39dd5190 code [0x0000015c39dd5340, 0x0000015c39dd54a8]
Event: 44.582 Thread 0x0000015c4c518350  725       1       java.util.jar.Manifest::getMainAttributes (5 bytes)
Event: 44.582 Thread 0x0000015c4c518350 nmethod 725 0x0000015c417bbc10 code [0x0000015c417bbda0, 0x0000015c417bbe68]
Event: 44.582 Thread 0x0000015c4c518350  726  s    3       jdk.internal.loader.Resource::cachedInputStream (20 bytes)
Event: 44.583 Thread 0x0000015c4c518350 nmethod 726 0x0000015c39dd5590 code [0x0000015c39dd5740, 0x0000015c39dd5a70]
Event: 44.583 Thread 0x0000015c4c518350  727       3       java.security.CodeSource::getCertificates (95 bytes)
Event: 44.585 Thread 0x0000015c4c518350 nmethod 727 0x0000015c39dd5b10 code [0x0000015c39dd5d60, 0x0000015c39dd6840]
Event: 44.587 Thread 0x0000015c4c4a99c0  728       4       java.lang.String::substring (58 bytes)
Event: 44.589 Thread 0x0000015c4c518350  729       1       java.util.zip.ZipEntry::getCrc (5 bytes)
Event: 44.590 Thread 0x0000015c4c518350 nmethod 729 0x0000015c417bbf10 code [0x0000015c417bc0a0, 0x0000015c417bc168]
Event: 44.593 Thread 0x0000015c4c518350  730       3       org.eclipse.jdt.launching.internal.org.objectweb.asm.ByteVector::encodeUtf8 (337 bytes)

GC Heap History (0 events):
No events

Dll operation events (9 events):
Event: 0.088 Loaded shared library C:\Program Files\Java\jdk-22\bin\java.dll
Event: 0.612 Loaded shared library C:\Program Files\Java\jdk-22\bin\jsvml.dll
Event: 8.526 Loaded shared library C:\Program Files\Java\jdk-22\bin\zip.dll
Event: 17.144 Loaded shared library C:\Program Files\Java\jdk-22\bin\instrument.dll
Event: 17.432 Loaded shared library C:\Program Files\Java\jdk-22\bin\net.dll
Event: 17.436 Loaded shared library C:\Program Files\Java\jdk-22\bin\nio.dll
Event: 17.791 Loaded shared library C:\Program Files\Java\jdk-22\bin\zip.dll
Event: 25.835 Loaded shared library C:\Program Files\Java\jdk-22\bin\jimage.dll
Event: 29.560 Loaded shared library C:\Program Files\Java\jdk-22\bin\verify.dll

Deoptimization events (20 events):
Event: 29.503 Thread 0x0000015c2f733910 DEOPT PACKING pc=0x0000015c39d4d4ef sp=0x00000003077fbdd0
Event: 29.503 Thread 0x0000015c2f733910 DEOPT UNPACKING pc=0x0000015c41234e42 sp=0x00000003077fb258 mode 0
Event: 29.503 Thread 0x0000015c2f733910 DEOPT PACKING pc=0x0000015c39d4d4ef sp=0x00000003077fbdd0
Event: 29.503 Thread 0x0000015c2f733910 DEOPT UNPACKING pc=0x0000015c41234e42 sp=0x00000003077fb258 mode 0
Event: 29.504 Thread 0x0000015c2f733910 DEOPT PACKING pc=0x0000015c39d4d68d sp=0x00000003077fbdd0
Event: 29.504 Thread 0x0000015c2f733910 DEOPT UNPACKING pc=0x0000015c41234e42 sp=0x00000003077fb258 mode 0
Event: 29.523 Thread 0x0000015c2f733910 DEOPT PACKING pc=0x0000015c39d4d68d sp=0x00000003077fbdd0
Event: 29.523 Thread 0x0000015c2f733910 DEOPT UNPACKING pc=0x0000015c41234e42 sp=0x00000003077fb258 mode 0
Event: 29.529 Thread 0x0000015c2f733910 DEOPT PACKING pc=0x0000015c39d4d68d sp=0x00000003077fbdd0
Event: 29.529 Thread 0x0000015c2f733910 DEOPT UNPACKING pc=0x0000015c41234e42 sp=0x00000003077fb258 mode 0
Event: 29.530 Thread 0x0000015c2f733910 DEOPT PACKING pc=0x0000015c39d4d68d sp=0x00000003077fbdd0
Event: 29.531 Thread 0x0000015c2f733910 DEOPT UNPACKING pc=0x0000015c41234e42 sp=0x00000003077fb258 mode 0
Event: 29.533 Thread 0x0000015c2f733910 DEOPT PACKING pc=0x0000015c39d4d4ef sp=0x00000003077fbdd0
Event: 29.535 Thread 0x0000015c2f733910 DEOPT UNPACKING pc=0x0000015c41234e42 sp=0x00000003077fb258 mode 0
Event: 31.455 Thread 0x0000015c2f733910 DEOPT PACKING pc=0x0000015c39ce06f7 sp=0x00000003077f8340
Event: 31.455 Thread 0x0000015c2f733910 DEOPT UNPACKING pc=0x0000015c41234e42 sp=0x00000003077f7760 mode 0
Event: 32.038 Thread 0x0000015c2f733910 DEOPT PACKING pc=0x0000015c39d1fda9 sp=0x00000003077fce30
Event: 32.038 Thread 0x0000015c2f733910 DEOPT UNPACKING pc=0x0000015c41234e42 sp=0x00000003077fc2c8 mode 0
Event: 32.235 Thread 0x0000015c2f733910 DEOPT PACKING pc=0x0000015c39cbbf48 sp=0x00000003077f9e30
Event: 32.235 Thread 0x0000015c2f733910 DEOPT UNPACKING pc=0x0000015c41234e42 sp=0x00000003077f9298 mode 0

Classes loaded (20 events):
Event: 43.564 Loading class java/net/JarURLConnection
Event: 43.566 Loading class java/net/JarURLConnection done
Event: 43.571 Loading class java/net/URISyntaxException
Event: 43.576 Loading class java/net/URISyntaxException done
Event: 43.686 Loading class java/lang/SecurityException
Event: 43.687 Loading class java/lang/SecurityException done
Event: 43.687 Loading class java/lang/IllegalAccessError
Event: 43.687 Loading class java/lang/IllegalAccessError done
Event: 44.051 Loading class java/util/IdentityHashMap$EntrySet
Event: 44.052 Loading class java/util/IdentityHashMap$EntrySet done
Event: 44.052 Loading class java/util/IdentityHashMap$EntryIterator
Event: 44.052 Loading class java/util/IdentityHashMap$EntryIterator done
Event: 44.053 Loading class java/util/IdentityHashMap$EntryIterator$Entry
Event: 44.053 Loading class java/util/IdentityHashMap$EntryIterator$Entry done
Event: 44.053 Loading class java/util/IdentityHashMap$ValueIterator
Event: 44.054 Loading class java/util/IdentityHashMap$ValueIterator done
Event: 44.055 Loading class java/io/Externalizable
Event: 44.060 Loading class java/io/Externalizable done
Event: 44.584 Loading class java/security/PrivilegedActionException
Event: 44.585 Loading class java/security/PrivilegedActionException done

Classes unloaded (0 events):
No events

Classes redefined (0 events):
No events

Internal exceptions (3 events):
Event: 23.470 Thread 0x0000015c2f733910 Exception <a 'java/lang/NoSuchMethodError'{0x00000000c587adf8}: 'void java.lang.invoke.DirectMethodHandle$Holder.invokeVirtual(java.lang.Object, java.lang.Object)'> (0x00000000c587adf8) 
thrown [s\open\src\hotspot\share\interpreter\linkResolver.cpp, line 774]
Event: 27.875 Thread 0x0000015c2f733910 Exception <a 'java/lang/NoSuchMethodError'{0x00000000c57d8d38}: 'void java.lang.invoke.DirectMethodHandle$Holder.invokeStatic(java.lang.Object, java.lang.Object, java.lang.Object)'> (0x00000000c57d8d38) 
thrown [s\open\src\hotspot\share\interpreter\linkResolver.cpp, line 774]
Event: 27.887 Thread 0x0000015c2f733910 Exception <a 'java/lang/NoSuchMethodError'{0x00000000c57ebb08}: 'java.lang.Object java.lang.invoke.Invokers$Holder.invokeExact_MT(java.lang.Object, java.lang.Object, java.lang.Object, java.lang.Object, java.lang.Object)'> (0x00000000c57ebb08) 
thrown [s\open\src\hotspot\share\interpreter\linkResolver.cpp, line 774]

ZGC Phase Switch (0 events):
No events

VM Operations (20 events):
Event: 24.046 Executing VM operation: Cleanup
Event: 24.158 Executing VM operation: Cleanup done
Event: 25.168 Executing VM operation: Cleanup
Event: 25.200 Executing VM operation: Cleanup done
Event: 26.202 Executing VM operation: Cleanup
Event: 26.744 Executing VM operation: Cleanup done
Event: 27.758 Executing VM operation: Cleanup
Event: 27.869 Executing VM operation: Cleanup done
Event: 28.880 Executing VM operation: Cleanup
Event: 28.880 Executing VM operation: Cleanup done
Event: 32.508 Executing VM operation: HandshakeAllThreads (Deoptimize)
Event: 32.508 Executing VM operation: HandshakeAllThreads (Deoptimize) done
Event: 32.508 Executing VM operation: Cleanup
Event: 32.508 Executing VM operation: Cleanup done
Event: 33.514 Executing VM operation: Cleanup
Event: 33.514 Executing VM operation: Cleanup done
Event: 43.600 Executing VM operation: Cleanup
Event: 43.655 Executing VM operation: Cleanup done
Event: 44.664 Executing VM operation: Cleanup
Event: 44.664 Executing VM operation: Cleanup done

Events (14 events):
Event: 0.319 Thread 0x0000015c2f733910 Thread added: 0x0000015c2f733910
Event: 0.558 Thread 0x0000015c4c49f840 Thread added: 0x0000015c4c49f840
Event: 0.607 Thread 0x0000015c4c4a10b0 Thread added: 0x0000015c4c4a10b0
Event: 0.609 Thread 0x0000015c4c4a4d00 Thread added: 0x0000015c4c4a4d00
Event: 0.609 Thread 0x0000015c4c4a7770 Thread added: 0x0000015c4c4a7770
Event: 0.609 Thread 0x0000015c4c4a81d0 Thread added: 0x0000015c4c4a81d0
Event: 0.609 Thread 0x0000015c4c4a8c30 Thread added: 0x0000015c4c4a8c30
Event: 0.609 Thread 0x0000015c4c4a99c0 Thread added: 0x0000015c4c4a99c0
Event: 0.769 Thread 0x0000015c4c518350 Thread added: 0x0000015c4c518350
Event: 1.020 Thread 0x0000015c4c48bdc0 Thread added: 0x0000015c4c48bdc0
Event: 2.790 Thread 0x0000015c4c75d770 Thread added: 0x0000015c4c75d770
Event: 2.791 Thread 0x0000015c4c85d560 Thread added: 0x0000015c4c85d560
Event: 2.885 Thread 0x0000015c4c85dbf0 Thread added: 0x0000015c4c85dbf0
Event: 27.970 Thread 0x0000015c4c966550 Thread added: 0x0000015c4c966550


Dynamic libraries:
0x00007ff6935a0000 - 0x00007ff6935b0000 	C:\Program Files\Java\jdk-22\bin\javaw.exe
0x00007fff8ccd0000 - 0x00007fff8cec8000 	C:\Windows\SYSTEM32\ntdll.dll
0x00007fff8caa0000 - 0x00007fff8cb62000 	C:\Windows\System32\KERNEL32.DLL
0x00007fff8a440000 - 0x00007fff8a736000 	C:\Windows\System32\KERNELBASE.dll
0x00007fff8ab50000 - 0x00007fff8ac50000 	C:\Windows\System32\ucrtbase.dll
0x00007fff86120000 - 0x00007fff86137000 	C:\Program Files\Java\jdk-22\bin\jli.dll
0x00007fff8c9f0000 - 0x00007fff8ca9f000 	C:\Windows\System32\ADVAPI32.dll
0x00007fff8c4c0000 - 0x00007fff8c55e000 	C:\Windows\System32\msvcrt.dll
0x00007fff8c8e0000 - 0x00007fff8c97f000 	C:\Windows\System32\sechost.dll
0x00007fff8b040000 - 0x00007fff8b163000 	C:\Windows\System32\RPCRT4.dll
0x00007fff8a370000 - 0x00007fff8a397000 	C:\Windows\System32\bcrypt.dll
0x00007fff8bdb0000 - 0x00007fff8bf4d000 	C:\Windows\System32\USER32.dll
0x00007fff8ab20000 - 0x00007fff8ab42000 	C:\Windows\System32\win32u.dll
0x00007fff8c3c0000 - 0x00007fff8c3eb000 	C:\Windows\System32\GDI32.dll
0x00007fff8a980000 - 0x00007fff8aa9a000 	C:\Windows\System32\gdi32full.dll
0x00007fff8a3a0000 - 0x00007fff8a43d000 	C:\Windows\System32\msvcp_win.dll
0x00007fff850a0000 - 0x00007fff850bb000 	C:\Program Files\Java\jdk-22\bin\VCRUNTIME140.dll
0x00007fff7bd20000 - 0x00007fff7bfba000 	C:\Windows\WinSxS\amd64_microsoft.windows.common-controls_6595b64144ccf1df_6.0.19041.5794_none_60bcd33171f2783c\COMCTL32.dll
0x00007fff7c380000 - 0x00007fff7c38a000 	C:\Windows\SYSTEM32\VERSION.dll
0x00007fff8b170000 - 0x00007fff8b19f000 	C:\Windows\System32\IMM32.DLL
0x00007fff87660000 - 0x00007fff8766c000 	C:\Program Files\Java\jdk-22\bin\vcruntime140_1.dll
0x00007fff633d0000 - 0x00007fff6345e000 	C:\Program Files\Java\jdk-22\bin\msvcp140.dll
0x00007fff3f9a0000 - 0x00007fff406e7000 	C:\Program Files\Java\jdk-22\bin\server\jvm.dll
0x00007fff8c980000 - 0x00007fff8c9eb000 	C:\Windows\System32\WS2_32.dll
0x00007fff8a1d0000 - 0x00007fff8a21b000 	C:\Windows\SYSTEM32\POWRPROF.dll
0x00007fff7d070000 - 0x00007fff7d097000 	C:\Windows\SYSTEM32\WINMM.dll
0x00007fff8a1b0000 - 0x00007fff8a1c2000 	C:\Windows\SYSTEM32\UMPDC.dll
0x00007fff881b0000 - 0x00007fff881c2000 	C:\Windows\SYSTEM32\kernel.appcore.dll
0x00007fff872b0000 - 0x00007fff872ba000 	C:\Program Files\Java\jdk-22\bin\jimage.dll
0x00007fff87450000 - 0x00007fff87634000 	C:\Windows\SYSTEM32\DBGHELP.DLL
0x00007fff87410000 - 0x00007fff87444000 	C:\Windows\SYSTEM32\dbgcore.DLL
0x00007fff8a8f0000 - 0x00007fff8a972000 	C:\Windows\System32\bcryptPrimitives.dll
0x00007fff630f0000 - 0x00007fff6312c000 	C:\Program Files\Java\jdk-22\bin\jdwp.dll
0x00007fff87220000 - 0x00007fff8722f000 	C:\Program Files\Java\jdk-22\bin\instrument.dll
0x00007fff84fd0000 - 0x00007fff84fee000 	C:\Program Files\Java\jdk-22\bin\java.dll
0x00007fff8b250000 - 0x00007fff8b9be000 	C:\Windows\System32\SHELL32.dll
0x00007fff8ad00000 - 0x00007fff8ae2b000 	C:\Windows\System32\ole32.dll
0x00007fff8c580000 - 0x00007fff8c8d3000 	C:\Windows\System32\combase.dll
0x00007fff883b0000 - 0x00007fff88b53000 	C:\Windows\SYSTEM32\windows.storage.dll
0x00007fff89c00000 - 0x00007fff89c2b000 	C:\Windows\SYSTEM32\Wldp.dll
0x00007fff8c3f0000 - 0x00007fff8c4bd000 	C:\Windows\System32\OLEAUT32.dll
0x00007fff8b1a0000 - 0x00007fff8b24d000 	C:\Windows\System32\SHCORE.dll
0x00007fff8bce0000 - 0x00007fff8bd35000 	C:\Windows\System32\shlwapi.dll
0x00007fff8a2a0000 - 0x00007fff8a2c5000 	C:\Windows\SYSTEM32\profapi.dll
0x00007fff632f0000 - 0x00007fff633c7000 	C:\Program Files\Java\jdk-22\bin\jsvml.dll
0x00007fff87200000 - 0x00007fff8720c000 	C:\Program Files\Java\jdk-22\bin\dt_socket.dll
0x00007fff896d0000 - 0x00007fff8970b000 	C:\Windows\SYSTEM32\IPHLPAPI.DLL
0x00007fff899d0000 - 0x00007fff89a3c000 	C:\Windows\system32\mswsock.dll
0x00007fff89710000 - 0x00007fff897da000 	C:\Windows\SYSTEM32\DNSAPI.dll
0x00007fff8cc20000 - 0x00007fff8cc28000 	C:\Windows\System32\NSI.dll
0x00007fff7e470000 - 0x00007fff7e47a000 	C:\Windows\System32\rasadhlp.dll
0x00007fff7e720000 - 0x00007fff7e7a0000 	C:\Windows\System32\fwpuclnt.dll
0x00007fff82b60000 - 0x00007fff82b77000 	C:\Program Files\Java\jdk-22\bin\zip.dll
0x00007fff865b0000 - 0x00007fff865c0000 	C:\Program Files\Java\jdk-22\bin\net.dll
0x00007fff83930000 - 0x00007fff83946000 	C:\Program Files\Java\jdk-22\bin\nio.dll
0x00007fff85970000 - 0x00007fff85980000 	C:\Program Files\Java\jdk-22\bin\verify.dll

dbghelp: loaded successfully - version: 4.0.5 - missing functions: none
symbol engine: initialized successfully - sym options: 0x614 - pdb path: .;C:\Program Files\Java\jdk-22\bin;C:\Windows\SYSTEM32;C:\Windows\WinSxS\amd64_microsoft.windows.common-controls_6595b64144ccf1df_6.0.19041.5794_none_60bcd33171f2783c;C:\Program Files\Java\jdk-22\bin\server

VM Arguments:
jvm_args: -XX:+ShowCodeDetailsInExceptionMessages -agentlib:jdwp=transport=dt_socket,suspend=y,address=localhost:57432 -javaagent:C:\Users\Admin\eclipse\jee-2024-06\eclipse\configuration\org.eclipse.osgi\448\0\.cp\lib\javaagent-shaded.jar -Dfile.encoding=UTF-8 -Dstdout.encoding=UTF-8 -Dstderr.encoding=UTF-8 
java_command: com.task.Main3
java_class_path (initial): C:\Users\Admin\eclipse-workspace-nov\Spring\target\classes;C:\Users\Admin\.m2\repository\org\springframework\spring-context\5.3.36\spring-context-5.3.36.jar;C:\Users\Admin\.m2\repository\org\springframework\spring-aop\5.3.36\spring-aop-5.3.36.jar;C:\Users\Admin\.m2\repository\org\springframework\spring-beans\5.3.36\spring-beans-5.3.36.jar;C:\Users\Admin\.m2\repository\org\springframework\spring-core\5.3.36\spring-core-5.3.36.jar;C:\Users\Admin\.m2\repository\org\springframework\spring-jcl\5.3.36\spring-jcl-5.3.36.jar;C:\Users\Admin\.m2\repository\org\springframework\spring-expression\5.3.36\spring-expression-5.3.36.jar
Launcher Type: SUN_STANDARD

[Global flags]
     intx CICompilerCount                          = 3                                         {product} {ergonomic}
     uint ConcGCThreads                            = 1                                         {product} {ergonomic}
     uint G1ConcRefinementThreads                  = 4                                         {product} {ergonomic}
   size_t G1HeapRegionSize                         = 1048576                                   {product} {ergonomic}
   size_t InitialHeapSize                          = 67108864                                  {product} {ergonomic}
   size_t MarkStackSize                            = 4194304                                   {product} {ergonomic}
   size_t MaxHeapSize                              = 1044381696                                {product} {ergonomic}
   size_t MaxNewSize                               = 625999872                                 {product} {ergonomic}
   size_t MinHeapDeltaBytes                        = 1048576                                   {product} {ergonomic}
   size_t MinHeapSize                              = 8388608                                   {product} {ergonomic}
    uintx NonNMethodCodeHeapSize                   = 5832780                                {pd product} {ergonomic}
    uintx NonProfiledCodeHeapSize                  = 122912730                              {pd product} {ergonomic}
    uintx ProfiledCodeHeapSize                     = 122912730                              {pd product} {ergonomic}
    uintx ReservedCodeCacheSize                    = 251658240                              {pd product} {ergonomic}
     bool SegmentedCodeCache                       = true                                      {product} {ergonomic}
     bool ShowCodeDetailsInExceptionMessages       = true                                   {manageable} {command line}
   size_t SoftMaxHeapSize                          = 1044381696                             {manageable} {ergonomic}
     bool UseCompressedOops                        = true                           {product lp64_product} {ergonomic}
     bool UseG1GC                                  = true                                      {product} {ergonomic}
     bool UseLargePagesIndividualAllocation        = false                                  {pd product} {ergonomic}

Logging:
Log output configuration:
 #0: stdout all=warning uptime,level,tags foldmultilines=false
 #1: stderr all=off uptime,level,tags foldmultilines=false

Environment Variables:
PATH=C:\Program Files\Common Files\Oracle\Java\javapath;C:\Python312\Scripts\;C:\Python312\;C:\Program Files\Python311\Scripts\;C:\Program Files\Python311\;C:\Windows\system32;C:\Windows;C:\Windows\System32\Wbem;C:\Windows\System32\WindowsPowerShell\v1.0\;C:\Windows\System32\OpenSSH\;C:\Program Files\Microsoft SQL Server\130\Tools\Binn\;C:\Program Files\Microsoft SQL Server\Client SDK\ODBC\170\Tools\Binn\;C:\Program Files\Azure Data Studio\bin;C:\Program Files (x86)\Microsoft SQL Server\150\Tools\Binn\;C:\Program Files\Microsoft SQL Server\150\Tools\Binn\;C:\Program Files\Microsoft SQL Server\150\DTS\Binn\;C:\Program Files (x86)\Microsoft SQL Server\150\DTS\Binn\;C:\ProgramData\chocolatey\bin;C:\Program Files\nodejs\;C:\Program Files\MySQL\MySQL Server 8.0\bin;C:\Program Files\Git\cmd;C:\Program Files\TortoiseGit\bin;C:\Program Files\MySQL\MySQL Shell 8.0\bin\;C:\Users\Admin\AppData\Local\Microsoft\WindowsApps;C:\Program Files\Azure Data Studio\bin;C:\Users\Admin\AppData\Local\Programs\Microsoft VS Code\bin;C:\Users\Admin\AppData\Roaming\npm
USERNAME=Admin
OS=Windows_NT
PROCESSOR_IDENTIFIER=Intel64 Family 6 Model 58 Stepping 9, GenuineIntel
TMP=C:\Users\Admin\AppData\Local\Temp
TEMP=C:\Users\Admin\AppData\Local\Temp




Periodic native trim disabled

---------------  S Y S T E M  ---------------

OS:
 Windows 10 , 64 bit Build 19041 (10.0.19041.5794)
OS uptime: 0 days 6:32 hours
Hyper-V role detected

CPU: total 4 (initial active 4) (2 cores per cpu, 2 threads per core) family 6 model 58 stepping 9 microcode 0x21, cx8, cmov, fxsr, ht, mmx, sse, sse2, sse3, ssse3, sse4.1, sse4.2, popcnt, tsc, tscinvbit, avx, erms, clmul, vzeroupper, clflush, hv, rdtscp, f16c
Processor Information for all 4 processors :
  Max Mhz: 1701, Current Mhz: 1701, Mhz Limit: 1701

Memory: 4k page, system-wide physical 3981M (142M free)
TotalPageFile size 16220M (AvailPageFile size 123M)
current process WorkingSet (physical memory assigned to process): 60M, peak: 60M
current process commit charge ("private bytes"): 144M, peak: 144M

vm_info: Java HotSpot(TM) 64-Bit Server VM (22.0.1+8-16) for windows-amd64 JRE (22.0.1+8-16), built on 2024-03-12T10:33:16Z by "mach5one" with MS VC++ 17.6 (VS2022)

END.
