#
# There is insufficient memory for the Java Runtime Environment to continue.
# Native memory allocation (malloc) failed to allocate 98928 bytes. Error detail: Chunk::new
# Possible reasons:
#   The system is out of physical RAM or swap space
#   This process is running with CompressedOops enabled, and the Java Heap may be blocking the growth of the native heap
# Possible solutions:
#   Reduce memory load on the system
#   Increase physical memory or swap space
#   Check if swap backing store is full
#   Decrease Java heap size (-Xmx/-Xms)
#   Decrease number of Java threads
#   Decrease Java thread stack sizes (-Xss)
#   Set larger code cache with -XX:ReservedCodeCacheSize=
#   JVM is running with Unscaled Compressed Oops mode in which the Java heap is
#     placed in the first 4GB address space. The Java Heap base address is the
#     maximum limit for the native heap growth. Please use -XX:HeapBaseMinAddress
#     to set the Java Heap base and to place the Java Heap above 4GB virtual address.
# This output file may be truncated or incomplete.
#
#  Out of Memory Error (arena.cpp:150), pid=7964, tid=3436
#
# JRE version: Java(TM) SE Runtime Environment (22.0.1+8) (build 22.0.1+8-16)
# Java VM: Java HotSpot(TM) 64-Bit Server VM (22.0.1+8-16, mixed mode, sharing, tiered, compressed oops, compressed class ptrs, g1 gc, windows-amd64)
# No core dump will be written. Minidumps are not enabled by default on client versions of Windows
#

---------------  S U M M A R Y ------------

Command Line: -XX:+ShowCodeDetailsInExceptionMessages -agentlib:jdwp=transport=dt_socket,suspend=y,address=localhost:57407 -javaagent:C:\Users\Admin\eclipse\jee-2024-06\eclipse\configuration\org.eclipse.osgi\448\0\.cp\lib\javaagent-shaded.jar -Dfile.encoding=UTF-8 -Dstdout.encoding=UTF-8 -Dstderr.encoding=UTF-8 com.task.Main3

Host: Intel(R) Core(TM) i3-3217U CPU @ 1.80GHz, 4 cores, 3G,  Windows 10 , 64 bit Build 19041 (10.0.19041.5794)
Time: Thu May 15 17:23:57 2025 India Standard Time elapsed time: 68.287915 seconds (0d 0h 1m 8s)

---------------  T H R E A D  ---------------

Current thread (0x00000242aad6a890):  JavaThread "C2 CompilerThread0" daemon [_thread_in_native, id=3436, stack(0x000000b3b8d00000,0x000000b3b8e00000) (1024K)]


Current CompileTask:
C2:68288  694       4       java.lang.String::substring (58 bytes)

Stack: [0x000000b3b8d00000,0x000000b3b8e00000]
Native frames: (J=compiled Java code, j=interpreted, Vv=VM code, C=native code)
V  [jvm.dll+0x6e2279]  (no source info available)
V  [jvm.dll+0x874e33]  (no source info available)
V  [jvm.dll+0x87725e]  (no source info available)
V  [jvm.dll+0x877933]  (no source info available)
V  [jvm.dll+0x27fd76]  (no source info available)
V  [jvm.dll+0xc3d0f]  (no source info available)
V  [jvm.dll+0xc3f6b]  (no source info available)
V  [jvm.dll+0x3bb10c]  (no source info available)
V  [jvm.dll+0x387b6b]  (no source info available)
V  [jvm.dll+0x386fda]  (no source info available)
V  [jvm.dll+0x247918]  (no source info available)
V  [jvm.dll+0x246fbf]  (no source info available)
V  [jvm.dll+0x1c4e90]  (no source info available)
V  [jvm.dll+0x2569fe]  (no source info available)
V  [jvm.dll+0x254cba]  (no source info available)
V  [jvm.dll+0x3f5336]  (no source info available)
V  [jvm.dll+0x81d44b]  (no source info available)
V  [jvm.dll+0x6e0915]  (no source info available)
C  [ucrtbase.dll+0x21bb2]  (no source info available)
C  [KERNEL32.DLL+0x17374]  (no source info available)
C  [ntdll.dll+0x4cc91]  (no source info available)


---------------  P R O C E S S  ---------------

Threads class SMR info:
_java_thread_list=0x00000242f027eb20, length=14, elements={
0x000002428e2df7a0, 0x00000242aad615a0, 0x00000242aad62e10, 0x00000242aad65bd0,
0x00000242aad68640, 0x00000242aad690a0, 0x00000242aad69b00, 0x00000242aad6a890,
0x00000242aadd9220, 0x00000242f005df60, 0x00000242f018e010, 0x00000242f0193c40,
0x00000242f0194af0, 0x00000242f03d4a10
}

Java Threads: ( => current thread )
  0x000002428e2df7a0 JavaThread "main"                              [_thread_in_Java, id=13168, stack(0x000000b3b7f00000,0x000000b3b8000000) (1024K)]
  0x00000242aad615a0 JavaThread "Reference Handler"          daemon [_thread_blocked, id=11440, stack(0x000000b3b8700000,0x000000b3b8800000) (1024K)]
  0x00000242aad62e10 JavaThread "Finalizer"                  daemon [_thread_blocked, id=3396, stack(0x000000b3b8800000,0x000000b3b8900000) (1024K)]
  0x00000242aad65bd0 JavaThread "Signal Dispatcher"          daemon [_thread_blocked, id=5908, stack(0x000000b3b8900000,0x000000b3b8a00000) (1024K)]
  0x00000242aad68640 JavaThread "Attach Listener"            daemon [_thread_blocked, id=4952, stack(0x000000b3b8a00000,0x000000b3b8b00000) (1024K)]
  0x00000242aad690a0 JavaThread "Service Thread"             daemon [_thread_blocked, id=13212, stack(0x000000b3b8b00000,0x000000b3b8c00000) (1024K)]
  0x00000242aad69b00 JavaThread "Monitor Deflation Thread"   daemon [_thread_blocked, id=8616, stack(0x000000b3b8c00000,0x000000b3b8d00000) (1024K)]
=>0x00000242aad6a890 JavaThread "C2 CompilerThread0"         daemon [_thread_in_native, id=3436, stack(0x000000b3b8d00000,0x000000b3b8e00000) (1024K)]
  0x00000242aadd9220 JavaThread "C1 CompilerThread0"         daemon [_thread_blocked, id=7112, stack(0x000000b3b8e00000,0x000000b3b8f00000) (1024K)]
  0x00000242f005df60 JavaThread "Common-Cleaner"             daemon [_thread_blocked, id=12500, stack(0x000000b3b8f00000,0x000000b3b9000000) (1024K)]
  0x00000242f018e010 JavaThread "JDWP Transport Listener: dt_socket" daemon [_thread_blocked, id=4476, stack(0x000000b3b9000000,0x000000b3b9100000) (1024K)]
  0x00000242f0193c40 JavaThread "JDWP Event Helper Thread"   daemon [_thread_blocked, id=9200, stack(0x000000b3b9100000,0x000000b3b9200000) (1024K)]
  0x00000242f0194af0 JavaThread "JDWP Command Reader"        daemon [_thread_in_native, id=9164, stack(0x000000b3b9200000,0x000000b3b9300000) (1024K)]
  0x00000242f03d4a10 JavaThread "Notification Thread"        daemon [_thread_blocked, id=2280, stack(0x000000b3b9500000,0x000000b3b9600000) (1024K)]
Total: 14

Other Threads:
  0x000002428e3a1320 VMThread "VM Thread"                           [id=3916, stack(0x000000b3b8600000,0x000000b3b8700000) (1024K)] _threads_hazard_ptr=0x00000242f027eb20
  0x000002428e38dba0 WatcherThread "VM Periodic Task Thread"        [id=4108, stack(0x000000b3b8500000,0x000000b3b8600000) (1024K)]
  0x000002428e317a80 WorkerThread "GC Thread#0"                     [id=2044, stack(0x000000b3b8000000,0x000000b3b8100000) (1024K)]
  0x00000242f08acab0 WorkerThread "GC Thread#1"                     [id=7148, stack(0x000000b3b7d00000,0x000000b3b7e00000) (1024K)]
  0x00000242f07fb6d0 WorkerThread "GC Thread#2"                     [id=720, stack(0x000000b3b7e00000,0x000000b3b7f00000) (1024K)]
  0x00000242f07fba80 WorkerThread "GC Thread#3"                     [id=5920, stack(0x000000b3b9600000,0x000000b3b9700000) (1024K)]
  0x000002428e321610 ConcurrentGCThread "G1 Main Marker"            [id=6052, stack(0x000000b3b8100000,0x000000b3b8200000) (1024K)]
  0x000002428e322030 WorkerThread "G1 Conc#0"                       [id=8128, stack(0x000000b3b8200000,0x000000b3b8300000) (1024K)]
  0x000002428e37ba20 ConcurrentGCThread "G1 Refine#0"               [id=11872, stack(0x000000b3b8300000,0x000000b3b8400000) (1024K)]
  0x000002428e37c4b0 ConcurrentGCThread "G1 Service"                [id=10476, stack(0x000000b3b8400000,0x000000b3b8500000) (1024K)]
Total: 10

Threads with active compile tasks:
C2 CompilerThread0  74828  694       4       java.lang.String::substring (58 bytes)
Total: 1

VM state: synchronizing (normal execution)

VM Mutex/Monitor currently owned by a thread:  ([mutex/lock_event])
[0x00007fff4060bbb8] Threads_lock - owner thread: 0x000002428e3a1320

Heap address: 0x00000000c1c00000, size: 996 MB, Compressed Oops mode: 32-bit

CDS archive(s) mapped at: [0x00000242ab000000-0x00000242abc60000-0x00000242abc60000), size 12976128, SharedBaseAddress: 0x00000242ab000000, ArchiveRelocationMode: 1.
Compressed class space mapped at: 0x00000242ac000000-0x00000242ec000000, reserved size: 1073741824
Narrow klass base: 0x00000242ab000000, Narrow klass shift: 0, Narrow klass range: 0x41000000

GC Precious Log:
 CardTable entry size: 512
 Card Set container configuration: InlinePtr #cards 5 size 8 Array Of Cards #cards 12 size 40 Howl #buckets 4 coarsen threshold 1843 Howl Bitmap #cards 512 size 80 coarsen threshold 460 Card regions per heap region 1 cards per card region 2048
 CPUs: 4 total, 4 available
 Memory: 3981M
 Large Page Support: Disabled
 NUMA Support: Disabled
 Compressed Oops: Enabled (32-bit)
 Heap Region Size: 1M
 Heap Min Capacity: 8M
 Heap Initial Capacity: 64M
 Heap Max Capacity: 996M
 Pre-touch: Disabled
 Parallel Workers: 4
 Concurrent Workers: 1
 Concurrent Refinement Workers: 4
 Periodic GC: Disabled

Heap:
 garbage-first heap   total reserved 1019904K, committed 65536K, used 10240K [0x00000000c1c00000, 0x0000000100000000)
  region size 1024K, 11 young (11264K), 2 survivors (2048K)
 Metaspace       used 5137K, committed 5248K, reserved 1114112K
  class space    used 516K, committed 576K, reserved 1048576K

Heap Regions: E=young(eden), S=young(survivor), O=old, HS=humongous(starts), HC=humongous(continues), CS=collection set, F=free, TAMS=top-at-mark-start, PB=parsable bottom
|   0|0x00000000c1c00000, 0x00000000c1c00000, 0x00000000c1d00000|  0%| F|  |TAMS 0x00000000c1c00000| PB 0x00000000c1c00000| Untracked |  0
|   1|0x00000000c1d00000, 0x00000000c1d00000, 0x00000000c1e00000|  0%| F|  |TAMS 0x00000000c1d00000| PB 0x00000000c1d00000| Untracked |  0
|   2|0x00000000c1e00000, 0x00000000c1e00000, 0x00000000c1f00000|  0%| F|  |TAMS 0x00000000c1e00000| PB 0x00000000c1e00000| Untracked |  0
|   3|0x00000000c1f00000, 0x00000000c1f00000, 0x00000000c2000000|  0%| F|  |TAMS 0x00000000c1f00000| PB 0x00000000c1f00000| Untracked |  0
|   4|0x00000000c2000000, 0x00000000c2000000, 0x00000000c2100000|  0%| F|  |TAMS 0x00000000c2000000| PB 0x00000000c2000000| Untracked |  0
|   5|0x00000000c2100000, 0x00000000c2100000, 0x00000000c2200000|  0%| F|  |TAMS 0x00000000c2100000| PB 0x00000000c2100000| Untracked |  0
|   6|0x00000000c2200000, 0x00000000c2200000, 0x00000000c2300000|  0%| F|  |TAMS 0x00000000c2200000| PB 0x00000000c2200000| Untracked |  0
|   7|0x00000000c2300000, 0x00000000c2300000, 0x00000000c2400000|  0%| F|  |TAMS 0x00000000c2300000| PB 0x00000000c2300000| Untracked |  0
|   8|0x00000000c2400000, 0x00000000c2400000, 0x00000000c2500000|  0%| F|  |TAMS 0x00000000c2400000| PB 0x00000000c2400000| Untracked |  0
|   9|0x00000000c2500000, 0x00000000c2500000, 0x00000000c2600000|  0%| F|  |TAMS 0x00000000c2500000| PB 0x00000000c2500000| Untracked |  0
|  10|0x00000000c2600000, 0x00000000c2600000, 0x00000000c2700000|  0%| F|  |TAMS 0x00000000c2600000| PB 0x00000000c2600000| Untracked |  0
|  11|0x00000000c2700000, 0x00000000c2700000, 0x00000000c2800000|  0%| F|  |TAMS 0x00000000c2700000| PB 0x00000000c2700000| Untracked |  0
|  12|0x00000000c2800000, 0x00000000c2800000, 0x00000000c2900000|  0%| F|  |TAMS 0x00000000c2800000| PB 0x00000000c2800000| Untracked |  0
|  13|0x00000000c2900000, 0x00000000c2900000, 0x00000000c2a00000|  0%| F|  |TAMS 0x00000000c2900000| PB 0x00000000c2900000| Untracked |  0
|  14|0x00000000c2a00000, 0x00000000c2a00000, 0x00000000c2b00000|  0%| F|  |TAMS 0x00000000c2a00000| PB 0x00000000c2a00000| Untracked |  0
|  15|0x00000000c2b00000, 0x00000000c2b00000, 0x00000000c2c00000|  0%| F|  |TAMS 0x00000000c2b00000| PB 0x00000000c2b00000| Untracked |  0
|  16|0x00000000c2c00000, 0x00000000c2c00000, 0x00000000c2d00000|  0%| F|  |TAMS 0x00000000c2c00000| PB 0x00000000c2c00000| Untracked |  0
|  17|0x00000000c2d00000, 0x00000000c2d00000, 0x00000000c2e00000|  0%| F|  |TAMS 0x00000000c2d00000| PB 0x00000000c2d00000| Untracked |  0
|  18|0x00000000c2e00000, 0x00000000c2e00000, 0x00000000c2f00000|  0%| F|  |TAMS 0x00000000c2e00000| PB 0x00000000c2e00000| Untracked |  0
|  19|0x00000000c2f00000, 0x00000000c2f00000, 0x00000000c3000000|  0%| F|  |TAMS 0x00000000c2f00000| PB 0x00000000c2f00000| Untracked |  0
|  20|0x00000000c3000000, 0x00000000c3000000, 0x00000000c3100000|  0%| F|  |TAMS 0x00000000c3000000| PB 0x00000000c3000000| Untracked |  0
|  21|0x00000000c3100000, 0x00000000c3100000, 0x00000000c3200000|  0%| F|  |TAMS 0x00000000c3100000| PB 0x00000000c3100000| Untracked |  0
|  22|0x00000000c3200000, 0x00000000c3200000, 0x00000000c3300000|  0%| F|  |TAMS 0x00000000c3200000| PB 0x00000000c3200000| Untracked |  0
|  23|0x00000000c3300000, 0x00000000c3300000, 0x00000000c3400000|  0%| F|  |TAMS 0x00000000c3300000| PB 0x00000000c3300000| Untracked |  0
|  24|0x00000000c3400000, 0x00000000c3400000, 0x00000000c3500000|  0%| F|  |TAMS 0x00000000c3400000| PB 0x00000000c3400000| Untracked |  0
|  25|0x00000000c3500000, 0x00000000c3500000, 0x00000000c3600000|  0%| F|  |TAMS 0x00000000c3500000| PB 0x00000000c3500000| Untracked |  0
|  26|0x00000000c3600000, 0x00000000c3600000, 0x00000000c3700000|  0%| F|  |TAMS 0x00000000c3600000| PB 0x00000000c3600000| Untracked |  0
|  27|0x00000000c3700000, 0x00000000c3700000, 0x00000000c3800000|  0%| F|  |TAMS 0x00000000c3700000| PB 0x00000000c3700000| Untracked |  0
|  28|0x00000000c3800000, 0x00000000c3800000, 0x00000000c3900000|  0%| F|  |TAMS 0x00000000c3800000| PB 0x00000000c3800000| Untracked |  0
|  29|0x00000000c3900000, 0x00000000c3900000, 0x00000000c3a00000|  0%| F|  |TAMS 0x00000000c3900000| PB 0x00000000c3900000| Untracked |  0
|  30|0x00000000c3a00000, 0x00000000c3a00000, 0x00000000c3b00000|  0%| F|  |TAMS 0x00000000c3a00000| PB 0x00000000c3a00000| Untracked |  0
|  31|0x00000000c3b00000, 0x00000000c3b00000, 0x00000000c3c00000|  0%| F|  |TAMS 0x00000000c3b00000| PB 0x00000000c3b00000| Untracked |  0
|  32|0x00000000c3c00000, 0x00000000c3c00000, 0x00000000c3d00000|  0%| F|  |TAMS 0x00000000c3c00000| PB 0x00000000c3c00000| Untracked |  0
|  33|0x00000000c3d00000, 0x00000000c3d00000, 0x00000000c3e00000|  0%| F|  |TAMS 0x00000000c3d00000| PB 0x00000000c3d00000| Untracked |  0
|  34|0x00000000c3e00000, 0x00000000c3e00000, 0x00000000c3f00000|  0%| F|  |TAMS 0x00000000c3e00000| PB 0x00000000c3e00000| Untracked |  0
|  35|0x00000000c3f00000, 0x00000000c3f00000, 0x00000000c4000000|  0%| F|  |TAMS 0x00000000c3f00000| PB 0x00000000c3f00000| Untracked |  0
|  36|0x00000000c4000000, 0x00000000c4000000, 0x00000000c4100000|  0%| F|  |TAMS 0x00000000c4000000| PB 0x00000000c4000000| Untracked |  0
|  37|0x00000000c4100000, 0x00000000c4100000, 0x00000000c4200000|  0%| F|  |TAMS 0x00000000c4100000| PB 0x00000000c4100000| Untracked |  0
|  38|0x00000000c4200000, 0x00000000c4200000, 0x00000000c4300000|  0%| F|  |TAMS 0x00000000c4200000| PB 0x00000000c4200000| Untracked |  0
|  39|0x00000000c4300000, 0x00000000c4300000, 0x00000000c4400000|  0%| F|  |TAMS 0x00000000c4300000| PB 0x00000000c4300000| Untracked |  0
|  40|0x00000000c4400000, 0x00000000c4400000, 0x00000000c4500000|  0%| F|  |TAMS 0x00000000c4400000| PB 0x00000000c4400000| Untracked |  0
|  41|0x00000000c4500000, 0x00000000c4500000, 0x00000000c4600000|  0%| F|  |TAMS 0x00000000c4500000| PB 0x00000000c4500000| Untracked |  0
|  42|0x00000000c4600000, 0x00000000c4600000, 0x00000000c4700000|  0%| F|  |TAMS 0x00000000c4600000| PB 0x00000000c4600000| Untracked |  0
|  43|0x00000000c4700000, 0x00000000c4700000, 0x00000000c4800000|  0%| F|  |TAMS 0x00000000c4700000| PB 0x00000000c4700000| Untracked |  0
|  44|0x00000000c4800000, 0x00000000c4800000, 0x00000000c4900000|  0%| F|  |TAMS 0x00000000c4800000| PB 0x00000000c4800000| Untracked |  0
|  45|0x00000000c4900000, 0x00000000c4900000, 0x00000000c4a00000|  0%| F|  |TAMS 0x00000000c4900000| PB 0x00000000c4900000| Untracked |  0
|  46|0x00000000c4a00000, 0x00000000c4a00000, 0x00000000c4b00000|  0%| F|  |TAMS 0x00000000c4a00000| PB 0x00000000c4a00000| Untracked |  0
|  47|0x00000000c4b00000, 0x00000000c4b00000, 0x00000000c4c00000|  0%| F|  |TAMS 0x00000000c4b00000| PB 0x00000000c4b00000| Untracked |  0
|  48|0x00000000c4c00000, 0x00000000c4d00000, 0x00000000c4d00000|100%| S|CS|TAMS 0x00000000c4c00000| PB 0x00000000c4c00000| Complete |  0
|  49|0x00000000c4d00000, 0x00000000c4e00000, 0x00000000c4e00000|100%| S|CS|TAMS 0x00000000c4d00000| PB 0x00000000c4d00000| Complete |  0
|  50|0x00000000c4e00000, 0x00000000c4e00000, 0x00000000c4f00000|  0%| F|  |TAMS 0x00000000c4e00000| PB 0x00000000c4e00000| Untracked |  0
|  51|0x00000000c4f00000, 0x00000000c4f00000, 0x00000000c5000000|  0%| F|  |TAMS 0x00000000c4f00000| PB 0x00000000c4f00000| Untracked |  0
|  52|0x00000000c5000000, 0x00000000c5000000, 0x00000000c5100000|  0%| F|  |TAMS 0x00000000c5000000| PB 0x00000000c5000000| Untracked |  0
|  53|0x00000000c5100000, 0x00000000c5100000, 0x00000000c5200000|  0%| F|  |TAMS 0x00000000c5100000| PB 0x00000000c5100000| Untracked |  0
|  54|0x00000000c5200000, 0x00000000c5200000, 0x00000000c5300000|  0%| F|  |TAMS 0x00000000c5200000| PB 0x00000000c5200000| Untracked |  0
|  55|0x00000000c5300000, 0x00000000c53f2e30, 0x00000000c5400000| 94%| E|  |TAMS 0x00000000c5300000| PB 0x00000000c5300000| Complete |  0
|  56|0x00000000c5400000, 0x00000000c5500000, 0x00000000c5500000|100%| E|CS|TAMS 0x00000000c5400000| PB 0x00000000c5400000| Complete |  0
|  57|0x00000000c5500000, 0x00000000c5600000, 0x00000000c5600000|100%| E|CS|TAMS 0x00000000c5500000| PB 0x00000000c5500000| Complete |  0
|  58|0x00000000c5600000, 0x00000000c5700000, 0x00000000c5700000|100%| E|CS|TAMS 0x00000000c5600000| PB 0x00000000c5600000| Complete |  0
|  59|0x00000000c5700000, 0x00000000c5800000, 0x00000000c5800000|100%| E|CS|TAMS 0x00000000c5700000| PB 0x00000000c5700000| Complete |  0
|  60|0x00000000c5800000, 0x00000000c5900000, 0x00000000c5900000|100%| E|CS|TAMS 0x00000000c5800000| PB 0x00000000c5800000| Complete |  0
|  61|0x00000000c5900000, 0x00000000c5a00000, 0x00000000c5a00000|100%| E|CS|TAMS 0x00000000c5900000| PB 0x00000000c5900000| Complete |  0
|  62|0x00000000c5a00000, 0x00000000c5b00000, 0x00000000c5b00000|100%| E|CS|TAMS 0x00000000c5a00000| PB 0x00000000c5a00000| Complete |  0
|  63|0x00000000c5b00000, 0x00000000c5c00000, 0x00000000c5c00000|100%| E|CS|TAMS 0x00000000c5b00000| PB 0x00000000c5b00000| Complete |  0

Card table byte_map: [0x00000242a7630000,0x00000242a7830000] _byte_map_base: 0x00000242a7022000

Marking Bits: (CMBitMap*) 0x000002428e3190b0
 Bits: [0x00000242a7830000, 0x00000242a87c0000)

Polling page: 0x0000024297de0000

Metaspace:

Usage:
  Non-class:      4.51 MB used.
      Class:    516.88 KB used.
       Both:      5.02 MB used.

Virtual space:
  Non-class space:       64.00 MB reserved,       4.56 MB (  7%) committed,  1 nodes.
      Class space:        1.00 GB reserved,     576.00 KB ( <1%) committed,  1 nodes.
             Both:        1.06 GB reserved,       5.12 MB ( <1%) committed. 

Chunk freelists:
   Non-Class:  10.20 MB
       Class:  15.44 MB
        Both:  25.64 MB

MaxMetaspaceSize: unlimited
CompressedClassSpaceSize: 1.00 GB
Initial GC threshold: 21.00 MB
Current GC threshold: 21.00 MB
CDS: on
 - commit_granule_bytes: 65536.
 - commit_granule_words: 8192.
 - virtual_space_node_default_size: 8388608.
 - enlarge_chunks_in_place: 1.
 - use_allocation_guard: 0.


Internal statistics:

num_allocs_failed_limit: 0.
num_arena_births: 46.
num_arena_deaths: 0.
num_vsnodes_births: 2.
num_vsnodes_deaths: 0.
num_space_committed: 82.
num_space_uncommitted: 0.
num_chunks_returned_to_freelist: 0.
num_chunks_taken_from_freelist: 137.
num_chunk_merges: 0.
num_chunk_splits: 97.
num_chunks_enlarged: 80.
num_inconsistent_stats: 0.

CodeHeap 'non-profiled nmethods': size=120000Kb used=271Kb max_used=271Kb free=119728Kb
 bounds [0x000002429f8d0000, 0x000002429fb40000, 0x00000242a6e00000]
CodeHeap 'profiled nmethods': size=120000Kb used=2003Kb max_used=2003Kb free=117996Kb
 bounds [0x0000024297e00000, 0x0000024298070000, 0x000002429f330000]
CodeHeap 'non-nmethods': size=5760Kb used=1414Kb max_used=1426Kb free=4345Kb
 bounds [0x000002429f330000, 0x000002429f5a0000, 0x000002429f8d0000]
 total_blobs=1449 nmethods=995 adapters=359
 compilation: enabled
              stopped_count=0, restarted_count=0
 full_count=0

Compilation events (20 events):
Event: 54.542 Thread 0x00000242aadd9220 nmethod 684 0x0000024297f10590 code [0x0000024297f107a0, 0x0000024297f10b80]
Event: 54.542 Thread 0x00000242aadd9220  685   !   3       java.util.zip.ZipFile$ZipFileInputStream::close (59 bytes)
Event: 54.543 Thread 0x00000242aadd9220 nmethod 685 0x0000024297f10e90 code [0x0000024297f11060, 0x0000024297f11410]
Event: 54.543 Thread 0x00000242aadd9220  686       3       java.util.Collections$SetFromMap::remove (19 bytes)
Event: 54.543 Thread 0x00000242aadd9220 nmethod 686 0x0000024297f11610 code [0x0000024297f117c0, 0x0000024297f11a00]
Event: 54.554 Thread 0x00000242aadd9220  688       3       java.lang.String::getChars (55 bytes)
Event: 54.577 Thread 0x00000242aadd9220 nmethod 688 0x0000024297f11b10 code [0x0000024297f11d60, 0x0000024297f124c8]
Event: 54.577 Thread 0x00000242aadd9220  689       3       java.lang.StringLatin1::getChars (12 bytes)
Event: 54.577 Thread 0x00000242aadd9220 nmethod 689 0x0000024297f12810 code [0x0000024297f129c0, 0x0000024297f12b08]
Event: 54.577 Thread 0x00000242aadd9220  690       3       java.net.URL::isBuiltinStreamHandler (32 bytes)
Event: 54.579 Thread 0x00000242aadd9220 nmethod 690 0x0000024297f12c10 code [0x0000024297f12e40, 0x0000024297f136a8]
Event: 54.827 Thread 0x00000242aad6a890  691       4       org.eclipse.jdt.launching.internal.org.objectweb.asm.SymbolTable::addConstantUtf8 (20 bytes)
Event: 54.837 Thread 0x00000242aadd9220  693       3       sun.invoke.util.VerifyAccess::isSamePackage (37 bytes)
Event: 54.878 Thread 0x00000242aadd9220 nmethod 693 0x0000024297f13a10 code [0x0000024297f13c20, 0x0000024297f141b0]
Event: 54.881 Thread 0x00000242aad6a890 nmethod 691 0x000002429f90a410 code [0x000002429f90a5c0, 0x000002429f90ac50]
Event: 54.888 Thread 0x00000242aad6a890  694       4       java.lang.String::substring (58 bytes)
Event: 54.893 Thread 0x00000242aadd9220  695       3       org.eclipse.jdt.launching.internal.org.objectweb.asm.ClassReader::getFirstAttributeOffset (136 bytes)
Event: 54.894 Thread 0x00000242aadd9220 nmethod 695 0x0000024297f14390 code [0x0000024297f145e0, 0x0000024297f14c70]
Event: 54.896 Thread 0x00000242aadd9220  696       3       org.eclipse.jdt.launching.internal.org.objectweb.asm.ClassReader::createDebugLabel (23 bytes)
Event: 54.897 Thread 0x00000242aadd9220 nmethod 696 0x0000024297f14f10 code [0x0000024297f150e0, 0x0000024297f15588]

GC Heap History (0 events):
No events

Dll operation events (9 events):
Event: 0.044 Loaded shared library C:\Program Files\Java\jdk-22\bin\java.dll
Event: 0.590 Loaded shared library C:\Program Files\Java\jdk-22\bin\jsvml.dll
Event: 16.535 Loaded shared library C:\Program Files\Java\jdk-22\bin\zip.dll
Event: 21.847 Loaded shared library C:\Program Files\Java\jdk-22\bin\instrument.dll
Event: 21.874 Loaded shared library C:\Program Files\Java\jdk-22\bin\net.dll
Event: 21.879 Loaded shared library C:\Program Files\Java\jdk-22\bin\nio.dll
Event: 21.933 Loaded shared library C:\Program Files\Java\jdk-22\bin\zip.dll
Event: 30.820 Loaded shared library C:\Program Files\Java\jdk-22\bin\jimage.dll
Event: 34.358 Loaded shared library C:\Program Files\Java\jdk-22\bin\verify.dll

Deoptimization events (20 events):
Event: 34.354 Thread 0x000002428e2df7a0 DEOPT PACKING pc=0x0000024297e9abef sp=0x000000b3b7ffbf30
Event: 34.354 Thread 0x000002428e2df7a0 DEOPT UNPACKING pc=0x000002429f384e42 sp=0x000000b3b7ffb3b8 mode 0
Event: 34.827 Thread 0x000002428e2df7a0 DEOPT PACKING pc=0x0000024297e9abef sp=0x000000b3b7ff84e0
Event: 34.827 Thread 0x000002428e2df7a0 DEOPT UNPACKING pc=0x000002429f384e42 sp=0x000000b3b7ff7968 mode 0
Event: 34.830 Thread 0x000002428e2df7a0 DEOPT PACKING pc=0x0000024297e9abef sp=0x000000b3b7ff84e0
Event: 34.830 Thread 0x000002428e2df7a0 DEOPT UNPACKING pc=0x000002429f384e42 sp=0x000000b3b7ff7968 mode 0
Event: 34.871 Thread 0x000002428e2df7a0 DEOPT PACKING pc=0x0000024297e9ad8d sp=0x000000b3b7ff84e0
Event: 34.891 Thread 0x000002428e2df7a0 DEOPT UNPACKING pc=0x000002429f384e42 sp=0x000000b3b7ff7968 mode 0
Event: 34.894 Thread 0x000002428e2df7a0 DEOPT PACKING pc=0x0000024297e9ad8d sp=0x000000b3b7ff84e0
Event: 34.894 Thread 0x000002428e2df7a0 DEOPT UNPACKING pc=0x000002429f384e42 sp=0x000000b3b7ff7968 mode 0
Event: 34.898 Thread 0x000002428e2df7a0 DEOPT PACKING pc=0x0000024297e9ad8d sp=0x000000b3b7ff84e0
Event: 34.898 Thread 0x000002428e2df7a0 DEOPT UNPACKING pc=0x000002429f384e42 sp=0x000000b3b7ff7968 mode 0
Event: 34.898 Thread 0x000002428e2df7a0 DEOPT PACKING pc=0x0000024297e9ad8d sp=0x000000b3b7ff84e0
Event: 34.898 Thread 0x000002428e2df7a0 DEOPT UNPACKING pc=0x000002429f384e42 sp=0x000000b3b7ff7968 mode 0
Event: 36.189 Thread 0x000002428e2df7a0 DEOPT PACKING pc=0x0000024297e326f7 sp=0x000000b3b7ff84a0
Event: 36.189 Thread 0x000002428e2df7a0 DEOPT UNPACKING pc=0x000002429f384e42 sp=0x000000b3b7ff78c0 mode 0
Event: 39.319 Thread 0x000002428e2df7a0 DEOPT PACKING pc=0x0000024297e6eb29 sp=0x000000b3b7ffcf90
Event: 39.319 Thread 0x000002428e2df7a0 DEOPT UNPACKING pc=0x000002429f384e42 sp=0x000000b3b7ffc428 mode 0
Event: 40.348 Thread 0x000002428e2df7a0 DEOPT PACKING pc=0x0000024297e0e848 sp=0x000000b3b7ff9f90
Event: 40.348 Thread 0x000002428e2df7a0 DEOPT UNPACKING pc=0x000002429f384e42 sp=0x000000b3b7ff93f8 mode 0

Classes loaded (20 events):
Event: 53.448 Loading class java/util/zip/ZipException
Event: 53.448 Loading class java/util/zip/ZipException done
Event: 53.448 Loading class java/net/JarURLConnection
Event: 53.448 Loading class java/net/JarURLConnection done
Event: 54.477 Loading class java/net/URISyntaxException
Event: 54.478 Loading class java/net/URISyntaxException done
Event: 54.498 Loading class java/lang/IllegalAccessError
Event: 54.498 Loading class java/lang/IllegalAccessError done
Event: 54.498 Loading class java/lang/SecurityException
Event: 54.499 Loading class java/lang/SecurityException done
Event: 54.544 Loading class java/util/IdentityHashMap$EntrySet
Event: 54.544 Loading class java/util/IdentityHashMap$EntrySet done
Event: 54.544 Loading class java/util/IdentityHashMap$EntryIterator
Event: 54.546 Loading class java/util/IdentityHashMap$EntryIterator done
Event: 54.546 Loading class java/util/IdentityHashMap$EntryIterator$Entry
Event: 54.549 Loading class java/util/IdentityHashMap$EntryIterator$Entry done
Event: 54.549 Loading class java/util/IdentityHashMap$ValueIterator
Event: 54.551 Loading class java/util/IdentityHashMap$ValueIterator done
Event: 54.552 Loading class java/io/Externalizable
Event: 54.553 Loading class java/io/Externalizable done

Classes unloaded (0 events):
No events

Classes redefined (0 events):
No events

Internal exceptions (3 events):
Event: 27.319 Thread 0x000002428e2df7a0 Exception <a 'java/lang/NoSuchMethodError'{0x00000000c587ae80}: 'void java.lang.invoke.DirectMethodHandle$Holder.invokeVirtual(java.lang.Object, java.lang.Object)'> (0x00000000c587ae80) 
thrown [s\open\src\hotspot\share\interpreter\linkResolver.cpp, line 774]
Event: 33.093 Thread 0x000002428e2df7a0 Exception <a 'java/lang/NoSuchMethodError'{0x00000000c57d8ca0}: 'void java.lang.invoke.DirectMethodHandle$Holder.invokeStatic(java.lang.Object, java.lang.Object, java.lang.Object)'> (0x00000000c57d8ca0) 
thrown [s\open\src\hotspot\share\interpreter\linkResolver.cpp, line 774]
Event: 33.123 Thread 0x000002428e2df7a0 Exception <a 'java/lang/NoSuchMethodError'{0x00000000c57eba70}: 'java.lang.Object java.lang.invoke.Invokers$Holder.invokeExact_MT(java.lang.Object, java.lang.Object, java.lang.Object, java.lang.Object, java.lang.Object)'> (0x00000000c57eba70) 
thrown [s\open\src\hotspot\share\interpreter\linkResolver.cpp, line 774]

ZGC Phase Switch (0 events):
No events

VM Operations (20 events):
Event: 25.422 Executing VM operation: Cleanup done
Event: 26.432 Executing VM operation: Cleanup
Event: 26.907 Executing VM operation: Cleanup done
Event: 27.908 Executing VM operation: Cleanup
Event: 28.356 Executing VM operation: Cleanup done
Event: 29.360 Executing VM operation: Cleanup
Event: 29.548 Executing VM operation: Cleanup done
Event: 32.574 Executing VM operation: Cleanup
Event: 32.590 Executing VM operation: Cleanup done
Event: 34.603 Executing VM operation: Cleanup
Event: 34.603 Executing VM operation: Cleanup done
Event: 40.679 Executing VM operation: Cleanup
Event: 40.679 Executing VM operation: Cleanup done
Event: 40.696 Executing VM operation: HandshakeAllThreads (Deoptimize)
Event: 40.697 Executing VM operation: HandshakeAllThreads (Deoptimize) done
Event: 41.707 Executing VM operation: Cleanup
Event: 41.708 Executing VM operation: Cleanup done
Event: 53.826 Executing VM operation: Cleanup
Event: 54.469 Executing VM operation: Cleanup done
Event: 55.481 Executing VM operation: Cleanup

Events (14 events):
Event: 0.476 Thread 0x000002428e2df7a0 Thread added: 0x000002428e2df7a0
Event: 0.584 Thread 0x00000242aad615a0 Thread added: 0x00000242aad615a0
Event: 0.585 Thread 0x00000242aad62e10 Thread added: 0x00000242aad62e10
Event: 0.586 Thread 0x00000242aad65bd0 Thread added: 0x00000242aad65bd0
Event: 0.586 Thread 0x00000242aad68640 Thread added: 0x00000242aad68640
Event: 0.586 Thread 0x00000242aad690a0 Thread added: 0x00000242aad690a0
Event: 0.587 Thread 0x00000242aad69b00 Thread added: 0x00000242aad69b00
Event: 0.587 Thread 0x00000242aad6a890 Thread added: 0x00000242aad6a890
Event: 0.661 Thread 0x00000242aadd9220 Thread added: 0x00000242aadd9220
Event: 0.974 Thread 0x00000242f005df60 Thread added: 0x00000242f005df60
Event: 1.349 Thread 0x00000242f018e010 Thread added: 0x00000242f018e010
Event: 1.349 Thread 0x00000242f0193c40 Thread added: 0x00000242f0193c40
Event: 1.682 Thread 0x00000242f0194af0 Thread added: 0x00000242f0194af0
Event: 34.323 Thread 0x00000242f03d4a10 Thread added: 0x00000242f03d4a10


Dynamic libraries:
0x00007ff6935a0000 - 0x00007ff6935b0000 	C:\Program Files\Java\jdk-22\bin\javaw.exe
0x00007fff8ccd0000 - 0x00007fff8cec8000 	C:\Windows\SYSTEM32\ntdll.dll
0x00007fff8caa0000 - 0x00007fff8cb62000 	C:\Windows\System32\KERNEL32.DLL
0x00007fff8a440000 - 0x00007fff8a736000 	C:\Windows\System32\KERNELBASE.dll
0x00007fff8ab50000 - 0x00007fff8ac50000 	C:\Windows\System32\ucrtbase.dll
0x00007fff86120000 - 0x00007fff86137000 	C:\Program Files\Java\jdk-22\bin\jli.dll
0x00007fff8c9f0000 - 0x00007fff8ca9f000 	C:\Windows\System32\ADVAPI32.dll
0x00007fff8c4c0000 - 0x00007fff8c55e000 	C:\Windows\System32\msvcrt.dll
0x00007fff8c8e0000 - 0x00007fff8c97f000 	C:\Windows\System32\sechost.dll
0x00007fff8b040000 - 0x00007fff8b163000 	C:\Windows\System32\RPCRT4.dll
0x00007fff8a370000 - 0x00007fff8a397000 	C:\Windows\System32\bcrypt.dll
0x00007fff8bdb0000 - 0x00007fff8bf4d000 	C:\Windows\System32\USER32.dll
0x00007fff8ab20000 - 0x00007fff8ab42000 	C:\Windows\System32\win32u.dll
0x00007fff8c3c0000 - 0x00007fff8c3eb000 	C:\Windows\System32\GDI32.dll
0x00007fff8a980000 - 0x00007fff8aa9a000 	C:\Windows\System32\gdi32full.dll
0x00007fff8a3a0000 - 0x00007fff8a43d000 	C:\Windows\System32\msvcp_win.dll
0x00007fff850a0000 - 0x00007fff850bb000 	C:\Program Files\Java\jdk-22\bin\VCRUNTIME140.dll
0x00007fff7bd20000 - 0x00007fff7bfba000 	C:\Windows\WinSxS\amd64_microsoft.windows.common-controls_6595b64144ccf1df_6.0.19041.5794_none_60bcd33171f2783c\COMCTL32.dll
0x00007fff7c380000 - 0x00007fff7c38a000 	C:\Windows\SYSTEM32\VERSION.dll
0x00007fff8b170000 - 0x00007fff8b19f000 	C:\Windows\System32\IMM32.DLL
0x00007fff87660000 - 0x00007fff8766c000 	C:\Program Files\Java\jdk-22\bin\vcruntime140_1.dll
0x00007fff633d0000 - 0x00007fff6345e000 	C:\Program Files\Java\jdk-22\bin\msvcp140.dll
0x00007fff3f9a0000 - 0x00007fff406e7000 	C:\Program Files\Java\jdk-22\bin\server\jvm.dll
0x00007fff8c980000 - 0x00007fff8c9eb000 	C:\Windows\System32\WS2_32.dll
0x00007fff8a1d0000 - 0x00007fff8a21b000 	C:\Windows\SYSTEM32\POWRPROF.dll
0x00007fff7d070000 - 0x00007fff7d097000 	C:\Windows\SYSTEM32\WINMM.dll
0x00007fff8a1b0000 - 0x00007fff8a1c2000 	C:\Windows\SYSTEM32\UMPDC.dll
0x00007fff881b0000 - 0x00007fff881c2000 	C:\Windows\SYSTEM32\kernel.appcore.dll
0x00007fff872b0000 - 0x00007fff872ba000 	C:\Program Files\Java\jdk-22\bin\jimage.dll
0x00007fff87450000 - 0x00007fff87634000 	C:\Windows\SYSTEM32\DBGHELP.DLL
0x00007fff87410000 - 0x00007fff87444000 	C:\Windows\SYSTEM32\dbgcore.DLL
0x00007fff8a8f0000 - 0x00007fff8a972000 	C:\Windows\System32\bcryptPrimitives.dll
0x00007fff630f0000 - 0x00007fff6312c000 	C:\Program Files\Java\jdk-22\bin\jdwp.dll
0x00007fff87220000 - 0x00007fff8722f000 	C:\Program Files\Java\jdk-22\bin\instrument.dll
0x00007fff84fd0000 - 0x00007fff84fee000 	C:\Program Files\Java\jdk-22\bin\java.dll
0x00007fff8b250000 - 0x00007fff8b9be000 	C:\Windows\System32\SHELL32.dll
0x00007fff8ad00000 - 0x00007fff8ae2b000 	C:\Windows\System32\ole32.dll
0x00007fff8c580000 - 0x00007fff8c8d3000 	C:\Windows\System32\combase.dll
0x00007fff883b0000 - 0x00007fff88b53000 	C:\Windows\SYSTEM32\windows.storage.dll
0x00007fff89c00000 - 0x00007fff89c2b000 	C:\Windows\SYSTEM32\Wldp.dll
0x00007fff8c3f0000 - 0x00007fff8c4bd000 	C:\Windows\System32\OLEAUT32.dll
0x00007fff8b1a0000 - 0x00007fff8b24d000 	C:\Windows\System32\SHCORE.dll
0x00007fff8bce0000 - 0x00007fff8bd35000 	C:\Windows\System32\shlwapi.dll
0x00007fff8a2a0000 - 0x00007fff8a2c5000 	C:\Windows\SYSTEM32\profapi.dll
0x00007fff632f0000 - 0x00007fff633c7000 	C:\Program Files\Java\jdk-22\bin\jsvml.dll
0x00007fff87200000 - 0x00007fff8720c000 	C:\Program Files\Java\jdk-22\bin\dt_socket.dll
0x00007fff896d0000 - 0x00007fff8970b000 	C:\Windows\SYSTEM32\IPHLPAPI.DLL
0x00007fff899d0000 - 0x00007fff89a3c000 	C:\Windows\system32\mswsock.dll
0x00007fff89710000 - 0x00007fff897da000 	C:\Windows\SYSTEM32\DNSAPI.dll
0x00007fff8cc20000 - 0x00007fff8cc28000 	C:\Windows\System32\NSI.dll
0x00007fff7e470000 - 0x00007fff7e47a000 	C:\Windows\System32\rasadhlp.dll
0x00007fff7e720000 - 0x00007fff7e7a0000 	C:\Windows\System32\fwpuclnt.dll
0x00007fff82b60000 - 0x00007fff82b77000 	C:\Program Files\Java\jdk-22\bin\zip.dll
0x00007fff865b0000 - 0x00007fff865c0000 	C:\Program Files\Java\jdk-22\bin\net.dll
0x00007fff83930000 - 0x00007fff83946000 	C:\Program Files\Java\jdk-22\bin\nio.dll
0x00007fff85970000 - 0x00007fff85980000 	C:\Program Files\Java\jdk-22\bin\verify.dll

dbghelp: loaded successfully - version: 4.0.5 - missing functions: none
symbol engine: initialized successfully - sym options: 0x614 - pdb path: .;C:\Program Files\Java\jdk-22\bin;C:\Windows\SYSTEM32;C:\Windows\WinSxS\amd64_microsoft.windows.common-controls_6595b64144ccf1df_6.0.19041.5794_none_60bcd33171f2783c;C:\Program Files\Java\jdk-22\bin\server

VM Arguments:
jvm_args: -XX:+ShowCodeDetailsInExceptionMessages -agentlib:jdwp=transport=dt_socket,suspend=y,address=localhost:57407 -javaagent:C:\Users\Admin\eclipse\jee-2024-06\eclipse\configuration\org.eclipse.osgi\448\0\.cp\lib\javaagent-shaded.jar -Dfile.encoding=UTF-8 -Dstdout.encoding=UTF-8 -Dstderr.encoding=UTF-8 
java_command: com.task.Main3
java_class_path (initial): C:\Users\Admin\eclipse-workspace-nov\Spring\target\classes;C:\Users\Admin\.m2\repository\org\springframework\spring-context\5.3.36\spring-context-5.3.36.jar;C:\Users\Admin\.m2\repository\org\springframework\spring-aop\5.3.36\spring-aop-5.3.36.jar;C:\Users\Admin\.m2\repository\org\springframework\spring-beans\5.3.36\spring-beans-5.3.36.jar;C:\Users\Admin\.m2\repository\org\springframework\spring-core\5.3.36\spring-core-5.3.36.jar;C:\Users\Admin\.m2\repository\org\springframework\spring-jcl\5.3.36\spring-jcl-5.3.36.jar;C:\Users\Admin\.m2\repository\org\springframework\spring-expression\5.3.36\spring-expression-5.3.36.jar
Launcher Type: SUN_STANDARD

[Global flags]
     intx CICompilerCount                          = 3                                         {product} {ergonomic}
     uint ConcGCThreads                            = 1                                         {product} {ergonomic}
     uint G1ConcRefinementThreads                  = 4                                         {product} {ergonomic}
   size_t G1HeapRegionSize                         = 1048576                                   {product} {ergonomic}
   size_t InitialHeapSize                          = 67108864                                  {product} {ergonomic}
   size_t MarkStackSize                            = 4194304                                   {product} {ergonomic}
   size_t MaxHeapSize                              = 1044381696                                {product} {ergonomic}
   size_t MaxNewSize                               = 625999872                                 {product} {ergonomic}
   size_t MinHeapDeltaBytes                        = 1048576                                   {product} {ergonomic}
   size_t MinHeapSize                              = 8388608                                   {product} {ergonomic}
    uintx NonNMethodCodeHeapSize                   = 5832780                                {pd product} {ergonomic}
    uintx NonProfiledCodeHeapSize                  = 122912730                              {pd product} {ergonomic}
    uintx ProfiledCodeHeapSize                     = 122912730                              {pd product} {ergonomic}
    uintx ReservedCodeCacheSize                    = 251658240                              {pd product} {ergonomic}
     bool SegmentedCodeCache                       = true                                      {product} {ergonomic}
     bool ShowCodeDetailsInExceptionMessages       = true                                   {manageable} {command line}
   size_t SoftMaxHeapSize                          = 1044381696                             {manageable} {ergonomic}
     bool UseCompressedOops                        = true                           {product lp64_product} {ergonomic}
     bool UseG1GC                                  = true                                      {product} {ergonomic}
     bool UseLargePagesIndividualAllocation        = false                                  {pd product} {ergonomic}

Logging:
Log output configuration:
 #0: stdout all=warning uptime,level,tags foldmultilines=false
 #1: stderr all=off uptime,level,tags foldmultilines=false

Environment Variables:
PATH=C:\Program Files\Common Files\Oracle\Java\javapath;C:\Python312\Scripts\;C:\Python312\;C:\Program Files\Python311\Scripts\;C:\Program Files\Python311\;C:\Windows\system32;C:\Windows;C:\Windows\System32\Wbem;C:\Windows\System32\WindowsPowerShell\v1.0\;C:\Windows\System32\OpenSSH\;C:\Program Files\Microsoft SQL Server\130\Tools\Binn\;C:\Program Files\Microsoft SQL Server\Client SDK\ODBC\170\Tools\Binn\;C:\Program Files\Azure Data Studio\bin;C:\Program Files (x86)\Microsoft SQL Server\150\Tools\Binn\;C:\Program Files\Microsoft SQL Server\150\Tools\Binn\;C:\Program Files\Microsoft SQL Server\150\DTS\Binn\;C:\Program Files (x86)\Microsoft SQL Server\150\DTS\Binn\;C:\ProgramData\chocolatey\bin;C:\Program Files\nodejs\;C:\Program Files\MySQL\MySQL Server 8.0\bin;C:\Program Files\Git\cmd;C:\Program Files\TortoiseGit\bin;C:\Program Files\MySQL\MySQL Shell 8.0\bin\;C:\Users\Admin\AppData\Local\Microsoft\WindowsApps;C:\Program Files\Azure Data Studio\bin;C:\Users\Admin\AppData\Local\Programs\Microsoft VS Code\bin;C:\Users\Admin\AppData\Roaming\npm
USERNAME=Admin
OS=Windows_NT
PROCESSOR_IDENTIFIER=Intel64 Family 6 Model 58 Stepping 9, GenuineIntel
TMP=C:\Users\Admin\AppData\Local\Temp
TEMP=C:\Users\Admin\AppData\Local\Temp




Periodic native trim disabled

---------------  S Y S T E M  ---------------

OS:
 Windows 10 , 64 bit Build 19041 (10.0.19041.5794)
OS uptime: 0 days 6:32 hours
Hyper-V role detected

CPU: total 4 (initial active 4) (2 cores per cpu, 2 threads per core) family 6 model 58 stepping 9 microcode 0x21, cx8, cmov, fxsr, ht, mmx, sse, sse2, sse3, ssse3, sse4.1, sse4.2, popcnt, tsc, tscinvbit, avx, erms, clmul, vzeroupper, clflush, hv, rdtscp, f16c
Processor Information for all 4 processors :
  Max Mhz: 1701, Current Mhz: 1701, Mhz Limit: 1701

Memory: 4k page, system-wide physical 3981M (142M free)
TotalPageFile size 16220M (AvailPageFile size 124M)
current process WorkingSet (physical memory assigned to process): 58M, peak: 58M
current process commit charge ("private bytes"): 149M, peak: 149M

vm_info: Java HotSpot(TM) 64-Bit Server VM (22.0.1+8-16) for windows-amd64 JRE (22.0.1+8-16), built on 2024-03-12T10:33:16Z by "mach5one" with MS VC++ 17.6 (VS2022)

END.
