#
# There is insufficient memory for the Java Runtime Environment to continue.
# Native memory allocation (mmap) failed to map 65536 bytes. Error detail: Failed to commit metaspace.
# Possible reasons:
#   The system is out of physical RAM or swap space
#   This process is running with CompressedOops enabled, and the Java Heap may be blocking the growth of the native heap
# Possible solutions:
#   Reduce memory load on the system
#   Increase physical memory or swap space
#   Check if swap backing store is full
#   Decrease Java heap size (-Xmx/-Xms)
#   Decrease number of Java threads
#   Decrease Java thread stack sizes (-Xss)
#   Set larger code cache with -XX:ReservedCodeCacheSize=
#   JVM is running with Unscaled Compressed Oops mode in which the Java heap is
#     placed in the first 4GB address space. The Java Heap base address is the
#     maximum limit for the native heap growth. Please use -XX:HeapBaseMinAddress
#     to set the Java Heap base and to place the Java Heap above 4GB virtual address.
# This output file may be truncated or incomplete.
#
#  Out of Memory Error (virtualSpaceNode.cpp:112), pid=5404, tid=10284
#
# JRE version: Java(TM) SE Runtime Environment (22.0.1+8) (build 22.0.1+8-16)
# Java VM: Java HotSpot(TM) 64-Bit Server VM (22.0.1+8-16, mixed mode, sharing, tiered, compressed oops, compressed class ptrs, g1 gc, windows-amd64)
# No core dump will be written. Minidumps are not enabled by default on client versions of Windows
#

---------------  S U M M A R Y ------------

Command Line: -XX:+ShowCodeDetailsInExceptionMessages -agentlib:jdwp=transport=dt_socket,suspend=y,address=localhost:57419 -javaagent:C:\Users\Admin\eclipse\jee-2024-06\eclipse\configuration\org.eclipse.osgi\448\0\.cp\lib\javaagent-shaded.jar -Dfile.encoding=UTF-8 -Dstdout.encoding=UTF-8 -Dstderr.encoding=UTF-8 com.task.Main3

Host: Intel(R) Core(TM) i3-3217U CPU @ 1.80GHz, 4 cores, 3G,  Windows 10 , 64 bit Build 19041 (10.0.19041.5794)
Time: Thu May 15 17:23:56 2025 India Standard Time elapsed time: 65.527219 seconds (0d 0h 1m 5s)

---------------  T H R E A D  ---------------

Current thread (0x00000290e71c38f0):  JavaThread "main"             [_thread_in_vm, id=10284, stack(0x0000009d1a000000,0x0000009d1a100000) (1024K)]

Stack: [0x0000009d1a000000,0x0000009d1a100000]
Native frames: (J=compiled Java code, j=interpreted, Vv=VM code, C=native code)
V  [jvm.dll+0x6e2279]  (no source info available)
V  [jvm.dll+0x874e33]  (no source info available)
V  [jvm.dll+0x87725e]  (no source info available)
V  [jvm.dll+0x877933]  (no source info available)
V  [jvm.dll+0x27fd76]  (no source info available)
V  [jvm.dll+0x870a7e]  (no source info available)
V  [jvm.dll+0x6852e5]  (no source info available)
V  [jvm.dll+0x1e3eac]  (no source info available)
V  [jvm.dll+0x1e3c7e]  (no source info available)
V  [jvm.dll+0x687c38]  (no source info available)
V  [jvm.dll+0x2250ac]  (no source info available)
V  [jvm.dll+0x685cfe]  (no source info available)
V  [jvm.dll+0x3c376f]  (no source info available)
V  [jvm.dll+0x20d3cb]  (no source info available)
V  [jvm.dll+0x5c4659]  (no source info available)
V  [jvm.dll+0x7ec20d]  (no source info available)
V  [jvm.dll+0x47d1c2]  (no source info available)
V  [jvm.dll+0x4907a6]  (no source info available)
C  [java.dll+0x164f]  (no source info available)
C  0x00000290875408f2  (no source info available)

The last pc belongs to native method entry point (kind = native) (printed below).
Java frames: (J=compiled Java code, j=interpreted, Vv=VM code)
j  java.lang.ClassLoader.defineClass0(Ljava/lang/ClassLoader;Ljava/lang/Class;Ljava/lang/String;[BIILjava/security/ProtectionDomain;ZILjava/lang/Object;)Ljava/lang/Class;+0 java.base@22.0.1
j  java.lang.System$2.defineClass(Ljava/lang/ClassLoader;Ljava/lang/Class;Ljava/lang/String;[BLjava/security/ProtectionDomain;ZILjava/lang/Object;)Ljava/lang/Class;+17 java.base@22.0.1
j  java.lang.invoke.MethodHandles$Lookup$ClassDefiner.defineClass(ZLjava/lang/Object;)Ljava/lang/Class;+57 java.base@22.0.1
j  java.lang.invoke.InvokerBytecodeGenerator.loadMethod([B)Ljava/lang/invoke/MemberName;+22 java.base@22.0.1
j  java.lang.invoke.InvokerBytecodeGenerator.generateCustomizedCode(Ljava/lang/invoke/LambdaForm;Ljava/lang/invoke/MethodType;)Ljava/lang/invoke/MemberName;+30 java.base@22.0.1
j  java.lang.invoke.LambdaForm.compileToBytecode()V+69 java.base@22.0.1
j  java.lang.invoke.DirectMethodHandle.makePreparedLambdaForm(Ljava/lang/invoke/MethodType;I)Ljava/lang/invoke/LambdaForm;+750 java.base@22.0.1
j  java.lang.invoke.DirectMethodHandle.preparedLambdaForm(Ljava/lang/invoke/MethodType;I)Ljava/lang/invoke/LambdaForm;+17 java.base@22.0.1
j  java.lang.invoke.DirectMethodHandle.preparedLambdaForm(Ljava/lang/invoke/MemberName;Z)Ljava/lang/invoke/LambdaForm;+159 java.base@22.0.1
j  java.lang.invoke.DirectMethodHandle.preparedLambdaForm(Ljava/lang/invoke/MemberName;)Ljava/lang/invoke/LambdaForm;+2 java.base@22.0.1
j  java.lang.invoke.DirectMethodHandle.makeAllocator(Ljava/lang/Class;Ljava/lang/invoke/MemberName;)Ljava/lang/invoke/DirectMethodHandle;+79 java.base@22.0.1
j  java.lang.invoke.DirectMethodHandle.make(Ljava/lang/invoke/MemberName;)Ljava/lang/invoke/DirectMethodHandle;+12 java.base@22.0.1
j  java.lang.invoke.MethodHandles$Lookup.getDirectConstructorCommon(Ljava/lang/Class;Ljava/lang/invoke/MemberName;Z)Ljava/lang/invoke/MethodHandle;+61 java.base@22.0.1
j  java.lang.invoke.MethodHandles$Lookup.getDirectConstructor(Ljava/lang/Class;Ljava/lang/invoke/MemberName;)Ljava/lang/invoke/MethodHandle;+6 java.base@22.0.1
j  java.lang.invoke.MethodHandles$Lookup.findConstructor(Ljava/lang/Class;Ljava/lang/invoke/MethodType;)Ljava/lang/invoke/MethodHandle;+57 java.base@22.0.1
j  java.lang.invoke.InnerClassLambdaMetafactory.buildCallSite()Ljava/lang/invoke/CallSite;+67 java.base@22.0.1
j  java.lang.invoke.LambdaMetafactory.metafactory(Ljava/lang/invoke/MethodHandles$Lookup;Ljava/lang/String;Ljava/lang/invoke/MethodType;Ljava/lang/invoke/MethodType;Ljava/lang/invoke/MethodHandle;Ljava/lang/invoke/MethodType;)Ljava/lang/invoke/CallSite;+67 java.base@22.0.1
j  java.lang.invoke.DirectMethodHandle$Holder.invokeStatic(Ljava/lang/Object;Ljava/lang/Object;Ljava/lang/Object;Ljava/lang/Object;Ljava/lang/Object;Ljava/lang/Object;Ljava/lang/Object;)Ljava/lang/Object;+20 java.base@22.0.1
j  java.lang.invoke.Invokers$Holder.invokeExact_MT(Ljava/lang/Object;Ljava/lang/Object;Ljava/lang/Object;Ljava/lang/Object;Ljava/lang/Object;Ljava/lang/Object;Ljava/lang/Object;Ljava/lang/Object;)Ljava/lang/Object;+28 java.base@22.0.1
j  java.lang.invoke.BootstrapMethodInvoker.invoke(Ljava/lang/Class;Ljava/lang/invoke/MethodHandle;Ljava/lang/String;Ljava/lang/Object;Ljava/lang/Object;Ljava/lang/Class;)Ljava/lang/Object;+319 java.base@22.0.1
j  java.lang.invoke.CallSite.makeSite(Ljava/lang/invoke/MethodHandle;Ljava/lang/String;Ljava/lang/invoke/MethodType;Ljava/lang/Object;Ljava/lang/Class;)Ljava/lang/invoke/CallSite;+8 java.base@22.0.1
j  java.lang.invoke.MethodHandleNatives.linkCallSiteImpl(Ljava/lang/Class;Ljava/lang/invoke/MethodHandle;Ljava/lang/String;Ljava/lang/invoke/MethodType;Ljava/lang/Object;[Ljava/lang/Object;)Ljava/lang/invoke/MemberName;+6 java.base@22.0.1
j  java.lang.invoke.MethodHandleNatives.linkCallSite(Ljava/lang/Object;Ljava/lang/Object;Ljava/lang/Object;Ljava/lang/Object;Ljava/lang/Object;[Ljava/lang/Object;)Ljava/lang/invoke/MemberName;+45 java.base@22.0.1
v  ~StubRoutines::call_stub 0x000002908753100d
j  sun.reflect.annotation.AnnotationParser.parseEnumArray(ILjava/lang/Class;Ljava/nio/ByteBuffer;Ljdk/internal/reflect/ConstantPool;Ljava/lang/Class;)Ljava/lang/Object;+16 java.base@22.0.1
j  sun.reflect.annotation.AnnotationParser.parseArray(Ljava/lang/Class;Ljava/nio/ByteBuffer;Ljdk/internal/reflect/ConstantPool;Ljava/lang/Class;)Ljava/lang/Object;+204 java.base@22.0.1
j  sun.reflect.annotation.AnnotationParser.parseMemberValue(Ljava/lang/Class;Ljava/nio/ByteBuffer;Ljdk/internal/reflect/ConstantPool;Ljava/lang/Class;)Ljava/lang/Object;+87 java.base@22.0.1
j  sun.reflect.annotation.AnnotationParser.parseAnnotation2(Ljava/nio/ByteBuffer;Ljdk/internal/reflect/ConstantPool;Ljava/lang/Class;Z[Ljava/lang/Class;)Ljava/lang/annotation/Annotation;+208 java.base@22.0.1
j  sun.reflect.annotation.AnnotationParser.parseAnnotations2([BLjdk/internal/reflect/ConstantPool;Ljava/lang/Class;[Ljava/lang/Class;)Ljava/util/Map;+41 java.base@22.0.1
j  sun.reflect.annotation.AnnotationParser.parseAnnotations([BLjdk/internal/reflect/ConstantPool;Ljava/lang/Class;)Ljava/util/Map;+12 java.base@22.0.1
j  java.lang.Class.createAnnotationData(I)Ljava/lang/Class$AnnotationData;+9 java.base@22.0.1
j  java.lang.Class.annotationData()Ljava/lang/Class$AnnotationData;+26 java.base@22.0.1
j  java.lang.Class.getAnnotation(Ljava/lang/Class;)Ljava/lang/annotation/Annotation;+6 java.base@22.0.1
j  java.lang.reflect.AnnotatedElement.isAnnotationPresent(Ljava/lang/Class;)Z+2 java.base@22.0.1
j  java.lang.Class.isAnnotationPresent(Ljava/lang/Class;)Z+2 java.base@22.0.1
j  org.springframework.core.type.filter.AnnotationTypeFilter.<init>(Ljava/lang/Class;ZZ)V+4
j  org.springframework.core.type.filter.AnnotationTypeFilter.<init>(Ljava/lang/Class;)V+4
j  org.springframework.context.annotation.ClassPathScanningCandidateComponentProvider.registerDefaultFilters()V+10
j  org.springframework.context.annotation.ClassPathBeanDefinitionScanner.<init>(Lorg/springframework/beans/factory/support/BeanDefinitionRegistry;ZLorg/springframework/core/env/Environment;Lorg/springframework/core/io/ResourceLoader;)V+54
j  org.springframework.context.annotation.ClassPathBeanDefinitionScanner.<init>(Lorg/springframework/beans/factory/support/BeanDefinitionRegistry;ZLorg/springframework/core/env/Environment;)V+19
j  org.springframework.context.annotation.ClassPathBeanDefinitionScanner.<init>(Lorg/springframework/beans/factory/support/BeanDefinitionRegistry;Z)V+7
j  org.springframework.context.annotation.ClassPathBeanDefinitionScanner.<init>(Lorg/springframework/beans/factory/support/BeanDefinitionRegistry;)V+3
j  org.springframework.context.annotation.AnnotationConfigApplicationContext.<init>()V+40
j  org.springframework.context.annotation.AnnotationConfigApplicationContext.<init>([Ljava/lang/Class;)V+1
j  com.task.Main3.main([Ljava/lang/String;)V+13
v  ~StubRoutines::call_stub 0x000002908753100d
native method entry point (kind = native)  [0x0000029087540140, 0x0000029087541378]  4664 bytes
[MachCode]
  0x0000029087540140: 488b 4b08 | 0fb7 492e | 584c 8d74 | ccf8 6800 | 0000 0068 | 0000 0000 | 5055 488b | ec41 5568 
  0x0000029087540160: 0000 0000 | 4c8b 6b08 | 4d8d 6d38 | 5348 8b53 | 0848 8b52 | 0848 8b52 | 1848 8b52 | 7048 8b12 
  0x0000029087540180: 5248 8b53 | 1048 85d2 | 0f84 0700 | 0000 4881 | c210 0100 | 0052 488b | 5308 488b | 5208 488b 
  0x00000290875401a0: 5210 5249 | 8bc6 482b | c548 c1e8 | 0350 6800 | 0000 0068 | f7ff ffff | 41c6 8781 | 0400 0001 
  0x00000290875401c0: 488b 4310 | 4885 c074 | 208b 88cc | 0000 0083 | c102 8988 | cc00 0000 | 2388 e000 | 0000 0f84 
  0x00000290875401e0: 2a10 0000 | e986 0100 | 0048 8b43 | 1848 85c0 | 0f85 6701 | 0000 e805 | 0000 00e9 | 5001 0000 
  0x0000029087540200: 488b d348 | 8d44 2408 | 4c89 6dc0 | 498b cfc5 | f877 4989 | afb0 0300 | 0049 8987 | a003 0000 
  0x0000029087540220: 4883 ec20 | 40f6 c40f | 0f84 1900 | 0000 4883 | ec08 48b8 | a0a3 d73f | ff7f 0000 | ffd0 4883 
  0x0000029087540240: c408 e90c | 0000 0048 | b8a0 a3d7 | 3fff 7f00 | 00ff d048 | 83c4 2049 | c787 a003 | 0000 0000 
  0x0000029087540260: 0000 49c7 | 87b0 0300 | 0000 0000 | 0049 c787 | a803 0000 | 0000 0000 | c5f8 7741 | 8b8f 3405 
  0x0000029087540280: 0000 f6c1 | 010f 8442 | 0000 00f6 | c102 0f85 | 3900 0000 | 4883 ec20 | 40f6 c40f | 0f84 1900 
  0x00000290875402a0: 0000 4883 | ec08 48b8 | 6078 d73f | ff7f 0000 | ffd0 4883 | c408 e90c | 0000 0048 | b860 78d7 
  0x00000290875402c0: 3fff 7f00 | 00ff d048 | 83c4 20ff | e049 8b8f | e005 0000 | 4885 c90f | 8455 0000 | 008b 899c 
  0x00000290875402e0: 0000 0083 | f901 0f85 | 4600 0000 | 498b 8fe0 | 0500 008b | 89a0 0000 | 0048 83ec | 2040 f6c4 
  0x0000029087540300: 0f0f 8419 | 0000 0048 | 83ec 0848 | b850 78d7 | 3fff 7f00 | 00ff d048 | 83c4 08e9 | 0c00 0000 
  0x0000029087540320: 48b8 5078 | d73f ff7f | 0000 ffd0 | 4883 c420 | ffe0 4983 | 7f08 000f | 8405 0000 | 00e9 be0b 
  0x0000029087540340: ffff 4c8b | 6dc0 4c8b | 75c8 4e8d | 74f5 00c3 | 488b 4318 | 4885 c00f | 8412 0000 | 008b 4808 
  0x0000029087540360: 83c1 0289 | 4808 2348 | 1c0f 849f | 0e00 0049 | 3ba7 f004 | 0000 0f87 | 4800 0000 | 8984 2400 
  0x0000029087540380: f0ff ff89 | 8424 00e0 | ffff 8984 | 2400 d0ff | ff89 8424 | 00c0 ffff | 8984 2400 | b0ff ff89 
  0x00000290875403a0: 8424 00a0 | ffff 8984 | 2400 90ff | ff89 8424 | 0080 ffff | 493b a7e8 | 0400 0076 | 0749 89a7 
  0x00000290875403c0: f004 0000 | 41c6 8781 | 0400 0000 | 418b 97e8 | 0500 0085 | d20f 8457 | 0100 00e8 | 0500 0000 
  0x00000290875403e0: e94d 0100 | 0048 8d44 | 2408 4c89 | 6dc0 498b | cfc5 f877 | 4989 afb0 | 0300 0049 | 8987 a003 
  0x0000029087540400: 0000 4883 | ec20 40f6 | c40f 0f84 | 1900 0000 | 4883 ec08 | 48b8 b0c8 | d73f ff7f | 0000 ffd0 
  0x0000029087540420: 4883 c408 | e90c 0000 | 0048 b8b0 | c8d7 3fff | 7f00 00ff | d048 83c4 | 2049 c787 | a003 0000 
  0x0000029087540440: 0000 0000 | 49c7 87b0 | 0300 0000 | 0000 0049 | c787 a803 | 0000 0000 | 0000 c5f8 | 7741 8b8f 
  0x0000029087540460: 3405 0000 | f6c1 010f | 8442 0000 | 00f6 c102 | 0f85 3900 | 0000 4883 | ec20 40f6 | c40f 0f84 
  0x0000029087540480: 1900 0000 | 4883 ec08 | 48b8 6078 | d73f ff7f | 0000 ffd0 | 4883 c408 | e90c 0000 | 0048 b860 
  0x00000290875404a0: 78d7 3fff | 7f00 00ff | d048 83c4 | 20ff e049 | 8b8f e005 | 0000 4885 | c90f 8455 | 0000 008b 
  0x00000290875404c0: 899c 0000 | 0083 f901 | 0f85 4600 | 0000 498b | 8fe0 0500 | 008b 89a0 | 0000 0048 | 83ec 2040 
  0x00000290875404e0: f6c4 0f0f | 8419 0000 | 0048 83ec | 0848 b850 | 78d7 3fff | 7f00 00ff | d048 83c4 | 08e9 0c00 
  0x0000029087540500: 0000 48b8 | 5078 d73f | ff7f 0000 | ffd0 4883 | c420 ffe0 | 4983 7f08 | 000f 8405 | 0000 00e9 
  0x0000029087540520: dc09 ffff | 4c8b 6dc0 | 4c8b 75c8 | 4e8d 74f5 | 00c3 49ba | 9c30 5e40 | ff7f 0000 | 4180 3a00 
  0x0000029087540540: 0f84 3e00 | 0000 488b | 55e8 498b | cf48 83ec | 2040 f6c4 | 0f0f 8419 | 0000 0048 | 83ec 0848 
  0x0000029087540560: b840 b50e | 40ff 7f00 | 00ff d048 | 83c4 08e9 | 0c00 0000 | 48b8 40b5 | 0e40 ff7f | 0000 ffd0 
  0x0000029087540580: 4883 c420 | 488b 5de8 | 4c8b 5b08 | 450f b75b | 2e41 c1e3 | 0349 2be3 | 4883 ec20 | 4883 e4f0 
  0x00000290875405a0: 4c8b 5b60 | 4d85 db0f | 8562 0100 | 00e8 0500 | 0000 e950 | 0100 0048 | 8bd3 488d | 4424 084c 
  0x00000290875405c0: 896d c049 | 8bcf c5f8 | 7749 89af | b003 0000 | 4989 87a0 | 0300 0048 | 83ec 2040 | f6c4 0f0f 
  0x00000290875405e0: 8419 0000 | 0048 83ec | 0848 b8c0 | cad7 3fff | 7f00 00ff | d048 83c4 | 08e9 0c00 | 0000 48b8 
  0x0000029087540600: c0ca d73f | ff7f 0000 | ffd0 4883 | c420 49c7 | 87a0 0300 | 0000 0000 | 0049 c787 | b003 0000 
  0x0000029087540620: 0000 0000 | 49c7 87a8 | 0300 0000 | 0000 00c5 | f877 418b | 8f34 0500 | 00f6 c101 | 0f84 4200 
  0x0000029087540640: 0000 f6c1 | 020f 8539 | 0000 0048 | 83ec 2040 | f6c4 0f0f | 8419 0000 | 0048 83ec | 0848 b860 
  0x0000029087540660: 78d7 3fff | 7f00 00ff | d048 83c4 | 08e9 0c00 | 0000 48b8 | 6078 d73f | ff7f 0000 | ffd0 4883 
  0x0000029087540680: c420 ffe0 | 498b 8fe0 | 0500 0048 | 85c9 0f84 | 5500 0000 | 8b89 9c00 | 0000 83f9 | 010f 8546 
  0x00000290875406a0: 0000 0049 | 8b8f e005 | 0000 8b89 | a000 0000 | 4883 ec20 | 40f6 c40f | 0f84 1900 | 0000 4883 
  0x00000290875406c0: ec08 48b8 | 5078 d73f | ff7f 0000 | ffd0 4883 | c408 e90c | 0000 0048 | b850 78d7 | 3fff 7f00 
  0x00000290875406e0: 00ff d048 | 83c4 20ff | e049 837f | 0800 0f84 | 0500 0000 | e907 08ff | ff4c 8b6d | c04c 8b75 
  0x0000029087540700: c84e 8d74 | f500 c348 | 8b5d e84c | 8b5b 6041 | ffd3 488b | 5de8 4889 | 4518 448b | 5b28 41f6 
  0x0000029087540720: c308 0f84 | 1b00 0000 | 4c8b 5b08 | 4d8b 5b08 | 4d8b 5b18 | 4d8b 5b70 | 4d8b 1b4c | 895d 1048 
  0x0000029087540740: 8d55 1048 | 8b43 5849 | ba40 0c0f | 40ff 7f00 | 0049 3bc2 | 0f85 6201 | 0000 e805 | 0000 00e9 
  0x0000029087540760: 5001 0000 | 488b d348 | 8d44 2408 | 4c89 6dc0 | 498b cfc5 | f877 4989 | afb0 0300 | 0049 8987 
  0x0000029087540780: a003 0000 | 4883 ec20 | 40f6 c40f | 0f84 1900 | 0000 4883 | ec08 48b8 | c0ca d73f | ff7f 0000 
  0x00000290875407a0: ffd0 4883 | c408 e90c | 0000 0048 | b8c0 cad7 | 3fff 7f00 | 00ff d048 | 83c4 2049 | c787 a003 
  0x00000290875407c0: 0000 0000 | 0000 49c7 | 87b0 0300 | 0000 0000 | 0049 c787 | a803 0000 | 0000 0000 | c5f8 7741 
  0x00000290875407e0: 8b8f 3405 | 0000 f6c1 | 010f 8442 | 0000 00f6 | c102 0f85 | 3900 0000 | 4883 ec20 | 40f6 c40f 
  0x0000029087540800: 0f84 1900 | 0000 4883 | ec08 48b8 | 6078 d73f | ff7f 0000 | ffd0 4883 | c408 e90c | 0000 0048 
  0x0000029087540820: b860 78d7 | 3fff 7f00 | 00ff d048 | 83c4 20ff | e049 8b8f | e005 0000 | 4885 c90f | 8455 0000 
  0x0000029087540840: 008b 899c | 0000 0083 | f901 0f85 | 4600 0000 | 498b 8fe0 | 0500 008b | 89a0 0000 | 0048 83ec 
  0x0000029087540860: 2040 f6c4 | 0f0f 8419 | 0000 0048 | 83ec 0848 | b850 78d7 | 3fff 7f00 | 00ff d048 | 83c4 08e9 
  0x0000029087540880: 0c00 0000 | 48b8 5078 | d73f ff7f | 0000 ffd0 | 4883 c420 | ffe0 4983 | 7f08 000f | 8405 0000 
  0x00000290875408a0: 00e9 5a06 | ffff 4c8b | 6dc0 4c8b | 75c8 4e8d | 74f5 00c3 | 488b 5de8 | 488b 4358 | 498d 8fc0 
  0x00000290875408c0: 0300 00c5 | f877 4989 | afb0 0300 | 0049 bac3 | 0854 8790 | 0200 004d | 8997 a803 | 0000 4989 
  0x00000290875408e0: a7a0 0300 | 0041 c787 | 5404 0000 | 0400 0000 | ffd0 c5f8 | 7748 83ec | 10c5 fb11 | 0424 4883 
  0x0000029087540900: ec10 4889 | 0424 48c7 | 4424 0800 | 0000 0041 | c787 5404 | 0000 0500 | 0000 f083 | 4424 c000 
  0x0000029087540920: 493b af58 | 0400 000f | 870e 0000 | 0041 83bf | 5004 0000 | 000f 8420 | 0000 0049 | 8bcf 4c8b 
  0x0000029087540940: e448 83ec | 2048 83e4 | f048 b8d0 | 1ed9 3fff | 7f00 00ff | d049 8be4 | 4d33 e441 | c787 5404 
  0x0000029087540960: 0000 0800 | 0000 49c7 | 87a0 0300 | 0000 0000 | 0049 c787 | b003 0000 | 0000 0000 | 49c7 87a8 
  0x0000029087540980: 0300 0000 | 0000 00c5 | f877 4d8b | 9f30 0400 | 0041 c783 | 0001 0000 | 0000 0000 | 49bb 5ac8 
  0x00000290875409a0: 5387 9002 | 0000 4c3b | 5d18 0f85 | 2402 0000 | 488b 0424 | 4883 c410 | 4885 c00f | 84fe 0100 
  0x00000290875409c0: 00a8 030f | 8508 0000 | 0048 8b00 | e9ee 0100 | 00a8 010f | 8509 0000 | 0048 8b40 | fee9 dd01 
  0x00000290875409e0: 0000 488b | 40ff 4180 | 7f38 000f | 84ce 0100 | 0048 83f8 | 000f 84c4 | 0100 004d | 8b5f 2849 
  0x0000029087540a00: 83fb 000f | 8414 0000 | 0049 83eb | 084d 895f | 284d 035f | 3049 8903 | e9a2 0100 | 0048 81ec 
  0x0000029087540a20: d000 0000 | 4889 0424 | 4889 4c24 | 0848 8954 | 2410 4889 | 7424 1848 | 897c 2420 | 4c89 4424 
  0x0000029087540a40: 284c 894c | 2430 4c89 | 5424 384c | 895c 2440 | c5fb 1144 | 2450 c5fb | 114c 2458 | c5fb 1154 
  0x0000029087540a60: 2460 c5fb | 115c 2468 | c5fb 1164 | 2470 c5fb | 116c 2478 | c5fb 11b4 | 2480 0000 | 00c5 fb11 
  0x0000029087540a80: bc24 8800 | 0000 c57b | 1184 2490 | 0000 00c5 | 7b11 8c24 | 9800 0000 | c57b 1194 | 24a0 0000 
  0x0000029087540aa0: 00c5 7b11 | 9c24 a800 | 0000 c57b | 11a4 24b0 | 0000 00c5 | 7b11 ac24 | b800 0000 | c57b 11b4 
  0x0000029087540ac0: 24c0 0000 | 00c5 7b11 | bc24 c800 | 0000 498b | d748 8bc8 | 4883 ec20 | 40f6 c40f | 0f84 1900 
  0x0000029087540ae0: 0000 4883 | ec08 48b8 | e03e cc3f | ff7f 0000 | ffd0 4883 | c408 e90c | 0000 0048 | b8e0 3ecc 
  0x0000029087540b00: 3fff 7f00 | 00ff d048 | 83c4 20c5 | 7b10 bc24 | c800 0000 | c57b 10b4 | 24c0 0000 | 00c5 7b10 
  0x0000029087540b20: ac24 b800 | 0000 c57b | 10a4 24b0 | 0000 00c5 | 7b10 9c24 | a800 0000 | c57b 1094 | 24a0 0000 
  0x0000029087540b40: 00c5 7b10 | 8c24 9800 | 0000 c57b | 1084 2490 | 0000 00c5 | fb10 bc24 | 8800 0000 | c5fb 10b4 
  0x0000029087540b60: 2480 0000 | 00c5 fb10 | 6c24 78c5 | fb10 6424 | 70c5 fb10 | 5c24 68c5 | fb10 5424 | 60c5 fb10 
  0x0000029087540b80: 4c24 58c5 | fb10 4424 | 504c 8b5c | 2440 4c8b | 5424 384c | 8b4c 2430 | 4c8b 4424 | 2848 8b7c 
  0x0000029087540ba0: 2420 488b | 7424 1848 | 8b54 2410 | 488b 4c24 | 0848 8b04 | 2448 81c4 | d000 0000 | c5f8 7748 
  0x0000029087540bc0: 8945 1048 | 83ec 1048 | 8904 2448 | c744 2408 | 0000 0000 | 4183 bfd0 | 0400 0002 | 0f85 bf00 
  0x0000029087540be0: 0000 4881 | ec80 0000 | 0048 8944 | 2478 4889 | 4c24 7048 | 8954 2468 | 4889 5c24 | 6048 896c 
  0x0000029087540c00: 2450 4889 | 7424 4848 | 897c 2440 | 4c89 4424 | 384c 894c | 2430 4c89 | 5424 284c | 895c 2420 
  0x0000029087540c20: 4c89 6424 | 184c 896c | 2410 4c89 | 7424 084c | 893c 244c | 8be4 4883 | ec20 4883 | e4f0 48b8 
  0x0000029087540c40: 90ed 0e40 | ff7f 0000 | ffd0 498b | e44c 8b3c | 244c 8b74 | 2408 4c8b | 6c24 104c | 8b64 2418 
  0x0000029087540c60: 4c8b 5c24 | 204c 8b54 | 2428 4c8b | 4c24 304c | 8b44 2438 | 488b 7c24 | 4048 8b74 | 2448 488b 
  0x0000029087540c80: 6c24 5048 | 8b5c 2460 | 488b 5424 | 6848 8b4c | 2470 488b | 4424 7848 | 81c4 8000 | 0000 4d33 
  0x0000029087540ca0: e448 8b5d | e84c 8b6b | 084d 8d6d | 3849 837f | 0800 0f84 | 7201 0000 | e805 0000 | 00e9 4d01 
  0x0000029087540cc0: 0000 488d | 4424 084c | 896d c049 | 8bcf c5f8 | 7749 89af | b003 0000 | 4989 87a0 | 0300 0048 
  0x0000029087540ce0: 83ec 2040 | f6c4 0f0f | 8419 0000 | 0048 83ec | 0848 b800 | e9d7 3fff | 7f00 00ff | d048 83c4 
  0x0000029087540d00: 08e9 0c00 | 0000 48b8 | 00e9 d73f | ff7f 0000 | ffd0 4883 | c420 49c7 | 87a0 0300 | 0000 0000 
  0x0000029087540d20: 0049 c787 | b003 0000 | 0000 0000 | 49c7 87a8 | 0300 0000 | 0000 00c5 | f877 418b | 8f34 0500 
  0x0000029087540d40: 00f6 c101 | 0f84 4200 | 0000 f6c1 | 020f 8539 | 0000 0048 | 83ec 2040 | f6c4 0f0f | 8419 0000 
  0x0000029087540d60: 0048 83ec | 0848 b860 | 78d7 3fff | 7f00 00ff | d048 83c4 | 08e9 0c00 | 0000 48b8 | 6078 d73f 
  0x0000029087540d80: ff7f 0000 | ffd0 4883 | c420 ffe0 | 498b 8fe0 | 0500 0048 | 85c9 0f84 | 5500 0000 | 8b89 9c00 
  0x0000029087540da0: 0000 83f9 | 010f 8546 | 0000 0049 | 8b8f e005 | 0000 8b89 | a000 0000 | 4883 ec20 | 40f6 c40f 
  0x0000029087540dc0: 0f84 1900 | 0000 4883 | ec08 48b8 | 5078 d73f | ff7f 0000 | ffd0 4883 | c408 e90c | 0000 0048 
  0x0000029087540de0: b850 78d7 | 3fff 7f00 | 00ff d048 | 83c4 20ff | e049 837f | 0800 0f84 | 0500 0000 | e9ff 00ff 
  0x0000029087540e00: ff4c 8b6d | c04c 8b75 | c84e 8d74 | f500 c348 | b9c0 1836 | 40ff 7f00 | 0048 83e4 | f048 b8c0 
  0x0000029087540e20: 94fd 3fff | 7f00 00ff | d0f4 448b | 5b28 41f6 | c320 0f84 | fb01 0000 | 488d 55a8 | 4c8b 5a08 
  0x0000029087540e40: 4d85 db0f | 8572 0100 | 00e8 0500 | 0000 e94d | 0100 0048 | 8d44 2408 | 4c89 6dc0 | 498b cfc5 
  0x0000029087540e60: f877 4989 | afb0 0300 | 0049 8987 | a003 0000 | 4883 ec20 | 40f6 c40f | 0f84 1900 | 0000 4883 
  0x0000029087540e80: ec08 48b8 | 30e8 d73f | ff7f 0000 | ffd0 4883 | c408 e90c | 0000 0048 | b830 e8d7 | 3fff 7f00 
  0x0000029087540ea0: 00ff d048 | 83c4 2049 | c787 a003 | 0000 0000 | 0000 49c7 | 87b0 0300 | 0000 0000 | 0049 c787 
  0x0000029087540ec0: a803 0000 | 0000 0000 | c5f8 7741 | 8b8f 3405 | 0000 f6c1 | 010f 8442 | 0000 00f6 | c102 0f85 
  0x0000029087540ee0: 3900 0000 | 4883 ec20 | 40f6 c40f | 0f84 1900 | 0000 4883 | ec08 48b8 | 6078 d73f | ff7f 0000 
  0x0000029087540f00: ffd0 4883 | c408 e90c | 0000 0048 | b860 78d7 | 3fff 7f00 | 00ff d048 | 83c4 20ff | e049 8b8f 
  0x0000029087540f20: e005 0000 | 4885 c90f | 8455 0000 | 008b 899c | 0000 0083 | f901 0f85 | 4600 0000 | 498b 8fe0 
  0x0000029087540f40: 0500 008b | 89a0 0000 | 0048 83ec | 2040 f6c4 | 0f0f 8419 | 0000 0048 | 83ec 0848 | b850 78d7 
  0x0000029087540f60: 3fff 7f00 | 00ff d048 | 83c4 08e9 | 0c00 0000 | 48b8 5078 | d73f ff7f | 0000 ffd0 | 4883 c420 
  0x0000029087540f80: ffe0 4983 | 7f08 000f | 8405 0000 | 00e9 6eff | feff 4c8b | 6dc0 4c8b | 75c8 4e8d | 74f5 00c3 
  0x0000029087540fa0: 48b9 c018 | 3640 ff7f | 0000 4883 | e4f0 48b8 | c094 fd3f | ff7f 0000 | ffd0 f44c | 896d c048 
  0x0000029087540fc0: 8d02 4c8b | 4a08 48c7 | 4208 0000 | 0000 4c8b | 004d 85c0 | 0f84 0b00 | 0000 f04d | 0fb1 010f 
  0x0000029087540fe0: 850c 0000 | 0049 ff8f | 5805 0000 | e93e 0000 | 004c 894a | 0848 8bca | 4883 ec20 | 40f6 c40f 
  0x0000029087541000: 0f84 1900 | 0000 4883 | ec08 48b8 | c0ba d73f | ff7f 0000 | ffd0 4883 | c408 e90c | 0000 0048 
  0x0000029087541020: b8c0 bad7 | 3fff 7f00 | 00ff d048 | 83c4 204c | 8b6d c041 | 8b97 e805 | 0000 85d2 | 0f84 5701 
  0x0000029087541040: 0000 e805 | 0000 00e9 | 4d01 0000 | 488d 4424 | 084c 896d | c049 8bcf | c5f8 7749 | 89af b003 
  0x0000029087541060: 0000 4989 | 87a0 0300 | 0048 83ec | 2040 f6c4 | 0f0f 8419 | 0000 0048 | 83ec 0848 | b8f0 c9d7 
  0x0000029087541080: 3fff 7f00 | 00ff d048 | 83c4 08e9 | 0c00 0000 | 48b8 f0c9 | d73f ff7f | 0000 ffd0 | 4883 c420 
  0x00000290875410a0: 49c7 87a0 | 0300 0000 | 0000 0049 | c787 b003 | 0000 0000 | 0000 49c7 | 87a8 0300 | 0000 0000 
  0x00000290875410c0: 00c5 f877 | 418b 8f34 | 0500 00f6 | c101 0f84 | 4200 0000 | f6c1 020f | 8539 0000 | 0048 83ec 
  0x00000290875410e0: 2040 f6c4 | 0f0f 8419 | 0000 0048 | 83ec 0848 | b860 78d7 | 3fff 7f00 | 00ff d048 | 83c4 08e9 
  0x0000029087541100: 0c00 0000 | 48b8 6078 | d73f ff7f | 0000 ffd0 | 4883 c420 | ffe0 498b | 8fe0 0500 | 0048 85c9 
  0x0000029087541120: 0f84 5500 | 0000 8b89 | 9c00 0000 | 83f9 010f | 8546 0000 | 0049 8b8f | e005 0000 | 8b89 a000 
  0x0000029087541140: 0000 4883 | ec20 40f6 | c40f 0f84 | 1900 0000 | 4883 ec08 | 48b8 5078 | d73f ff7f | 0000 ffd0 
  0x0000029087541160: 4883 c408 | e90c 0000 | 0048 b850 | 78d7 3fff | 7f00 00ff | d048 83c4 | 20ff e049 | 837f 0800 
  0x0000029087541180: 0f84 0500 | 0000 e975 | fdfe ff4c | 8b6d c04c | 8b75 c84e | 8d74 f500 | c349 ba9c | 305e 40ff 
  0x00000290875411a0: 7f00 0041 | 803a 000f | 843e 0000 | 0048 8b55 | e849 8bcf | 4883 ec20 | 40f6 c40f | 0f84 1900 
  0x00000290875411c0: 0000 4883 | ec08 48b8 | 40b5 0e40 | ff7f 0000 | ffd0 4883 | c408 e90c | 0000 0048 | b840 b50e 
  0x00000290875411e0: 40ff 7f00 | 00ff d048 | 83c4 2048 | 8b04 2448 | 83c4 10c5 | fb10 0424 | 4883 c410 | 4c8b 5d18 
  0x0000029087541200: 41ff d34c | 8b5d f8c9 | 5f49 8be3 | ffe7 ba00 | 0000 00e8 | 0500 0000 | e94d 0100 | 0048 8d44 
  0x0000029087541220: 2408 4c89 | 6dc0 498b | cfc5 f877 | 4989 afb0 | 0300 0049 | 8987 a003 | 0000 4883 | ec20 40f6 
  0x0000029087541240: c40f 0f84 | 1900 0000 | 4883 ec08 | 48b8 80ae | d73f ff7f | 0000 ffd0 | 4883 c408 | e90c 0000 
  0x0000029087541260: 0048 b880 | aed7 3fff | 7f00 00ff | d048 83c4 | 2049 c787 | a003 0000 | 0000 0000 | 49c7 87b0 
  0x0000029087541280: 0300 0000 | 0000 0049 | c787 a803 | 0000 0000 | 0000 c5f8 | 7741 8b8f | 3405 0000 | f6c1 010f 
  0x00000290875412a0: 8442 0000 | 00f6 c102 | 0f85 3900 | 0000 4883 | ec20 40f6 | c40f 0f84 | 1900 0000 | 4883 ec08 
  0x00000290875412c0: 48b8 6078 | d73f ff7f | 0000 ffd0 | 4883 c408 | e90c 0000 | 0048 b860 | 78d7 3fff | 7f00 00ff 
  0x00000290875412e0: d048 83c4 | 20ff e049 | 8b8f e005 | 0000 4885 | c90f 8455 | 0000 008b | 899c 0000 | 0083 f901 
  0x0000029087541300: 0f85 4600 | 0000 498b | 8fe0 0500 | 008b 89a0 | 0000 0048 | 83ec 2040 | f6c4 0f0f | 8419 0000 
  0x0000029087541320: 0048 83ec | 0848 b850 | 78d7 3fff | 7f00 00ff | d048 83c4 | 08e9 0c00 | 0000 48b8 | 5078 d73f 
  0x0000029087541340: ff7f 0000 | ffd0 4883 | c420 ffe0 | 4983 7f08 | 000f 8405 | 0000 00e9 | a4fb feff | 4c8b 6dc0 
  0x0000029087541360: 4c8b 75c8 | 4e8d 74f5 | 00c3 488b | 5de8 e9fc | efff ff0f | 1f44 0000 
[/MachCode]

---------------  P R O C E S S  ---------------

Threads class SMR info:
_java_thread_list=0x00000290d05a4120, length=14, elements={
0x00000290e71c38f0, 0x00000290d012f6b0, 0x00000290d0130e20, 0x00000290d0133be0,
0x00000290d0136650, 0x00000290d01370b0, 0x00000290d0137b10, 0x00000290d01388a0,
0x00000290d01a7230, 0x00000290d0350a60, 0x00000290d04d9450, 0x00000290d0468a30,
0x00000290d0544de0, 0x00000290d070e830
}

Java Threads: ( => current thread )
=>0x00000290e71c38f0 JavaThread "main"                              [_thread_in_vm, id=10284, stack(0x0000009d1a000000,0x0000009d1a100000) (1024K)]
  0x00000290d012f6b0 JavaThread "Reference Handler"          daemon [_thread_blocked, id=10704, stack(0x0000009d1a800000,0x0000009d1a900000) (1024K)]
  0x00000290d0130e20 JavaThread "Finalizer"                  daemon [_thread_blocked, id=1936, stack(0x0000009d1a900000,0x0000009d1aa00000) (1024K)]
  0x00000290d0133be0 JavaThread "Signal Dispatcher"          daemon [_thread_blocked, id=6044, stack(0x0000009d1aa00000,0x0000009d1ab00000) (1024K)]
  0x00000290d0136650 JavaThread "Attach Listener"            daemon [_thread_blocked, id=3068, stack(0x0000009d1ab00000,0x0000009d1ac00000) (1024K)]
  0x00000290d01370b0 JavaThread "Service Thread"             daemon [_thread_blocked, id=2808, stack(0x0000009d1ac00000,0x0000009d1ad00000) (1024K)]
  0x00000290d0137b10 JavaThread "Monitor Deflation Thread"   daemon [_thread_blocked, id=12112, stack(0x0000009d1ad00000,0x0000009d1ae00000) (1024K)]
  0x00000290d01388a0 JavaThread "C2 CompilerThread0"         daemon [_thread_blocked, id=2464, stack(0x0000009d1ae00000,0x0000009d1af00000) (1024K)]
  0x00000290d01a7230 JavaThread "C1 CompilerThread0"         daemon [_thread_blocked, id=4416, stack(0x0000009d1af00000,0x0000009d1b000000) (1024K)]
  0x00000290d0350a60 JavaThread "Common-Cleaner"             daemon [_thread_blocked, id=5880, stack(0x0000009d1b000000,0x0000009d1b100000) (1024K)]
  0x00000290d04d9450 JavaThread "JDWP Transport Listener: dt_socket" daemon [_thread_blocked, id=14596, stack(0x0000009d1b100000,0x0000009d1b200000) (1024K)]
  0x00000290d0468a30 JavaThread "JDWP Event Helper Thread"   daemon [_thread_blocked, id=14600, stack(0x0000009d1b200000,0x0000009d1b300000) (1024K)]
  0x00000290d0544de0 JavaThread "JDWP Command Reader"        daemon [_thread_blocked, id=15120, stack(0x0000009d1b300000,0x0000009d1b400000) (1024K)]
  0x00000290d070e830 JavaThread "Notification Thread"        daemon [_thread_blocked, id=17420, stack(0x0000009d1b600000,0x0000009d1b700000) (1024K)]
Total: 14

Other Threads:
  0x00000290e94207e0 VMThread "VM Thread"                           [id=1572, stack(0x0000009d1a700000,0x0000009d1a800000) (1024K)] _threads_hazard_ptr=0x00000290d05a4120
  0x00000290e940cec0 WatcherThread "VM Periodic Task Thread"        [id=11696, stack(0x0000009d1a600000,0x0000009d1a700000) (1024K)]
  0x00000290e939ca60 WorkerThread "GC Thread#0"                     [id=5756, stack(0x0000009d1a100000,0x0000009d1a200000) (1024K)]
  0x00000290d04cdc20 WorkerThread "GC Thread#1"                     [id=17792, stack(0x0000009d1b700000,0x0000009d1b800000) (1024K)]
  0x00000290d01a1420 WorkerThread "GC Thread#2"                     [id=17808, stack(0x0000009d1b800000,0x0000009d1b900000) (1024K)]
  0x00000290d04e6e10 WorkerThread "GC Thread#3"                     [id=17812, stack(0x0000009d1b900000,0x0000009d1ba00000) (1024K)]
  0x00000290e93a46c0 ConcurrentGCThread "G1 Main Marker"            [id=3808, stack(0x0000009d1a200000,0x0000009d1a300000) (1024K)]
  0x00000290e728c060 WorkerThread "G1 Conc#0"                       [id=9536, stack(0x0000009d1a300000,0x0000009d1a400000) (1024K)]
  0x00000290e93fb9f0 ConcurrentGCThread "G1 Refine#0"               [id=2016, stack(0x0000009d1a400000,0x0000009d1a500000) (1024K)]
  0x00000290e93fc480 ConcurrentGCThread "G1 Service"                [id=11924, stack(0x0000009d1a500000,0x0000009d1a600000) (1024K)]
Total: 10

Threads with active compile tasks:
Total: 0

VM state: synchronizing (normal execution)

VM Mutex/Monitor currently owned by a thread:  ([mutex/lock_event])
[0x00007fff40609b38] Metaspace_lock - owner thread: 0x00000290e71c38f0
[0x00007fff4060bbb8] Threads_lock - owner thread: 0x00000290e94207e0

Heap address: 0x00000000c1c00000, size: 996 MB, Compressed Oops mode: 32-bit

CDS archive(s) mapped at: [0x000002908f000000-0x000002908fc60000-0x000002908fc60000), size 12976128, SharedBaseAddress: 0x000002908f000000, ArchiveRelocationMode: 1.
Compressed class space mapped at: 0x0000029090000000-0x00000290d0000000, reserved size: 1073741824
Narrow klass base: 0x000002908f000000, Narrow klass shift: 0, Narrow klass range: 0x41000000

GC Precious Log:
 CardTable entry size: 512
 Card Set container configuration: InlinePtr #cards 5 size 8 Array Of Cards #cards 12 size 40 Howl #buckets 4 coarsen threshold 1843 Howl Bitmap #cards 512 size 80 coarsen threshold 460 Card regions per heap region 1 cards per card region 2048
 CPUs: 4 total, 4 available
 Memory: 3981M
 Large Page Support: Disabled
 NUMA Support: Disabled
 Compressed Oops: Enabled (32-bit)
 Heap Region Size: 1M
 Heap Min Capacity: 8M
 Heap Initial Capacity: 64M
 Heap Max Capacity: 996M
 Pre-touch: Disabled
 Parallel Workers: 4
 Concurrent Workers: 1
 Concurrent Refinement Workers: 4
 Periodic GC: Disabled

Heap:
 garbage-first heap   total reserved 1019904K, committed 65536K, used 6144K [0x00000000c1c00000, 0x0000000100000000)
  region size 1024K, 7 young (7168K), 2 survivors (2048K)
 Metaspace       used 4615K, committed 4736K, reserved 1114112K
  class space    used 455K, committed 512K, reserved 1048576K

Heap Regions: E=young(eden), S=young(survivor), O=old, HS=humongous(starts), HC=humongous(continues), CS=collection set, F=free, TAMS=top-at-mark-start, PB=parsable bottom
|   0|0x00000000c1c00000, 0x00000000c1c00000, 0x00000000c1d00000|  0%| F|  |TAMS 0x00000000c1c00000| PB 0x00000000c1c00000| Untracked |  0
|   1|0x00000000c1d00000, 0x00000000c1d00000, 0x00000000c1e00000|  0%| F|  |TAMS 0x00000000c1d00000| PB 0x00000000c1d00000| Untracked |  0
|   2|0x00000000c1e00000, 0x00000000c1e00000, 0x00000000c1f00000|  0%| F|  |TAMS 0x00000000c1e00000| PB 0x00000000c1e00000| Untracked |  0
|   3|0x00000000c1f00000, 0x00000000c1f00000, 0x00000000c2000000|  0%| F|  |TAMS 0x00000000c1f00000| PB 0x00000000c1f00000| Untracked |  0
|   4|0x00000000c2000000, 0x00000000c2000000, 0x00000000c2100000|  0%| F|  |TAMS 0x00000000c2000000| PB 0x00000000c2000000| Untracked |  0
|   5|0x00000000c2100000, 0x00000000c2100000, 0x00000000c2200000|  0%| F|  |TAMS 0x00000000c2100000| PB 0x00000000c2100000| Untracked |  0
|   6|0x00000000c2200000, 0x00000000c2200000, 0x00000000c2300000|  0%| F|  |TAMS 0x00000000c2200000| PB 0x00000000c2200000| Untracked |  0
|   7|0x00000000c2300000, 0x00000000c2300000, 0x00000000c2400000|  0%| F|  |TAMS 0x00000000c2300000| PB 0x00000000c2300000| Untracked |  0
|   8|0x00000000c2400000, 0x00000000c2400000, 0x00000000c2500000|  0%| F|  |TAMS 0x00000000c2400000| PB 0x00000000c2400000| Untracked |  0
|   9|0x00000000c2500000, 0x00000000c2500000, 0x00000000c2600000|  0%| F|  |TAMS 0x00000000c2500000| PB 0x00000000c2500000| Untracked |  0
|  10|0x00000000c2600000, 0x00000000c2600000, 0x00000000c2700000|  0%| F|  |TAMS 0x00000000c2600000| PB 0x00000000c2600000| Untracked |  0
|  11|0x00000000c2700000, 0x00000000c2700000, 0x00000000c2800000|  0%| F|  |TAMS 0x00000000c2700000| PB 0x00000000c2700000| Untracked |  0
|  12|0x00000000c2800000, 0x00000000c2800000, 0x00000000c2900000|  0%| F|  |TAMS 0x00000000c2800000| PB 0x00000000c2800000| Untracked |  0
|  13|0x00000000c2900000, 0x00000000c2900000, 0x00000000c2a00000|  0%| F|  |TAMS 0x00000000c2900000| PB 0x00000000c2900000| Untracked |  0
|  14|0x00000000c2a00000, 0x00000000c2a00000, 0x00000000c2b00000|  0%| F|  |TAMS 0x00000000c2a00000| PB 0x00000000c2a00000| Untracked |  0
|  15|0x00000000c2b00000, 0x00000000c2b00000, 0x00000000c2c00000|  0%| F|  |TAMS 0x00000000c2b00000| PB 0x00000000c2b00000| Untracked |  0
|  16|0x00000000c2c00000, 0x00000000c2c00000, 0x00000000c2d00000|  0%| F|  |TAMS 0x00000000c2c00000| PB 0x00000000c2c00000| Untracked |  0
|  17|0x00000000c2d00000, 0x00000000c2d00000, 0x00000000c2e00000|  0%| F|  |TAMS 0x00000000c2d00000| PB 0x00000000c2d00000| Untracked |  0
|  18|0x00000000c2e00000, 0x00000000c2e00000, 0x00000000c2f00000|  0%| F|  |TAMS 0x00000000c2e00000| PB 0x00000000c2e00000| Untracked |  0
|  19|0x00000000c2f00000, 0x00000000c2f00000, 0x00000000c3000000|  0%| F|  |TAMS 0x00000000c2f00000| PB 0x00000000c2f00000| Untracked |  0
|  20|0x00000000c3000000, 0x00000000c3000000, 0x00000000c3100000|  0%| F|  |TAMS 0x00000000c3000000| PB 0x00000000c3000000| Untracked |  0
|  21|0x00000000c3100000, 0x00000000c3100000, 0x00000000c3200000|  0%| F|  |TAMS 0x00000000c3100000| PB 0x00000000c3100000| Untracked |  0
|  22|0x00000000c3200000, 0x00000000c3200000, 0x00000000c3300000|  0%| F|  |TAMS 0x00000000c3200000| PB 0x00000000c3200000| Untracked |  0
|  23|0x00000000c3300000, 0x00000000c3300000, 0x00000000c3400000|  0%| F|  |TAMS 0x00000000c3300000| PB 0x00000000c3300000| Untracked |  0
|  24|0x00000000c3400000, 0x00000000c3400000, 0x00000000c3500000|  0%| F|  |TAMS 0x00000000c3400000| PB 0x00000000c3400000| Untracked |  0
|  25|0x00000000c3500000, 0x00000000c3500000, 0x00000000c3600000|  0%| F|  |TAMS 0x00000000c3500000| PB 0x00000000c3500000| Untracked |  0
|  26|0x00000000c3600000, 0x00000000c3600000, 0x00000000c3700000|  0%| F|  |TAMS 0x00000000c3600000| PB 0x00000000c3600000| Untracked |  0
|  27|0x00000000c3700000, 0x00000000c3700000, 0x00000000c3800000|  0%| F|  |TAMS 0x00000000c3700000| PB 0x00000000c3700000| Untracked |  0
|  28|0x00000000c3800000, 0x00000000c3800000, 0x00000000c3900000|  0%| F|  |TAMS 0x00000000c3800000| PB 0x00000000c3800000| Untracked |  0
|  29|0x00000000c3900000, 0x00000000c3900000, 0x00000000c3a00000|  0%| F|  |TAMS 0x00000000c3900000| PB 0x00000000c3900000| Untracked |  0
|  30|0x00000000c3a00000, 0x00000000c3a00000, 0x00000000c3b00000|  0%| F|  |TAMS 0x00000000c3a00000| PB 0x00000000c3a00000| Untracked |  0
|  31|0x00000000c3b00000, 0x00000000c3b00000, 0x00000000c3c00000|  0%| F|  |TAMS 0x00000000c3b00000| PB 0x00000000c3b00000| Untracked |  0
|  32|0x00000000c3c00000, 0x00000000c3c00000, 0x00000000c3d00000|  0%| F|  |TAMS 0x00000000c3c00000| PB 0x00000000c3c00000| Untracked |  0
|  33|0x00000000c3d00000, 0x00000000c3d00000, 0x00000000c3e00000|  0%| F|  |TAMS 0x00000000c3d00000| PB 0x00000000c3d00000| Untracked |  0
|  34|0x00000000c3e00000, 0x00000000c3e00000, 0x00000000c3f00000|  0%| F|  |TAMS 0x00000000c3e00000| PB 0x00000000c3e00000| Untracked |  0
|  35|0x00000000c3f00000, 0x00000000c3f00000, 0x00000000c4000000|  0%| F|  |TAMS 0x00000000c3f00000| PB 0x00000000c3f00000| Untracked |  0
|  36|0x00000000c4000000, 0x00000000c4000000, 0x00000000c4100000|  0%| F|  |TAMS 0x00000000c4000000| PB 0x00000000c4000000| Untracked |  0
|  37|0x00000000c4100000, 0x00000000c4100000, 0x00000000c4200000|  0%| F|  |TAMS 0x00000000c4100000| PB 0x00000000c4100000| Untracked |  0
|  38|0x00000000c4200000, 0x00000000c4200000, 0x00000000c4300000|  0%| F|  |TAMS 0x00000000c4200000| PB 0x00000000c4200000| Untracked |  0
|  39|0x00000000c4300000, 0x00000000c4300000, 0x00000000c4400000|  0%| F|  |TAMS 0x00000000c4300000| PB 0x00000000c4300000| Untracked |  0
|  40|0x00000000c4400000, 0x00000000c4400000, 0x00000000c4500000|  0%| F|  |TAMS 0x00000000c4400000| PB 0x00000000c4400000| Untracked |  0
|  41|0x00000000c4500000, 0x00000000c4500000, 0x00000000c4600000|  0%| F|  |TAMS 0x00000000c4500000| PB 0x00000000c4500000| Untracked |  0
|  42|0x00000000c4600000, 0x00000000c4600000, 0x00000000c4700000|  0%| F|  |TAMS 0x00000000c4600000| PB 0x00000000c4600000| Untracked |  0
|  43|0x00000000c4700000, 0x00000000c4700000, 0x00000000c4800000|  0%| F|  |TAMS 0x00000000c4700000| PB 0x00000000c4700000| Untracked |  0
|  44|0x00000000c4800000, 0x00000000c4800000, 0x00000000c4900000|  0%| F|  |TAMS 0x00000000c4800000| PB 0x00000000c4800000| Untracked |  0
|  45|0x00000000c4900000, 0x00000000c4900000, 0x00000000c4a00000|  0%| F|  |TAMS 0x00000000c4900000| PB 0x00000000c4900000| Untracked |  0
|  46|0x00000000c4a00000, 0x00000000c4a00000, 0x00000000c4b00000|  0%| F|  |TAMS 0x00000000c4a00000| PB 0x00000000c4a00000| Untracked |  0
|  47|0x00000000c4b00000, 0x00000000c4b00000, 0x00000000c4c00000|  0%| F|  |TAMS 0x00000000c4b00000| PB 0x00000000c4b00000| Untracked |  0
|  48|0x00000000c4c00000, 0x00000000c4d00000, 0x00000000c4d00000|100%| S|CS|TAMS 0x00000000c4c00000| PB 0x00000000c4c00000| Complete |  0
|  49|0x00000000c4d00000, 0x00000000c4e00000, 0x00000000c4e00000|100%| S|CS|TAMS 0x00000000c4d00000| PB 0x00000000c4d00000| Complete |  0
|  50|0x00000000c4e00000, 0x00000000c4e00000, 0x00000000c4f00000|  0%| F|  |TAMS 0x00000000c4e00000| PB 0x00000000c4e00000| Untracked |  0
|  51|0x00000000c4f00000, 0x00000000c4f00000, 0x00000000c5000000|  0%| F|  |TAMS 0x00000000c4f00000| PB 0x00000000c4f00000| Untracked |  0
|  52|0x00000000c5000000, 0x00000000c5000000, 0x00000000c5100000|  0%| F|  |TAMS 0x00000000c5000000| PB 0x00000000c5000000| Untracked |  0
|  53|0x00000000c5100000, 0x00000000c5100000, 0x00000000c5200000|  0%| F|  |TAMS 0x00000000c5100000| PB 0x00000000c5100000| Untracked |  0
|  54|0x00000000c5200000, 0x00000000c5200000, 0x00000000c5300000|  0%| F|  |TAMS 0x00000000c5200000| PB 0x00000000c5200000| Untracked |  0
|  55|0x00000000c5300000, 0x00000000c5300000, 0x00000000c5400000|  0%| F|  |TAMS 0x00000000c5300000| PB 0x00000000c5300000| Untracked |  0
|  56|0x00000000c5400000, 0x00000000c5400000, 0x00000000c5500000|  0%| F|  |TAMS 0x00000000c5400000| PB 0x00000000c5400000| Untracked |  0
|  57|0x00000000c5500000, 0x00000000c5500000, 0x00000000c5600000|  0%| F|  |TAMS 0x00000000c5500000| PB 0x00000000c5500000| Untracked |  0
|  58|0x00000000c5600000, 0x00000000c5600000, 0x00000000c5700000|  0%| F|  |TAMS 0x00000000c5600000| PB 0x00000000c5600000| Untracked |  0
|  59|0x00000000c5700000, 0x00000000c57b0730, 0x00000000c5800000| 68%| E|  |TAMS 0x00000000c5700000| PB 0x00000000c5700000| Complete |  0
|  60|0x00000000c5800000, 0x00000000c5900000, 0x00000000c5900000|100%| E|CS|TAMS 0x00000000c5800000| PB 0x00000000c5800000| Complete |  0
|  61|0x00000000c5900000, 0x00000000c5a00000, 0x00000000c5a00000|100%| E|CS|TAMS 0x00000000c5900000| PB 0x00000000c5900000| Complete |  0
|  62|0x00000000c5a00000, 0x00000000c5b00000, 0x00000000c5b00000|100%| E|CS|TAMS 0x00000000c5a00000| PB 0x00000000c5a00000| Complete |  0
|  63|0x00000000c5b00000, 0x00000000c5c00000, 0x00000000c5c00000|100%| E|CS|TAMS 0x00000000c5b00000| PB 0x00000000c5b00000| Complete |  0

Card table byte_map: [0x00000290f16b0000,0x00000290f18b0000] _byte_map_base: 0x00000290f10a2000

Marking Bits: (CMBitMap*) 0x00000290e939e090
 Bits: [0x00000290f18b0000, 0x00000290f2840000)

Polling page: 0x00000290e7100000

Metaspace:

Usage:
  Non-class:      4.06 MB used.
      Class:    455.13 KB used.
       Both:      4.51 MB used.

Virtual space:
  Non-class space:       64.00 MB reserved,       4.12 MB (  6%) committed,  1 nodes.
      Class space:        1.00 GB reserved,     512.00 KB ( <1%) committed,  1 nodes.
             Both:        1.06 GB reserved,       4.62 MB ( <1%) committed. 

Chunk freelists:
   Non-Class:  10.53 MB
       Class:  15.50 MB
        Both:  26.03 MB

MaxMetaspaceSize: unlimited
CompressedClassSpaceSize: 1.00 GB
Initial GC threshold: 21.00 MB
Current GC threshold: 21.00 MB
CDS: on
 - commit_granule_bytes: 65536.
 - commit_granule_words: 8192.
 - virtual_space_node_default_size: 8388608.
 - enlarge_chunks_in_place: 1.
 - use_allocation_guard: 0.


Internal statistics:

num_allocs_failed_limit: 0.
num_arena_births: 34.
num_arena_deaths: 0.
num_vsnodes_births: 2.
num_vsnodes_deaths: 0.
num_space_committed: 74.
num_space_uncommitted: 0.
num_chunks_returned_to_freelist: 0.
num_chunks_taken_from_freelist: 99.
num_chunk_merges: 0.
num_chunk_splits: 78.
num_chunks_enlarged: 66.
num_inconsistent_stats: 0.

CodeHeap 'non-profiled nmethods': size=120000Kb used=267Kb max_used=267Kb free=119732Kb
 bounds [0x0000029087ad0000, 0x0000029087d40000, 0x000002908f000000]
CodeHeap 'profiled nmethods': size=120000Kb used=1707Kb max_used=1707Kb free=118293Kb
 bounds [0x0000029080000000, 0x0000029080270000, 0x0000029087530000]
CodeHeap 'non-nmethods': size=5760Kb used=1411Kb max_used=1426Kb free=4348Kb
 bounds [0x0000029087530000, 0x00000290877a0000, 0x0000029087ad0000]
 total_blobs=1304 nmethods=853 adapters=356
 compilation: enabled
              stopped_count=0, restarted_count=0
 full_count=0

Compilation events (20 events):
Event: 50.142 Thread 0x00000290d01a7230  844       3       java.util.HashMap::<init> (98 bytes)
Event: 50.144 Thread 0x00000290d01a7230 nmethod 844 0x00000290801a4d10 code [0x00000290801a5020, 0x00000290801a5fa8]
Event: 50.151 Thread 0x00000290d01a7230  845       3       java.lang.invoke.MethodType::parameterSlotCount (8 bytes)
Event: 50.151 Thread 0x00000290d01a7230 nmethod 845 0x00000290801a6610 code [0x00000290801a67a0, 0x00000290801a68d0]
Event: 50.152 Thread 0x00000290d01a7230  846   !   3       org.eclipse.jdt.launching.internal.javaagent.Premain$1::transform (103 bytes)
Event: 50.154 Thread 0x00000290d01a7230 nmethod 846 0x00000290801a6990 code [0x00000290801a6c20, 0x00000290801a7830]
Event: 50.519 Thread 0x00000290d01a7230  847       1       java.lang.invoke.MethodHandles$Lookup::previousLookupClass (5 bytes)
Event: 50.519 Thread 0x00000290d01a7230 nmethod 847 0x0000029087b12390 code [0x0000029087b12520, 0x0000029087b125e8]
Event: 50.562 Thread 0x00000290d01a7230  848       3       jdk.internal.org.objectweb.asm.SymbolTable::addConstantClass (8 bytes)
Event: 50.563 Thread 0x00000290d01a7230 nmethod 848 0x00000290801a7d10 code [0x00000290801a7ec0, 0x00000290801a8018]
Event: 50.564 Thread 0x00000290d01a7230  849       3       sun.invoke.util.VerifyAccess::isClassAccessible (230 bytes)
Event: 50.569 Thread 0x00000290d01a7230 nmethod 849 0x00000290801a8110 code [0x00000290801a8420, 0x00000290801a9248]
Event: 50.576 Thread 0x00000290d01a7230  850       3       jdk.internal.org.objectweb.asm.Frame::push (109 bytes)
Event: 50.577 Thread 0x00000290d01a7230 nmethod 850 0x00000290801a9710 code [0x00000290801a98e0, 0x00000290801a9e38]
Event: 50.577 Thread 0x00000290d01a7230  851       3       jdk.internal.org.objectweb.asm.ByteVector::put122 (93 bytes)
Event: 50.578 Thread 0x00000290d01a7230 nmethod 851 0x00000290801aa010 code [0x00000290801aa1c0, 0x00000290801aa450]
Event: 50.579 Thread 0x00000290d01a7230  852       3       java.lang.invoke.MemberName::getName (25 bytes)
Event: 50.580 Thread 0x00000290d01a7230 nmethod 852 0x00000290801aa610 code [0x00000290801aa7e0, 0x00000290801aab30]
Event: 50.580 Thread 0x00000290d01a7230  853       1       jdk.internal.org.objectweb.asm.SymbolTable::getMajorVersion (5 bytes)
Event: 50.580 Thread 0x00000290d01a7230 nmethod 853 0x0000029087b12690 code [0x0000029087b12820, 0x0000029087b128e8]

GC Heap History (2 events):
Event: 46.124 GC heap before
{Heap before GC invocations=0 (full 0):
 garbage-first heap   total reserved 1019904K, committed 65536K, used 13312K [0x00000000c1c00000, 0x0000000100000000)
  region size 1024K, 14 young (14336K), 0 survivors (0K)
 Metaspace       used 3870K, committed 3968K, reserved 1114112K
  class space    used 363K, committed 448K, reserved 1048576K
}
Event: 46.601 GC heap after
{Heap after GC invocations=1 (full 0):
 garbage-first heap   total reserved 1019904K, committed 65536K, used 2048K [0x00000000c1c00000, 0x0000000100000000)
  region size 1024K, 2 young (2048K), 2 survivors (2048K)
 Metaspace       used 3870K, committed 3968K, reserved 1114112K
  class space    used 363K, committed 448K, reserved 1048576K
}

Dll operation events (9 events):
Event: 0.960 Loaded shared library C:\Program Files\Java\jdk-22\bin\java.dll
Event: 1.661 Loaded shared library C:\Program Files\Java\jdk-22\bin\jsvml.dll
Event: 14.312 Loaded shared library C:\Program Files\Java\jdk-22\bin\zip.dll
Event: 15.073 Loaded shared library C:\Program Files\Java\jdk-22\bin\instrument.dll
Event: 15.157 Loaded shared library C:\Program Files\Java\jdk-22\bin\net.dll
Event: 15.159 Loaded shared library C:\Program Files\Java\jdk-22\bin\nio.dll
Event: 15.221 Loaded shared library C:\Program Files\Java\jdk-22\bin\zip.dll
Event: 33.710 Loaded shared library C:\Program Files\Java\jdk-22\bin\jimage.dll
Event: 39.132 Loaded shared library C:\Program Files\Java\jdk-22\bin\verify.dll

Deoptimization events (20 events):
Event: 48.283 Thread 0x00000290e71c38f0 DEOPT PACKING pc=0x0000029080140b49 sp=0x0000009d1a0fdc00
Event: 48.283 Thread 0x00000290e71c38f0 DEOPT UNPACKING pc=0x0000029087584e42 sp=0x0000009d1a0fd058 mode 1
Event: 48.283 Thread 0x00000290e71c38f0 DEOPT PACKING pc=0x00000290801404e4 sp=0x0000009d1a0fdc90
Event: 48.283 Thread 0x00000290e71c38f0 DEOPT UNPACKING pc=0x0000029087584e42 sp=0x0000009d1a0fd138 mode 1
Event: 48.285 Thread 0x00000290e71c38f0 DEOPT PACKING pc=0x0000029080140b49 sp=0x0000009d1a0fdc00
Event: 48.285 Thread 0x00000290e71c38f0 DEOPT UNPACKING pc=0x0000029087584e42 sp=0x0000009d1a0fd058 mode 1
Event: 48.285 Thread 0x00000290e71c38f0 DEOPT PACKING pc=0x00000290801404e4 sp=0x0000009d1a0fdc90
Event: 48.285 Thread 0x00000290e71c38f0 DEOPT UNPACKING pc=0x0000029087584e42 sp=0x0000009d1a0fd138 mode 1
Event: 48.286 Thread 0x00000290e71c38f0 DEOPT PACKING pc=0x0000029080140b49 sp=0x0000009d1a0fdc00
Event: 48.286 Thread 0x00000290e71c38f0 DEOPT UNPACKING pc=0x0000029087584e42 sp=0x0000009d1a0fd058 mode 1
Event: 48.286 Thread 0x00000290e71c38f0 DEOPT PACKING pc=0x00000290801404e4 sp=0x0000009d1a0fdc90
Event: 48.286 Thread 0x00000290e71c38f0 DEOPT UNPACKING pc=0x0000029087584e42 sp=0x0000009d1a0fd138 mode 1
Event: 48.326 Thread 0x00000290e71c38f0 DEOPT PACKING pc=0x0000029080140b49 sp=0x0000009d1a0fe5c0
Event: 48.326 Thread 0x00000290e71c38f0 DEOPT UNPACKING pc=0x0000029087584e42 sp=0x0000009d1a0fda18 mode 1
Event: 48.326 Thread 0x00000290e71c38f0 DEOPT PACKING pc=0x00000290801404e4 sp=0x0000009d1a0fe650
Event: 48.326 Thread 0x00000290e71c38f0 DEOPT UNPACKING pc=0x0000029087584e42 sp=0x0000009d1a0fdaf8 mode 1
Event: 48.327 Thread 0x00000290e71c38f0 DEOPT PACKING pc=0x0000029080140b49 sp=0x0000009d1a0fe5c0
Event: 48.327 Thread 0x00000290e71c38f0 DEOPT UNPACKING pc=0x0000029087584e42 sp=0x0000009d1a0fda18 mode 1
Event: 48.328 Thread 0x00000290e71c38f0 DEOPT PACKING pc=0x00000290801404e4 sp=0x0000009d1a0fe650
Event: 48.328 Thread 0x00000290e71c38f0 DEOPT UNPACKING pc=0x0000029087584e42 sp=0x0000009d1a0fdaf8 mode 1

Classes loaded (20 events):
Event: 50.143 Loading class java/lang/WeakPairMap$Pair$Weak
Event: 50.143 Loading class java/lang/WeakPairMap$WeakRefPeer
Event: 50.144 Loading class java/lang/WeakPairMap$WeakRefPeer done
Event: 50.144 Loading class java/lang/WeakPairMap$Pair$Weak done
Event: 50.144 Loading class java/lang/WeakPairMap$Pair$Weak$1
Event: 50.144 Loading class java/lang/WeakPairMap$Pair$Weak$1 done
Event: 50.149 Loading class java/lang/reflect/Proxy$ProxyBuilder$ProxyClassContext
Event: 50.150 Loading class java/lang/reflect/Proxy$ProxyBuilder$ProxyClassContext done
Event: 50.152 Loading class java/lang/reflect/ProxyGenerator
Event: 50.153 Loading class java/lang/reflect/ProxyGenerator done
Event: 50.154 Loading class java/lang/reflect/ProxyGenerator$ProxyMethod
Event: 50.154 Loading class java/lang/reflect/ProxyGenerator$ProxyMethod done
Event: 50.154 Loading class java/lang/InterruptedException
Event: 50.516 Loading class java/lang/InterruptedException done
Event: 50.572 Loading class java/lang/reflect/ProxyGenerator$PrimitiveTypeInfo
Event: 50.572 Loading class java/lang/reflect/ProxyGenerator$PrimitiveTypeInfo done
Event: 50.573 Loading class jdk/internal/org/objectweb/asm/Edge
Event: 50.573 Loading class jdk/internal/org/objectweb/asm/Edge done
Event: 50.578 Loading class java/lang/reflect/Proxy$ProxyBuilder$1
Event: 50.578 Loading class java/lang/reflect/Proxy$ProxyBuilder$1 done

Classes unloaded (0 events):
No events

Classes redefined (0 events):
No events

Internal exceptions (4 events):
Event: 30.450 Thread 0x00000290e71c38f0 Exception <a 'java/lang/NoSuchMethodError'{0x00000000c587aeb8}: 'void java.lang.invoke.DirectMethodHandle$Holder.invokeVirtual(java.lang.Object, java.lang.Object)'> (0x00000000c587aeb8) 
thrown [s\open\src\hotspot\share\interpreter\linkResolver.cpp, line 774]
Event: 37.163 Thread 0x00000290e71c38f0 Exception <a 'java/lang/NoSuchMethodError'{0x00000000c57d8d48}: 'void java.lang.invoke.DirectMethodHandle$Holder.invokeStatic(java.lang.Object, java.lang.Object, java.lang.Object)'> (0x00000000c57d8d48) 
thrown [s\open\src\hotspot\share\interpreter\linkResolver.cpp, line 774]
Event: 37.174 Thread 0x00000290e71c38f0 Exception <a 'java/lang/NoSuchMethodError'{0x00000000c57ebb18}: 'java.lang.Object java.lang.invoke.Invokers$Holder.invokeExact_MT(java.lang.Object, java.lang.Object, java.lang.Object, java.lang.Object, java.lang.Object)'> (0x00000000c57ebb18) 
thrown [s\open\src\hotspot\share\interpreter\linkResolver.cpp, line 774]
Event: 50.581 Thread 0x00000290e71c38f0 Exception <a 'java/lang/NoSuchMethodError'{0x00000000c5797378}: 'java.lang.Object java.lang.invoke.DirectMethodHandle$Holder.newInvokeSpecial(java.lang.Object, java.lang.Object, java.lang.Object, java.lang.Object, java.lang.Object)'> (0x00000000c5797378) 
thrown [s\open\src\hotspot\share\interpreter\linkResolver.cpp, line 774]

ZGC Phase Switch (0 events):
No events

VM Operations (20 events):
Event: 40.361 Executing VM operation: Cleanup done
Event: 41.367 Executing VM operation: Cleanup
Event: 41.367 Executing VM operation: Cleanup done
Event: 42.377 Executing VM operation: Cleanup
Event: 42.705 Executing VM operation: Cleanup done
Event: 43.706 Executing VM operation: Cleanup
Event: 43.785 Executing VM operation: Cleanup done
Event: 44.798 Executing VM operation: Cleanup
Event: 45.165 Executing VM operation: Cleanup done
Event: 46.124 Executing VM operation: G1CollectForAllocation (G1 Evacuation Pause)
Event: 46.601 Executing VM operation: G1CollectForAllocation (G1 Evacuation Pause) done
Event: 47.613 Executing VM operation: Cleanup
Event: 48.004 Executing VM operation: Cleanup done
Event: 48.021 Executing VM operation: HandshakeAllThreads (Deoptimize)
Event: 48.021 Executing VM operation: HandshakeAllThreads (Deoptimize) done
Event: 49.026 Executing VM operation: Cleanup
Event: 49.090 Executing VM operation: Cleanup done
Event: 50.099 Executing VM operation: Cleanup
Event: 50.114 Executing VM operation: Cleanup done
Event: 51.116 Executing VM operation: Cleanup

Events (14 events):
Event: 1.318 Thread 0x00000290e71c38f0 Thread added: 0x00000290e71c38f0
Event: 1.657 Thread 0x00000290d012f6b0 Thread added: 0x00000290d012f6b0
Event: 1.657 Thread 0x00000290d0130e20 Thread added: 0x00000290d0130e20
Event: 1.658 Thread 0x00000290d0133be0 Thread added: 0x00000290d0133be0
Event: 1.658 Thread 0x00000290d0136650 Thread added: 0x00000290d0136650
Event: 1.658 Thread 0x00000290d01370b0 Thread added: 0x00000290d01370b0
Event: 1.658 Thread 0x00000290d0137b10 Thread added: 0x00000290d0137b10
Event: 1.658 Thread 0x00000290d01388a0 Thread added: 0x00000290d01388a0
Event: 1.768 Thread 0x00000290d01a7230 Thread added: 0x00000290d01a7230
Event: 2.413 Thread 0x00000290d0350a60 Thread added: 0x00000290d0350a60
Event: 4.934 Thread 0x00000290d04d9450 Thread added: 0x00000290d04d9450
Event: 4.935 Thread 0x00000290d0468a30 Thread added: 0x00000290d0468a30
Event: 5.338 Thread 0x00000290d0544de0 Thread added: 0x00000290d0544de0
Event: 37.667 Thread 0x00000290d070e830 Thread added: 0x00000290d070e830


Dynamic libraries:
0x00007ff6935a0000 - 0x00007ff6935b0000 	C:\Program Files\Java\jdk-22\bin\javaw.exe
0x00007fff8ccd0000 - 0x00007fff8cec8000 	C:\Windows\SYSTEM32\ntdll.dll
0x00007fff8caa0000 - 0x00007fff8cb62000 	C:\Windows\System32\KERNEL32.DLL
0x00007fff8a440000 - 0x00007fff8a736000 	C:\Windows\System32\KERNELBASE.dll
0x00007fff8ab50000 - 0x00007fff8ac50000 	C:\Windows\System32\ucrtbase.dll
0x00007fff86120000 - 0x00007fff86137000 	C:\Program Files\Java\jdk-22\bin\jli.dll
0x00007fff8c9f0000 - 0x00007fff8ca9f000 	C:\Windows\System32\ADVAPI32.dll
0x00007fff8c4c0000 - 0x00007fff8c55e000 	C:\Windows\System32\msvcrt.dll
0x00007fff8c8e0000 - 0x00007fff8c97f000 	C:\Windows\System32\sechost.dll
0x00007fff8b040000 - 0x00007fff8b163000 	C:\Windows\System32\RPCRT4.dll
0x00007fff8a370000 - 0x00007fff8a397000 	C:\Windows\System32\bcrypt.dll
0x00007fff8bdb0000 - 0x00007fff8bf4d000 	C:\Windows\System32\USER32.dll
0x00007fff8ab20000 - 0x00007fff8ab42000 	C:\Windows\System32\win32u.dll
0x00007fff8c3c0000 - 0x00007fff8c3eb000 	C:\Windows\System32\GDI32.dll
0x00007fff8a980000 - 0x00007fff8aa9a000 	C:\Windows\System32\gdi32full.dll
0x00007fff8a3a0000 - 0x00007fff8a43d000 	C:\Windows\System32\msvcp_win.dll
0x00007fff850a0000 - 0x00007fff850bb000 	C:\Program Files\Java\jdk-22\bin\VCRUNTIME140.dll
0x00007fff7bd20000 - 0x00007fff7bfba000 	C:\Windows\WinSxS\amd64_microsoft.windows.common-controls_6595b64144ccf1df_6.0.19041.5794_none_60bcd33171f2783c\COMCTL32.dll
0x00007fff7c380000 - 0x00007fff7c38a000 	C:\Windows\SYSTEM32\VERSION.dll
0x00007fff8b170000 - 0x00007fff8b19f000 	C:\Windows\System32\IMM32.DLL
0x00007fff87660000 - 0x00007fff8766c000 	C:\Program Files\Java\jdk-22\bin\vcruntime140_1.dll
0x00007fff633d0000 - 0x00007fff6345e000 	C:\Program Files\Java\jdk-22\bin\msvcp140.dll
0x00007fff3f9a0000 - 0x00007fff406e7000 	C:\Program Files\Java\jdk-22\bin\server\jvm.dll
0x00007fff8c980000 - 0x00007fff8c9eb000 	C:\Windows\System32\WS2_32.dll
0x00007fff8a1d0000 - 0x00007fff8a21b000 	C:\Windows\SYSTEM32\POWRPROF.dll
0x00007fff7d070000 - 0x00007fff7d097000 	C:\Windows\SYSTEM32\WINMM.dll
0x00007fff8a1b0000 - 0x00007fff8a1c2000 	C:\Windows\SYSTEM32\UMPDC.dll
0x00007fff881b0000 - 0x00007fff881c2000 	C:\Windows\SYSTEM32\kernel.appcore.dll
0x00007fff872b0000 - 0x00007fff872ba000 	C:\Program Files\Java\jdk-22\bin\jimage.dll
0x00007fff87450000 - 0x00007fff87634000 	C:\Windows\SYSTEM32\DBGHELP.DLL
0x00007fff87410000 - 0x00007fff87444000 	C:\Windows\SYSTEM32\dbgcore.DLL
0x00007fff8a8f0000 - 0x00007fff8a972000 	C:\Windows\System32\bcryptPrimitives.dll
0x00007fff630f0000 - 0x00007fff6312c000 	C:\Program Files\Java\jdk-22\bin\jdwp.dll
0x00007fff87220000 - 0x00007fff8722f000 	C:\Program Files\Java\jdk-22\bin\instrument.dll
0x00007fff84fd0000 - 0x00007fff84fee000 	C:\Program Files\Java\jdk-22\bin\java.dll
0x00007fff8b250000 - 0x00007fff8b9be000 	C:\Windows\System32\SHELL32.dll
0x00007fff8ad00000 - 0x00007fff8ae2b000 	C:\Windows\System32\ole32.dll
0x00007fff8c580000 - 0x00007fff8c8d3000 	C:\Windows\System32\combase.dll
0x00007fff883b0000 - 0x00007fff88b53000 	C:\Windows\SYSTEM32\windows.storage.dll
0x00007fff89c00000 - 0x00007fff89c2b000 	C:\Windows\SYSTEM32\Wldp.dll
0x00007fff8c3f0000 - 0x00007fff8c4bd000 	C:\Windows\System32\OLEAUT32.dll
0x00007fff8b1a0000 - 0x00007fff8b24d000 	C:\Windows\System32\SHCORE.dll
0x00007fff8bce0000 - 0x00007fff8bd35000 	C:\Windows\System32\shlwapi.dll
0x00007fff8a2a0000 - 0x00007fff8a2c5000 	C:\Windows\SYSTEM32\profapi.dll
0x00007fff632f0000 - 0x00007fff633c7000 	C:\Program Files\Java\jdk-22\bin\jsvml.dll
0x00007fff87200000 - 0x00007fff8720c000 	C:\Program Files\Java\jdk-22\bin\dt_socket.dll
0x00007fff896d0000 - 0x00007fff8970b000 	C:\Windows\SYSTEM32\IPHLPAPI.DLL
0x00007fff899d0000 - 0x00007fff89a3c000 	C:\Windows\system32\mswsock.dll
0x00007fff89710000 - 0x00007fff897da000 	C:\Windows\SYSTEM32\DNSAPI.dll
0x00007fff8cc20000 - 0x00007fff8cc28000 	C:\Windows\System32\NSI.dll
0x00007fff7e470000 - 0x00007fff7e47a000 	C:\Windows\System32\rasadhlp.dll
0x00007fff7e720000 - 0x00007fff7e7a0000 	C:\Windows\System32\fwpuclnt.dll
0x00007fff82b60000 - 0x00007fff82b77000 	C:\Program Files\Java\jdk-22\bin\zip.dll
0x00007fff865b0000 - 0x00007fff865c0000 	C:\Program Files\Java\jdk-22\bin\net.dll
0x00007fff83930000 - 0x00007fff83946000 	C:\Program Files\Java\jdk-22\bin\nio.dll
0x00007fff85970000 - 0x00007fff85980000 	C:\Program Files\Java\jdk-22\bin\verify.dll

dbghelp: loaded successfully - version: 4.0.5 - missing functions: none
symbol engine: initialized successfully - sym options: 0x614 - pdb path: .;C:\Program Files\Java\jdk-22\bin;C:\Windows\SYSTEM32;C:\Windows\WinSxS\amd64_microsoft.windows.common-controls_6595b64144ccf1df_6.0.19041.5794_none_60bcd33171f2783c;C:\Program Files\Java\jdk-22\bin\server

VM Arguments:
jvm_args: -XX:+ShowCodeDetailsInExceptionMessages -agentlib:jdwp=transport=dt_socket,suspend=y,address=localhost:57419 -javaagent:C:\Users\Admin\eclipse\jee-2024-06\eclipse\configuration\org.eclipse.osgi\448\0\.cp\lib\javaagent-shaded.jar -Dfile.encoding=UTF-8 -Dstdout.encoding=UTF-8 -Dstderr.encoding=UTF-8 
java_command: com.task.Main3
java_class_path (initial): C:\Users\Admin\eclipse-workspace-nov\Spring\target\classes;C:\Users\Admin\.m2\repository\org\springframework\spring-context\5.3.36\spring-context-5.3.36.jar;C:\Users\Admin\.m2\repository\org\springframework\spring-aop\5.3.36\spring-aop-5.3.36.jar;C:\Users\Admin\.m2\repository\org\springframework\spring-beans\5.3.36\spring-beans-5.3.36.jar;C:\Users\Admin\.m2\repository\org\springframework\spring-core\5.3.36\spring-core-5.3.36.jar;C:\Users\Admin\.m2\repository\org\springframework\spring-jcl\5.3.36\spring-jcl-5.3.36.jar;C:\Users\Admin\.m2\repository\org\springframework\spring-expression\5.3.36\spring-expression-5.3.36.jar
Launcher Type: SUN_STANDARD

[Global flags]
     intx CICompilerCount                          = 3                                         {product} {ergonomic}
     uint ConcGCThreads                            = 1                                         {product} {ergonomic}
     uint G1ConcRefinementThreads                  = 4                                         {product} {ergonomic}
   size_t G1HeapRegionSize                         = 1048576                                   {product} {ergonomic}
   size_t InitialHeapSize                          = 67108864                                  {product} {ergonomic}
   size_t MarkStackSize                            = 4194304                                   {product} {ergonomic}
   size_t MaxHeapSize                              = 1044381696                                {product} {ergonomic}
   size_t MaxNewSize                               = 625999872                                 {product} {ergonomic}
   size_t MinHeapDeltaBytes                        = 1048576                                   {product} {ergonomic}
   size_t MinHeapSize                              = 8388608                                   {product} {ergonomic}
    uintx NonNMethodCodeHeapSize                   = 5832780                                {pd product} {ergonomic}
    uintx NonProfiledCodeHeapSize                  = 122912730                              {pd product} {ergonomic}
    uintx ProfiledCodeHeapSize                     = 122912730                              {pd product} {ergonomic}
    uintx ReservedCodeCacheSize                    = 251658240                              {pd product} {ergonomic}
     bool SegmentedCodeCache                       = true                                      {product} {ergonomic}
     bool ShowCodeDetailsInExceptionMessages       = true                                   {manageable} {command line}
   size_t SoftMaxHeapSize                          = 1044381696                             {manageable} {ergonomic}
     bool UseCompressedOops                        = true                           {product lp64_product} {ergonomic}
     bool UseG1GC                                  = true                                      {product} {ergonomic}
     bool UseLargePagesIndividualAllocation        = false                                  {pd product} {ergonomic}

Logging:
Log output configuration:
 #0: stdout all=warning uptime,level,tags foldmultilines=false
 #1: stderr all=off uptime,level,tags foldmultilines=false

Environment Variables:
PATH=C:\Program Files\Common Files\Oracle\Java\javapath;C:\Python312\Scripts\;C:\Python312\;C:\Program Files\Python311\Scripts\;C:\Program Files\Python311\;C:\Windows\system32;C:\Windows;C:\Windows\System32\Wbem;C:\Windows\System32\WindowsPowerShell\v1.0\;C:\Windows\System32\OpenSSH\;C:\Program Files\Microsoft SQL Server\130\Tools\Binn\;C:\Program Files\Microsoft SQL Server\Client SDK\ODBC\170\Tools\Binn\;C:\Program Files\Azure Data Studio\bin;C:\Program Files (x86)\Microsoft SQL Server\150\Tools\Binn\;C:\Program Files\Microsoft SQL Server\150\Tools\Binn\;C:\Program Files\Microsoft SQL Server\150\DTS\Binn\;C:\Program Files (x86)\Microsoft SQL Server\150\DTS\Binn\;C:\ProgramData\chocolatey\bin;C:\Program Files\nodejs\;C:\Program Files\MySQL\MySQL Server 8.0\bin;C:\Program Files\Git\cmd;C:\Program Files\TortoiseGit\bin;C:\Program Files\MySQL\MySQL Shell 8.0\bin\;C:\Users\Admin\AppData\Local\Microsoft\WindowsApps;C:\Program Files\Azure Data Studio\bin;C:\Users\Admin\AppData\Local\Programs\Microsoft VS Code\bin;C:\Users\Admin\AppData\Roaming\npm
USERNAME=Admin
OS=Windows_NT
PROCESSOR_IDENTIFIER=Intel64 Family 6 Model 58 Stepping 9, GenuineIntel
TMP=C:\Users\Admin\AppData\Local\Temp
TEMP=C:\Users\Admin\AppData\Local\Temp




Periodic native trim disabled

---------------  S Y S T E M  ---------------

OS:
 Windows 10 , 64 bit Build 19041 (10.0.19041.5794)
OS uptime: 0 days 6:32 hours
Hyper-V role detected

CPU: total 4 (initial active 4) (2 cores per cpu, 2 threads per core) family 6 model 58 stepping 9 microcode 0x21, cx8, cmov, fxsr, ht, mmx, sse, sse2, sse3, ssse3, sse4.1, sse4.2, popcnt, tsc, tscinvbit, avx, erms, clmul, vzeroupper, clflush, hv, rdtscp, f16c
Processor Information for all 4 processors :
  Max Mhz: 1701, Current Mhz: 1701, Mhz Limit: 1701

Memory: 4k page, system-wide physical 3981M (473M free)
TotalPageFile size 16220M (AvailPageFile size 1808M)
current process WorkingSet (physical memory assigned to process): 30M, peak: 55M
current process commit charge ("private bytes"): 147M, peak: 147M

vm_info: Java HotSpot(TM) 64-Bit Server VM (22.0.1+8-16) for windows-amd64 JRE (22.0.1+8-16), built on 2024-03-12T10:33:16Z by "mach5one" with MS VC++ 17.6 (VS2022)

END.
