#
# There is insufficient memory for the Java Runtime Environment to continue.
# Native memory allocation (mmap) failed to map 65536 bytes. Error detail: Failed to commit metaspace.
# Possible reasons:
#   The system is out of physical RAM or swap space
#   This process is running with CompressedOops enabled, and the Java Heap may be blocking the growth of the native heap
# Possible solutions:
#   Reduce memory load on the system
#   Increase physical memory or swap space
#   Check if swap backing store is full
#   Decrease Java heap size (-Xmx/-Xms)
#   Decrease number of Java threads
#   Decrease Java thread stack sizes (-Xss)
#   Set larger code cache with -XX:ReservedCodeCacheSize=
#   JVM is running with Unscaled Compressed Oops mode in which the Java heap is
#     placed in the first 4GB address space. The Java Heap base address is the
#     maximum limit for the native heap growth. Please use -XX:HeapBaseMinAddress
#     to set the Java Heap base and to place the Java Heap above 4GB virtual address.
# This output file may be truncated or incomplete.
#
#  Out of Memory Error (virtualSpaceNode.cpp:112), pid=14936, tid=12580
#
# JRE version: Java(TM) SE Runtime Environment (22.0.1+8) (build 22.0.1+8-16)
# Java VM: Java HotSpot(TM) 64-Bit Server VM (22.0.1+8-16, mixed mode, sharing, tiered, compressed oops, compressed class ptrs, g1 gc, windows-amd64)
# No core dump will be written. Minidumps are not enabled by default on client versions of Windows
#

---------------  S U M M A R Y ------------

Command Line: -XX:+ShowCodeDetailsInExceptionMessages -agentlib:jdwp=transport=dt_socket,suspend=y,address=localhost:57440 -javaagent:C:\Users\Admin\eclipse\jee-2024-06\eclipse\configuration\org.eclipse.osgi\448\0\.cp\lib\javaagent-shaded.jar -Dfile.encoding=UTF-8 -Dstdout.encoding=UTF-8 -Dstderr.encoding=UTF-8 com.task.Main3

Host: Intel(R) Core(TM) i3-3217U CPU @ 1.80GHz, 4 cores, 3G,  Windows 10 , 64 bit Build 19041 (10.0.19041.5794)
Time: Thu May 15 17:23:58 2025 India Standard Time elapsed time: 61.423335 seconds (0d 0h 1m 1s)

---------------  T H R E A D  ---------------

Current thread (0x0000022c8402fb20):  JavaThread "main"             [_thread_in_vm, id=12580, stack(0x000000d69a800000,0x000000d69a900000) (1024K)]

Stack: [0x000000d69a800000,0x000000d69a900000]
Native frames: (J=compiled Java code, j=interpreted, Vv=VM code, C=native code)
V  [jvm.dll+0x6e2279]  (no source info available)
V  [jvm.dll+0x874e33]  (no source info available)
V  [jvm.dll+0x87725e]  (no source info available)
V  [jvm.dll+0x877933]  (no source info available)
V  [jvm.dll+0x27fd76]  (no source info available)
V  [jvm.dll+0x870a7e]  (no source info available)
V  [jvm.dll+0x6852e5]  (no source info available)
V  [jvm.dll+0x1e3eac]  (no source info available)
V  [jvm.dll+0x1e3c7e]  (no source info available)
V  [jvm.dll+0x687c38]  (no source info available)
V  [jvm.dll+0x2250ac]  (no source info available)
V  [jvm.dll+0x685cfe]  (no source info available)
V  [jvm.dll+0x27cadd]  (no source info available)
V  [jvm.dll+0x27cea1]  (no source info available)
V  [jvm.dll+0x73aa4f]  (no source info available)
V  [jvm.dll+0x73b83f]  (no source info available)
V  [jvm.dll+0x3c8aff]  (no source info available)
V  [jvm.dll+0x3c78fc]  (no source info available)
V  [jvm.dll+0x3c7898]  (no source info available)
V  [jvm.dll+0x5ebdd9]  (no source info available)
V  [jvm.dll+0x5ead44]  (no source info available)
V  [jvm.dll+0x3dd89d]  (no source info available)
V  [jvm.dll+0x3dce9d]  (no source info available)
C  0x0000022c938d4b1c  (no source info available)

The last pc belongs to invokestatic (printed below).
Java frames: (J=compiled Java code, j=interpreted, Vv=VM code)
j  org.springframework.core.annotation.AttributeMethods.<init>(Ljava/lang/Class;[Ljava/lang/reflect/Method;)V+104
j  org.springframework.core.annotation.AttributeMethods.compute(Ljava/lang/Class;)Lorg/springframework/core/annotation/AttributeMethods;+68
j  org.springframework.core.annotation.AttributeMethods$$Lambda+0x0000022ca0082b20.apply(Ljava/lang/Object;)Ljava/lang/Object;+4
j  java.util.concurrent.ConcurrentMap.computeIfAbsent(Ljava/lang/Object;Ljava/util/function/Function;)Ljava/lang/Object;+19 java.base@22.0.1
j  org.springframework.core.annotation.AttributeMethods.forAnnotationType(Ljava/lang/Class;)Lorg/springframework/core/annotation/AttributeMethods;+17
j  org.springframework.core.annotation.AnnotationsScanner.getDeclaredAnnotations(Ljava/lang/reflect/AnnotatedElement;Z)[Ljava/lang/annotation/Annotation;+75
j  org.springframework.core.annotation.AnnotationsScanner.isKnownEmpty(Ljava/lang/reflect/AnnotatedElement;Lorg/springframework/core/annotation/MergedAnnotations$SearchStrategy;)Z+45
j  org.springframework.core.annotation.TypeMappedAnnotations.from(Ljava/lang/reflect/AnnotatedElement;Lorg/springframework/core/annotation/MergedAnnotations$SearchStrategy;Lorg/springframework/core/annotation/RepeatableContainers;Lorg/springframework/core/annotation/AnnotationFilter;)Lorg/springframework/core/annotation/MergedAnnotations;+2
j  org.springframework.core.annotation.MergedAnnotations.from(Ljava/lang/reflect/AnnotatedElement;Lorg/springframework/core/annotation/MergedAnnotations$SearchStrategy;Lorg/springframework/core/annotation/RepeatableContainers;Lorg/springframework/core/annotation/AnnotationFilter;)Lorg/springframework/core/annotation/MergedAnnotations;+16
j  org.springframework.core.annotation.MergedAnnotations.from(Ljava/lang/reflect/AnnotatedElement;Lorg/springframework/core/annotation/MergedAnnotations$SearchStrategy;Lorg/springframework/core/annotation/RepeatableContainers;)Lorg/springframework/core/annotation/MergedAnnotations;+6
j  org.springframework.core.type.StandardAnnotationMetadata.<init>(Ljava/lang/Class;Z)V+13
j  org.springframework.core.type.StandardAnnotationMetadata.from(Ljava/lang/Class;)Lorg/springframework/core/type/AnnotationMetadata;+6
j  org.springframework.core.type.AnnotationMetadata.introspect(Ljava/lang/Class;)Lorg/springframework/core/type/AnnotationMetadata;+1
j  org.springframework.beans.factory.annotation.AnnotatedGenericBeanDefinition.<init>(Ljava/lang/Class;)V+11
j  org.springframework.context.annotation.AnnotatedBeanDefinitionReader.doRegisterBean(Ljava/lang/Class;Ljava/lang/String;[Ljava/lang/Class;Ljava/util/function/Supplier;[Lorg/springframework/beans/factory/config/BeanDefinitionCustomizer;)V+5
j  org.springframework.context.annotation.AnnotatedBeanDefinitionReader.registerBean(Ljava/lang/Class;)V+6
j  org.springframework.context.annotation.AnnotatedBeanDefinitionReader.register([Ljava/lang/Class;)V+23
j  org.springframework.context.annotation.AnnotationConfigApplicationContext.register([Ljava/lang/Class;)V+36
j  org.springframework.context.annotation.AnnotationConfigApplicationContext.<init>([Ljava/lang/Class;)V+6
j  com.task.Main3.main([Ljava/lang/String;)V+13
v  ~StubRoutines::call_stub 0x0000022c938b100d
invokestatic  184 invokestatic  [0x0000022c938d4a80, 0x0000022c938d4e20]  928 bytes
[MachCode]
  0x0000022c938d4a80: 4883 ec08 | c5fa 1104 | 24eb 1f48 | 83ec 10c5 | fb11 0424 | eb14 4883 | ec10 4889 | 0424 48c7 
  0x0000022c938d4aa0: 4424 0800 | 0000 00eb | 0150 488b | 4dd0 410f | b755 0148 | 8b49 306b | d218 488d | 4c11 080f 
  0x0000022c938d4ac0: b659 1681 | fbb8 0000 | 000f 8474 | 0100 00bb | b800 0000 | e805 0000 | 00e9 5001 | 0000 488b 
  0x0000022c938d4ae0: d348 8d44 | 2408 4c89 | 6dc0 498b | cfc5 f877 | 4989 afb0 | 0300 0049 | 8987 a003 | 0000 4883 
  0x0000022c938d4b00: ec20 40f6 | c40f 0f84 | 1900 0000 | 4883 ec08 | 48b8 30ce | d73f ff7f | 0000 ffd0 | 4883 c408 
  0x0000022c938d4b20: e90c 0000 | 0048 b830 | ced7 3fff | 7f00 00ff | d048 83c4 | 2049 c787 | a003 0000 | 0000 0000 
  0x0000022c938d4b40: 49c7 87b0 | 0300 0000 | 0000 0049 | c787 a803 | 0000 0000 | 0000 c5f8 | 7741 8b8f | 3405 0000 
  0x0000022c938d4b60: f6c1 010f | 8442 0000 | 00f6 c102 | 0f85 3900 | 0000 4883 | ec20 40f6 | c40f 0f84 | 1900 0000 
  0x0000022c938d4b80: 4883 ec08 | 48b8 6078 | d73f ff7f | 0000 ffd0 | 4883 c408 | e90c 0000 | 0048 b860 | 78d7 3fff 
  0x0000022c938d4ba0: 7f00 00ff | d048 83c4 | 20ff e049 | 8b8f e005 | 0000 4885 | c90f 8455 | 0000 008b | 899c 0000 
  0x0000022c938d4bc0: 0083 f901 | 0f85 4600 | 0000 498b | 8fe0 0500 | 008b 89a0 | 0000 0048 | 83ec 2040 | f6c4 0f0f 
  0x0000022c938d4be0: 8419 0000 | 0048 83ec | 0848 b850 | 78d7 3fff | 7f00 00ff | d048 83c4 | 08e9 0c00 | 0000 48b8 
  0x0000022c938d4c00: 5078 d73f | ff7f 0000 | ffd0 4883 | c420 ffe0 | 4983 7f08 | 000f 8405 | 0000 00e9 | e0c2 fdff 
  0x0000022c938d4c20: 4c8b 6dc0 | 4c8b 75c8 | 4e8d 74f5 | 00c3 488b | 4dd0 410f | b755 0148 | 8b49 306b | d218 488d 
  0x0000022c938d4c40: 4c11 0848 | 8b19 488b | 5b08 488b | 5b08 488b | 5b18 80bb | 2001 0000 | 050f 840d | 0000 004c 
  0x0000022c938d4c60: 3bbb 3001 | 0000 0f85 | 63fe ffff | 0fb6 5115 | 488b 194c | 896d c044 | 8bea 0fb6 | 5114 49ba 
  0x0000022c938d4c80: 00b9 6140 | ff7f 0000 | 498b 14d2 | 5241 8bd5 | 4c8b 6dc0 | 488b 45d8 | 4885 c00f | 8412 0000 
  0x0000022c938d4ca0: 0048 8340 | 0801 4883 | 5808 0048 | 83c0 1048 | 8945 d848 | 8b45 d848 | 85c0 0f84 | 3d01 0000 
  0x0000022c938d4cc0: 8078 f00a | 0f85 3301 | 0000 4883 | c008 4c8b | 68f8 4183 | ed00 4183 | fd02 0f8c | 1201 0000 
  0x0000022c938d4ce0: 4c8b 6b08 | 450f b76d | 2e4c 2b28 | 4183 ed01 | 4e8b 6cec | 084d 85ed | 750e f640 | 0801 7558 
  0x0000022c938d4d00: f048 8348 | 0801 eb50 | 458b 6d08 | 49ba 0000 | 009f 2c02 | 0000 4d03 | ea4d 8bd5 | 4c33 6808 
  0x0000022c938d4d20: 49f7 c5fc | ffff ff74 | 2f41 f6c5 | 0275 2948 | 8378 0800 | 741e 4883 | 7808 0174 | 174d 8bea 
  0x0000022c938d4d40: 4c33 6808 | 49f7 c5fc | ffff ff74 | 0b48 8348 | 0802 eb04 | 4c89 6808 | 4883 c010 | 4c8b 68e8 
  0x0000022c938d4d60: 4183 ed02 | 4183 fd02 | 0f8c 8400 | 0000 4c8b | 6b08 450f | b76d 2e4c | 2b28 4183 | ed01 4e8b 
  0x0000022c938d4d80: 6cec 084d | 85ed 750e | f640 0801 | 7558 f048 | 8348 0801 | eb50 458b | 6d08 49ba | 0000 009f 
  0x0000022c938d4da0: 2c02 0000 | 4d03 ea4d | 8bd5 4c33 | 6808 49f7 | c5fc ffff | ff74 2f41 | f6c5 0275 | 2948 8378 
  0x0000022c938d4dc0: 0800 741e | 4883 7808 | 0174 174d | 8bea 4c33 | 6808 49f7 | c5fc ffff | ff74 0b48 | 8348 0802 
  0x0000022c938d4de0: eb04 4c89 | 6808 4883 | c010 4c8b | 68d8 4183 | ed04 41c1 | e503 4903 | c548 8945 | d84c 8d6c 
  0x0000022c938d4e00: 2408 498b | cd48 2bcd | 48c1 f903 | 4889 4df0 | 4180 bfe8 | 0500 0000 | 7403 ff63 | 38ff 6350 
[/MachCode]

---------------  P R O C E S S  ---------------

Threads class SMR info:
_java_thread_list=0x0000022ce4275220, length=14, elements={
0x0000022c8402fb20, 0x0000022c9eb702f0, 0x0000022c9eb71b60, 0x0000022c9eb75530,
0x0000022c9eb77fa0, 0x0000022c9eb78a00, 0x0000022c9eb79460, 0x0000022c9eb7a1f0,
0x0000022c9ebeab90, 0x0000022ce40109e0, 0x0000022ce40fde10, 0x0000022ce40fe8c0,
0x0000022ce41622e0, 0x0000022ce43ee1d0
}

Java Threads: ( => current thread )
=>0x0000022c8402fb20 JavaThread "main"                              [_thread_in_vm, id=12580, stack(0x000000d69a800000,0x000000d69a900000) (1024K)]
  0x0000022c9eb702f0 JavaThread "Reference Handler"          daemon [_thread_blocked, id=15752, stack(0x000000d69b000000,0x000000d69b100000) (1024K)]
  0x0000022c9eb71b60 JavaThread "Finalizer"                  daemon [_thread_blocked, id=15756, stack(0x000000d69b100000,0x000000d69b200000) (1024K)]
  0x0000022c9eb75530 JavaThread "Signal Dispatcher"          daemon [_thread_blocked, id=15760, stack(0x000000d69b200000,0x000000d69b300000) (1024K)]
  0x0000022c9eb77fa0 JavaThread "Attach Listener"            daemon [_thread_blocked, id=15764, stack(0x000000d69b300000,0x000000d69b400000) (1024K)]
  0x0000022c9eb78a00 JavaThread "Service Thread"             daemon [_thread_blocked, id=15768, stack(0x000000d69b400000,0x000000d69b500000) (1024K)]
  0x0000022c9eb79460 JavaThread "Monitor Deflation Thread"   daemon [_thread_blocked, id=15772, stack(0x000000d69b500000,0x000000d69b600000) (1024K)]
  0x0000022c9eb7a1f0 JavaThread "C2 CompilerThread0"         daemon [_thread_blocked, id=15776, stack(0x000000d69b600000,0x000000d69b700000) (1024K)]
  0x0000022c9ebeab90 JavaThread "C1 CompilerThread0"         daemon [_thread_blocked, id=15780, stack(0x000000d69b700000,0x000000d69b800000) (1024K)]
  0x0000022ce40109e0 JavaThread "Common-Cleaner"             daemon [_thread_blocked, id=15808, stack(0x000000d69b800000,0x000000d69b900000) (1024K)]
  0x0000022ce40fde10 JavaThread "JDWP Transport Listener: dt_socket" daemon [_thread_blocked, id=16140, stack(0x000000d69ba00000,0x000000d69bb00000) (1024K)]
  0x0000022ce40fe8c0 JavaThread "JDWP Event Helper Thread"   daemon [_thread_blocked, id=16144, stack(0x000000d69bb00000,0x000000d69bc00000) (1024K)]
  0x0000022ce41622e0 JavaThread "JDWP Command Reader"        daemon [_thread_blocked, id=16196, stack(0x000000d69bc00000,0x000000d69bd00000) (1024K)]
  0x0000022ce43ee1d0 JavaThread "Notification Thread"        daemon [_thread_blocked, id=11544, stack(0x000000d69bd00000,0x000000d69be00000) (1024K)]
Total: 14

Other Threads:
  0x0000022c840f0470 VMThread "VM Thread"                           [id=15712, stack(0x000000d69af00000,0x000000d69b000000) (1024K)] _threads_hazard_ptr=0x0000022ce4275220
  0x0000022c840ddb70 WatcherThread "VM Periodic Task Thread"        [id=15696, stack(0x000000d69ae00000,0x000000d69af00000) (1024K)]
  0x0000022c84067ad0 WorkerThread "GC Thread#0"                     [id=6200, stack(0x000000d69a900000,0x000000d69aa00000) (1024K)]
  0x0000022ce47b7ff0 WorkerThread "GC Thread#1"                     [id=17748, stack(0x000000d69c000000,0x000000d69c100000) (1024K)]
  0x0000022ce47ea350 WorkerThread "GC Thread#2"                     [id=17760, stack(0x000000d69c100000,0x000000d69c200000) (1024K)]
  0x0000022ce4877520 WorkerThread "GC Thread#3"                     [id=17764, stack(0x000000d69c200000,0x000000d69c300000) (1024K)]
  0x0000022c84071660 ConcurrentGCThread "G1 Main Marker"            [id=1776, stack(0x000000d69aa00000,0x000000d69ab00000) (1024K)]
  0x0000022c840729d0 WorkerThread "G1 Conc#0"                       [id=11516, stack(0x000000d69ab00000,0x000000d69ac00000) (1024K)]
  0x0000022c840cb9f0 ConcurrentGCThread "G1 Refine#0"               [id=11088, stack(0x000000d69ac00000,0x000000d69ad00000) (1024K)]
  0x0000022c840cc480 ConcurrentGCThread "G1 Service"                [id=2848, stack(0x000000d69ad00000,0x000000d69ae00000) (1024K)]
Total: 10

Threads with active compile tasks:
Total: 0

VM state: synchronizing (normal execution)

VM Mutex/Monitor currently owned by a thread:  ([mutex/lock_event])
[0x00007fff40609b38] Metaspace_lock - owner thread: 0x0000022c8402fb20
[0x00007fff4060bbb8] Threads_lock - owner thread: 0x0000022c840f0470

Heap address: 0x00000000c1c00000, size: 996 MB, Compressed Oops mode: 32-bit

CDS archive(s) mapped at: [0x0000022c9f000000-0x0000022c9fc60000-0x0000022c9fc60000), size 12976128, SharedBaseAddress: 0x0000022c9f000000, ArchiveRelocationMode: 1.
Compressed class space mapped at: 0x0000022ca0000000-0x0000022ce0000000, reserved size: 1073741824
Narrow klass base: 0x0000022c9f000000, Narrow klass shift: 0, Narrow klass range: 0x41000000

GC Precious Log:
 CardTable entry size: 512
 Card Set container configuration: InlinePtr #cards 5 size 8 Array Of Cards #cards 12 size 40 Howl #buckets 4 coarsen threshold 1843 Howl Bitmap #cards 512 size 80 coarsen threshold 460 Card regions per heap region 1 cards per card region 2048
 CPUs: 4 total, 4 available
 Memory: 3981M
 Large Page Support: Disabled
 NUMA Support: Disabled
 Compressed Oops: Enabled (32-bit)
 Heap Region Size: 1M
 Heap Min Capacity: 8M
 Heap Initial Capacity: 64M
 Heap Max Capacity: 996M
 Pre-touch: Disabled
 Parallel Workers: 4
 Concurrent Workers: 1
 Concurrent Refinement Workers: 4
 Periodic GC: Disabled

Heap:
 garbage-first heap   total reserved 1019904K, committed 65536K, used 8192K [0x00000000c1c00000, 0x0000000100000000)
  region size 1024K, 9 young (9216K), 2 survivors (2048K)
 Metaspace       used 4895K, committed 5056K, reserved 1114112K
  class space    used 486K, committed 576K, reserved 1048576K

Heap Regions: E=young(eden), S=young(survivor), O=old, HS=humongous(starts), HC=humongous(continues), CS=collection set, F=free, TAMS=top-at-mark-start, PB=parsable bottom
|   0|0x00000000c1c00000, 0x00000000c1c00000, 0x00000000c1d00000|  0%| F|  |TAMS 0x00000000c1c00000| PB 0x00000000c1c00000| Untracked |  0
|   1|0x00000000c1d00000, 0x00000000c1d00000, 0x00000000c1e00000|  0%| F|  |TAMS 0x00000000c1d00000| PB 0x00000000c1d00000| Untracked |  0
|   2|0x00000000c1e00000, 0x00000000c1e00000, 0x00000000c1f00000|  0%| F|  |TAMS 0x00000000c1e00000| PB 0x00000000c1e00000| Untracked |  0
|   3|0x00000000c1f00000, 0x00000000c1f00000, 0x00000000c2000000|  0%| F|  |TAMS 0x00000000c1f00000| PB 0x00000000c1f00000| Untracked |  0
|   4|0x00000000c2000000, 0x00000000c2000000, 0x00000000c2100000|  0%| F|  |TAMS 0x00000000c2000000| PB 0x00000000c2000000| Untracked |  0
|   5|0x00000000c2100000, 0x00000000c2100000, 0x00000000c2200000|  0%| F|  |TAMS 0x00000000c2100000| PB 0x00000000c2100000| Untracked |  0
|   6|0x00000000c2200000, 0x00000000c2200000, 0x00000000c2300000|  0%| F|  |TAMS 0x00000000c2200000| PB 0x00000000c2200000| Untracked |  0
|   7|0x00000000c2300000, 0x00000000c2300000, 0x00000000c2400000|  0%| F|  |TAMS 0x00000000c2300000| PB 0x00000000c2300000| Untracked |  0
|   8|0x00000000c2400000, 0x00000000c2400000, 0x00000000c2500000|  0%| F|  |TAMS 0x00000000c2400000| PB 0x00000000c2400000| Untracked |  0
|   9|0x00000000c2500000, 0x00000000c2500000, 0x00000000c2600000|  0%| F|  |TAMS 0x00000000c2500000| PB 0x00000000c2500000| Untracked |  0
|  10|0x00000000c2600000, 0x00000000c2600000, 0x00000000c2700000|  0%| F|  |TAMS 0x00000000c2600000| PB 0x00000000c2600000| Untracked |  0
|  11|0x00000000c2700000, 0x00000000c2700000, 0x00000000c2800000|  0%| F|  |TAMS 0x00000000c2700000| PB 0x00000000c2700000| Untracked |  0
|  12|0x00000000c2800000, 0x00000000c2800000, 0x00000000c2900000|  0%| F|  |TAMS 0x00000000c2800000| PB 0x00000000c2800000| Untracked |  0
|  13|0x00000000c2900000, 0x00000000c2900000, 0x00000000c2a00000|  0%| F|  |TAMS 0x00000000c2900000| PB 0x00000000c2900000| Untracked |  0
|  14|0x00000000c2a00000, 0x00000000c2a00000, 0x00000000c2b00000|  0%| F|  |TAMS 0x00000000c2a00000| PB 0x00000000c2a00000| Untracked |  0
|  15|0x00000000c2b00000, 0x00000000c2b00000, 0x00000000c2c00000|  0%| F|  |TAMS 0x00000000c2b00000| PB 0x00000000c2b00000| Untracked |  0
|  16|0x00000000c2c00000, 0x00000000c2c00000, 0x00000000c2d00000|  0%| F|  |TAMS 0x00000000c2c00000| PB 0x00000000c2c00000| Untracked |  0
|  17|0x00000000c2d00000, 0x00000000c2d00000, 0x00000000c2e00000|  0%| F|  |TAMS 0x00000000c2d00000| PB 0x00000000c2d00000| Untracked |  0
|  18|0x00000000c2e00000, 0x00000000c2e00000, 0x00000000c2f00000|  0%| F|  |TAMS 0x00000000c2e00000| PB 0x00000000c2e00000| Untracked |  0
|  19|0x00000000c2f00000, 0x00000000c2f00000, 0x00000000c3000000|  0%| F|  |TAMS 0x00000000c2f00000| PB 0x00000000c2f00000| Untracked |  0
|  20|0x00000000c3000000, 0x00000000c3000000, 0x00000000c3100000|  0%| F|  |TAMS 0x00000000c3000000| PB 0x00000000c3000000| Untracked |  0
|  21|0x00000000c3100000, 0x00000000c3100000, 0x00000000c3200000|  0%| F|  |TAMS 0x00000000c3100000| PB 0x00000000c3100000| Untracked |  0
|  22|0x00000000c3200000, 0x00000000c3200000, 0x00000000c3300000|  0%| F|  |TAMS 0x00000000c3200000| PB 0x00000000c3200000| Untracked |  0
|  23|0x00000000c3300000, 0x00000000c3300000, 0x00000000c3400000|  0%| F|  |TAMS 0x00000000c3300000| PB 0x00000000c3300000| Untracked |  0
|  24|0x00000000c3400000, 0x00000000c3400000, 0x00000000c3500000|  0%| F|  |TAMS 0x00000000c3400000| PB 0x00000000c3400000| Untracked |  0
|  25|0x00000000c3500000, 0x00000000c3500000, 0x00000000c3600000|  0%| F|  |TAMS 0x00000000c3500000| PB 0x00000000c3500000| Untracked |  0
|  26|0x00000000c3600000, 0x00000000c3600000, 0x00000000c3700000|  0%| F|  |TAMS 0x00000000c3600000| PB 0x00000000c3600000| Untracked |  0
|  27|0x00000000c3700000, 0x00000000c3700000, 0x00000000c3800000|  0%| F|  |TAMS 0x00000000c3700000| PB 0x00000000c3700000| Untracked |  0
|  28|0x00000000c3800000, 0x00000000c3800000, 0x00000000c3900000|  0%| F|  |TAMS 0x00000000c3800000| PB 0x00000000c3800000| Untracked |  0
|  29|0x00000000c3900000, 0x00000000c3900000, 0x00000000c3a00000|  0%| F|  |TAMS 0x00000000c3900000| PB 0x00000000c3900000| Untracked |  0
|  30|0x00000000c3a00000, 0x00000000c3a00000, 0x00000000c3b00000|  0%| F|  |TAMS 0x00000000c3a00000| PB 0x00000000c3a00000| Untracked |  0
|  31|0x00000000c3b00000, 0x00000000c3b00000, 0x00000000c3c00000|  0%| F|  |TAMS 0x00000000c3b00000| PB 0x00000000c3b00000| Untracked |  0
|  32|0x00000000c3c00000, 0x00000000c3c00000, 0x00000000c3d00000|  0%| F|  |TAMS 0x00000000c3c00000| PB 0x00000000c3c00000| Untracked |  0
|  33|0x00000000c3d00000, 0x00000000c3d00000, 0x00000000c3e00000|  0%| F|  |TAMS 0x00000000c3d00000| PB 0x00000000c3d00000| Untracked |  0
|  34|0x00000000c3e00000, 0x00000000c3e00000, 0x00000000c3f00000|  0%| F|  |TAMS 0x00000000c3e00000| PB 0x00000000c3e00000| Untracked |  0
|  35|0x00000000c3f00000, 0x00000000c3f00000, 0x00000000c4000000|  0%| F|  |TAMS 0x00000000c3f00000| PB 0x00000000c3f00000| Untracked |  0
|  36|0x00000000c4000000, 0x00000000c4000000, 0x00000000c4100000|  0%| F|  |TAMS 0x00000000c4000000| PB 0x00000000c4000000| Untracked |  0
|  37|0x00000000c4100000, 0x00000000c4100000, 0x00000000c4200000|  0%| F|  |TAMS 0x00000000c4100000| PB 0x00000000c4100000| Untracked |  0
|  38|0x00000000c4200000, 0x00000000c4200000, 0x00000000c4300000|  0%| F|  |TAMS 0x00000000c4200000| PB 0x00000000c4200000| Untracked |  0
|  39|0x00000000c4300000, 0x00000000c4300000, 0x00000000c4400000|  0%| F|  |TAMS 0x00000000c4300000| PB 0x00000000c4300000| Untracked |  0
|  40|0x00000000c4400000, 0x00000000c4400000, 0x00000000c4500000|  0%| F|  |TAMS 0x00000000c4400000| PB 0x00000000c4400000| Untracked |  0
|  41|0x00000000c4500000, 0x00000000c4500000, 0x00000000c4600000|  0%| F|  |TAMS 0x00000000c4500000| PB 0x00000000c4500000| Untracked |  0
|  42|0x00000000c4600000, 0x00000000c4600000, 0x00000000c4700000|  0%| F|  |TAMS 0x00000000c4600000| PB 0x00000000c4600000| Untracked |  0
|  43|0x00000000c4700000, 0x00000000c4700000, 0x00000000c4800000|  0%| F|  |TAMS 0x00000000c4700000| PB 0x00000000c4700000| Untracked |  0
|  44|0x00000000c4800000, 0x00000000c4800000, 0x00000000c4900000|  0%| F|  |TAMS 0x00000000c4800000| PB 0x00000000c4800000| Untracked |  0
|  45|0x00000000c4900000, 0x00000000c4900000, 0x00000000c4a00000|  0%| F|  |TAMS 0x00000000c4900000| PB 0x00000000c4900000| Untracked |  0
|  46|0x00000000c4a00000, 0x00000000c4a00000, 0x00000000c4b00000|  0%| F|  |TAMS 0x00000000c4a00000| PB 0x00000000c4a00000| Untracked |  0
|  47|0x00000000c4b00000, 0x00000000c4b00000, 0x00000000c4c00000|  0%| F|  |TAMS 0x00000000c4b00000| PB 0x00000000c4b00000| Untracked |  0
|  48|0x00000000c4c00000, 0x00000000c4d00000, 0x00000000c4d00000|100%| S|CS|TAMS 0x00000000c4c00000| PB 0x00000000c4c00000| Complete |  0
|  49|0x00000000c4d00000, 0x00000000c4e00000, 0x00000000c4e00000|100%| S|CS|TAMS 0x00000000c4d00000| PB 0x00000000c4d00000| Complete |  0
|  50|0x00000000c4e00000, 0x00000000c4e00000, 0x00000000c4f00000|  0%| F|  |TAMS 0x00000000c4e00000| PB 0x00000000c4e00000| Untracked |  0
|  51|0x00000000c4f00000, 0x00000000c4f00000, 0x00000000c5000000|  0%| F|  |TAMS 0x00000000c4f00000| PB 0x00000000c4f00000| Untracked |  0
|  52|0x00000000c5000000, 0x00000000c5000000, 0x00000000c5100000|  0%| F|  |TAMS 0x00000000c5000000| PB 0x00000000c5000000| Untracked |  0
|  53|0x00000000c5100000, 0x00000000c5100000, 0x00000000c5200000|  0%| F|  |TAMS 0x00000000c5100000| PB 0x00000000c5100000| Untracked |  0
|  54|0x00000000c5200000, 0x00000000c5200000, 0x00000000c5300000|  0%| F|  |TAMS 0x00000000c5200000| PB 0x00000000c5200000| Untracked |  0
|  55|0x00000000c5300000, 0x00000000c5300000, 0x00000000c5400000|  0%| F|  |TAMS 0x00000000c5300000| PB 0x00000000c5300000| Untracked |  0
|  56|0x00000000c5400000, 0x00000000c5400000, 0x00000000c5500000|  0%| F|  |TAMS 0x00000000c5400000| PB 0x00000000c5400000| Untracked |  0
|  57|0x00000000c5500000, 0x00000000c55efb90, 0x00000000c5600000| 93%| E|  |TAMS 0x00000000c5500000| PB 0x00000000c5500000| Complete |  0
|  58|0x00000000c5600000, 0x00000000c5700000, 0x00000000c5700000|100%| E|CS|TAMS 0x00000000c5600000| PB 0x00000000c5600000| Complete |  0
|  59|0x00000000c5700000, 0x00000000c5800000, 0x00000000c5800000|100%| E|CS|TAMS 0x00000000c5700000| PB 0x00000000c5700000| Complete |  0
|  60|0x00000000c5800000, 0x00000000c5900000, 0x00000000c5900000|100%| E|CS|TAMS 0x00000000c5800000| PB 0x00000000c5800000| Complete |  0
|  61|0x00000000c5900000, 0x00000000c5a00000, 0x00000000c5a00000|100%| E|CS|TAMS 0x00000000c5900000| PB 0x00000000c5900000| Complete |  0
|  62|0x00000000c5a00000, 0x00000000c5b00000, 0x00000000c5b00000|100%| E|CS|TAMS 0x00000000c5a00000| PB 0x00000000c5a00000| Complete |  0
|  63|0x00000000c5b00000, 0x00000000c5c00000, 0x00000000c5c00000|100%| E|CS|TAMS 0x00000000c5b00000| PB 0x00000000c5b00000| Complete |  0

Card table byte_map: [0x0000022c9b580000,0x0000022c9b780000] _byte_map_base: 0x0000022c9af72000

Marking Bits: (CMBitMap*) 0x0000022c84069100
 Bits: [0x0000022c9b780000, 0x0000022c9c710000)

Polling page: 0x0000022c821d0000

Metaspace:

Usage:
  Non-class:      4.31 MB used.
      Class:    486.85 KB used.
       Both:      4.78 MB used.

Virtual space:
  Non-class space:       64.00 MB reserved,       4.38 MB (  7%) committed,  1 nodes.
      Class space:        1.00 GB reserved,     576.00 KB ( <1%) committed,  1 nodes.
             Both:        1.06 GB reserved,       4.94 MB ( <1%) committed. 

Chunk freelists:
   Non-Class:  10.36 MB
       Class:  15.47 MB
        Both:  25.83 MB

MaxMetaspaceSize: unlimited
CompressedClassSpaceSize: 1.00 GB
Initial GC threshold: 21.00 MB
Current GC threshold: 21.00 MB
CDS: on
 - commit_granule_bytes: 65536.
 - commit_granule_words: 8192.
 - virtual_space_node_default_size: 8388608.
 - enlarge_chunks_in_place: 1.
 - use_allocation_guard: 0.


Internal statistics:

num_allocs_failed_limit: 0.
num_arena_births: 36.
num_arena_deaths: 0.
num_vsnodes_births: 2.
num_vsnodes_deaths: 0.
num_space_committed: 79.
num_space_uncommitted: 0.
num_chunks_returned_to_freelist: 0.
num_chunks_taken_from_freelist: 115.
num_chunk_merges: 0.
num_chunk_splits: 84.
num_chunks_enlarged: 70.
num_inconsistent_stats: 0.

CodeHeap 'non-profiled nmethods': size=120000Kb used=290Kb max_used=290Kb free=119709Kb
 bounds [0x0000022c93e50000, 0x0000022c940c0000, 0x0000022c9b380000]
CodeHeap 'profiled nmethods': size=120000Kb used=1851Kb max_used=1851Kb free=118148Kb
 bounds [0x0000022c8c380000, 0x0000022c8c5f0000, 0x0000022c938b0000]
CodeHeap 'non-nmethods': size=5760Kb used=1411Kb max_used=1427Kb free=4348Kb
 bounds [0x0000022c938b0000, 0x0000022c93b20000, 0x0000022c93e50000]
 total_blobs=1382 nmethods=931 adapters=356
 compilation: enabled
              stopped_count=0, restarted_count=0
 full_count=0

Compilation events (20 events):
Event: 43.847 Thread 0x0000022c9ebeab90  925       3       jdk.internal.org.objectweb.asm.Frame::push (59 bytes)
Event: 43.849 Thread 0x0000022c9ebeab90 nmethod 925 0x0000022c8c54ae90 code [0x0000022c8c54b0c0, 0x0000022c8c54b838]
Event: 43.849 Thread 0x0000022c9ebeab90  926       3       jdk.internal.org.objectweb.asm.SymbolTable$Entry::<init> (18 bytes)
Event: 43.849 Thread 0x0000022c9ebeab90 nmethod 926 0x0000022c8c54bb90 code [0x0000022c8c54bd40, 0x0000022c8c54bed8]
Event: 43.849 Thread 0x0000022c9ebeab90  927       3       jdk.internal.org.objectweb.asm.Frame::pop (53 bytes)
Event: 43.851 Thread 0x0000022c9ebeab90 nmethod 927 0x0000022c8c54bf90 code [0x0000022c8c54c1e0, 0x0000022c8c54c970]
Event: 43.853 Thread 0x0000022c9ebeab90  928       3       jdk.internal.org.objectweb.asm.ByteVector::putByteArray (49 bytes)
Event: 43.854 Thread 0x0000022c9ebeab90 nmethod 928 0x0000022c8c54cc90 code [0x0000022c8c54ce40, 0x0000022c8c54d100]
Event: 43.855 Thread 0x0000022c9ebeab90  929       3       jdk.internal.org.objectweb.asm.Handler::getExceptionTableSize (10 bytes)
Event: 43.856 Thread 0x0000022c9ebeab90 nmethod 929 0x0000022c8c54d210 code [0x0000022c8c54d3c0, 0x0000022c8c54d5b8]
Event: 43.859 Thread 0x0000022c9ebeab90  930       1       jdk.internal.org.objectweb.asm.MethodWriter::hasAsmInstructions (5 bytes)
Event: 43.859 Thread 0x0000022c9ebeab90 nmethod 930 0x0000022c93e98690 code [0x0000022c93e98820, 0x0000022c93e988f0]
Event: 43.874 Thread 0x0000022c9ebeab90  931       3       java.lang.PublicMethods$Key::matches (31 bytes)
Event: 43.875 Thread 0x0000022c9ebeab90 nmethod 931 0x0000022c8c54d710 code [0x0000022c8c54d8e0, 0x0000022c8c54dc00]
Event: 43.876 Thread 0x0000022c9ebeab90  932       3       java.util.zip.ZipUtils::CENATX_PERMS (9 bytes)
Event: 43.877 Thread 0x0000022c9ebeab90 nmethod 932 0x0000022c8c54dd90 code [0x0000022c8c54df40, 0x0000022c8c54e0f0]
Event: 43.878 Thread 0x0000022c9ebeab90  933       3       java.lang.invoke.MethodType::erase (8 bytes)
Event: 43.879 Thread 0x0000022c9ebeab90 nmethod 933 0x0000022c8c54e210 code [0x0000022c8c54e3a0, 0x0000022c8c54e4d0]
Event: 43.882 Thread 0x0000022c9ebeab90  934       3       jdk.internal.org.objectweb.asm.AnnotationWriter::putAnnotations (67 bytes)
Event: 43.882 Thread 0x0000022c9ebeab90 nmethod 934 0x0000022c8c54e590 code [0x0000022c8c54e7a0, 0x0000022c8c54eb80]

GC Heap History (2 events):
Event: 39.135 GC heap before
{Heap before GC invocations=0 (full 0):
 garbage-first heap   total reserved 1019904K, committed 65536K, used 13312K [0x00000000c1c00000, 0x0000000100000000)
  region size 1024K, 14 young (14336K), 0 survivors (0K)
 Metaspace       used 3859K, committed 3968K, reserved 1114112K
  class space    used 363K, committed 448K, reserved 1048576K
}
Event: 39.517 GC heap after
{Heap after GC invocations=1 (full 0):
 garbage-first heap   total reserved 1019904K, committed 65536K, used 2048K [0x00000000c1c00000, 0x0000000100000000)
  region size 1024K, 2 young (2048K), 2 survivors (2048K)
 Metaspace       used 3859K, committed 3968K, reserved 1114112K
  class space    used 363K, committed 448K, reserved 1048576K
}

Dll operation events (9 events):
Event: 0.243 Loaded shared library C:\Program Files\Java\jdk-22\bin\java.dll
Event: 1.651 Loaded shared library C:\Program Files\Java\jdk-22\bin\jsvml.dll
Event: 7.784 Loaded shared library C:\Program Files\Java\jdk-22\bin\zip.dll
Event: 8.084 Loaded shared library C:\Program Files\Java\jdk-22\bin\instrument.dll
Event: 8.111 Loaded shared library C:\Program Files\Java\jdk-22\bin\net.dll
Event: 8.123 Loaded shared library C:\Program Files\Java\jdk-22\bin\nio.dll
Event: 8.212 Loaded shared library C:\Program Files\Java\jdk-22\bin\zip.dll
Event: 17.937 Loaded shared library C:\Program Files\Java\jdk-22\bin\jimage.dll
Event: 21.336 Loaded shared library C:\Program Files\Java\jdk-22\bin\verify.dll

Deoptimization events (20 events):
Event: 40.901 Thread 0x0000022c8402fb20 DEOPT PACKING pc=0x0000022c8c4b4b64 sp=0x000000d69a8fe8f0
Event: 40.901 Thread 0x0000022c8402fb20 DEOPT UNPACKING pc=0x0000022c93904e42 sp=0x000000d69a8fdd98 mode 1
Event: 42.911 Thread 0x0000022c8402fb20 DEOPT PACKING pc=0x0000022c8c4b51c9 sp=0x000000d69a8fe8b0
Event: 42.911 Thread 0x0000022c8402fb20 DEOPT UNPACKING pc=0x0000022c93904e42 sp=0x000000d69a8fdd08 mode 1
Event: 42.911 Thread 0x0000022c8402fb20 DEOPT PACKING pc=0x0000022c8c4b4b64 sp=0x000000d69a8fe940
Event: 42.911 Thread 0x0000022c8402fb20 DEOPT UNPACKING pc=0x0000022c93904e42 sp=0x000000d69a8fdde8 mode 1
Event: 42.912 Thread 0x0000022c8402fb20 DEOPT PACKING pc=0x0000022c8c4b51c9 sp=0x000000d69a8fe8b0
Event: 42.912 Thread 0x0000022c8402fb20 DEOPT UNPACKING pc=0x0000022c93904e42 sp=0x000000d69a8fdd08 mode 1
Event: 42.912 Thread 0x0000022c8402fb20 DEOPT PACKING pc=0x0000022c8c4b4b64 sp=0x000000d69a8fe940
Event: 42.912 Thread 0x0000022c8402fb20 DEOPT UNPACKING pc=0x0000022c93904e42 sp=0x000000d69a8fdde8 mode 1
Event: 42.912 Thread 0x0000022c8402fb20 DEOPT PACKING pc=0x0000022c8c4b51c9 sp=0x000000d69a8fe8b0
Event: 42.912 Thread 0x0000022c8402fb20 DEOPT UNPACKING pc=0x0000022c93904e42 sp=0x000000d69a8fdd08 mode 1
Event: 42.912 Thread 0x0000022c8402fb20 DEOPT PACKING pc=0x0000022c8c4b4b64 sp=0x000000d69a8fe940
Event: 42.912 Thread 0x0000022c8402fb20 DEOPT UNPACKING pc=0x0000022c93904e42 sp=0x000000d69a8fdde8 mode 1
Event: 42.913 Thread 0x0000022c8402fb20 DEOPT PACKING pc=0x0000022c8c4b51c9 sp=0x000000d69a8fe8b0
Event: 42.913 Thread 0x0000022c8402fb20 DEOPT UNPACKING pc=0x0000022c93904e42 sp=0x000000d69a8fdd08 mode 1
Event: 42.913 Thread 0x0000022c8402fb20 DEOPT PACKING pc=0x0000022c8c4b4b64 sp=0x000000d69a8fe940
Event: 42.913 Thread 0x0000022c8402fb20 DEOPT UNPACKING pc=0x0000022c93904e42 sp=0x000000d69a8fdde8 mode 1
Event: 43.173 Thread 0x0000022c8402fb20 DEOPT PACKING pc=0x0000022c8c4a5f4b sp=0x000000d69a8fcac0
Event: 43.173 Thread 0x0000022c8402fb20 DEOPT UNPACKING pc=0x0000022c93904e42 sp=0x000000d69a8fbfd8 mode 0

Classes loaded (20 events):
Event: 42.510 Loading class java/lang/reflect/ProxyGenerator
Event: 42.513 Loading class java/lang/reflect/ProxyGenerator done
Event: 42.513 Loading class java/lang/reflect/ProxyGenerator$ProxyMethod
Event: 42.514 Loading class java/lang/reflect/ProxyGenerator$ProxyMethod done
Event: 42.514 Loading class java/lang/InterruptedException
Event: 42.514 Loading class java/lang/InterruptedException done
Event: 42.519 Loading class java/lang/reflect/ProxyGenerator$PrimitiveTypeInfo
Event: 42.522 Loading class java/lang/reflect/ProxyGenerator$PrimitiveTypeInfo done
Event: 42.523 Loading class jdk/internal/org/objectweb/asm/Edge
Event: 42.524 Loading class jdk/internal/org/objectweb/asm/Edge done
Event: 42.529 Loading class java/lang/reflect/Proxy$ProxyBuilder$1
Event: 42.529 Loading class java/lang/reflect/Proxy$ProxyBuilder$1 done
Event: 42.908 Loading class java/lang/reflect/UndeclaredThrowableException
Event: 42.909 Loading class java/lang/reflect/UndeclaredThrowableException done
Event: 42.910 Loading class java/lang/Class$AnnotationData
Event: 42.910 Loading class java/lang/Class$AnnotationData done
Event: 43.644 Loading class java/util/ComparableTimSort
Event: 43.645 Loading class java/util/ComparableTimSort done
Event: 43.797 Loading class java/lang/annotation/Repeatable
Event: 43.842 Loading class java/lang/annotation/Repeatable done

Classes unloaded (0 events):
No events

Classes redefined (0 events):
No events

Internal exceptions (5 events):
Event: 15.665 Thread 0x0000022c8402fb20 Exception <a 'java/lang/NoSuchMethodError'{0x00000000c587ae80}: 'void java.lang.invoke.DirectMethodHandle$Holder.invokeVirtual(java.lang.Object, java.lang.Object)'> (0x00000000c587ae80) 
thrown [s\open\src\hotspot\share\interpreter\linkResolver.cpp, line 774]
Event: 20.244 Thread 0x0000022c8402fb20 Exception <a 'java/lang/NoSuchMethodError'{0x00000000c57d8c48}: 'void java.lang.invoke.DirectMethodHandle$Holder.invokeStatic(java.lang.Object, java.lang.Object, java.lang.Object)'> (0x00000000c57d8c48) 
thrown [s\open\src\hotspot\share\interpreter\linkResolver.cpp, line 774]
Event: 20.847 Thread 0x0000022c8402fb20 Exception <a 'java/lang/NoSuchMethodError'{0x00000000c57eba18}: 'java.lang.Object java.lang.invoke.Invokers$Holder.invokeExact_MT(java.lang.Object, java.lang.Object, java.lang.Object, java.lang.Object, java.lang.Object)'> (0x00000000c57eba18) 
thrown [s\open\src\hotspot\share\interpreter\linkResolver.cpp, line 774]
Event: 42.831 Thread 0x0000022c8402fb20 Exception <a 'java/lang/NoSuchMethodError'{0x00000000c5797378}: 'java.lang.Object java.lang.invoke.DirectMethodHandle$Holder.newInvokeSpecial(java.lang.Object, java.lang.Object, java.lang.Object, java.lang.Object, java.lang.Object)'> (0x00000000c5797378) 
thrown [s\open\src\hotspot\share\interpreter\linkResolver.cpp, line 774]
Event: 43.879 Thread 0x0000022c8402fb20 Exception <a 'java/lang/NoSuchMethodError'{0x00000000c558a8c8}: 'int java.lang.invoke.DirectMethodHandle$Holder.invokeStaticInit(java.lang.Object, java.lang.Object, java.lang.Object)'> (0x00000000c558a8c8) 
thrown [s\open\src\hotspot\share\interpreter\linkResolver.cpp, line 774]

ZGC Phase Switch (0 events):
No events

VM Operations (20 events):
Event: 26.202 Executing VM operation: Cleanup done
Event: 27.217 Executing VM operation: Cleanup
Event: 27.248 Executing VM operation: Cleanup done
Event: 36.362 Executing VM operation: Cleanup
Event: 36.502 Executing VM operation: Cleanup done
Event: 37.517 Executing VM operation: Cleanup
Event: 37.518 Executing VM operation: Cleanup done
Event: 38.531 Executing VM operation: Cleanup
Event: 38.531 Executing VM operation: Cleanup done
Event: 39.135 Executing VM operation: G1CollectForAllocation (G1 Evacuation Pause)
Event: 39.517 Executing VM operation: G1CollectForAllocation (G1 Evacuation Pause) done
Event: 40.467 Executing VM operation: HandshakeAllThreads (Deoptimize)
Event: 40.467 Executing VM operation: HandshakeAllThreads (Deoptimize) done
Event: 41.473 Executing VM operation: Cleanup
Event: 41.473 Executing VM operation: Cleanup done
Event: 42.479 Executing VM operation: Cleanup
Event: 42.494 Executing VM operation: Cleanup done
Event: 43.504 Executing VM operation: Cleanup
Event: 43.504 Executing VM operation: Cleanup done
Event: 44.508 Executing VM operation: Cleanup

Events (14 events):
Event: 1.371 Thread 0x0000022c8402fb20 Thread added: 0x0000022c8402fb20
Event: 1.646 Thread 0x0000022c9eb702f0 Thread added: 0x0000022c9eb702f0
Event: 1.646 Thread 0x0000022c9eb71b60 Thread added: 0x0000022c9eb71b60
Event: 1.647 Thread 0x0000022c9eb75530 Thread added: 0x0000022c9eb75530
Event: 1.647 Thread 0x0000022c9eb77fa0 Thread added: 0x0000022c9eb77fa0
Event: 1.647 Thread 0x0000022c9eb78a00 Thread added: 0x0000022c9eb78a00
Event: 1.648 Thread 0x0000022c9eb79460 Thread added: 0x0000022c9eb79460
Event: 1.648 Thread 0x0000022c9eb7a1f0 Thread added: 0x0000022c9eb7a1f0
Event: 1.687 Thread 0x0000022c9ebeab90 Thread added: 0x0000022c9ebeab90
Event: 2.049 Thread 0x0000022ce40109e0 Thread added: 0x0000022ce40109e0
Event: 3.431 Thread 0x0000022ce40fde10 Thread added: 0x0000022ce40fde10
Event: 3.431 Thread 0x0000022ce40fe8c0 Thread added: 0x0000022ce40fe8c0
Event: 3.624 Thread 0x0000022ce41622e0 Thread added: 0x0000022ce41622e0
Event: 20.901 Thread 0x0000022ce43ee1d0 Thread added: 0x0000022ce43ee1d0


Dynamic libraries:
0x00007ff6935a0000 - 0x00007ff6935b0000 	C:\Program Files\Java\jdk-22\bin\javaw.exe
0x00007fff8ccd0000 - 0x00007fff8cec8000 	C:\Windows\SYSTEM32\ntdll.dll
0x00007fff8caa0000 - 0x00007fff8cb62000 	C:\Windows\System32\KERNEL32.DLL
0x00007fff8a440000 - 0x00007fff8a736000 	C:\Windows\System32\KERNELBASE.dll
0x00007fff8ab50000 - 0x00007fff8ac50000 	C:\Windows\System32\ucrtbase.dll
0x00007fff86120000 - 0x00007fff86137000 	C:\Program Files\Java\jdk-22\bin\jli.dll
0x00007fff8c9f0000 - 0x00007fff8ca9f000 	C:\Windows\System32\ADVAPI32.dll
0x00007fff8c4c0000 - 0x00007fff8c55e000 	C:\Windows\System32\msvcrt.dll
0x00007fff8c8e0000 - 0x00007fff8c97f000 	C:\Windows\System32\sechost.dll
0x00007fff8b040000 - 0x00007fff8b163000 	C:\Windows\System32\RPCRT4.dll
0x00007fff8a370000 - 0x00007fff8a397000 	C:\Windows\System32\bcrypt.dll
0x00007fff8bdb0000 - 0x00007fff8bf4d000 	C:\Windows\System32\USER32.dll
0x00007fff8ab20000 - 0x00007fff8ab42000 	C:\Windows\System32\win32u.dll
0x00007fff8c3c0000 - 0x00007fff8c3eb000 	C:\Windows\System32\GDI32.dll
0x00007fff8a980000 - 0x00007fff8aa9a000 	C:\Windows\System32\gdi32full.dll
0x00007fff8a3a0000 - 0x00007fff8a43d000 	C:\Windows\System32\msvcp_win.dll
0x00007fff850a0000 - 0x00007fff850bb000 	C:\Program Files\Java\jdk-22\bin\VCRUNTIME140.dll
0x00007fff7bd20000 - 0x00007fff7bfba000 	C:\Windows\WinSxS\amd64_microsoft.windows.common-controls_6595b64144ccf1df_6.0.19041.5794_none_60bcd33171f2783c\COMCTL32.dll
0x00007fff7c380000 - 0x00007fff7c38a000 	C:\Windows\SYSTEM32\VERSION.dll
0x00007fff8b170000 - 0x00007fff8b19f000 	C:\Windows\System32\IMM32.DLL
0x00007fff87660000 - 0x00007fff8766c000 	C:\Program Files\Java\jdk-22\bin\vcruntime140_1.dll
0x00007fff633d0000 - 0x00007fff6345e000 	C:\Program Files\Java\jdk-22\bin\msvcp140.dll
0x00007fff3f9a0000 - 0x00007fff406e7000 	C:\Program Files\Java\jdk-22\bin\server\jvm.dll
0x00007fff8c980000 - 0x00007fff8c9eb000 	C:\Windows\System32\WS2_32.dll
0x00007fff8a1d0000 - 0x00007fff8a21b000 	C:\Windows\SYSTEM32\POWRPROF.dll
0x00007fff7d070000 - 0x00007fff7d097000 	C:\Windows\SYSTEM32\WINMM.dll
0x00007fff8a1b0000 - 0x00007fff8a1c2000 	C:\Windows\SYSTEM32\UMPDC.dll
0x00007fff881b0000 - 0x00007fff881c2000 	C:\Windows\SYSTEM32\kernel.appcore.dll
0x00007fff872b0000 - 0x00007fff872ba000 	C:\Program Files\Java\jdk-22\bin\jimage.dll
0x00007fff87450000 - 0x00007fff87634000 	C:\Windows\SYSTEM32\DBGHELP.DLL
0x00007fff87410000 - 0x00007fff87444000 	C:\Windows\SYSTEM32\dbgcore.DLL
0x00007fff8a8f0000 - 0x00007fff8a972000 	C:\Windows\System32\bcryptPrimitives.dll
0x00007fff630f0000 - 0x00007fff6312c000 	C:\Program Files\Java\jdk-22\bin\jdwp.dll
0x00007fff87220000 - 0x00007fff8722f000 	C:\Program Files\Java\jdk-22\bin\instrument.dll
0x00007fff84fd0000 - 0x00007fff84fee000 	C:\Program Files\Java\jdk-22\bin\java.dll
0x00007fff8b250000 - 0x00007fff8b9be000 	C:\Windows\System32\SHELL32.dll
0x00007fff8ad00000 - 0x00007fff8ae2b000 	C:\Windows\System32\ole32.dll
0x00007fff8c580000 - 0x00007fff8c8d3000 	C:\Windows\System32\combase.dll
0x00007fff883b0000 - 0x00007fff88b53000 	C:\Windows\SYSTEM32\windows.storage.dll
0x00007fff89c00000 - 0x00007fff89c2b000 	C:\Windows\SYSTEM32\Wldp.dll
0x00007fff8c3f0000 - 0x00007fff8c4bd000 	C:\Windows\System32\OLEAUT32.dll
0x00007fff8b1a0000 - 0x00007fff8b24d000 	C:\Windows\System32\SHCORE.dll
0x00007fff8bce0000 - 0x00007fff8bd35000 	C:\Windows\System32\shlwapi.dll
0x00007fff8a2a0000 - 0x00007fff8a2c5000 	C:\Windows\SYSTEM32\profapi.dll
0x00007fff632f0000 - 0x00007fff633c7000 	C:\Program Files\Java\jdk-22\bin\jsvml.dll
0x00007fff87200000 - 0x00007fff8720c000 	C:\Program Files\Java\jdk-22\bin\dt_socket.dll
0x00007fff896d0000 - 0x00007fff8970b000 	C:\Windows\SYSTEM32\IPHLPAPI.DLL
0x00007fff899d0000 - 0x00007fff89a3c000 	C:\Windows\system32\mswsock.dll
0x00007fff89710000 - 0x00007fff897da000 	C:\Windows\SYSTEM32\DNSAPI.dll
0x00007fff8cc20000 - 0x00007fff8cc28000 	C:\Windows\System32\NSI.dll
0x00007fff7e470000 - 0x00007fff7e47a000 	C:\Windows\System32\rasadhlp.dll
0x00007fff7e720000 - 0x00007fff7e7a0000 	C:\Windows\System32\fwpuclnt.dll
0x00007fff82b60000 - 0x00007fff82b77000 	C:\Program Files\Java\jdk-22\bin\zip.dll
0x00007fff865b0000 - 0x00007fff865c0000 	C:\Program Files\Java\jdk-22\bin\net.dll
0x00007fff83930000 - 0x00007fff83946000 	C:\Program Files\Java\jdk-22\bin\nio.dll
0x00007fff85970000 - 0x00007fff85980000 	C:\Program Files\Java\jdk-22\bin\verify.dll

dbghelp: loaded successfully - version: 4.0.5 - missing functions: none
symbol engine: initialized successfully - sym options: 0x614 - pdb path: .;C:\Program Files\Java\jdk-22\bin;C:\Windows\SYSTEM32;C:\Windows\WinSxS\amd64_microsoft.windows.common-controls_6595b64144ccf1df_6.0.19041.5794_none_60bcd33171f2783c;C:\Program Files\Java\jdk-22\bin\server

VM Arguments:
jvm_args: -XX:+ShowCodeDetailsInExceptionMessages -agentlib:jdwp=transport=dt_socket,suspend=y,address=localhost:57440 -javaagent:C:\Users\Admin\eclipse\jee-2024-06\eclipse\configuration\org.eclipse.osgi\448\0\.cp\lib\javaagent-shaded.jar -Dfile.encoding=UTF-8 -Dstdout.encoding=UTF-8 -Dstderr.encoding=UTF-8 
java_command: com.task.Main3
java_class_path (initial): C:\Users\Admin\eclipse-workspace-nov\Spring\target\classes;C:\Users\Admin\.m2\repository\org\springframework\spring-context\5.3.36\spring-context-5.3.36.jar;C:\Users\Admin\.m2\repository\org\springframework\spring-aop\5.3.36\spring-aop-5.3.36.jar;C:\Users\Admin\.m2\repository\org\springframework\spring-beans\5.3.36\spring-beans-5.3.36.jar;C:\Users\Admin\.m2\repository\org\springframework\spring-core\5.3.36\spring-core-5.3.36.jar;C:\Users\Admin\.m2\repository\org\springframework\spring-jcl\5.3.36\spring-jcl-5.3.36.jar;C:\Users\Admin\.m2\repository\org\springframework\spring-expression\5.3.36\spring-expression-5.3.36.jar
Launcher Type: SUN_STANDARD

[Global flags]
     intx CICompilerCount                          = 3                                         {product} {ergonomic}
     uint ConcGCThreads                            = 1                                         {product} {ergonomic}
     uint G1ConcRefinementThreads                  = 4                                         {product} {ergonomic}
   size_t G1HeapRegionSize                         = 1048576                                   {product} {ergonomic}
   size_t InitialHeapSize                          = 67108864                                  {product} {ergonomic}
   size_t MarkStackSize                            = 4194304                                   {product} {ergonomic}
   size_t MaxHeapSize                              = 1044381696                                {product} {ergonomic}
   size_t MaxNewSize                               = 625999872                                 {product} {ergonomic}
   size_t MinHeapDeltaBytes                        = 1048576                                   {product} {ergonomic}
   size_t MinHeapSize                              = 8388608                                   {product} {ergonomic}
    uintx NonNMethodCodeHeapSize                   = 5832780                                {pd product} {ergonomic}
    uintx NonProfiledCodeHeapSize                  = 122912730                              {pd product} {ergonomic}
    uintx ProfiledCodeHeapSize                     = 122912730                              {pd product} {ergonomic}
    uintx ReservedCodeCacheSize                    = 251658240                              {pd product} {ergonomic}
     bool SegmentedCodeCache                       = true                                      {product} {ergonomic}
     bool ShowCodeDetailsInExceptionMessages       = true                                   {manageable} {command line}
   size_t SoftMaxHeapSize                          = 1044381696                             {manageable} {ergonomic}
     bool UseCompressedOops                        = true                           {product lp64_product} {ergonomic}
     bool UseG1GC                                  = true                                      {product} {ergonomic}
     bool UseLargePagesIndividualAllocation        = false                                  {pd product} {ergonomic}

Logging:
Log output configuration:
 #0: stdout all=warning uptime,level,tags foldmultilines=false
 #1: stderr all=off uptime,level,tags foldmultilines=false

Environment Variables:
PATH=C:\Program Files\Common Files\Oracle\Java\javapath;C:\Python312\Scripts\;C:\Python312\;C:\Program Files\Python311\Scripts\;C:\Program Files\Python311\;C:\Windows\system32;C:\Windows;C:\Windows\System32\Wbem;C:\Windows\System32\WindowsPowerShell\v1.0\;C:\Windows\System32\OpenSSH\;C:\Program Files\Microsoft SQL Server\130\Tools\Binn\;C:\Program Files\Microsoft SQL Server\Client SDK\ODBC\170\Tools\Binn\;C:\Program Files\Azure Data Studio\bin;C:\Program Files (x86)\Microsoft SQL Server\150\Tools\Binn\;C:\Program Files\Microsoft SQL Server\150\Tools\Binn\;C:\Program Files\Microsoft SQL Server\150\DTS\Binn\;C:\Program Files (x86)\Microsoft SQL Server\150\DTS\Binn\;C:\ProgramData\chocolatey\bin;C:\Program Files\nodejs\;C:\Program Files\MySQL\MySQL Server 8.0\bin;C:\Program Files\Git\cmd;C:\Program Files\TortoiseGit\bin;C:\Program Files\MySQL\MySQL Shell 8.0\bin\;C:\Users\Admin\AppData\Local\Microsoft\WindowsApps;C:\Program Files\Azure Data Studio\bin;C:\Users\Admin\AppData\Local\Programs\Microsoft VS Code\bin;C:\Users\Admin\AppData\Roaming\npm
USERNAME=Admin
OS=Windows_NT
PROCESSOR_IDENTIFIER=Intel64 Family 6 Model 58 Stepping 9, GenuineIntel
TMP=C:\Users\Admin\AppData\Local\Temp
TEMP=C:\Users\Admin\AppData\Local\Temp




Periodic native trim disabled

---------------  S Y S T E M  ---------------

OS:
 Windows 10 , 64 bit Build 19041 (10.0.19041.5794)
OS uptime: 0 days 6:32 hours
Hyper-V role detected

CPU: total 4 (initial active 4) (2 cores per cpu, 2 threads per core) family 6 model 58 stepping 9 microcode 0x21, cx8, cmov, fxsr, ht, mmx, sse, sse2, sse3, ssse3, sse4.1, sse4.2, popcnt, tsc, tscinvbit, avx, erms, clmul, vzeroupper, clflush, hv, rdtscp, f16c
Processor Information for all 4 processors :
  Max Mhz: 1701, Current Mhz: 1701, Mhz Limit: 1701

Memory: 4k page, system-wide physical 3981M (408M free)
TotalPageFile size 16220M (AvailPageFile size 1401M)
current process WorkingSet (physical memory assigned to process): 60M, peak: 66M
current process commit charge ("private bytes"): 142M, peak: 147M

vm_info: Java HotSpot(TM) 64-Bit Server VM (22.0.1+8-16) for windows-amd64 JRE (22.0.1+8-16), built on 2024-03-12T10:33:16Z by "mach5one" with MS VC++ 17.6 (VS2022)

END.
