#
# There is insufficient memory for the Java Runtime Environment to continue.
# Native memory allocation (malloc) failed to allocate 410960 bytes. Error detail: Chunk::new
# Possible reasons:
#   The system is out of physical RAM or swap space
#   This process is running with CompressedOops enabled, and the Java Heap may be blocking the growth of the native heap
# Possible solutions:
#   Reduce memory load on the system
#   Increase physical memory or swap space
#   Check if swap backing store is full
#   Decrease Java heap size (-Xmx/-Xms)
#   Decrease number of Java threads
#   Decrease Java thread stack sizes (-Xss)
#   Set larger code cache with -XX:ReservedCodeCacheSize=
#   JVM is running with Unscaled Compressed Oops mode in which the Java heap is
#     placed in the first 4GB address space. The Java Heap base address is the
#     maximum limit for the native heap growth. Please use -XX:HeapBaseMinAddress
#     to set the Java Heap base and to place the Java Heap above 4GB virtual address.
# This output file may be truncated or incomplete.
#
#  Out of Memory Error (arena.cpp:150), pid=2556, tid=14364
#
# JRE version: Java(TM) SE Runtime Environment (22.0.1+8) (build 22.0.1+8-16)
# Java VM: Java HotSpot(TM) 64-Bit Server VM (22.0.1+8-16, mixed mode, sharing, tiered, compressed oops, compressed class ptrs, g1 gc, windows-amd64)
# No core dump will be written. Minidumps are not enabled by default on client versions of Windows
#

---------------  S U M M A R Y ------------

Command Line: -XX:+ShowCodeDetailsInExceptionMessages -agentlib:jdwp=transport=dt_socket,suspend=y,address=localhost:57448 -javaagent:C:\Users\Admin\eclipse\jee-2024-06\eclipse\configuration\org.eclipse.osgi\448\0\.cp\lib\javaagent-shaded.jar -Dfile.encoding=UTF-8 -Dstdout.encoding=UTF-8 -Dstderr.encoding=UTF-8 com.task.Main3

Host: Intel(R) Core(TM) i3-3217U CPU @ 1.80GHz, 4 cores, 3G,  Windows 10 , 64 bit Build 19041 (10.0.19041.5794)
Time: Thu May 15 17:23:56 2025 India Standard Time elapsed time: 65.291981 seconds (0d 0h 1m 5s)

---------------  T H R E A D  ---------------

Current thread (0x0000017d5013a0f0):  JavaThread "C2 CompilerThread0" daemon [_thread_in_native, id=14364, stack(0x0000005677c00000,0x0000005677d00000) (1024K)]


Current CompileTask:
C2:65292 1156 %     4       org.eclipse.jdt.launching.internal.org.objectweb.asm.SymbolTable::<init> @ 98 (536 bytes)

Stack: [0x0000005677c00000,0x0000005677d00000]
Native frames: (J=compiled Java code, j=interpreted, Vv=VM code, C=native code)
V  [jvm.dll+0x6e2279]  (no source info available)
V  [jvm.dll+0x874e33]  (no source info available)
V  [jvm.dll+0x87725e]  (no source info available)
V  [jvm.dll+0x877933]  (no source info available)
V  [jvm.dll+0x27fd76]  (no source info available)
V  [jvm.dll+0xc3d0f]  (no source info available)
V  [jvm.dll+0xc3f6b]  (no source info available)
V  [jvm.dll+0x1d78af]  (no source info available)
V  [jvm.dll+0x6729d5]  (no source info available)
V  [jvm.dll+0x670ee5]  (no source info available)
V  [jvm.dll+0x247797]  (no source info available)
V  [jvm.dll+0x246fbf]  (no source info available)
V  [jvm.dll+0x1c4e90]  (no source info available)
V  [jvm.dll+0x2569fe]  (no source info available)
V  [jvm.dll+0x254cba]  (no source info available)
V  [jvm.dll+0x3f5336]  (no source info available)
V  [jvm.dll+0x81d44b]  (no source info available)
V  [jvm.dll+0x6e0915]  (no source info available)
C  [ucrtbase.dll+0x21bb2]  (no source info available)
C  [KERNEL32.DLL+0x17374]  (no source info available)
C  [ntdll.dll+0x4cc91]  (no source info available)


---------------  P R O C E S S  ---------------

Threads class SMR info:
_java_thread_list=0x0000017d50594af0, length=14, elements={
0x0000017d6e2ff7d0, 0x0000017d501302f0, 0x0000017d50131b60, 0x0000017d501350b0,
0x0000017d50137ea0, 0x0000017d50138900, 0x0000017d50139360, 0x0000017d5013a0f0,
0x0000017d501a8e90, 0x0000017d50338290, 0x0000017d504e0e30, 0x0000017d504e4310,
0x0000017d504e49a0, 0x0000017d550905c0
}

Java Threads: ( => current thread )
  0x0000017d6e2ff7d0 JavaThread "main"                              [_thread_in_native, id=6464, stack(0x0000005676e00000,0x0000005676f00000) (1024K)]
  0x0000017d501302f0 JavaThread "Reference Handler"          daemon [_thread_blocked, id=14340, stack(0x0000005677600000,0x0000005677700000) (1024K)]
  0x0000017d50131b60 JavaThread "Finalizer"                  daemon [_thread_blocked, id=14344, stack(0x0000005677700000,0x0000005677800000) (1024K)]
  0x0000017d501350b0 JavaThread "Signal Dispatcher"          daemon [_thread_blocked, id=14348, stack(0x0000005677800000,0x0000005677900000) (1024K)]
  0x0000017d50137ea0 JavaThread "Attach Listener"            daemon [_thread_blocked, id=14352, stack(0x0000005677900000,0x0000005677a00000) (1024K)]
  0x0000017d50138900 JavaThread "Service Thread"             daemon [_thread_blocked, id=14356, stack(0x0000005677a00000,0x0000005677b00000) (1024K)]
  0x0000017d50139360 JavaThread "Monitor Deflation Thread"   daemon [_thread_blocked, id=14360, stack(0x0000005677b00000,0x0000005677c00000) (1024K)]
=>0x0000017d5013a0f0 JavaThread "C2 CompilerThread0"         daemon [_thread_in_native, id=14364, stack(0x0000005677c00000,0x0000005677d00000) (1024K)]
  0x0000017d501a8e90 JavaThread "C1 CompilerThread0"         daemon [_thread_blocked, id=14376, stack(0x0000005677d00000,0x0000005677e00000) (1024K)]
  0x0000017d50338290 JavaThread "Common-Cleaner"             daemon [_thread_blocked, id=14432, stack(0x0000005677e00000,0x0000005677f00000) (1024K)]
  0x0000017d504e0e30 JavaThread "JDWP Transport Listener: dt_socket" daemon [_thread_blocked, id=14696, stack(0x0000005677f00000,0x0000005678000000) (1024K)]
  0x0000017d504e4310 JavaThread "JDWP Event Helper Thread"   daemon [_thread_blocked, id=14708, stack(0x0000005678000000,0x0000005678100000) (1024K)]
  0x0000017d504e49a0 JavaThread "JDWP Command Reader"        daemon [_thread_in_native, id=15212, stack(0x0000005678100000,0x0000005678200000) (1024K)]
  0x0000017d550905c0 JavaThread "Notification Thread"        daemon [_thread_blocked, id=4680, stack(0x0000005678200000,0x0000005678300000) (1024K)]
Total: 14

Other Threads:
  0x0000017d6e3c0460 VMThread "VM Thread"                           [id=8604, stack(0x0000005677500000,0x0000005677600000) (1024K)]
  0x0000017d6e3adb60 WatcherThread "VM Periodic Task Thread"        [id=14132, stack(0x0000005677400000,0x0000005677500000) (1024K)]
  0x0000017d6e337ab0 WorkerThread "GC Thread#0"                     [id=9032, stack(0x0000005676f00000,0x0000005677000000) (1024K)]
  0x0000017d5504a500 WorkerThread "GC Thread#1"                     [id=17460, stack(0x0000005678500000,0x0000005678600000) (1024K)]
  0x0000017d551f3ba0 WorkerThread "GC Thread#2"                     [id=17496, stack(0x0000005678600000,0x0000005678700000) (1024K)]
  0x0000017d551c04e0 WorkerThread "GC Thread#3"                     [id=17500, stack(0x0000005678700000,0x0000005678800000) (1024K)]
  0x0000017d6e341640 ConcurrentGCThread "G1 Main Marker"            [id=9176, stack(0x0000005677000000,0x0000005677100000) (1024K)]
  0x0000017d6e3429b0 WorkerThread "G1 Conc#0"                       [id=10728, stack(0x0000005677100000,0x0000005677200000) (1024K)]
  0x0000017d6e39b9b0 ConcurrentGCThread "G1 Refine#0"               [id=10328, stack(0x0000005677200000,0x0000005677300000) (1024K)]
  0x0000017d6e39c440 ConcurrentGCThread "G1 Service"                [id=5384, stack(0x0000005677300000,0x0000005677400000) (1024K)]
Total: 10

Threads with active compile tasks:
C2 CompilerThread0  72432 1156 %     4       org.eclipse.jdt.launching.internal.org.objectweb.asm.SymbolTable::<init> @ 98 (536 bytes)
Total: 1

VM state: not at safepoint (normal execution)

VM Mutex/Monitor currently owned by a thread: None

Heap address: 0x00000000c1c00000, size: 996 MB, Compressed Oops mode: 32-bit

CDS archive(s) mapped at: [0x0000017d0f000000-0x0000017d0fc60000-0x0000017d0fc60000), size 12976128, SharedBaseAddress: 0x0000017d0f000000, ArchiveRelocationMode: 1.
Compressed class space mapped at: 0x0000017d10000000-0x0000017d50000000, reserved size: 1073741824
Narrow klass base: 0x0000017d0f000000, Narrow klass shift: 0, Narrow klass range: 0x41000000

GC Precious Log:
 CardTable entry size: 512
 Card Set container configuration: InlinePtr #cards 5 size 8 Array Of Cards #cards 12 size 40 Howl #buckets 4 coarsen threshold 1843 Howl Bitmap #cards 512 size 80 coarsen threshold 460 Card regions per heap region 1 cards per card region 2048
 CPUs: 4 total, 4 available
 Memory: 3981M
 Large Page Support: Disabled
 NUMA Support: Disabled
 Compressed Oops: Enabled (32-bit)
 Heap Region Size: 1M
 Heap Min Capacity: 8M
 Heap Initial Capacity: 64M
 Heap Max Capacity: 996M
 Pre-touch: Disabled
 Parallel Workers: 4
 Concurrent Workers: 1
 Concurrent Refinement Workers: 4
 Periodic GC: Disabled

Heap:
 garbage-first heap   total reserved 1019904K, committed 65536K, used 19456K [0x00000000c1c00000, 0x0000000100000000)
  region size 1024K, 21 young (21504K), 2 survivors (2048K)
 Metaspace       used 6568K, committed 6784K, reserved 1114112K
  class space    used 681K, committed 768K, reserved 1048576K

Heap Regions: E=young(eden), S=young(survivor), O=old, HS=humongous(starts), HC=humongous(continues), CS=collection set, F=free, TAMS=top-at-mark-start, PB=parsable bottom
|   0|0x00000000c1c00000, 0x00000000c1c00000, 0x00000000c1d00000|  0%| F|  |TAMS 0x00000000c1c00000| PB 0x00000000c1c00000| Untracked |  0
|   1|0x00000000c1d00000, 0x00000000c1d00000, 0x00000000c1e00000|  0%| F|  |TAMS 0x00000000c1d00000| PB 0x00000000c1d00000| Untracked |  0
|   2|0x00000000c1e00000, 0x00000000c1e00000, 0x00000000c1f00000|  0%| F|  |TAMS 0x00000000c1e00000| PB 0x00000000c1e00000| Untracked |  0
|   3|0x00000000c1f00000, 0x00000000c1f00000, 0x00000000c2000000|  0%| F|  |TAMS 0x00000000c1f00000| PB 0x00000000c1f00000| Untracked |  0
|   4|0x00000000c2000000, 0x00000000c2000000, 0x00000000c2100000|  0%| F|  |TAMS 0x00000000c2000000| PB 0x00000000c2000000| Untracked |  0
|   5|0x00000000c2100000, 0x00000000c2100000, 0x00000000c2200000|  0%| F|  |TAMS 0x00000000c2100000| PB 0x00000000c2100000| Untracked |  0
|   6|0x00000000c2200000, 0x00000000c2200000, 0x00000000c2300000|  0%| F|  |TAMS 0x00000000c2200000| PB 0x00000000c2200000| Untracked |  0
|   7|0x00000000c2300000, 0x00000000c2300000, 0x00000000c2400000|  0%| F|  |TAMS 0x00000000c2300000| PB 0x00000000c2300000| Untracked |  0
|   8|0x00000000c2400000, 0x00000000c2400000, 0x00000000c2500000|  0%| F|  |TAMS 0x00000000c2400000| PB 0x00000000c2400000| Untracked |  0
|   9|0x00000000c2500000, 0x00000000c2500000, 0x00000000c2600000|  0%| F|  |TAMS 0x00000000c2500000| PB 0x00000000c2500000| Untracked |  0
|  10|0x00000000c2600000, 0x00000000c2600000, 0x00000000c2700000|  0%| F|  |TAMS 0x00000000c2600000| PB 0x00000000c2600000| Untracked |  0
|  11|0x00000000c2700000, 0x00000000c2700000, 0x00000000c2800000|  0%| F|  |TAMS 0x00000000c2700000| PB 0x00000000c2700000| Untracked |  0
|  12|0x00000000c2800000, 0x00000000c2800000, 0x00000000c2900000|  0%| F|  |TAMS 0x00000000c2800000| PB 0x00000000c2800000| Untracked |  0
|  13|0x00000000c2900000, 0x00000000c2900000, 0x00000000c2a00000|  0%| F|  |TAMS 0x00000000c2900000| PB 0x00000000c2900000| Untracked |  0
|  14|0x00000000c2a00000, 0x00000000c2a00000, 0x00000000c2b00000|  0%| F|  |TAMS 0x00000000c2a00000| PB 0x00000000c2a00000| Untracked |  0
|  15|0x00000000c2b00000, 0x00000000c2b00000, 0x00000000c2c00000|  0%| F|  |TAMS 0x00000000c2b00000| PB 0x00000000c2b00000| Untracked |  0
|  16|0x00000000c2c00000, 0x00000000c2c00000, 0x00000000c2d00000|  0%| F|  |TAMS 0x00000000c2c00000| PB 0x00000000c2c00000| Untracked |  0
|  17|0x00000000c2d00000, 0x00000000c2d00000, 0x00000000c2e00000|  0%| F|  |TAMS 0x00000000c2d00000| PB 0x00000000c2d00000| Untracked |  0
|  18|0x00000000c2e00000, 0x00000000c2e00000, 0x00000000c2f00000|  0%| F|  |TAMS 0x00000000c2e00000| PB 0x00000000c2e00000| Untracked |  0
|  19|0x00000000c2f00000, 0x00000000c2f00000, 0x00000000c3000000|  0%| F|  |TAMS 0x00000000c2f00000| PB 0x00000000c2f00000| Untracked |  0
|  20|0x00000000c3000000, 0x00000000c3000000, 0x00000000c3100000|  0%| F|  |TAMS 0x00000000c3000000| PB 0x00000000c3000000| Untracked |  0
|  21|0x00000000c3100000, 0x00000000c3100000, 0x00000000c3200000|  0%| F|  |TAMS 0x00000000c3100000| PB 0x00000000c3100000| Untracked |  0
|  22|0x00000000c3200000, 0x00000000c3200000, 0x00000000c3300000|  0%| F|  |TAMS 0x00000000c3200000| PB 0x00000000c3200000| Untracked |  0
|  23|0x00000000c3300000, 0x00000000c3300000, 0x00000000c3400000|  0%| F|  |TAMS 0x00000000c3300000| PB 0x00000000c3300000| Untracked |  0
|  24|0x00000000c3400000, 0x00000000c3400000, 0x00000000c3500000|  0%| F|  |TAMS 0x00000000c3400000| PB 0x00000000c3400000| Untracked |  0
|  25|0x00000000c3500000, 0x00000000c3500000, 0x00000000c3600000|  0%| F|  |TAMS 0x00000000c3500000| PB 0x00000000c3500000| Untracked |  0
|  26|0x00000000c3600000, 0x00000000c3600000, 0x00000000c3700000|  0%| F|  |TAMS 0x00000000c3600000| PB 0x00000000c3600000| Untracked |  0
|  27|0x00000000c3700000, 0x00000000c3700000, 0x00000000c3800000|  0%| F|  |TAMS 0x00000000c3700000| PB 0x00000000c3700000| Untracked |  0
|  28|0x00000000c3800000, 0x00000000c3800000, 0x00000000c3900000|  0%| F|  |TAMS 0x00000000c3800000| PB 0x00000000c3800000| Untracked |  0
|  29|0x00000000c3900000, 0x00000000c3900000, 0x00000000c3a00000|  0%| F|  |TAMS 0x00000000c3900000| PB 0x00000000c3900000| Untracked |  0
|  30|0x00000000c3a00000, 0x00000000c3a00000, 0x00000000c3b00000|  0%| F|  |TAMS 0x00000000c3a00000| PB 0x00000000c3a00000| Untracked |  0
|  31|0x00000000c3b00000, 0x00000000c3b00000, 0x00000000c3c00000|  0%| F|  |TAMS 0x00000000c3b00000| PB 0x00000000c3b00000| Untracked |  0
|  32|0x00000000c3c00000, 0x00000000c3c00000, 0x00000000c3d00000|  0%| F|  |TAMS 0x00000000c3c00000| PB 0x00000000c3c00000| Untracked |  0
|  33|0x00000000c3d00000, 0x00000000c3d00000, 0x00000000c3e00000|  0%| F|  |TAMS 0x00000000c3d00000| PB 0x00000000c3d00000| Untracked |  0
|  34|0x00000000c3e00000, 0x00000000c3e00000, 0x00000000c3f00000|  0%| F|  |TAMS 0x00000000c3e00000| PB 0x00000000c3e00000| Untracked |  0
|  35|0x00000000c3f00000, 0x00000000c3f00000, 0x00000000c4000000|  0%| F|  |TAMS 0x00000000c3f00000| PB 0x00000000c3f00000| Untracked |  0
|  36|0x00000000c4000000, 0x00000000c4000000, 0x00000000c4100000|  0%| F|  |TAMS 0x00000000c4000000| PB 0x00000000c4000000| Untracked |  0
|  37|0x00000000c4100000, 0x00000000c4100000, 0x00000000c4200000|  0%| F|  |TAMS 0x00000000c4100000| PB 0x00000000c4100000| Untracked |  0
|  38|0x00000000c4200000, 0x00000000c4200000, 0x00000000c4300000|  0%| F|  |TAMS 0x00000000c4200000| PB 0x00000000c4200000| Untracked |  0
|  39|0x00000000c4300000, 0x00000000c4300000, 0x00000000c4400000|  0%| F|  |TAMS 0x00000000c4300000| PB 0x00000000c4300000| Untracked |  0
|  40|0x00000000c4400000, 0x00000000c4400000, 0x00000000c4500000|  0%| F|  |TAMS 0x00000000c4400000| PB 0x00000000c4400000| Untracked |  0
|  41|0x00000000c4500000, 0x00000000c4500000, 0x00000000c4600000|  0%| F|  |TAMS 0x00000000c4500000| PB 0x00000000c4500000| Untracked |  0
|  42|0x00000000c4600000, 0x00000000c4600000, 0x00000000c4700000|  0%| F|  |TAMS 0x00000000c4600000| PB 0x00000000c4600000| Untracked |  0
|  43|0x00000000c4700000, 0x00000000c4777170, 0x00000000c4800000| 46%| E|  |TAMS 0x00000000c4700000| PB 0x00000000c4700000| Complete |  0
|  44|0x00000000c4800000, 0x00000000c4900000, 0x00000000c4900000|100%| E|CS|TAMS 0x00000000c4800000| PB 0x00000000c4800000| Complete |  0
|  45|0x00000000c4900000, 0x00000000c4a00000, 0x00000000c4a00000|100%| E|  |TAMS 0x00000000c4900000| PB 0x00000000c4900000| Complete |  0
|  46|0x00000000c4a00000, 0x00000000c4b00000, 0x00000000c4b00000|100%| E|CS|TAMS 0x00000000c4a00000| PB 0x00000000c4a00000| Complete |  0
|  47|0x00000000c4b00000, 0x00000000c4c00000, 0x00000000c4c00000|100%| E|CS|TAMS 0x00000000c4b00000| PB 0x00000000c4b00000| Complete |  0
|  48|0x00000000c4c00000, 0x00000000c4d00000, 0x00000000c4d00000|100%| S|CS|TAMS 0x00000000c4c00000| PB 0x00000000c4c00000| Complete |  0
|  49|0x00000000c4d00000, 0x00000000c4e00000, 0x00000000c4e00000|100%| S|CS|TAMS 0x00000000c4d00000| PB 0x00000000c4d00000| Complete |  0
|  50|0x00000000c4e00000, 0x00000000c4f00000, 0x00000000c4f00000|100%| E|CS|TAMS 0x00000000c4e00000| PB 0x00000000c4e00000| Complete |  0
|  51|0x00000000c4f00000, 0x00000000c5000000, 0x00000000c5000000|100%| E|CS|TAMS 0x00000000c4f00000| PB 0x00000000c4f00000| Complete |  0
|  52|0x00000000c5000000, 0x00000000c5100000, 0x00000000c5100000|100%| E|CS|TAMS 0x00000000c5000000| PB 0x00000000c5000000| Complete |  0
|  53|0x00000000c5100000, 0x00000000c5200000, 0x00000000c5200000|100%| E|CS|TAMS 0x00000000c5100000| PB 0x00000000c5100000| Complete |  0
|  54|0x00000000c5200000, 0x00000000c5300000, 0x00000000c5300000|100%| E|CS|TAMS 0x00000000c5200000| PB 0x00000000c5200000| Complete |  0
|  55|0x00000000c5300000, 0x00000000c5400000, 0x00000000c5400000|100%| E|CS|TAMS 0x00000000c5300000| PB 0x00000000c5300000| Complete |  0
|  56|0x00000000c5400000, 0x00000000c5500000, 0x00000000c5500000|100%| E|CS|TAMS 0x00000000c5400000| PB 0x00000000c5400000| Complete |  0
|  57|0x00000000c5500000, 0x00000000c5600000, 0x00000000c5600000|100%| E|CS|TAMS 0x00000000c5500000| PB 0x00000000c5500000| Complete |  0
|  58|0x00000000c5600000, 0x00000000c5700000, 0x00000000c5700000|100%| E|CS|TAMS 0x00000000c5600000| PB 0x00000000c5600000| Complete |  0
|  59|0x00000000c5700000, 0x00000000c5800000, 0x00000000c5800000|100%| E|CS|TAMS 0x00000000c5700000| PB 0x00000000c5700000| Complete |  0
|  60|0x00000000c5800000, 0x00000000c5900000, 0x00000000c5900000|100%| E|CS|TAMS 0x00000000c5800000| PB 0x00000000c5800000| Complete |  0
|  61|0x00000000c5900000, 0x00000000c5a00000, 0x00000000c5a00000|100%| E|CS|TAMS 0x00000000c5900000| PB 0x00000000c5900000| Complete |  0
|  62|0x00000000c5a00000, 0x00000000c5b00000, 0x00000000c5b00000|100%| E|CS|TAMS 0x00000000c5a00000| PB 0x00000000c5a00000| Complete |  0
|  63|0x00000000c5b00000, 0x00000000c5c00000, 0x00000000c5c00000|100%| E|CS|TAMS 0x00000000c5b00000| PB 0x00000000c5b00000| Complete |  0

Card table byte_map: [0x0000017d78650000,0x0000017d78850000] _byte_map_base: 0x0000017d78042000

Marking Bits: (CMBitMap*) 0x0000017d6e3390e0
 Bits: [0x0000017d78850000, 0x0000017d797e0000)

Polling page: 0x0000017d6e180000

Metaspace:

Usage:
  Non-class:      5.75 MB used.
      Class:    681.33 KB used.
       Both:      6.41 MB used.

Virtual space:
  Non-class space:       64.00 MB reserved,       5.88 MB (  9%) committed,  1 nodes.
      Class space:        1.00 GB reserved,     768.00 KB ( <1%) committed,  1 nodes.
             Both:        1.06 GB reserved,       6.62 MB ( <1%) committed. 

Chunk freelists:
   Non-Class:  9.36 MB
       Class:  15.08 MB
        Both:  24.43 MB

MaxMetaspaceSize: unlimited
CompressedClassSpaceSize: 1.00 GB
Initial GC threshold: 21.00 MB
Current GC threshold: 21.00 MB
CDS: on
 - commit_granule_bytes: 65536.
 - commit_granule_words: 8192.
 - virtual_space_node_default_size: 8388608.
 - enlarge_chunks_in_place: 1.
 - use_allocation_guard: 0.


Internal statistics:

num_allocs_failed_limit: 0.
num_arena_births: 56.
num_arena_deaths: 0.
num_vsnodes_births: 2.
num_vsnodes_deaths: 0.
num_space_committed: 106.
num_space_uncommitted: 0.
num_chunks_returned_to_freelist: 0.
num_chunks_taken_from_freelist: 191.
num_chunk_merges: 0.
num_chunk_splits: 133.
num_chunks_enlarged: 110.
num_inconsistent_stats: 0.

CodeHeap 'non-profiled nmethods': size=120000Kb used=349Kb max_used=349Kb free=119650Kb
 bounds [0x0000017d07ad0000, 0x0000017d07d40000, 0x0000017d0f000000]
CodeHeap 'profiled nmethods': size=120000Kb used=2431Kb max_used=2431Kb free=117568Kb
 bounds [0x0000017d00000000, 0x0000017d00270000, 0x0000017d07530000]
CodeHeap 'non-nmethods': size=5760Kb used=1432Kb max_used=1443Kb free=4327Kb
 bounds [0x0000017d07530000, 0x0000017d077a0000, 0x0000017d07ad0000]
 total_blobs=1615 nmethods=1147 adapters=373
 compilation: enabled
              stopped_count=0, restarted_count=0
 full_count=0

Compilation events (20 events):
Event: 50.249 Thread 0x0000017d501a8e90 nmethod 1146 0x0000017d00259d90 code [0x0000017d00259f20, 0x0000017d0025a080]
Event: 50.254 Thread 0x0000017d501a8e90 1147       3       java.lang.AbstractStringBuilder::appendChars (207 bytes)
Event: 50.257 Thread 0x0000017d501a8e90 nmethod 1147 0x0000017d0025a110 code [0x0000017d0025a3c0, 0x0000017d0025b310]
Event: 50.263 Thread 0x0000017d501a8e90 1149       3       jdk.internal.misc.VM::isModuleSystemInited (13 bytes)
Event: 50.263 Thread 0x0000017d501a8e90 nmethod 1149 0x0000017d0025b810 code [0x0000017d0025b9a0, 0x0000017d0025baf0]
Event: 50.263 Thread 0x0000017d501a8e90 1150       3       java.lang.AbstractStringBuilder::append (67 bytes)
Event: 50.264 Thread 0x0000017d501a8e90 nmethod 1150 0x0000017d0025bb90 code [0x0000017d0025bda0, 0x0000017d0025c420]
Event: 50.265 Thread 0x0000017d501a8e90 1151       3       org.springframework.util.StringUtils::hasLength (17 bytes)
Event: 50.266 Thread 0x0000017d501a8e90 nmethod 1151 0x0000017d0025c610 code [0x0000017d0025c7c0, 0x0000017d0025c9f0]
Event: 50.422 Thread 0x0000017d5013a0f0 1152 %     4       org.eclipse.jdt.launching.internal.org.objectweb.asm.ClassReader::<init> @ 95 (359 bytes)
Event: 50.440 Thread 0x0000017d5013a0f0 nmethod 1152% 0x0000017d07b26710 code [0x0000017d07b268e0, 0x0000017d07b26f78]
Event: 50.441 Thread 0x0000017d5013a0f0 1153       4       org.eclipse.jdt.launching.internal.org.objectweb.asm.SymbolTable::get (13 bytes)
Event: 50.442 Thread 0x0000017d5013a0f0 nmethod 1153 0x0000017d07b27310 code [0x0000017d07b274a0, 0x0000017d07b275c0]
Event: 51.436 Thread 0x0000017d501a8e90 1154       3       java.util.Arrays::hashCode (47 bytes)
Event: 51.437 Thread 0x0000017d501a8e90 nmethod 1154 0x0000017d0025cb10 code [0x0000017d0025cce0, 0x0000017d0025d098]
Event: 51.440 Thread 0x0000017d501a8e90 1155       3       org.eclipse.jdt.launching.internal.org.objectweb.asm.SymbolTable$Entry::<init> (17 bytes)
Event: 51.440 Thread 0x0000017d5013a0f0 1156 %     4       org.eclipse.jdt.launching.internal.org.objectweb.asm.SymbolTable::<init> @ 98 (536 bytes)
Event: 51.440 Thread 0x0000017d501a8e90 nmethod 1155 0x0000017d0025d210 code [0x0000017d0025d3c0, 0x0000017d0025d558]
Event: 51.448 Thread 0x0000017d501a8e90 1157       3       java.lang.invoke.MemberName::checkForTypeAlias (180 bytes)
Event: 51.452 Thread 0x0000017d501a8e90 nmethod 1157 0x0000017d0025d610 code [0x0000017d0025da60, 0x0000017d0025f620]

GC Heap History (2 events):
Event: 38.331 GC heap before
{Heap before GC invocations=0 (full 0):
 garbage-first heap   total reserved 1019904K, committed 65536K, used 13312K [0x00000000c1c00000, 0x0000000100000000)
  region size 1024K, 14 young (14336K), 0 survivors (0K)
 Metaspace       used 3868K, committed 3968K, reserved 1114112K
  class space    used 363K, committed 448K, reserved 1048576K
}
Event: 38.739 GC heap after
{Heap after GC invocations=1 (full 0):
 garbage-first heap   total reserved 1019904K, committed 65536K, used 2048K [0x00000000c1c00000, 0x0000000100000000)
  region size 1024K, 2 young (2048K), 2 survivors (2048K)
 Metaspace       used 3868K, committed 3968K, reserved 1114112K
  class space    used 363K, committed 448K, reserved 1048576K
}

Dll operation events (9 events):
Event: 1.075 Loaded shared library C:\Program Files\Java\jdk-22\bin\java.dll
Event: 2.726 Loaded shared library C:\Program Files\Java\jdk-22\bin\jsvml.dll
Event: 14.456 Loaded shared library C:\Program Files\Java\jdk-22\bin\zip.dll
Event: 16.029 Loaded shared library C:\Program Files\Java\jdk-22\bin\instrument.dll
Event: 16.054 Loaded shared library C:\Program Files\Java\jdk-22\bin\net.dll
Event: 16.057 Loaded shared library C:\Program Files\Java\jdk-22\bin\nio.dll
Event: 16.360 Loaded shared library C:\Program Files\Java\jdk-22\bin\zip.dll
Event: 23.671 Loaded shared library C:\Program Files\Java\jdk-22\bin\jimage.dll
Event: 26.600 Loaded shared library C:\Program Files\Java\jdk-22\bin\verify.dll

Deoptimization events (20 events):
Event: 49.523 Thread 0x0000017d6e2ff7d0 Uncommon trap: trap_request=0xffffff6e fr.pc=0x0000017d07b0e450 relative=0x0000000000000390
Event: 49.523 Thread 0x0000017d6e2ff7d0 Uncommon trap: reason=loop_limit_check action=maybe_recompile pc=0x0000017d07b0e450 method=java.lang.StringLatin1.indexOf([BI[BII)I @ 37 c2
Event: 49.523 Thread 0x0000017d6e2ff7d0 DEOPT PACKING pc=0x0000017d07b0e450 sp=0x0000005676efdfc0
Event: 49.523 Thread 0x0000017d6e2ff7d0 DEOPT UNPACKING pc=0x0000017d075846a2 sp=0x0000005676efdf30 mode 2
Event: 49.741 Thread 0x0000017d6e2ff7d0 Uncommon trap: trap_request=0xffffffbe fr.pc=0x0000017d07b24d18 relative=0x00000000000002d8
Event: 49.741 Thread 0x0000017d6e2ff7d0 Uncommon trap: reason=profile_predicate action=maybe_recompile pc=0x0000017d07b24d18 method=java.lang.StringLatin1.indexOf([BI[BII)I @ 18 c2
Event: 49.741 Thread 0x0000017d6e2ff7d0 DEOPT PACKING pc=0x0000017d07b24d18 sp=0x0000005676efe9b0
Event: 49.741 Thread 0x0000017d6e2ff7d0 DEOPT UNPACKING pc=0x0000017d075846a2 sp=0x0000005676efe920 mode 2
Event: 49.741 Thread 0x0000017d6e2ff7d0 Uncommon trap: trap_request=0xffffffbe fr.pc=0x0000017d07b24d18 relative=0x00000000000002d8
Event: 49.741 Thread 0x0000017d6e2ff7d0 Uncommon trap: reason=profile_predicate action=maybe_recompile pc=0x0000017d07b24d18 method=java.lang.StringLatin1.indexOf([BI[BII)I @ 18 c2
Event: 49.741 Thread 0x0000017d6e2ff7d0 DEOPT PACKING pc=0x0000017d07b24d18 sp=0x0000005676efe9b0
Event: 49.741 Thread 0x0000017d6e2ff7d0 DEOPT UNPACKING pc=0x0000017d075846a2 sp=0x0000005676efe920 mode 2
Event: 49.741 Thread 0x0000017d6e2ff7d0 Uncommon trap: trap_request=0xffffffbe fr.pc=0x0000017d07b24d18 relative=0x00000000000002d8
Event: 49.741 Thread 0x0000017d6e2ff7d0 Uncommon trap: reason=profile_predicate action=maybe_recompile pc=0x0000017d07b24d18 method=java.lang.StringLatin1.indexOf([BI[BII)I @ 18 c2
Event: 49.741 Thread 0x0000017d6e2ff7d0 DEOPT PACKING pc=0x0000017d07b24d18 sp=0x0000005676efe9b0
Event: 49.741 Thread 0x0000017d6e2ff7d0 DEOPT UNPACKING pc=0x0000017d075846a2 sp=0x0000005676efe920 mode 2
Event: 49.741 Thread 0x0000017d6e2ff7d0 Uncommon trap: trap_request=0xffffffbe fr.pc=0x0000017d07b24d18 relative=0x00000000000002d8
Event: 49.741 Thread 0x0000017d6e2ff7d0 Uncommon trap: reason=profile_predicate action=maybe_recompile pc=0x0000017d07b24d18 method=java.lang.StringLatin1.indexOf([BI[BII)I @ 18 c2
Event: 49.741 Thread 0x0000017d6e2ff7d0 DEOPT PACKING pc=0x0000017d07b24d18 sp=0x0000005676efe9b0
Event: 49.741 Thread 0x0000017d6e2ff7d0 DEOPT UNPACKING pc=0x0000017d075846a2 sp=0x0000005676efe920 mode 2

Classes loaded (20 events):
Event: 50.418 Loading class java/nio/channels/spi/AbstractSelectableChannel
Event: 50.418 Loading class java/nio/channels/SelectableChannel
Event: 50.419 Loading class java/nio/channels/SelectableChannel done
Event: 50.419 Loading class java/nio/channels/spi/AbstractSelectableChannel done
Event: 50.419 Loading class java/nio/channels/SocketChannel done
Event: 50.419 Loading class sun/nio/ch/SocketChannelImpl done
Event: 50.419 Loading class sun/nio/ch/ChannelInputStream
Event: 50.419 Loading class sun/nio/ch/ChannelInputStream done
Event: 51.429 Loading class sun/nio/ch/NativeThread
Event: 51.430 Loading class sun/nio/ch/NativeThread done
Event: 51.430 Loading class sun/nio/ch/IOStatus
Event: 51.430 Loading class sun/nio/ch/IOStatus done
Event: 51.430 Loading class sun/nio/ch/Util
Event: 51.431 Loading class sun/nio/ch/Util done
Event: 51.431 Loading class sun/nio/ch/Util$1
Event: 51.431 Loading class sun/nio/ch/Util$1 done
Event: 51.431 Loading class sun/nio/ch/Util$BufferCache
Event: 51.431 Loading class sun/nio/ch/Util$BufferCache done
Event: 51.432 Loading class java/nio/DirectByteBuffer$Deallocator
Event: 51.432 Loading class java/nio/DirectByteBuffer$Deallocator done

Classes unloaded (0 events):
No events

Classes redefined (0 events):
No events

Internal exceptions (10 events):
Event: 21.597 Thread 0x0000017d6e2ff7d0 Exception <a 'java/lang/NoSuchMethodError'{0x00000000c587ae80}: 'void java.lang.invoke.DirectMethodHandle$Holder.invokeVirtual(java.lang.Object, java.lang.Object)'> (0x00000000c587ae80) 
thrown [s\open\src\hotspot\share\interpreter\linkResolver.cpp, line 774]
Event: 25.930 Thread 0x0000017d6e2ff7d0 Exception <a 'java/lang/NoSuchMethodError'{0x00000000c57d8d38}: 'void java.lang.invoke.DirectMethodHandle$Holder.invokeStatic(java.lang.Object, java.lang.Object, java.lang.Object)'> (0x00000000c57d8d38) 
thrown [s\open\src\hotspot\share\interpreter\linkResolver.cpp, line 774]
Event: 25.940 Thread 0x0000017d6e2ff7d0 Exception <a 'java/lang/NoSuchMethodError'{0x00000000c57ebb08}: 'java.lang.Object java.lang.invoke.Invokers$Holder.invokeExact_MT(java.lang.Object, java.lang.Object, java.lang.Object, java.lang.Object, java.lang.Object)'> (0x00000000c57ebb08) 
thrown [s\open\src\hotspot\share\interpreter\linkResolver.cpp, line 774]
Event: 41.664 Thread 0x0000017d6e2ff7d0 Exception <a 'java/lang/NoSuchMethodError'{0x00000000c5797368}: 'java.lang.Object java.lang.invoke.DirectMethodHandle$Holder.newInvokeSpecial(java.lang.Object, java.lang.Object, java.lang.Object, java.lang.Object, java.lang.Object)'> (0x00000000c5797368) 
thrown [s\open\src\hotspot\share\interpreter\linkResolver.cpp, line 774]
Event: 43.448 Thread 0x0000017d6e2ff7d0 Exception <a 'java/lang/NoSuchMethodError'{0x00000000c558a8b8}: 'int java.lang.invoke.DirectMethodHandle$Holder.invokeStaticInit(java.lang.Object, java.lang.Object, java.lang.Object)'> (0x00000000c558a8b8) 
thrown [s\open\src\hotspot\share\interpreter\linkResolver.cpp, line 774]
Event: 43.790 Thread 0x0000017d6e2ff7d0 Exception <a 'java/lang/NoSuchMethodError'{0x00000000c55d4cf8}: 'int java.lang.invoke.DirectMethodHandle$Holder.invokeStaticInit(java.lang.Object, java.lang.Object)'> (0x00000000c55d4cf8) 
thrown [s\open\src\hotspot\share\interpreter\linkResolver.cpp, line 774]
Event: 45.733 Thread 0x0000017d6e2ff7d0 Exception <a 'java/lang/NoSuchMethodError'{0x00000000c5247998}: 'int java.lang.invoke.DirectMethodHandle$Holder.invokeInterface(java.lang.Object, java.lang.Object)'> (0x00000000c5247998) 
thrown [s\open\src\hotspot\share\interpreter\linkResolver.cpp, line 774]
Event: 49.478 Thread 0x0000017d6e2ff7d0 Exception <a 'java/lang/NoSuchMethodError'{0x00000000c4ade758}: 'java.lang.Object java.lang.invoke.DirectMethodHandle$Holder.invokeVirtual(java.lang.Object, java.lang.Object, java.lang.Object)'> (0x00000000c4ade758) 
thrown [s\open\src\hotspot\share\interpreter\linkResolver.cpp, line 774]
Event: 49.751 Thread 0x0000017d6e2ff7d0 Exception <a 'java/lang/NoSuchMethodError'{0x00000000c4930980}: 'int java.lang.invoke.DirectMethodHandle$Holder.invokeStatic(java.lang.Object, java.lang.Object, java.lang.Object, java.lang.Object)'> (0x00000000c4930980) 
thrown [s\open\src\hotspot\share\interpreter\linkResolver.cpp, line 774]
Event: 49.753 Thread 0x0000017d6e2ff7d0 Exception <a 'java/lang/NoSuchMethodError'{0x00000000c4934040}: 'java.lang.Object java.lang.invoke.Invokers$Holder.invokeExact_MT(java.lang.Object, java.lang.Object, java.lang.Object, java.lang.Object, java.lang.Object, java.lang.Object)'> (0x00000000c4934040) 
thrown [s\open\src\hotspot\share\interpreter\linkResolver.cpp, line 774]

ZGC Phase Switch (0 events):
No events

VM Operations (20 events):
Event: 43.172 Executing VM operation: Cleanup
Event: 43.348 Executing VM operation: Cleanup done
Event: 44.359 Executing VM operation: Cleanup
Event: 44.359 Executing VM operation: Cleanup done
Event: 45.374 Executing VM operation: Cleanup
Event: 45.374 Executing VM operation: Cleanup done
Event: 45.388 Executing VM operation: HandshakeAllThreads (Deoptimize)
Event: 45.388 Executing VM operation: HandshakeAllThreads (Deoptimize) done
Event: 46.401 Executing VM operation: Cleanup
Event: 46.781 Executing VM operation: Cleanup done
Event: 47.787 Executing VM operation: Cleanup
Event: 47.897 Executing VM operation: Cleanup done
Event: 47.944 Executing VM operation: HandshakeAllThreads (Deoptimize)
Event: 47.945 Executing VM operation: HandshakeAllThreads (Deoptimize) done
Event: 48.951 Executing VM operation: Cleanup
Event: 49.005 Executing VM operation: Cleanup done
Event: 49.036 Executing VM operation: HandshakeAllThreads (Deoptimize)
Event: 49.036 Executing VM operation: HandshakeAllThreads (Deoptimize) done
Event: 52.069 Executing VM operation: Cleanup
Event: 52.069 Executing VM operation: Cleanup done

Events (14 events):
Event: 2.471 Thread 0x0000017d6e2ff7d0 Thread added: 0x0000017d6e2ff7d0
Event: 2.721 Thread 0x0000017d501302f0 Thread added: 0x0000017d501302f0
Event: 2.721 Thread 0x0000017d50131b60 Thread added: 0x0000017d50131b60
Event: 2.722 Thread 0x0000017d501350b0 Thread added: 0x0000017d501350b0
Event: 2.722 Thread 0x0000017d50137ea0 Thread added: 0x0000017d50137ea0
Event: 2.722 Thread 0x0000017d50138900 Thread added: 0x0000017d50138900
Event: 2.722 Thread 0x0000017d50139360 Thread added: 0x0000017d50139360
Event: 2.723 Thread 0x0000017d5013a0f0 Thread added: 0x0000017d5013a0f0
Event: 2.828 Thread 0x0000017d501a8e90 Thread added: 0x0000017d501a8e90
Event: 3.443 Thread 0x0000017d50338290 Thread added: 0x0000017d50338290
Event: 4.716 Thread 0x0000017d504e0e30 Thread added: 0x0000017d504e0e30
Event: 4.716 Thread 0x0000017d504e4310 Thread added: 0x0000017d504e4310
Event: 5.180 Thread 0x0000017d504e49a0 Thread added: 0x0000017d504e49a0
Event: 26.576 Thread 0x0000017d550905c0 Thread added: 0x0000017d550905c0


Dynamic libraries:
0x00007ff6935a0000 - 0x00007ff6935b0000 	C:\Program Files\Java\jdk-22\bin\javaw.exe
0x00007fff8ccd0000 - 0x00007fff8cec8000 	C:\Windows\SYSTEM32\ntdll.dll
0x00007fff8caa0000 - 0x00007fff8cb62000 	C:\Windows\System32\KERNEL32.DLL
0x00007fff8a440000 - 0x00007fff8a736000 	C:\Windows\System32\KERNELBASE.dll
0x00007fff8ab50000 - 0x00007fff8ac50000 	C:\Windows\System32\ucrtbase.dll
0x00007fff86120000 - 0x00007fff86137000 	C:\Program Files\Java\jdk-22\bin\jli.dll
0x00007fff8c9f0000 - 0x00007fff8ca9f000 	C:\Windows\System32\ADVAPI32.dll
0x00007fff8c4c0000 - 0x00007fff8c55e000 	C:\Windows\System32\msvcrt.dll
0x00007fff8c8e0000 - 0x00007fff8c97f000 	C:\Windows\System32\sechost.dll
0x00007fff8b040000 - 0x00007fff8b163000 	C:\Windows\System32\RPCRT4.dll
0x00007fff8a370000 - 0x00007fff8a397000 	C:\Windows\System32\bcrypt.dll
0x00007fff8bdb0000 - 0x00007fff8bf4d000 	C:\Windows\System32\USER32.dll
0x00007fff8ab20000 - 0x00007fff8ab42000 	C:\Windows\System32\win32u.dll
0x00007fff8c3c0000 - 0x00007fff8c3eb000 	C:\Windows\System32\GDI32.dll
0x00007fff8a980000 - 0x00007fff8aa9a000 	C:\Windows\System32\gdi32full.dll
0x00007fff8a3a0000 - 0x00007fff8a43d000 	C:\Windows\System32\msvcp_win.dll
0x00007fff850a0000 - 0x00007fff850bb000 	C:\Program Files\Java\jdk-22\bin\VCRUNTIME140.dll
0x00007fff7bd20000 - 0x00007fff7bfba000 	C:\Windows\WinSxS\amd64_microsoft.windows.common-controls_6595b64144ccf1df_6.0.19041.5794_none_60bcd33171f2783c\COMCTL32.dll
0x00007fff7c380000 - 0x00007fff7c38a000 	C:\Windows\SYSTEM32\VERSION.dll
0x00007fff8b170000 - 0x00007fff8b19f000 	C:\Windows\System32\IMM32.DLL
0x00007fff87660000 - 0x00007fff8766c000 	C:\Program Files\Java\jdk-22\bin\vcruntime140_1.dll
0x00007fff633d0000 - 0x00007fff6345e000 	C:\Program Files\Java\jdk-22\bin\msvcp140.dll
0x00007fff3f9a0000 - 0x00007fff406e7000 	C:\Program Files\Java\jdk-22\bin\server\jvm.dll
0x00007fff8c980000 - 0x00007fff8c9eb000 	C:\Windows\System32\WS2_32.dll
0x00007fff8a1d0000 - 0x00007fff8a21b000 	C:\Windows\SYSTEM32\POWRPROF.dll
0x00007fff7d070000 - 0x00007fff7d097000 	C:\Windows\SYSTEM32\WINMM.dll
0x00007fff8a1b0000 - 0x00007fff8a1c2000 	C:\Windows\SYSTEM32\UMPDC.dll
0x00007fff881b0000 - 0x00007fff881c2000 	C:\Windows\SYSTEM32\kernel.appcore.dll
0x00007fff872b0000 - 0x00007fff872ba000 	C:\Program Files\Java\jdk-22\bin\jimage.dll
0x00007fff87450000 - 0x00007fff87634000 	C:\Windows\SYSTEM32\DBGHELP.DLL
0x00007fff87410000 - 0x00007fff87444000 	C:\Windows\SYSTEM32\dbgcore.DLL
0x00007fff8a8f0000 - 0x00007fff8a972000 	C:\Windows\System32\bcryptPrimitives.dll
0x00007fff630f0000 - 0x00007fff6312c000 	C:\Program Files\Java\jdk-22\bin\jdwp.dll
0x00007fff87220000 - 0x00007fff8722f000 	C:\Program Files\Java\jdk-22\bin\instrument.dll
0x00007fff84fd0000 - 0x00007fff84fee000 	C:\Program Files\Java\jdk-22\bin\java.dll
0x00007fff8b250000 - 0x00007fff8b9be000 	C:\Windows\System32\SHELL32.dll
0x00007fff8ad00000 - 0x00007fff8ae2b000 	C:\Windows\System32\ole32.dll
0x00007fff8c580000 - 0x00007fff8c8d3000 	C:\Windows\System32\combase.dll
0x00007fff883b0000 - 0x00007fff88b53000 	C:\Windows\SYSTEM32\windows.storage.dll
0x00007fff89c00000 - 0x00007fff89c2b000 	C:\Windows\SYSTEM32\Wldp.dll
0x00007fff8c3f0000 - 0x00007fff8c4bd000 	C:\Windows\System32\OLEAUT32.dll
0x00007fff8b1a0000 - 0x00007fff8b24d000 	C:\Windows\System32\SHCORE.dll
0x00007fff8bce0000 - 0x00007fff8bd35000 	C:\Windows\System32\shlwapi.dll
0x00007fff8a2a0000 - 0x00007fff8a2c5000 	C:\Windows\SYSTEM32\profapi.dll
0x00007fff632f0000 - 0x00007fff633c7000 	C:\Program Files\Java\jdk-22\bin\jsvml.dll
0x00007fff87200000 - 0x00007fff8720c000 	C:\Program Files\Java\jdk-22\bin\dt_socket.dll
0x00007fff896d0000 - 0x00007fff8970b000 	C:\Windows\SYSTEM32\IPHLPAPI.DLL
0x00007fff899d0000 - 0x00007fff89a3c000 	C:\Windows\system32\mswsock.dll
0x00007fff89710000 - 0x00007fff897da000 	C:\Windows\SYSTEM32\DNSAPI.dll
0x00007fff8cc20000 - 0x00007fff8cc28000 	C:\Windows\System32\NSI.dll
0x00007fff7e470000 - 0x00007fff7e47a000 	C:\Windows\System32\rasadhlp.dll
0x00007fff7e720000 - 0x00007fff7e7a0000 	C:\Windows\System32\fwpuclnt.dll
0x00007fff82b60000 - 0x00007fff82b77000 	C:\Program Files\Java\jdk-22\bin\zip.dll
0x00007fff865b0000 - 0x00007fff865c0000 	C:\Program Files\Java\jdk-22\bin\net.dll
0x00007fff83930000 - 0x00007fff83946000 	C:\Program Files\Java\jdk-22\bin\nio.dll
0x00007fff85970000 - 0x00007fff85980000 	C:\Program Files\Java\jdk-22\bin\verify.dll

dbghelp: loaded successfully - version: 4.0.5 - missing functions: none
symbol engine: initialized successfully - sym options: 0x614 - pdb path: .;C:\Program Files\Java\jdk-22\bin;C:\Windows\SYSTEM32;C:\Windows\WinSxS\amd64_microsoft.windows.common-controls_6595b64144ccf1df_6.0.19041.5794_none_60bcd33171f2783c;C:\Program Files\Java\jdk-22\bin\server

VM Arguments:
jvm_args: -XX:+ShowCodeDetailsInExceptionMessages -agentlib:jdwp=transport=dt_socket,suspend=y,address=localhost:57448 -javaagent:C:\Users\Admin\eclipse\jee-2024-06\eclipse\configuration\org.eclipse.osgi\448\0\.cp\lib\javaagent-shaded.jar -Dfile.encoding=UTF-8 -Dstdout.encoding=UTF-8 -Dstderr.encoding=UTF-8 
java_command: com.task.Main3
java_class_path (initial): C:\Users\Admin\eclipse-workspace-nov\Spring\target\classes;C:\Users\Admin\.m2\repository\org\springframework\spring-context\5.3.36\spring-context-5.3.36.jar;C:\Users\Admin\.m2\repository\org\springframework\spring-aop\5.3.36\spring-aop-5.3.36.jar;C:\Users\Admin\.m2\repository\org\springframework\spring-beans\5.3.36\spring-beans-5.3.36.jar;C:\Users\Admin\.m2\repository\org\springframework\spring-core\5.3.36\spring-core-5.3.36.jar;C:\Users\Admin\.m2\repository\org\springframework\spring-jcl\5.3.36\spring-jcl-5.3.36.jar;C:\Users\Admin\.m2\repository\org\springframework\spring-expression\5.3.36\spring-expression-5.3.36.jar
Launcher Type: SUN_STANDARD

[Global flags]
     intx CICompilerCount                          = 3                                         {product} {ergonomic}
     uint ConcGCThreads                            = 1                                         {product} {ergonomic}
     uint G1ConcRefinementThreads                  = 4                                         {product} {ergonomic}
   size_t G1HeapRegionSize                         = 1048576                                   {product} {ergonomic}
   size_t InitialHeapSize                          = 67108864                                  {product} {ergonomic}
   size_t MarkStackSize                            = 4194304                                   {product} {ergonomic}
   size_t MaxHeapSize                              = 1044381696                                {product} {ergonomic}
   size_t MaxNewSize                               = 625999872                                 {product} {ergonomic}
   size_t MinHeapDeltaBytes                        = 1048576                                   {product} {ergonomic}
   size_t MinHeapSize                              = 8388608                                   {product} {ergonomic}
    uintx NonNMethodCodeHeapSize                   = 5832780                                {pd product} {ergonomic}
    uintx NonProfiledCodeHeapSize                  = 122912730                              {pd product} {ergonomic}
    uintx ProfiledCodeHeapSize                     = 122912730                              {pd product} {ergonomic}
    uintx ReservedCodeCacheSize                    = 251658240                              {pd product} {ergonomic}
     bool SegmentedCodeCache                       = true                                      {product} {ergonomic}
     bool ShowCodeDetailsInExceptionMessages       = true                                   {manageable} {command line}
   size_t SoftMaxHeapSize                          = 1044381696                             {manageable} {ergonomic}
     bool UseCompressedOops                        = true                           {product lp64_product} {ergonomic}
     bool UseG1GC                                  = true                                      {product} {ergonomic}
     bool UseLargePagesIndividualAllocation        = false                                  {pd product} {ergonomic}

Logging:
Log output configuration:
 #0: stdout all=warning uptime,level,tags foldmultilines=false
 #1: stderr all=off uptime,level,tags foldmultilines=false

Environment Variables:
PATH=C:\Program Files\Common Files\Oracle\Java\javapath;C:\Python312\Scripts\;C:\Python312\;C:\Program Files\Python311\Scripts\;C:\Program Files\Python311\;C:\Windows\system32;C:\Windows;C:\Windows\System32\Wbem;C:\Windows\System32\WindowsPowerShell\v1.0\;C:\Windows\System32\OpenSSH\;C:\Program Files\Microsoft SQL Server\130\Tools\Binn\;C:\Program Files\Microsoft SQL Server\Client SDK\ODBC\170\Tools\Binn\;C:\Program Files\Azure Data Studio\bin;C:\Program Files (x86)\Microsoft SQL Server\150\Tools\Binn\;C:\Program Files\Microsoft SQL Server\150\Tools\Binn\;C:\Program Files\Microsoft SQL Server\150\DTS\Binn\;C:\Program Files (x86)\Microsoft SQL Server\150\DTS\Binn\;C:\ProgramData\chocolatey\bin;C:\Program Files\nodejs\;C:\Program Files\MySQL\MySQL Server 8.0\bin;C:\Program Files\Git\cmd;C:\Program Files\TortoiseGit\bin;C:\Program Files\MySQL\MySQL Shell 8.0\bin\;C:\Users\Admin\AppData\Local\Microsoft\WindowsApps;C:\Program Files\Azure Data Studio\bin;C:\Users\Admin\AppData\Local\Programs\Microsoft VS Code\bin;C:\Users\Admin\AppData\Roaming\npm
USERNAME=Admin
OS=Windows_NT
PROCESSOR_IDENTIFIER=Intel64 Family 6 Model 58 Stepping 9, GenuineIntel
TMP=C:\Users\Admin\AppData\Local\Temp
TEMP=C:\Users\Admin\AppData\Local\Temp




Periodic native trim disabled

---------------  S Y S T E M  ---------------

OS:
 Windows 10 , 64 bit Build 19041 (10.0.19041.5794)
OS uptime: 0 days 6:32 hours
Hyper-V role detected

CPU: total 4 (initial active 4) (2 cores per cpu, 2 threads per core) family 6 model 58 stepping 9 microcode 0x21, cx8, cmov, fxsr, ht, mmx, sse, sse2, sse3, ssse3, sse4.1, sse4.2, popcnt, tsc, tscinvbit, avx, erms, clmul, vzeroupper, clflush, hv, rdtscp, f16c
Processor Information for all 4 processors :
  Max Mhz: 1701, Current Mhz: 1701, Mhz Limit: 1701

Memory: 4k page, system-wide physical 3981M (142M free)
TotalPageFile size 16220M (AvailPageFile size 124M)
current process WorkingSet (physical memory assigned to process): 65M, peak: 66M
current process commit charge ("private bytes"): 150M, peak: 152M

vm_info: Java HotSpot(TM) 64-Bit Server VM (22.0.1+8-16) for windows-amd64 JRE (22.0.1+8-16), built on 2024-03-12T10:33:16Z by "mach5one" with MS VC++ 17.6 (VS2022)

END.
