#
# There is insufficient memory for the Java Runtime Environment to continue.
# Native memory allocation (malloc) failed to allocate 32744 bytes. Error detail: Chunk::new
# Possible reasons:
#   The system is out of physical RAM or swap space
#   This process is running with CompressedOops enabled, and the Java Heap may be blocking the growth of the native heap
# Possible solutions:
#   Reduce memory load on the system
#   Increase physical memory or swap space
#   Check if swap backing store is full
#   Decrease Java heap size (-Xmx/-Xms)
#   Decrease number of Java threads
#   Decrease Java thread stack sizes (-Xss)
#   Set larger code cache with -XX:ReservedCodeCacheSize=
#   JVM is running with Unscaled Compressed Oops mode in which the Java heap is
#     placed in the first 4GB address space. The Java Heap base address is the
#     maximum limit for the native heap growth. Please use -XX:HeapBaseMinAddress
#     to set the Java Heap base and to place the Java Heap above 4GB virtual address.
# This output file may be truncated or incomplete.
#
#  Out of Memory Error (arena.cpp:150), pid=14140, tid=14416
#
# JRE version: Java(TM) SE Runtime Environment (22.0.1+8) (build 22.0.1+8-16)
# Java VM: Java HotSpot(TM) 64-Bit Server VM (22.0.1+8-16, mixed mode, sharing, tiered, compressed oops, compressed class ptrs, g1 gc, windows-amd64)
# No core dump will be written. Minidumps are not enabled by default on client versions of Windows
#

---------------  S U M M A R Y ------------

Command Line: -XX:+ShowCodeDetailsInExceptionMessages -agentlib:jdwp=transport=dt_socket,suspend=y,address=localhost:57421 -javaagent:C:\Users\Admin\eclipse\jee-2024-06\eclipse\configuration\org.eclipse.osgi\448\0\.cp\lib\javaagent-shaded.jar -Dfile.encoding=UTF-8 -Dstdout.encoding=UTF-8 -Dstderr.encoding=UTF-8 com.task.Main3

Host: Intel(R) Core(TM) i3-3217U CPU @ 1.80GHz, 4 cores, 3G,  Windows 10 , 64 bit Build 19041 (10.0.19041.5794)
Time: Thu May 15 17:23:48 2025 India Standard Time elapsed time: 57.737947 seconds (0d 0h 0m 57s)

---------------  T H R E A D  ---------------

Current thread (0x0000022fb6af8e10):  JavaThread "C2 CompilerThread0" daemon [_thread_in_native, id=14416, stack(0x0000008d03c00000,0x0000008d03d00000) (1024K)]


Current CompileTask:
C2:57738  479       4       sun.security.provider.SHA2::implCompress0 (448 bytes)

Stack: [0x0000008d03c00000,0x0000008d03d00000]
Native frames: (J=compiled Java code, j=interpreted, Vv=VM code, C=native code)
V  [jvm.dll+0x6e2279]  (no source info available)
V  [jvm.dll+0x874e33]  (no source info available)
V  [jvm.dll+0x87725e]  (no source info available)
V  [jvm.dll+0x877933]  (no source info available)
V  [jvm.dll+0x27fd76]  (no source info available)
V  [jvm.dll+0xc3d0f]  (no source info available)
V  [jvm.dll+0xc40fb]  (no source info available)
V  [jvm.dll+0xc3bbb]  (no source info available)
V  [jvm.dll+0x6bfe20]  (no source info available)
V  [jvm.dll+0xbba78]  (no source info available)
V  [jvm.dll+0x679992]  (no source info available)
V  [jvm.dll+0x398a99]  (no source info available)
V  [jvm.dll+0x3a0fb2]  (no source info available)
V  [jvm.dll+0x6f2740]  (no source info available)
V  [jvm.dll+0x1c805c]  (no source info available)
V  [jvm.dll+0x1c8bdb]  (no source info available)
V  [jvm.dll+0x2f2e3f]  (no source info available)
V  [jvm.dll+0x6fcc87]  (no source info available)
V  [jvm.dll+0x6f4fcf]  (no source info available)
V  [jvm.dll+0x6f4587]  (no source info available)
V  [jvm.dll+0x6f2764]  (no source info available)
V  [jvm.dll+0x1c805c]  (no source info available)
V  [jvm.dll+0x2f2e3f]  (no source info available)
V  [jvm.dll+0x6fcc87]  (no source info available)
V  [jvm.dll+0x6f4fcf]  (no source info available)
V  [jvm.dll+0x6f4587]  (no source info available)
V  [jvm.dll+0x6f2764]  (no source info available)
V  [jvm.dll+0x1c805c]  (no source info available)
V  [jvm.dll+0x2f2e3f]  (no source info available)
V  [jvm.dll+0x6fcc87]  (no source info available)
V  [jvm.dll+0x6f4fcf]  (no source info available)
V  [jvm.dll+0x6f4587]  (no source info available)
V  [jvm.dll+0x6f2764]  (no source info available)
V  [jvm.dll+0x1c805c]  (no source info available)
V  [jvm.dll+0x246c2b]  (no source info available)
V  [jvm.dll+0x1c4e90]  (no source info available)
V  [jvm.dll+0x2569fe]  (no source info available)
V  [jvm.dll+0x254cba]  (no source info available)
V  [jvm.dll+0x3f5336]  (no source info available)
V  [jvm.dll+0x81d44b]  (no source info available)
V  [jvm.dll+0x6e0915]  (no source info available)
C  [ucrtbase.dll+0x21bb2]  (no source info available)
C  [KERNEL32.DLL+0x17374]  (no source info available)
C  [ntdll.dll+0x4cc91]  (no source info available)


---------------  P R O C E S S  ---------------

Threads class SMR info:
_java_thread_list=0x0000022ffc274770, length=14, elements={
0x0000022f99e43900, 0x0000022fb6af02f0, 0x0000022fb6af1f80, 0x0000022fb6af4150,
0x0000022fb6af6bc0, 0x0000022fb6af7620, 0x0000022fb6af8080, 0x0000022fb6af8e10,
0x0000022fb6b68450, 0x0000022fb6adb8a0, 0x0000022ffc153160, 0x0000022ffc1961c0,
0x0000022ffc19ec60, 0x0000022ffc257920
}

Java Threads: ( => current thread )
  0x0000022f99e43900 JavaThread "main"                              [_thread_in_Java, id=7536, stack(0x0000008d02e00000,0x0000008d02f00000) (1024K)]
  0x0000022fb6af02f0 JavaThread "Reference Handler"          daemon [_thread_blocked, id=14392, stack(0x0000008d03600000,0x0000008d03700000) (1024K)]
  0x0000022fb6af1f80 JavaThread "Finalizer"                  daemon [_thread_blocked, id=14396, stack(0x0000008d03700000,0x0000008d03800000) (1024K)]
  0x0000022fb6af4150 JavaThread "Signal Dispatcher"          daemon [_thread_blocked, id=14400, stack(0x0000008d03800000,0x0000008d03900000) (1024K)]
  0x0000022fb6af6bc0 JavaThread "Attach Listener"            daemon [_thread_blocked, id=14404, stack(0x0000008d03900000,0x0000008d03a00000) (1024K)]
  0x0000022fb6af7620 JavaThread "Service Thread"             daemon [_thread_blocked, id=14408, stack(0x0000008d03a00000,0x0000008d03b00000) (1024K)]
  0x0000022fb6af8080 JavaThread "Monitor Deflation Thread"   daemon [_thread_blocked, id=14412, stack(0x0000008d03b00000,0x0000008d03c00000) (1024K)]
=>0x0000022fb6af8e10 JavaThread "C2 CompilerThread0"         daemon [_thread_in_native, id=14416, stack(0x0000008d03c00000,0x0000008d03d00000) (1024K)]
  0x0000022fb6b68450 JavaThread "C1 CompilerThread0"         daemon [_thread_blocked, id=14424, stack(0x0000008d03d00000,0x0000008d03e00000) (1024K)]
  0x0000022fb6adb8a0 JavaThread "Common-Cleaner"             daemon [_thread_blocked, id=14436, stack(0x0000008d03e00000,0x0000008d03f00000) (1024K)]
  0x0000022ffc153160 JavaThread "JDWP Transport Listener: dt_socket" daemon [_thread_blocked, id=14748, stack(0x0000008d03f00000,0x0000008d04000000) (1024K)]
  0x0000022ffc1961c0 JavaThread "JDWP Event Helper Thread"   daemon [_thread_blocked, id=14752, stack(0x0000008d04000000,0x0000008d04100000) (1024K)]
  0x0000022ffc19ec60 JavaThread "JDWP Command Reader"        daemon [_thread_in_native, id=15224, stack(0x0000008d04100000,0x0000008d04200000) (1024K)]
  0x0000022ffc257920 JavaThread "Notification Thread"        daemon [_thread_blocked, id=17716, stack(0x0000008d04400000,0x0000008d04500000) (1024K)]
Total: 14

Other Threads:
  0x0000022f9c070490 VMThread "VM Thread"                           [id=14384, stack(0x0000008d03500000,0x0000008d03600000) (1024K)]
  0x0000022f9c05db90 WatcherThread "VM Periodic Task Thread"        [id=14368, stack(0x0000008d03400000,0x0000008d03500000) (1024K)]
  0x0000022f9bfec9e0 WorkerThread "GC Thread#0"                     [id=12200, stack(0x0000008d02f00000,0x0000008d03000000) (1024K)]
  0x0000022f9bff4640 ConcurrentGCThread "G1 Main Marker"            [id=1904, stack(0x0000008d03000000,0x0000008d03100000) (1024K)]
  0x0000022f99f0c060 WorkerThread "G1 Conc#0"                       [id=13600, stack(0x0000008d03100000,0x0000008d03200000) (1024K)]
  0x0000022f9c04ba10 ConcurrentGCThread "G1 Refine#0"               [id=12328, stack(0x0000008d03200000,0x0000008d03300000) (1024K)]
  0x0000022f9c04cdf0 ConcurrentGCThread "G1 Service"                [id=9676, stack(0x0000008d03300000,0x0000008d03400000) (1024K)]
Total: 7

Threads with active compile tasks:
C2 CompilerThread0  72844  479       4       sun.security.provider.SHA2::implCompress0 (448 bytes)
Total: 1

VM state: not at safepoint (normal execution)

VM Mutex/Monitor currently owned by a thread: None

Heap address: 0x00000000c1c00000, size: 996 MB, Compressed Oops mode: 32-bit

CDS archive(s) mapped at: [0x0000022fb7000000-0x0000022fb7c60000-0x0000022fb7c60000), size 12976128, SharedBaseAddress: 0x0000022fb7000000, ArchiveRelocationMode: 1.
Compressed class space mapped at: 0x0000022fb8000000-0x0000022ff8000000, reserved size: 1073741824
Narrow klass base: 0x0000022fb7000000, Narrow klass shift: 0, Narrow klass range: 0x41000000

GC Precious Log:
 CardTable entry size: 512
 Card Set container configuration: InlinePtr #cards 5 size 8 Array Of Cards #cards 12 size 40 Howl #buckets 4 coarsen threshold 1843 Howl Bitmap #cards 512 size 80 coarsen threshold 460 Card regions per heap region 1 cards per card region 2048
 CPUs: 4 total, 4 available
 Memory: 3981M
 Large Page Support: Disabled
 NUMA Support: Disabled
 Compressed Oops: Enabled (32-bit)
 Heap Region Size: 1M
 Heap Min Capacity: 8M
 Heap Initial Capacity: 64M
 Heap Max Capacity: 996M
 Pre-touch: Disabled
 Parallel Workers: 4
 Concurrent Workers: 1
 Concurrent Refinement Workers: 4
 Periodic GC: Disabled

Heap:
 garbage-first heap   total reserved 1019904K, committed 65536K, used 10240K [0x00000000c1c00000, 0x0000000100000000)
  region size 1024K, 12 young (12288K), 0 survivors (0K)
 Metaspace       used 3504K, committed 3648K, reserved 1114112K
  class space    used 320K, committed 384K, reserved 1048576K

Heap Regions: E=young(eden), S=young(survivor), O=old, HS=humongous(starts), HC=humongous(continues), CS=collection set, F=free, TAMS=top-at-mark-start, PB=parsable bottom
|   0|0x00000000c1c00000, 0x00000000c1c00000, 0x00000000c1d00000|  0%| F|  |TAMS 0x00000000c1c00000| PB 0x00000000c1c00000| Untracked |  0
|   1|0x00000000c1d00000, 0x00000000c1d00000, 0x00000000c1e00000|  0%| F|  |TAMS 0x00000000c1d00000| PB 0x00000000c1d00000| Untracked |  0
|   2|0x00000000c1e00000, 0x00000000c1e00000, 0x00000000c1f00000|  0%| F|  |TAMS 0x00000000c1e00000| PB 0x00000000c1e00000| Untracked |  0
|   3|0x00000000c1f00000, 0x00000000c1f00000, 0x00000000c2000000|  0%| F|  |TAMS 0x00000000c1f00000| PB 0x00000000c1f00000| Untracked |  0
|   4|0x00000000c2000000, 0x00000000c2000000, 0x00000000c2100000|  0%| F|  |TAMS 0x00000000c2000000| PB 0x00000000c2000000| Untracked |  0
|   5|0x00000000c2100000, 0x00000000c2100000, 0x00000000c2200000|  0%| F|  |TAMS 0x00000000c2100000| PB 0x00000000c2100000| Untracked |  0
|   6|0x00000000c2200000, 0x00000000c2200000, 0x00000000c2300000|  0%| F|  |TAMS 0x00000000c2200000| PB 0x00000000c2200000| Untracked |  0
|   7|0x00000000c2300000, 0x00000000c2300000, 0x00000000c2400000|  0%| F|  |TAMS 0x00000000c2300000| PB 0x00000000c2300000| Untracked |  0
|   8|0x00000000c2400000, 0x00000000c2400000, 0x00000000c2500000|  0%| F|  |TAMS 0x00000000c2400000| PB 0x00000000c2400000| Untracked |  0
|   9|0x00000000c2500000, 0x00000000c2500000, 0x00000000c2600000|  0%| F|  |TAMS 0x00000000c2500000| PB 0x00000000c2500000| Untracked |  0
|  10|0x00000000c2600000, 0x00000000c2600000, 0x00000000c2700000|  0%| F|  |TAMS 0x00000000c2600000| PB 0x00000000c2600000| Untracked |  0
|  11|0x00000000c2700000, 0x00000000c2700000, 0x00000000c2800000|  0%| F|  |TAMS 0x00000000c2700000| PB 0x00000000c2700000| Untracked |  0
|  12|0x00000000c2800000, 0x00000000c2800000, 0x00000000c2900000|  0%| F|  |TAMS 0x00000000c2800000| PB 0x00000000c2800000| Untracked |  0
|  13|0x00000000c2900000, 0x00000000c2900000, 0x00000000c2a00000|  0%| F|  |TAMS 0x00000000c2900000| PB 0x00000000c2900000| Untracked |  0
|  14|0x00000000c2a00000, 0x00000000c2a00000, 0x00000000c2b00000|  0%| F|  |TAMS 0x00000000c2a00000| PB 0x00000000c2a00000| Untracked |  0
|  15|0x00000000c2b00000, 0x00000000c2b00000, 0x00000000c2c00000|  0%| F|  |TAMS 0x00000000c2b00000| PB 0x00000000c2b00000| Untracked |  0
|  16|0x00000000c2c00000, 0x00000000c2c00000, 0x00000000c2d00000|  0%| F|  |TAMS 0x00000000c2c00000| PB 0x00000000c2c00000| Untracked |  0
|  17|0x00000000c2d00000, 0x00000000c2d00000, 0x00000000c2e00000|  0%| F|  |TAMS 0x00000000c2d00000| PB 0x00000000c2d00000| Untracked |  0
|  18|0x00000000c2e00000, 0x00000000c2e00000, 0x00000000c2f00000|  0%| F|  |TAMS 0x00000000c2e00000| PB 0x00000000c2e00000| Untracked |  0
|  19|0x00000000c2f00000, 0x00000000c2f00000, 0x00000000c3000000|  0%| F|  |TAMS 0x00000000c2f00000| PB 0x00000000c2f00000| Untracked |  0
|  20|0x00000000c3000000, 0x00000000c3000000, 0x00000000c3100000|  0%| F|  |TAMS 0x00000000c3000000| PB 0x00000000c3000000| Untracked |  0
|  21|0x00000000c3100000, 0x00000000c3100000, 0x00000000c3200000|  0%| F|  |TAMS 0x00000000c3100000| PB 0x00000000c3100000| Untracked |  0
|  22|0x00000000c3200000, 0x00000000c3200000, 0x00000000c3300000|  0%| F|  |TAMS 0x00000000c3200000| PB 0x00000000c3200000| Untracked |  0
|  23|0x00000000c3300000, 0x00000000c3300000, 0x00000000c3400000|  0%| F|  |TAMS 0x00000000c3300000| PB 0x00000000c3300000| Untracked |  0
|  24|0x00000000c3400000, 0x00000000c3400000, 0x00000000c3500000|  0%| F|  |TAMS 0x00000000c3400000| PB 0x00000000c3400000| Untracked |  0
|  25|0x00000000c3500000, 0x00000000c3500000, 0x00000000c3600000|  0%| F|  |TAMS 0x00000000c3500000| PB 0x00000000c3500000| Untracked |  0
|  26|0x00000000c3600000, 0x00000000c3600000, 0x00000000c3700000|  0%| F|  |TAMS 0x00000000c3600000| PB 0x00000000c3600000| Untracked |  0
|  27|0x00000000c3700000, 0x00000000c3700000, 0x00000000c3800000|  0%| F|  |TAMS 0x00000000c3700000| PB 0x00000000c3700000| Untracked |  0
|  28|0x00000000c3800000, 0x00000000c3800000, 0x00000000c3900000|  0%| F|  |TAMS 0x00000000c3800000| PB 0x00000000c3800000| Untracked |  0
|  29|0x00000000c3900000, 0x00000000c3900000, 0x00000000c3a00000|  0%| F|  |TAMS 0x00000000c3900000| PB 0x00000000c3900000| Untracked |  0
|  30|0x00000000c3a00000, 0x00000000c3a00000, 0x00000000c3b00000|  0%| F|  |TAMS 0x00000000c3a00000| PB 0x00000000c3a00000| Untracked |  0
|  31|0x00000000c3b00000, 0x00000000c3b00000, 0x00000000c3c00000|  0%| F|  |TAMS 0x00000000c3b00000| PB 0x00000000c3b00000| Untracked |  0
|  32|0x00000000c3c00000, 0x00000000c3c00000, 0x00000000c3d00000|  0%| F|  |TAMS 0x00000000c3c00000| PB 0x00000000c3c00000| Untracked |  0
|  33|0x00000000c3d00000, 0x00000000c3d00000, 0x00000000c3e00000|  0%| F|  |TAMS 0x00000000c3d00000| PB 0x00000000c3d00000| Untracked |  0
|  34|0x00000000c3e00000, 0x00000000c3e00000, 0x00000000c3f00000|  0%| F|  |TAMS 0x00000000c3e00000| PB 0x00000000c3e00000| Untracked |  0
|  35|0x00000000c3f00000, 0x00000000c3f00000, 0x00000000c4000000|  0%| F|  |TAMS 0x00000000c3f00000| PB 0x00000000c3f00000| Untracked |  0
|  36|0x00000000c4000000, 0x00000000c4000000, 0x00000000c4100000|  0%| F|  |TAMS 0x00000000c4000000| PB 0x00000000c4000000| Untracked |  0
|  37|0x00000000c4100000, 0x00000000c4100000, 0x00000000c4200000|  0%| F|  |TAMS 0x00000000c4100000| PB 0x00000000c4100000| Untracked |  0
|  38|0x00000000c4200000, 0x00000000c4200000, 0x00000000c4300000|  0%| F|  |TAMS 0x00000000c4200000| PB 0x00000000c4200000| Untracked |  0
|  39|0x00000000c4300000, 0x00000000c4300000, 0x00000000c4400000|  0%| F|  |TAMS 0x00000000c4300000| PB 0x00000000c4300000| Untracked |  0
|  40|0x00000000c4400000, 0x00000000c4400000, 0x00000000c4500000|  0%| F|  |TAMS 0x00000000c4400000| PB 0x00000000c4400000| Untracked |  0
|  41|0x00000000c4500000, 0x00000000c4500000, 0x00000000c4600000|  0%| F|  |TAMS 0x00000000c4500000| PB 0x00000000c4500000| Untracked |  0
|  42|0x00000000c4600000, 0x00000000c4600000, 0x00000000c4700000|  0%| F|  |TAMS 0x00000000c4600000| PB 0x00000000c4600000| Untracked |  0
|  43|0x00000000c4700000, 0x00000000c4700000, 0x00000000c4800000|  0%| F|  |TAMS 0x00000000c4700000| PB 0x00000000c4700000| Untracked |  0
|  44|0x00000000c4800000, 0x00000000c4800000, 0x00000000c4900000|  0%| F|  |TAMS 0x00000000c4800000| PB 0x00000000c4800000| Untracked |  0
|  45|0x00000000c4900000, 0x00000000c4900000, 0x00000000c4a00000|  0%| F|  |TAMS 0x00000000c4900000| PB 0x00000000c4900000| Untracked |  0
|  46|0x00000000c4a00000, 0x00000000c4a00000, 0x00000000c4b00000|  0%| F|  |TAMS 0x00000000c4a00000| PB 0x00000000c4a00000| Untracked |  0
|  47|0x00000000c4b00000, 0x00000000c4b00000, 0x00000000c4c00000|  0%| F|  |TAMS 0x00000000c4b00000| PB 0x00000000c4b00000| Untracked |  0
|  48|0x00000000c4c00000, 0x00000000c4c00000, 0x00000000c4d00000|  0%| F|  |TAMS 0x00000000c4c00000| PB 0x00000000c4c00000| Untracked |  0
|  49|0x00000000c4d00000, 0x00000000c4d00000, 0x00000000c4e00000|  0%| F|  |TAMS 0x00000000c4d00000| PB 0x00000000c4d00000| Untracked |  0
|  50|0x00000000c4e00000, 0x00000000c4e00000, 0x00000000c4f00000|  0%| F|  |TAMS 0x00000000c4e00000| PB 0x00000000c4e00000| Untracked |  0
|  51|0x00000000c4f00000, 0x00000000c4f00000, 0x00000000c5000000|  0%| F|  |TAMS 0x00000000c4f00000| PB 0x00000000c4f00000| Untracked |  0
|  52|0x00000000c5000000, 0x00000000c50b3b18, 0x00000000c5100000| 70%| E|  |TAMS 0x00000000c5000000| PB 0x00000000c5000000| Complete |  0
|  53|0x00000000c5100000, 0x00000000c5200000, 0x00000000c5200000|100%| E|  |TAMS 0x00000000c5100000| PB 0x00000000c5100000| Complete |  0
|  54|0x00000000c5200000, 0x00000000c5300000, 0x00000000c5300000|100%| E|CS|TAMS 0x00000000c5200000| PB 0x00000000c5200000| Complete |  0
|  55|0x00000000c5300000, 0x00000000c5400000, 0x00000000c5400000|100%| E|CS|TAMS 0x00000000c5300000| PB 0x00000000c5300000| Complete |  0
|  56|0x00000000c5400000, 0x00000000c5500000, 0x00000000c5500000|100%| E|CS|TAMS 0x00000000c5400000| PB 0x00000000c5400000| Complete |  0
|  57|0x00000000c5500000, 0x00000000c5600000, 0x00000000c5600000|100%| E|CS|TAMS 0x00000000c5500000| PB 0x00000000c5500000| Complete |  0
|  58|0x00000000c5600000, 0x00000000c5700000, 0x00000000c5700000|100%| E|CS|TAMS 0x00000000c5600000| PB 0x00000000c5600000| Complete |  0
|  59|0x00000000c5700000, 0x00000000c5800000, 0x00000000c5800000|100%| E|CS|TAMS 0x00000000c5700000| PB 0x00000000c5700000| Complete |  0
|  60|0x00000000c5800000, 0x00000000c5900000, 0x00000000c5900000|100%| E|CS|TAMS 0x00000000c5800000| PB 0x00000000c5800000| Complete |  0
|  61|0x00000000c5900000, 0x00000000c5a00000, 0x00000000c5a00000|100%| E|CS|TAMS 0x00000000c5900000| PB 0x00000000c5900000| Complete |  0
|  62|0x00000000c5a00000, 0x00000000c5b00000, 0x00000000c5b00000|100%| E|CS|TAMS 0x00000000c5a00000| PB 0x00000000c5a00000| Complete |  0
|  63|0x00000000c5b00000, 0x00000000c5c00000, 0x00000000c5c00000|100%| E|CS|TAMS 0x00000000c5b00000| PB 0x00000000c5b00000| Complete |  0

Card table byte_map: [0x0000022fb3500000,0x0000022fb3700000] _byte_map_base: 0x0000022fb2ef2000

Marking Bits: (CMBitMap*) 0x0000022f9bfee010
 Bits: [0x0000022fb3700000, 0x0000022fb4690000)

Polling page: 0x0000022f99df0000

Metaspace:

Usage:
  Non-class:      3.11 MB used.
      Class:    320.77 KB used.
       Both:      3.42 MB used.

Virtual space:
  Non-class space:       64.00 MB reserved,       3.19 MB (  5%) committed,  1 nodes.
      Class space:        1.00 GB reserved,     384.00 KB ( <1%) committed,  1 nodes.
             Both:        1.06 GB reserved,       3.56 MB ( <1%) committed. 

Chunk freelists:
   Non-Class:  11.16 MB
       Class:  15.66 MB
        Both:  26.81 MB

MaxMetaspaceSize: unlimited
CompressedClassSpaceSize: 1.00 GB
Initial GC threshold: 21.00 MB
Current GC threshold: 21.00 MB
CDS: on
 - commit_granule_bytes: 65536.
 - commit_granule_words: 8192.
 - virtual_space_node_default_size: 8388608.
 - enlarge_chunks_in_place: 1.
 - use_allocation_guard: 0.


Internal statistics:

num_allocs_failed_limit: 0.
num_arena_births: 32.
num_arena_deaths: 0.
num_vsnodes_births: 2.
num_vsnodes_deaths: 0.
num_space_committed: 57.
num_space_uncommitted: 0.
num_chunks_returned_to_freelist: 0.
num_chunks_taken_from_freelist: 73.
num_chunk_merges: 0.
num_chunk_splits: 53.
num_chunks_enlarged: 43.
num_inconsistent_stats: 0.

CodeHeap 'non-profiled nmethods': size=120000Kb used=182Kb max_used=182Kb free=119817Kb
 bounds [0x0000022fabdd0000, 0x0000022fac040000, 0x0000022fb3300000]
CodeHeap 'profiled nmethods': size=120000Kb used=1096Kb max_used=1096Kb free=118903Kb
 bounds [0x0000022fa4300000, 0x0000022fa4570000, 0x0000022fab830000]
CodeHeap 'non-nmethods': size=5760Kb used=1411Kb max_used=1418Kb free=4348Kb
 bounds [0x0000022fab830000, 0x0000022fabaa0000, 0x0000022fabdd0000]
 total_blobs=1128 nmethods=677 adapters=356
 compilation: enabled
              stopped_count=0, restarted_count=0
 full_count=0

Compilation events (20 events):
Event: 44.592 Thread 0x0000022fb6b68450  463       1       sun.invoke.util.Wrapper::basicTypeChar (5 bytes)
Event: 44.592 Thread 0x0000022fb6b68450 nmethod 463 0x0000022fabdf2610 code [0x0000022fabdf27a0, 0x0000022fabdf2870]
Event: 44.623 Thread 0x0000022fb6af8e10 nmethod 455% 0x0000022fabdf2910 code [0x0000022fabdf2ac0, 0x0000022fabdf3428]
Event: 44.623 Thread 0x0000022fb6af8e10  454       4       java.lang.invoke.VarHandleByteArrayAsInts$ArrayHandle::get (36 bytes)
Event: 44.626 Thread 0x0000022fb6af8e10 nmethod 454 0x0000022fabdf3710 code [0x0000022fabdf38a0, 0x0000022fabdf3a58]
Event: 45.002 Thread 0x0000022fb6b68450  465       3       java.lang.invoke.LambdaForm::argument (27 bytes)
Event: 45.003 Thread 0x0000022fb6b68450 nmethod 465 0x0000022fa43ab890 code [0x0000022fa43aba40, 0x0000022fa43abcb0]
Event: 45.004 Thread 0x0000022fb6b68450  466       3       java.lang.invoke.LambdaForm$Name::initIndex (26 bytes)
Event: 45.004 Thread 0x0000022fb6b68450 nmethod 466 0x0000022fa43abe10 code [0x0000022fa43abfa0, 0x0000022fa43ac148]
Event: 45.010 Thread 0x0000022fb6b68450  472       3       jdk.internal.org.objectweb.asm.Frame::execute (2305 bytes)
Event: 45.024 Thread 0x0000022fb6b68450 nmethod 472 0x0000022fa43ac210 code [0x0000022fa43ad060, 0x0000022fa43b3330]
Event: 45.026 Thread 0x0000022fb6b68450  474       3       jdk.internal.misc.Unsafe::allocateUninitializedArray0 (90 bytes)
Event: 45.027 Thread 0x0000022fb6b68450 nmethod 474 0x0000022fa43b5110 code [0x0000022fa43b5320, 0x0000022fa43b5bf8]
Event: 45.030 Thread 0x0000022fb6b68450  475       3       java.lang.StringUTF16::getChar (60 bytes)
Event: 45.030 Thread 0x0000022fb6b68450 nmethod 475 0x0000022fa43b5d10 code [0x0000022fa43b5ea0, 0x0000022fa43b6010]
Event: 45.031 Thread 0x0000022fb6b68450  476       3       java.lang.String::charAt (25 bytes)
Event: 45.032 Thread 0x0000022fb6b68450 nmethod 476 0x0000022fa43b6110 code [0x0000022fa43b6300, 0x0000022fa43b6840]
Event: 45.032 Thread 0x0000022fb6b68450  477       3       jdk.internal.misc.VM::isBooted (13 bytes)
Event: 45.032 Thread 0x0000022fb6b68450 nmethod 477 0x0000022fa43b6a90 code [0x0000022fa43b6c20, 0x0000022fa43b6d70]
Event: 51.178 Thread 0x0000022fb6af8e10  479       4       sun.security.provider.SHA2::implCompress0 (448 bytes)

GC Heap History (0 events):
No events

Dll operation events (8 events):
Event: 1.029 Loaded shared library C:\Program Files\Java\jdk-22\bin\java.dll
Event: 3.363 Loaded shared library C:\Program Files\Java\jdk-22\bin\jsvml.dll
Event: 14.467 Loaded shared library C:\Program Files\Java\jdk-22\bin\zip.dll
Event: 18.321 Loaded shared library C:\Program Files\Java\jdk-22\bin\instrument.dll
Event: 18.339 Loaded shared library C:\Program Files\Java\jdk-22\bin\net.dll
Event: 18.341 Loaded shared library C:\Program Files\Java\jdk-22\bin\nio.dll
Event: 18.635 Loaded shared library C:\Program Files\Java\jdk-22\bin\zip.dll
Event: 43.064 Loaded shared library C:\Program Files\Java\jdk-22\bin\jimage.dll

Deoptimization events (20 events):
Event: 43.545 Thread 0x0000022f99e43900 DEOPT PACKING pc=0x0000022fabdec888 sp=0x0000008d02efdb30
Event: 43.545 Thread 0x0000022f99e43900 DEOPT UNPACKING pc=0x0000022fab8846a2 sp=0x0000008d02efda90 mode 2
Event: 45.029 Thread 0x0000022f99e43900 Uncommon trap: trap_request=0xffffff45 fr.pc=0x0000022fabde1170 relative=0x0000000000000070
Event: 45.029 Thread 0x0000022f99e43900 Uncommon trap: reason=unstable_if action=reinterpret pc=0x0000022fabde1170 method=java.lang.String.isLatin1()Z @ 10 c2
Event: 45.029 Thread 0x0000022f99e43900 DEOPT PACKING pc=0x0000022fabde1170 sp=0x0000008d02efe230
Event: 45.029 Thread 0x0000022f99e43900 DEOPT UNPACKING pc=0x0000022fab8846a2 sp=0x0000008d02efe1d0 mode 2
Event: 45.030 Thread 0x0000022f99e43900 Uncommon trap: trap_request=0xffffff45 fr.pc=0x0000022fabde03f4 relative=0x00000000000000d4
Event: 45.030 Thread 0x0000022f99e43900 Uncommon trap: reason=unstable_if action=reinterpret pc=0x0000022fabde03f4 method=java.lang.String.isLatin1()Z @ 10 c2
Event: 45.030 Thread 0x0000022f99e43900 DEOPT PACKING pc=0x0000022fabde03f4 sp=0x0000008d02efebf0
Event: 45.030 Thread 0x0000022f99e43900 DEOPT UNPACKING pc=0x0000022fab8846a2 sp=0x0000008d02efeb40 mode 2
Event: 51.179 Thread 0x0000022f99e43900 DEOPT PACKING pc=0x0000022fa439e88d sp=0x0000008d02efb9b0
Event: 51.179 Thread 0x0000022f99e43900 DEOPT UNPACKING pc=0x0000022fab884e42 sp=0x0000008d02efae38 mode 0
Event: 51.182 Thread 0x0000022f99e43900 DEOPT PACKING pc=0x0000022fa439e88d sp=0x0000008d02efb9b0
Event: 51.182 Thread 0x0000022f99e43900 DEOPT UNPACKING pc=0x0000022fab884e42 sp=0x0000008d02efae38 mode 0
Event: 51.183 Thread 0x0000022f99e43900 DEOPT PACKING pc=0x0000022fa439e88d sp=0x0000008d02efb9b0
Event: 51.183 Thread 0x0000022f99e43900 DEOPT UNPACKING pc=0x0000022fab884e42 sp=0x0000008d02efae38 mode 0
Event: 51.184 Thread 0x0000022f99e43900 DEOPT PACKING pc=0x0000022fa439e88d sp=0x0000008d02efb9b0
Event: 51.184 Thread 0x0000022f99e43900 DEOPT UNPACKING pc=0x0000022fab884e42 sp=0x0000008d02efae38 mode 0
Event: 51.211 Thread 0x0000022f99e43900 DEOPT PACKING pc=0x0000022fa439e88d sp=0x0000008d02efb9b0
Event: 51.211 Thread 0x0000022f99e43900 DEOPT UNPACKING pc=0x0000022fab884e42 sp=0x0000008d02efae38 mode 0

Classes loaded (20 events):
Event: 45.011 Loading class sun/net/www/protocol/jrt/JavaRuntimeURLConnection
Event: 45.012 Loading class sun/net/www/URLConnection
Event: 45.012 Loading class java/net/URLConnection
Event: 45.013 Loading class java/net/URLConnection done
Event: 45.013 Loading class sun/net/www/URLConnection done
Event: 45.013 Loading class sun/net/www/protocol/jrt/JavaRuntimeURLConnection done
Event: 45.015 Loading class sun/net/www/MessageHeader
Event: 45.015 Loading class sun/net/www/MessageHeader done
Event: 45.016 Loading class sun/net/www/protocol/jrt/JavaRuntimeURLConnection$1
Event: 45.016 Loading class sun/net/www/protocol/jrt/JavaRuntimeURLConnection$1 done
Event: 45.016 Loading class jdk/internal/jimage/ImageBufferCache
Event: 45.016 Loading class jdk/internal/jimage/ImageBufferCache done
Event: 45.016 Loading class jdk/internal/jimage/ImageBufferCache$1
Event: 45.016 Loading class jdk/internal/jimage/ImageBufferCache$1 done
Event: 45.017 Loading class jdk/internal/jimage/ImageBufferCache$2
Event: 45.017 Loading class jdk/internal/jimage/ImageBufferCache$2 done
Event: 45.017 Loading class java/util/AbstractMap$SimpleEntry
Event: 45.017 Loading class java/util/AbstractMap$SimpleEntry done
Event: 45.031 Loading class jdk/internal/loader/URLClassPath$FileLoader$1
Event: 45.031 Loading class jdk/internal/loader/URLClassPath$FileLoader$1 done

Classes unloaded (0 events):
No events

Classes redefined (0 events):
No events

Internal exceptions (3 events):
Event: 38.038 Thread 0x0000022f99e43900 Exception <a 'java/lang/NoSuchMethodError'{0x00000000c587ae80}: 'void java.lang.invoke.DirectMethodHandle$Holder.invokeVirtual(java.lang.Object, java.lang.Object)'> (0x00000000c587ae80) 
thrown [s\open\src\hotspot\share\interpreter\linkResolver.cpp, line 774]
Event: 44.566 Thread 0x0000022f99e43900 Exception <a 'java/lang/NoSuchMethodError'{0x00000000c57d8c48}: 'void java.lang.invoke.DirectMethodHandle$Holder.invokeStatic(java.lang.Object, java.lang.Object, java.lang.Object)'> (0x00000000c57d8c48) 
thrown [s\open\src\hotspot\share\interpreter\linkResolver.cpp, line 774]
Event: 45.009 Thread 0x0000022f99e43900 Exception <a 'java/lang/NoSuchMethodError'{0x00000000c57eba18}: 'java.lang.Object java.lang.invoke.Invokers$Holder.invokeExact_MT(java.lang.Object, java.lang.Object, java.lang.Object, java.lang.Object, java.lang.Object)'> (0x00000000c57eba18) 
thrown [s\open\src\hotspot\share\interpreter\linkResolver.cpp, line 774]

ZGC Phase Switch (0 events):
No events

VM Operations (20 events):
Event: 8.951 Executing VM operation: ChangeBreakpoints
Event: 8.951 Executing VM operation: ChangeBreakpoints done
Event: 19.029 Executing VM operation: Cleanup
Event: 19.029 Executing VM operation: Cleanup done
Event: 34.132 Executing VM operation: Cleanup
Event: 34.132 Executing VM operation: Cleanup done
Event: 36.156 Executing VM operation: Cleanup
Event: 36.187 Executing VM operation: Cleanup done
Event: 37.196 Executing VM operation: Cleanup
Event: 37.196 Executing VM operation: Cleanup done
Event: 38.209 Executing VM operation: Cleanup
Event: 39.020 Executing VM operation: Cleanup done
Event: 40.032 Executing VM operation: Cleanup
Event: 40.032 Executing VM operation: Cleanup done
Event: 42.060 Executing VM operation: Cleanup
Event: 42.125 Executing VM operation: Cleanup done
Event: 44.148 Executing VM operation: Cleanup
Event: 44.451 Executing VM operation: Cleanup done
Event: 45.461 Executing VM operation: Cleanup
Event: 45.461 Executing VM operation: Cleanup done

Events (14 events):
Event: 3.152 Thread 0x0000022f99e43900 Thread added: 0x0000022f99e43900
Event: 3.358 Thread 0x0000022fb6af02f0 Thread added: 0x0000022fb6af02f0
Event: 3.359 Thread 0x0000022fb6af1f80 Thread added: 0x0000022fb6af1f80
Event: 3.360 Thread 0x0000022fb6af4150 Thread added: 0x0000022fb6af4150
Event: 3.360 Thread 0x0000022fb6af6bc0 Thread added: 0x0000022fb6af6bc0
Event: 3.360 Thread 0x0000022fb6af7620 Thread added: 0x0000022fb6af7620
Event: 3.360 Thread 0x0000022fb6af8080 Thread added: 0x0000022fb6af8080
Event: 3.360 Thread 0x0000022fb6af8e10 Thread added: 0x0000022fb6af8e10
Event: 3.469 Thread 0x0000022fb6b68450 Thread added: 0x0000022fb6b68450
Event: 4.106 Thread 0x0000022fb6adb8a0 Thread added: 0x0000022fb6adb8a0
Event: 5.111 Thread 0x0000022ffc153160 Thread added: 0x0000022ffc153160
Event: 5.112 Thread 0x0000022ffc1961c0 Thread added: 0x0000022ffc1961c0
Event: 5.588 Thread 0x0000022ffc19ec60 Thread added: 0x0000022ffc19ec60
Event: 45.023 Thread 0x0000022ffc257920 Thread added: 0x0000022ffc257920


Dynamic libraries:
0x00007ff6935a0000 - 0x00007ff6935b0000 	C:\Program Files\Java\jdk-22\bin\javaw.exe
0x00007fff8ccd0000 - 0x00007fff8cec8000 	C:\Windows\SYSTEM32\ntdll.dll
0x00007fff8caa0000 - 0x00007fff8cb62000 	C:\Windows\System32\KERNEL32.DLL
0x00007fff8a440000 - 0x00007fff8a736000 	C:\Windows\System32\KERNELBASE.dll
0x00007fff8ab50000 - 0x00007fff8ac50000 	C:\Windows\System32\ucrtbase.dll
0x00007fff86120000 - 0x00007fff86137000 	C:\Program Files\Java\jdk-22\bin\jli.dll
0x00007fff8c9f0000 - 0x00007fff8ca9f000 	C:\Windows\System32\ADVAPI32.dll
0x00007fff8c4c0000 - 0x00007fff8c55e000 	C:\Windows\System32\msvcrt.dll
0x00007fff8c8e0000 - 0x00007fff8c97f000 	C:\Windows\System32\sechost.dll
0x00007fff8b040000 - 0x00007fff8b163000 	C:\Windows\System32\RPCRT4.dll
0x00007fff8a370000 - 0x00007fff8a397000 	C:\Windows\System32\bcrypt.dll
0x00007fff8bdb0000 - 0x00007fff8bf4d000 	C:\Windows\System32\USER32.dll
0x00007fff8ab20000 - 0x00007fff8ab42000 	C:\Windows\System32\win32u.dll
0x00007fff8c3c0000 - 0x00007fff8c3eb000 	C:\Windows\System32\GDI32.dll
0x00007fff8a980000 - 0x00007fff8aa9a000 	C:\Windows\System32\gdi32full.dll
0x00007fff8a3a0000 - 0x00007fff8a43d000 	C:\Windows\System32\msvcp_win.dll
0x00007fff850a0000 - 0x00007fff850bb000 	C:\Program Files\Java\jdk-22\bin\VCRUNTIME140.dll
0x00007fff7c380000 - 0x00007fff7c38a000 	C:\Windows\SYSTEM32\VERSION.dll
0x00007fff7bd20000 - 0x00007fff7bfba000 	C:\Windows\WinSxS\amd64_microsoft.windows.common-controls_6595b64144ccf1df_6.0.19041.5794_none_60bcd33171f2783c\COMCTL32.dll
0x00007fff8b170000 - 0x00007fff8b19f000 	C:\Windows\System32\IMM32.DLL
0x00007fff87660000 - 0x00007fff8766c000 	C:\Program Files\Java\jdk-22\bin\vcruntime140_1.dll
0x00007fff633d0000 - 0x00007fff6345e000 	C:\Program Files\Java\jdk-22\bin\msvcp140.dll
0x00007fff3f9a0000 - 0x00007fff406e7000 	C:\Program Files\Java\jdk-22\bin\server\jvm.dll
0x00007fff8c980000 - 0x00007fff8c9eb000 	C:\Windows\System32\WS2_32.dll
0x00007fff8a1d0000 - 0x00007fff8a21b000 	C:\Windows\SYSTEM32\POWRPROF.dll
0x00007fff7d070000 - 0x00007fff7d097000 	C:\Windows\SYSTEM32\WINMM.dll
0x00007fff8a1b0000 - 0x00007fff8a1c2000 	C:\Windows\SYSTEM32\UMPDC.dll
0x00007fff881b0000 - 0x00007fff881c2000 	C:\Windows\SYSTEM32\kernel.appcore.dll
0x00007fff872b0000 - 0x00007fff872ba000 	C:\Program Files\Java\jdk-22\bin\jimage.dll
0x00007fff87450000 - 0x00007fff87634000 	C:\Windows\SYSTEM32\DBGHELP.DLL
0x00007fff87410000 - 0x00007fff87444000 	C:\Windows\SYSTEM32\dbgcore.DLL
0x00007fff8a8f0000 - 0x00007fff8a972000 	C:\Windows\System32\bcryptPrimitives.dll
0x00007fff630f0000 - 0x00007fff6312c000 	C:\Program Files\Java\jdk-22\bin\jdwp.dll
0x00007fff87220000 - 0x00007fff8722f000 	C:\Program Files\Java\jdk-22\bin\instrument.dll
0x00007fff84fd0000 - 0x00007fff84fee000 	C:\Program Files\Java\jdk-22\bin\java.dll
0x00007fff8b250000 - 0x00007fff8b9be000 	C:\Windows\System32\SHELL32.dll
0x00007fff8ad00000 - 0x00007fff8ae2b000 	C:\Windows\System32\ole32.dll
0x00007fff8c580000 - 0x00007fff8c8d3000 	C:\Windows\System32\combase.dll
0x00007fff883b0000 - 0x00007fff88b53000 	C:\Windows\SYSTEM32\windows.storage.dll
0x00007fff89c00000 - 0x00007fff89c2b000 	C:\Windows\SYSTEM32\Wldp.dll
0x00007fff8c3f0000 - 0x00007fff8c4bd000 	C:\Windows\System32\OLEAUT32.dll
0x00007fff8b1a0000 - 0x00007fff8b24d000 	C:\Windows\System32\SHCORE.dll
0x00007fff8bce0000 - 0x00007fff8bd35000 	C:\Windows\System32\shlwapi.dll
0x00007fff8a2a0000 - 0x00007fff8a2c5000 	C:\Windows\SYSTEM32\profapi.dll
0x00007fff632f0000 - 0x00007fff633c7000 	C:\Program Files\Java\jdk-22\bin\jsvml.dll
0x00007fff87200000 - 0x00007fff8720c000 	C:\Program Files\Java\jdk-22\bin\dt_socket.dll
0x00007fff896d0000 - 0x00007fff8970b000 	C:\Windows\SYSTEM32\IPHLPAPI.DLL
0x00007fff899d0000 - 0x00007fff89a3c000 	C:\Windows\system32\mswsock.dll
0x00007fff89710000 - 0x00007fff897da000 	C:\Windows\SYSTEM32\DNSAPI.dll
0x00007fff8cc20000 - 0x00007fff8cc28000 	C:\Windows\System32\NSI.dll
0x00007fff7e470000 - 0x00007fff7e47a000 	C:\Windows\System32\rasadhlp.dll
0x00007fff7e720000 - 0x00007fff7e7a0000 	C:\Windows\System32\fwpuclnt.dll
0x00007fff82b60000 - 0x00007fff82b77000 	C:\Program Files\Java\jdk-22\bin\zip.dll
0x00007fff865b0000 - 0x00007fff865c0000 	C:\Program Files\Java\jdk-22\bin\net.dll
0x00007fff83930000 - 0x00007fff83946000 	C:\Program Files\Java\jdk-22\bin\nio.dll
0x00007fff85970000 - 0x00007fff85980000 	C:\Program Files\Java\jdk-22\bin\verify.dll

dbghelp: loaded successfully - version: 4.0.5 - missing functions: none
symbol engine: initialized successfully - sym options: 0x614 - pdb path: .;C:\Program Files\Java\jdk-22\bin;C:\Windows\SYSTEM32;C:\Windows\WinSxS\amd64_microsoft.windows.common-controls_6595b64144ccf1df_6.0.19041.5794_none_60bcd33171f2783c;C:\Program Files\Java\jdk-22\bin\server

VM Arguments:
jvm_args: -XX:+ShowCodeDetailsInExceptionMessages -agentlib:jdwp=transport=dt_socket,suspend=y,address=localhost:57421 -javaagent:C:\Users\Admin\eclipse\jee-2024-06\eclipse\configuration\org.eclipse.osgi\448\0\.cp\lib\javaagent-shaded.jar -Dfile.encoding=UTF-8 -Dstdout.encoding=UTF-8 -Dstderr.encoding=UTF-8 
java_command: com.task.Main3
java_class_path (initial): C:\Users\Admin\eclipse-workspace-nov\Spring\target\classes;C:\Users\Admin\.m2\repository\org\springframework\spring-context\5.3.36\spring-context-5.3.36.jar;C:\Users\Admin\.m2\repository\org\springframework\spring-aop\5.3.36\spring-aop-5.3.36.jar;C:\Users\Admin\.m2\repository\org\springframework\spring-beans\5.3.36\spring-beans-5.3.36.jar;C:\Users\Admin\.m2\repository\org\springframework\spring-core\5.3.36\spring-core-5.3.36.jar;C:\Users\Admin\.m2\repository\org\springframework\spring-jcl\5.3.36\spring-jcl-5.3.36.jar;C:\Users\Admin\.m2\repository\org\springframework\spring-expression\5.3.36\spring-expression-5.3.36.jar
Launcher Type: SUN_STANDARD

[Global flags]
     intx CICompilerCount                          = 3                                         {product} {ergonomic}
     uint ConcGCThreads                            = 1                                         {product} {ergonomic}
     uint G1ConcRefinementThreads                  = 4                                         {product} {ergonomic}
   size_t G1HeapRegionSize                         = 1048576                                   {product} {ergonomic}
   size_t InitialHeapSize                          = 67108864                                  {product} {ergonomic}
   size_t MarkStackSize                            = 4194304                                   {product} {ergonomic}
   size_t MaxHeapSize                              = 1044381696                                {product} {ergonomic}
   size_t MaxNewSize                               = 625999872                                 {product} {ergonomic}
   size_t MinHeapDeltaBytes                        = 1048576                                   {product} {ergonomic}
   size_t MinHeapSize                              = 8388608                                   {product} {ergonomic}
    uintx NonNMethodCodeHeapSize                   = 5832780                                {pd product} {ergonomic}
    uintx NonProfiledCodeHeapSize                  = 122912730                              {pd product} {ergonomic}
    uintx ProfiledCodeHeapSize                     = 122912730                              {pd product} {ergonomic}
    uintx ReservedCodeCacheSize                    = 251658240                              {pd product} {ergonomic}
     bool SegmentedCodeCache                       = true                                      {product} {ergonomic}
     bool ShowCodeDetailsInExceptionMessages       = true                                   {manageable} {command line}
   size_t SoftMaxHeapSize                          = 1044381696                             {manageable} {ergonomic}
     bool UseCompressedOops                        = true                           {product lp64_product} {ergonomic}
     bool UseG1GC                                  = true                                      {product} {ergonomic}
     bool UseLargePagesIndividualAllocation        = false                                  {pd product} {ergonomic}

Logging:
Log output configuration:
 #0: stdout all=warning uptime,level,tags foldmultilines=false
 #1: stderr all=off uptime,level,tags foldmultilines=false

Environment Variables:
PATH=C:\Program Files\Common Files\Oracle\Java\javapath;C:\Python312\Scripts\;C:\Python312\;C:\Program Files\Python311\Scripts\;C:\Program Files\Python311\;C:\Windows\system32;C:\Windows;C:\Windows\System32\Wbem;C:\Windows\System32\WindowsPowerShell\v1.0\;C:\Windows\System32\OpenSSH\;C:\Program Files\Microsoft SQL Server\130\Tools\Binn\;C:\Program Files\Microsoft SQL Server\Client SDK\ODBC\170\Tools\Binn\;C:\Program Files\Azure Data Studio\bin;C:\Program Files (x86)\Microsoft SQL Server\150\Tools\Binn\;C:\Program Files\Microsoft SQL Server\150\Tools\Binn\;C:\Program Files\Microsoft SQL Server\150\DTS\Binn\;C:\Program Files (x86)\Microsoft SQL Server\150\DTS\Binn\;C:\ProgramData\chocolatey\bin;C:\Program Files\nodejs\;C:\Program Files\MySQL\MySQL Server 8.0\bin;C:\Program Files\Git\cmd;C:\Program Files\TortoiseGit\bin;C:\Program Files\MySQL\MySQL Shell 8.0\bin\;C:\Users\Admin\AppData\Local\Microsoft\WindowsApps;C:\Program Files\Azure Data Studio\bin;C:\Users\Admin\AppData\Local\Programs\Microsoft VS Code\bin;C:\Users\Admin\AppData\Roaming\npm
USERNAME=Admin
OS=Windows_NT
PROCESSOR_IDENTIFIER=Intel64 Family 6 Model 58 Stepping 9, GenuineIntel
TMP=C:\Users\Admin\AppData\Local\Temp
TEMP=C:\Users\Admin\AppData\Local\Temp




Periodic native trim disabled

---------------  S Y S T E M  ---------------

OS:
 Windows 10 , 64 bit Build 19041 (10.0.19041.5794)
OS uptime: 0 days 6:32 hours
Hyper-V role detected

CPU: total 4 (initial active 4) (2 cores per cpu, 2 threads per core) family 6 model 58 stepping 9 microcode 0x21, cx8, cmov, fxsr, ht, mmx, sse, sse2, sse3, ssse3, sse4.1, sse4.2, popcnt, tsc, tscinvbit, avx, erms, clmul, vzeroupper, clflush, hv, rdtscp, f16c
Processor Information for all 4 processors :
  Max Mhz: 1701, Current Mhz: 1701, Mhz Limit: 1701

Memory: 4k page, system-wide physical 3981M (142M free)
TotalPageFile size 16220M (AvailPageFile size 125M)
current process WorkingSet (physical memory assigned to process): 45M, peak: 45M
current process commit charge ("private bytes"): 142M, peak: 142M

vm_info: Java HotSpot(TM) 64-Bit Server VM (22.0.1+8-16) for windows-amd64 JRE (22.0.1+8-16), built on 2024-03-12T10:33:16Z by "mach5one" with MS VC++ 17.6 (VS2022)

END.
